2024-09-10 00:11:24,654 [ERROR] LogOutputStream:75 - [STDERR_REDIRECT] 
2024-09-10 09:59:14,098 [INFO] Activator:176 - 


2024-09-10 09:59:14,101 [INFO] Activator:177 - !SESSION log4j initialized
2024-09-10 09:59:20,299 [INFO] LogOutputStream:77 - [STDOUT_REDIRECT] 
2024-09-10 09:59:23,988 [INFO] ApplicationProperties:184 - Using Application install path: C:\ST\STM32CubeIDE_1.16.0\STM32CubeIDE\plugins\com.st.stm32cube.common.mx_6.12.0.202406281431
2024-09-10 09:59:24,009 [INFO] DbMcusXml:78 - Set database path to: C:\ST\STM32CubeIDE_1.16.0\STM32CubeIDE\plugins\com.st.stm32cube.common.mx_6.12.0.202406281431\\db\/mcu/
2024-09-10 09:59:24,009 [INFO] ApiDb:274 - Set plugin database path to: C:\ST\STM32CubeIDE_1.16.0\STM32CubeIDE\plugins\com.st.stm32cube.common.mx_6.12.0.202406281431\\db\/plugins/boardmanager/
2024-09-10 09:59:24,009 [WARN] ApiDb:259 - Overriding images path with different value:  => C:\ST\STM32CubeIDE_1.16.0\STM32CubeIDE\plugins\com.st.stm32cube.common.mx_6.12.0.202406281431\\db\/plugins/mcufinder/images/
2024-09-10 09:59:24,020 [INFO] ApiDb:250 - Set database path to: C:\Users\kunfu\.stmcufinder\plugins\mcufinder//mcu/
2024-09-10 09:59:24,021 [INFO] DbMcusAds:125 - Set database path to: C:\Users\kunfu\.stmcufinder\plugins\mcufinder//mcu/
2024-09-10 09:59:24,026 [INFO] CrossReferenceDbSqlite:203 - Set database path to: C:\Users\kunfu\.stmcufinder\plugins\mcufinder//mcu/cs/
2024-09-10 09:59:24,149 [INFO] RulesReader:64 - Compatibility file has been processed (297 Rules)
2024-09-10 09:59:24,260 [INFO] DbMcusXml:78 - Set database path to: C:\ST\STM32CubeIDE_1.16.0\STM32CubeIDE\plugins\com.st.stm32cube.common.mx_6.12.0.202406281431\\db\/mcu/
2024-09-10 09:59:24,260 [INFO] ApiDb:274 - Set plugin database path to: C:\ST\STM32CubeIDE_1.16.0\STM32CubeIDE\plugins\com.st.stm32cube.common.mx_6.12.0.202406281431\\db\/plugins/boardmanager/
2024-09-10 09:59:24,260 [INFO] ApiDb:261 - Set plugin images path to: C:\ST\STM32CubeIDE_1.16.0\STM32CubeIDE\plugins\com.st.stm32cube.common.mx_6.12.0.202406281431\\db\/plugins/mcufinder/images/
2024-09-10 09:59:24,260 [WARN] DbFile:41 - Overriding database path with different value: C:\Users\kunfu\.stmcufinder\plugins\mcufinder/ => C:\Users\kunfu\.stmcufinder\plugins\mcufinder
2024-09-10 09:59:24,262 [INFO] ApiDb:250 - Set database path to: C:\Users\kunfu\.stmcufinder\plugins\mcufinder//mcu/
2024-09-10 09:59:24,262 [WARN] DbFile:41 - Overriding database path with different value: C:\Users\kunfu\.stmcufinder\plugins\mcufinder/ => C:\Users\kunfu\.stmcufinder\plugins\mcufinder
2024-09-10 09:59:24,262 [INFO] DbMcusAds:125 - Set database path to: C:\Users\kunfu\.stmcufinder\plugins\mcufinder//mcu/
2024-09-10 09:59:24,262 [WARN] DbFile:41 - Overriding database path with different value: C:\Users\kunfu\.stmcufinder\plugins\mcufinder/ => C:\Users\kunfu\.stmcufinder\plugins\mcufinder
2024-09-10 09:59:24,262 [WARN] DbFile:41 - Overriding database path with different value: C:\Users\kunfu\.stmcufinder\plugins\mcufinder/ => C:\Users\kunfu\.stmcufinder\plugins\mcufinder
2024-09-10 09:59:24,262 [INFO] CrossReferenceDbSqlite:203 - Set database path to: C:\Users\kunfu\.stmcufinder\plugins\mcufinder//mcu/cs/
2024-09-10 09:59:24,374 [INFO] MainPanel:268 - HeapMemory: 268435456
2024-09-10 09:59:24,562 [INFO] DbMcusXml:78 - Set database path to: C:\ST\STM32CubeIDE_1.16.0\STM32CubeIDE\plugins\com.st.stm32cube.common.mx_6.12.0.202406281431\\db\/mcu/
2024-09-10 09:59:24,562 [INFO] ApiDb:274 - Set plugin database path to: C:\ST\STM32CubeIDE_1.16.0\STM32CubeIDE\plugins\com.st.stm32cube.common.mx_6.12.0.202406281431\\db\/plugins/boardmanager/
2024-09-10 09:59:24,562 [INFO] ApiDb:261 - Set plugin images path to: C:\ST\STM32CubeIDE_1.16.0\STM32CubeIDE\plugins\com.st.stm32cube.common.mx_6.12.0.202406281431\\db\/plugins/mcufinder/images/
2024-09-10 09:59:24,563 [WARN] DbFile:41 - Overriding database path with different value: C:\Users\kunfu\.stmcufinder\plugins\mcufinder/ => C:\Users\kunfu\.stmcufinder\plugins\mcufinder
2024-09-10 09:59:24,563 [INFO] ApiDb:250 - Set database path to: C:\Users\kunfu\.stmcufinder\plugins\mcufinder//mcu/
2024-09-10 09:59:24,563 [WARN] DbFile:41 - Overriding database path with different value: C:\Users\kunfu\.stmcufinder\plugins\mcufinder/ => C:\Users\kunfu\.stmcufinder\plugins\mcufinder
2024-09-10 09:59:24,563 [INFO] DbMcusAds:125 - Set database path to: C:\Users\kunfu\.stmcufinder\plugins\mcufinder//mcu/
2024-09-10 09:59:24,563 [WARN] DbFile:41 - Overriding database path with different value: C:\Users\kunfu\.stmcufinder\plugins\mcufinder/ => C:\Users\kunfu\.stmcufinder\plugins\mcufinder
2024-09-10 09:59:24,563 [WARN] DbFile:41 - Overriding database path with different value: C:\Users\kunfu\.stmcufinder\plugins\mcufinder/ => C:\Users\kunfu\.stmcufinder\plugins\mcufinder
2024-09-10 09:59:24,563 [INFO] CrossReferenceDbSqlite:203 - Set database path to: C:\Users\kunfu\.stmcufinder\plugins\mcufinder//mcu/cs/
2024-09-10 09:59:24,582 [INFO] ApplicationProperties:184 - Using Application install path: C:\ST\STM32CubeIDE_1.16.0\STM32CubeIDE\plugins\com.st.stm32cube.common.mx_6.12.0.202406281431
2024-09-10 09:59:24,583 [INFO] PluginManage:196 - Search for loadable plugins [exclusion list=, ]
2024-09-10 09:59:24,585 [INFO] PluginManage:310 - Check plugin analytics
2024-09-10 09:59:24,788 [INFO] AnalyticsPlugin:253 - Accepted Software Licenses: 
2024-09-10 09:59:24,789 [INFO] AnalyticsPlugin:255 - Accepted CMSIS Pack Licenses: 
2024-09-10 09:59:24,789 [INFO] AnalyticsPlugin:257 - Accepted Firmware Licenses: FW.L4.1.18.0
2024-09-10 09:59:24,792 [INFO] PluginManage:359 - Loaded plugin analytics (category:tool,tabindex:-1)
2024-09-10 09:59:24,792 [INFO] PluginManage:310 - Check plugin cadmodel
2024-09-10 09:59:24,798 [INFO] CADModel:105 - Init CAD model plugin
2024-09-10 09:59:24,798 [INFO] PluginManage:359 - Loaded plugin cadmodel (category:power,tabindex:5)
2024-09-10 09:59:24,798 [INFO] PluginManage:310 - Check plugin clock
2024-09-10 09:59:24,807 [INFO] PluginManage:359 - Loaded plugin clock (category:base,tabindex:2)
2024-09-10 09:59:24,808 [INFO] PluginManage:310 - Check plugin ddr
2024-09-10 09:59:24,810 [INFO] PluginManage:359 - Loaded plugin ddr (category:tool,tabindex:6)
2024-09-10 09:59:24,810 [INFO] PluginManage:310 - Check plugin filemanager
2024-09-10 09:59:24,972 [INFO] PluginManage:359 - Loaded plugin filemanager (category:base,tabindex:10)
2024-09-10 09:59:24,972 [INFO] PluginManage:310 - Check plugin ipmanager
2024-09-10 09:59:24,980 [INFO] PluginManage:359 - Loaded plugin ipmanager (category:base,tabindex:5)
2024-09-10 09:59:24,980 [INFO] PluginManage:310 - Check plugin lpbam
2024-09-10 09:59:24,989 [INFO] PluginManage:359 - Loaded plugin lpbam (category:base,tabindex:0)
2024-09-10 09:59:24,989 [INFO] PluginManage:310 - Check plugin memorymap
2024-09-10 09:59:25,013 [INFO] PluginManage:359 - Loaded plugin memorymap (category:base,tabindex:4)
2024-09-10 09:59:25,013 [INFO] PluginManage:310 - Check plugin pinoutandconfiguration
2024-09-10 09:59:25,032 [INFO] PluginManage:359 - Loaded plugin pinoutandconfiguration (category:base,tabindex:1)
2024-09-10 09:59:25,032 [INFO] PluginManage:310 - Check plugin pinoutconfig
2024-09-10 09:59:25,153 [WARN] SupportedApi:132 - Cannot load RTOS API schema: s4s-elt-must-match.1: The content of 'definitions' must match (annotation?, (simpleType | complexType)?, (unique | key | keyref)*)). A problem was found starting at: attribute.
2024-09-10 09:59:25,325 [INFO] PluginManage:359 - Loaded plugin pinoutconfig (category:base,tabindex:0)
2024-09-10 09:59:25,325 [INFO] PluginManage:310 - Check plugin power
2024-09-10 09:59:25,336 [INFO] PluginManage:359 - Loaded plugin power (category:power,tabindex:4)
2024-09-10 09:59:25,337 [INFO] PluginManage:310 - Check plugin projectmanager
2024-09-10 09:59:25,355 [INFO] PluginManage:359 - Loaded plugin projectmanager (category:projectmanager,tabindex:4)
2024-09-10 09:59:25,355 [INFO] PluginManage:310 - Check plugin rif
2024-09-10 09:59:25,363 [INFO] PluginManage:359 - Loaded plugin rif (category:base,tabindex:3)
2024-09-10 09:59:25,363 [INFO] PluginManage:310 - Check plugin thirdparty
2024-09-10 09:59:25,525 [INFO] PluginManage:359 - Loaded plugin thirdparty (category:base,tabindex:-1)
2024-09-10 09:59:25,525 [WARN] IntegrityCheckThread:84 - waiting for thirdparty lock release [integrity check]
2024-09-10 09:59:25,525 [INFO] IntegrityCheckThread:86 - entering critical section [integrity check]
2024-09-10 09:59:25,525 [INFO] PluginManage:310 - Check plugin tools
2024-09-10 09:59:25,525 [INFO] ThirdPartyUpdaterWithRetryManager:70 - Updater plugin not ready yet. [1/15]
2024-09-10 09:59:25,529 [INFO] PluginManage:359 - Loaded plugin tools (category:base,tabindex:7)
2024-09-10 09:59:25,529 [INFO] PluginManage:310 - Check plugin tutovideos
2024-09-10 09:59:25,834 [INFO] PluginManage:359 - Loaded plugin tutovideos (category:base,tabindex:-1)
2024-09-10 09:59:25,834 [INFO] PluginManage:310 - Check plugin updater
2024-09-10 09:59:25,861 [INFO] PluginManage:359 - Loaded plugin updater (category:base,tabindex:12)
2024-09-10 09:59:25,861 [INFO] PluginManage:310 - Check plugin userauth
2024-09-10 09:59:25,868 [INFO] UserAuth:113 - Init User Auth plugin
2024-09-10 09:59:25,868 [INFO] PluginManage:359 - Loaded plugin userauth (category:base,tabindex:14)
2024-09-10 09:59:25,869 [INFO] PluginManage:283 - PluginManage : Loaded plugins [18]
2024-09-10 09:59:26,103 [INFO] PinOutPanel:1561 - setPackage(No Configuration,No Configuration)
2024-09-10 09:59:26,188 [INFO] CADModel:165 - CPN selected for project level
2024-09-10 09:59:26,188 [INFO] CADModel:114 - Register for checkConnection events
2024-09-10 09:59:26,211 [INFO] IPUIPlugin:80 - create IPUIPlugin
2024-09-10 09:59:26,211 [INFO] PluginManager:220 - loadIPPluginJar : add adc
2024-09-10 09:59:26,214 [INFO] IPUIPlugin:80 - create IPUIPlugin
2024-09-10 09:59:26,214 [INFO] PluginManager:220 - loadIPPluginJar : add aes
2024-09-10 09:59:26,218 [INFO] IPUIPlugin:80 - create IPUIPlugin
2024-09-10 09:59:26,219 [INFO] PluginManager:220 - loadIPPluginJar : add can
2024-09-10 09:59:26,221 [INFO] IPUIPlugin:80 - create IPUIPlugin
2024-09-10 09:59:26,221 [INFO] PluginManager:220 - loadIPPluginJar : add comp
2024-09-10 09:59:26,223 [INFO] IPUIPlugin:80 - create IPUIPlugin
2024-09-10 09:59:26,223 [INFO] PluginManager:220 - loadIPPluginJar : add cryp
2024-09-10 09:59:26,226 [INFO] IPUIPlugin:80 - create IPUIPlugin
2024-09-10 09:59:26,226 [INFO] PluginManager:220 - loadIPPluginJar : add ddr_ctrl_phy
2024-09-10 09:59:26,229 [INFO] IPUIPlugin:80 - create IPUIPlugin
2024-09-10 09:59:26,229 [INFO] PluginManager:220 - loadIPPluginJar : add dfsdm
2024-09-10 09:59:26,234 [INFO] IPUIPlugin:80 - create IPUIPlugin
2024-09-10 09:59:26,235 [INFO] PluginManager:220 - loadIPPluginJar : add dma
2024-09-10 09:59:26,238 [INFO] IPUIPlugin:80 - create IPUIPlugin
2024-09-10 09:59:26,238 [INFO] PluginManager:220 - loadIPPluginJar : add dma3
2024-09-10 09:59:26,241 [INFO] IPUIPlugin:80 - create IPUIPlugin
2024-09-10 09:59:26,241 [INFO] PluginManager:220 - loadIPPluginJar : add extmemmanager
2024-09-10 09:59:26,243 [INFO] IPUIPlugin:80 - create IPUIPlugin
2024-09-10 09:59:26,243 [INFO] PluginManager:220 - loadIPPluginJar : add fatfs
2024-09-10 09:59:26,247 [INFO] IPUIPlugin:80 - create IPUIPlugin
2024-09-10 09:59:26,247 [INFO] PluginManager:220 - loadIPPluginJar : add fmc
2024-09-10 09:59:26,253 [INFO] IPUIPlugin:80 - create IPUIPlugin
2024-09-10 09:59:26,253 [INFO] PluginManager:220 - loadIPPluginJar : add freertos
2024-09-10 09:59:26,255 [INFO] IPUIPlugin:80 - create IPUIPlugin
2024-09-10 09:59:26,255 [INFO] PluginManager:220 - loadIPPluginJar : add genericplugin
2024-09-10 09:59:26,257 [INFO] IPUIPlugin:80 - create IPUIPlugin
2024-09-10 09:59:26,257 [INFO] PluginManager:220 - loadIPPluginJar : add gfxmmu
2024-09-10 09:59:26,262 [INFO] IPUIPlugin:80 - create IPUIPlugin
2024-09-10 09:59:26,262 [INFO] PluginManager:220 - loadIPPluginJar : add gic
2024-09-10 09:59:26,266 [INFO] IPUIPlugin:80 - create IPUIPlugin
2024-09-10 09:59:26,266 [INFO] PluginManager:220 - loadIPPluginJar : add gpio
2024-09-10 09:59:26,270 [INFO] IPUIPlugin:80 - create IPUIPlugin
2024-09-10 09:59:26,270 [INFO] PluginManager:220 - loadIPPluginJar : add gtzc
2024-09-10 09:59:26,272 [INFO] IPUIPlugin:80 - create IPUIPlugin
2024-09-10 09:59:26,272 [INFO] PluginManager:220 - loadIPPluginJar : add hash
2024-09-10 09:59:26,274 [INFO] IPUIPlugin:80 - create IPUIPlugin
2024-09-10 09:59:26,275 [INFO] PluginManager:220 - loadIPPluginJar : add i2c
2024-09-10 09:59:26,279 [INFO] IPUIPlugin:80 - create IPUIPlugin
2024-09-10 09:59:26,279 [INFO] PluginManager:220 - loadIPPluginJar : add i2s
2024-09-10 09:59:26,282 [INFO] IPUIPlugin:80 - create IPUIPlugin
2024-09-10 09:59:26,282 [INFO] PluginManager:220 - loadIPPluginJar : add i3c
2024-09-10 09:59:26,285 [INFO] IPUIPlugin:80 - create IPUIPlugin
2024-09-10 09:59:26,285 [INFO] PluginManager:220 - loadIPPluginJar : add ipddr
2024-09-10 09:59:26,294 [INFO] IPUIPlugin:80 - create IPUIPlugin
2024-09-10 09:59:26,294 [INFO] PluginManager:220 - loadIPPluginJar : add linkedlist
2024-09-10 09:59:26,297 [INFO] IPUIPlugin:80 - create IPUIPlugin
2024-09-10 09:59:26,297 [INFO] PluginManager:220 - loadIPPluginJar : add lorawan
2024-09-10 09:59:26,299 [INFO] IPUIPlugin:80 - create IPUIPlugin
2024-09-10 09:59:26,299 [INFO] PluginManager:220 - loadIPPluginJar : add ltdc
2024-09-10 09:59:26,305 [INFO] IPUIPlugin:80 - create IPUIPlugin
2024-09-10 09:59:26,305 [INFO] PluginManager:220 - loadIPPluginJar : add mdma
2024-09-10 09:59:26,308 [INFO] IPUIPlugin:80 - create IPUIPlugin
2024-09-10 09:59:26,308 [INFO] PluginManager:220 - loadIPPluginJar : add nvic
2024-09-10 09:59:26,311 [INFO] IPUIPlugin:80 - create IPUIPlugin
2024-09-10 09:59:26,311 [INFO] PluginManager:220 - loadIPPluginJar : add opamp
2024-09-10 09:59:26,315 [INFO] IPUIPlugin:80 - create IPUIPlugin
2024-09-10 09:59:26,315 [INFO] PluginManager:220 - loadIPPluginJar : add openamp
2024-09-10 09:59:26,318 [INFO] IPUIPlugin:80 - create IPUIPlugin
2024-09-10 09:59:26,318 [INFO] PluginManager:220 - loadIPPluginJar : add pdm2pcm
2024-09-10 09:59:26,324 [INFO] IPUIPlugin:80 - create IPUIPlugin
2024-09-10 09:59:26,326 [INFO] PluginManager:220 - loadIPPluginJar : add plateformsettings
2024-09-10 09:59:26,328 [INFO] IPUIPlugin:80 - create IPUIPlugin
2024-09-10 09:59:26,328 [INFO] PluginManager:220 - loadIPPluginJar : add quadspi
2024-09-10 09:59:26,330 [INFO] IPUIPlugin:80 - create IPUIPlugin
2024-09-10 09:59:26,331 [INFO] PluginManager:220 - loadIPPluginJar : add radio
2024-09-10 09:59:26,336 [INFO] IPUIPlugin:80 - create IPUIPlugin
2024-09-10 09:59:26,336 [INFO] PluginManager:220 - loadIPPluginJar : add resmgrutility
2024-09-10 09:59:26,339 [INFO] IPUIPlugin:80 - create IPUIPlugin
2024-09-10 09:59:26,339 [INFO] PluginManager:220 - loadIPPluginJar : add sai
2024-09-10 09:59:26,342 [INFO] IPUIPlugin:80 - create IPUIPlugin
2024-09-10 09:59:26,343 [INFO] PluginManager:220 - loadIPPluginJar : add spi
2024-09-10 09:59:26,350 [INFO] IPUIPlugin:80 - create IPUIPlugin
2024-09-10 09:59:26,350 [INFO] PluginManager:220 - loadIPPluginJar : add stm32_wpan
2024-09-10 09:59:26,353 [INFO] IPUIPlugin:80 - create IPUIPlugin
2024-09-10 09:59:26,353 [INFO] PluginManager:220 - loadIPPluginJar : add tim
2024-09-10 09:59:26,356 [INFO] IPUIPlugin:80 - create IPUIPlugin
2024-09-10 09:59:26,357 [INFO] PluginManager:220 - loadIPPluginJar : add touchsensing
2024-09-10 09:59:26,359 [INFO] IPUIPlugin:80 - create IPUIPlugin
2024-09-10 09:59:26,359 [INFO] PluginManager:220 - loadIPPluginJar : add tracer_emb
2024-09-10 09:59:26,361 [INFO] IPUIPlugin:80 - create IPUIPlugin
2024-09-10 09:59:26,361 [INFO] PluginManager:220 - loadIPPluginJar : add ts
2024-09-10 09:59:26,365 [INFO] IPUIPlugin:80 - create IPUIPlugin
2024-09-10 09:59:26,365 [INFO] PluginManager:220 - loadIPPluginJar : add tsc
2024-09-10 09:59:26,367 [INFO] IPUIPlugin:80 - create IPUIPlugin
2024-09-10 09:59:26,367 [INFO] PluginManager:220 - loadIPPluginJar : add ucpd
2024-09-10 09:59:26,370 [INFO] IPUIPlugin:80 - create IPUIPlugin
2024-09-10 09:59:26,370 [INFO] PluginManager:220 - loadIPPluginJar : add usart
2024-09-10 09:59:26,373 [INFO] IPUIPlugin:80 - create IPUIPlugin
2024-09-10 09:59:26,373 [INFO] PluginManager:220 - loadIPPluginJar : add usbx
2024-09-10 09:59:26,502 [INFO] CADModel:165 - CPN selected for project level
2024-09-10 09:59:26,503 [INFO] CADModel:114 - Register for checkConnection events
2024-09-10 09:59:26,504 [FATAL] Updater:334 - Updater called before beeing initialized
2024-09-10 09:59:26,504 [ERROR] CADModel:125 - Updater not yet initialized, retry later 
2024-09-10 09:59:26,705 [INFO] CADModel:165 - CPN selected for project level
2024-09-10 09:59:26,705 [INFO] CADModel:114 - Register for checkConnection events
2024-09-10 09:59:26,705 [FATAL] Updater:334 - Updater called before beeing initialized
2024-09-10 09:59:26,705 [ERROR] CADModel:125 - Updater not yet initialized, retry later 
2024-09-10 09:59:26,708 [FATAL] Updater:334 - Updater called before beeing initialized
2024-09-10 09:59:26,810 [FATAL] Updater:334 - Updater called before beeing initialized
2024-09-10 09:59:26,815 [INFO] DbMcusAds:53 - JSON generation date=Thu May 16 14:52:00 IST 2024 (1715851320667)
2024-09-10 09:59:26,815 [FATAL] Updater:334 - Updater called before beeing initialized
2024-09-10 09:59:26,870 [WARN] DetailPanel:346 - Failed to get advertising image, set to default
2024-09-10 09:59:26,960 [FATAL] Updater:334 - Updater called before beeing initialized
2024-09-10 09:59:26,963 [FATAL] Updater:334 - Updater called before beeing initialized
2024-09-10 09:59:26,963 [FATAL] Updater:334 - Updater called before beeing initialized
2024-09-10 09:59:26,963 [WARN] DetailPanel:346 - Failed to get advertising image, set to default
2024-09-10 09:59:26,964 [FATAL] Updater:334 - Updater called before beeing initialized
2024-09-10 09:59:27,018 [ERROR] Updater:1164 - MainUpdater not yet initialized. External WinMGr cannot be set.
2024-09-10 09:59:27,020 [INFO] Updater:1100 - Updater Version found : 6.12.0
2024-09-10 09:59:27,040 [INFO] ApplicationProperties:184 - Using Application install path: C:\ST\STM32CubeIDE_1.16.0\STM32CubeIDE\plugins\com.st.stm32cube.common.mx_6.12.0.202406281431
2024-09-10 09:59:28,526 [INFO] ThirdPartyUpdaterWithRetryManager:70 - Updater plugin not ready yet. [2/15]
2024-09-10 09:59:28,647 [ERROR] LogOutputStream:75 - [STDERR_REDIRECT] Sep 10, 2024 9:59:28 AM java.util.prefs.WindowsPreferences <init>
2024-09-10 09:59:28,654 [ERROR] LogOutputStream:75 - [STDERR_REDIRECT] WARNING: Could not open/create prefs root node Software\JavaSoft\Prefs at root 0xffffffff80000002. Windows RegCreateKeyEx(...) returned error code 5.
2024-09-10 09:59:28,655 [ERROR] LogOutputStream:75 - [STDERR_REDIRECT] 
2024-09-10 09:59:28,935 [INFO] MainUpdater:2873 - connection check result : 10
2024-09-10 09:59:28,936 [INFO] MainUpdater:290 - Updater Check For Update Now.
2024-09-10 09:59:28,936 [INFO] MicroXplorer:498 - Change Database Version : DB.6.0.120
2024-09-10 09:59:28,945 [INFO] McuFinderGlobals:63 - Set McuFinder mode to 2 (CubeIDE integrated)
2024-09-10 09:59:28,946 [INFO] UserAuth:417 - Internet connection configuration mode: 1
2024-09-10 09:59:28,970 [INFO] JxBrowserEngine:152 - Initiate JxBrowser Engine with user profile folder
2024-09-10 09:59:29,133 [INFO] CheckServerUpdateThread:120 - End of CheckServer Thread
2024-09-10 09:59:30,065 [INFO] WebApp:167 - Instantiating new browser for Auth
2024-09-10 09:59:30,989 [INFO] WebApp:448 - Apply proxy settings
2024-09-10 09:59:30,990 [INFO] WebApp:533 - Chromium requires no authentication
2024-09-10 09:59:31,001 [INFO] WebApp:476 - Direct internet connection detected
2024-09-10 09:59:31,028 [INFO] WebApp:869 - Register for checkConnection events
2024-09-10 09:59:31,028 [INFO] WebApp:448 - Apply proxy settings
2024-09-10 09:59:31,028 [INFO] WebApp:533 - Chromium requires no authentication
2024-09-10 09:59:31,029 [INFO] WebApp:476 - Direct internet connection detected
2024-09-10 09:59:31,319 [INFO] WebApp:220 - Starting web application
2024-09-10 09:59:31,319 [INFO] WebApp:578 - Web application path used C:\ST\STM32CubeIDE_1.16.0\STM32CubeIDE\plugins\com.st.stm32cube.common.mx_6.12.0.202406281431\db\plugins\mcufinder\reactClient1\index.html
2024-09-10 09:59:31,420 [INFO] UserAuth:417 - Internet connection configuration mode: 1
2024-09-10 09:59:31,786 [WARN] PackLoader:240 - Cannot read IP mode file for STMicroelectronics.FP-SNS-MOTENVWB1.1.4.0
2024-09-10 09:59:31,798 [WARN] PackLoader:240 - Cannot read IP mode file for STMicroelectronics.X-CUBE-SMBUS.2.1.0
2024-09-10 09:59:31,838 [WARN] PackLoader:240 - Cannot read IP mode file for STMicroelectronics.X-CUBE-AZRTOS-F7.1.1.0
2024-09-10 09:59:31,922 [WARN] PackLoader:240 - Cannot read IP mode file for STMicroelectronics.X-CUBE-MEMS1.11.0.0
2024-09-10 09:59:32,092 [WARN] PackLoader:240 - Cannot read IP mode file for STMicroelectronics.FP-SNS-FLIGHT1.5.0.2
2024-09-10 09:59:32,099 [WARN] PackLoader:240 - Cannot read IP mode file for STMicroelectronics.X-CUBE-DISPLAY.3.0.0
2024-09-10 09:59:32,109 [WARN] PackLoader:240 - Cannot read IP mode file for STMicroelectronics.X-CUBE-BLE1.7.0.0
2024-09-10 09:59:32,113 [WARN] PackLoader:240 - Cannot read IP mode file for emotas.I-CUBE-CANOPEN.1.3.0
2024-09-10 09:59:32,124 [WARN] PackLoader:240 - Cannot read IP mode file for STMicroelectronics.X-CUBE-BLEMGR.3.1.0
2024-09-10 09:59:32,133 [WARN] PackLoader:240 - Cannot read IP mode file for STMicroelectronics.FP-SNS-SMARTAG2.1.2.0
2024-09-10 09:59:32,141 [INFO] LogOutputStream:77 - [STDOUT_REDIRECT] 1 : Invalid condition id : UX_CORESTACK_Condition cause : null
2024-09-10 09:59:32,141 [INFO] LogOutputStream:77 - [STDOUT_REDIRECT] 1 : Invalid condition id : UX_CORESTACK_Condition cause : null
2024-09-10 09:59:32,142 [INFO] LogOutputStream:77 - [STDOUT_REDIRECT] 1 : Invalid condition id : UX_CORESTACK_Condition cause : null
2024-09-10 09:59:32,143 [INFO] LogOutputStream:77 - [STDOUT_REDIRECT] 1 : Invalid condition id : UX_CORESTACK_Condition cause : null
2024-09-10 09:59:32,144 [INFO] LogOutputStream:77 - [STDOUT_REDIRECT] 1 : Invalid condition id : UX_CORESTACK_Condition cause : null
2024-09-10 09:59:32,146 [WARN] PackLoader:240 - Cannot read IP mode file for STMicroelectronics.X-CUBE-AZRTOS-WL.2.0.0
2024-09-10 09:59:32,152 [WARN] PackLoader:240 - Cannot read IP mode file for STMicroelectronics.FP-SNS-MOTENV1.5.0.0
2024-09-10 09:59:32,157 [WARN] PackLoader:240 - Cannot read IP mode file for wolfSSL.I-CUBE-wolfMQTT.1.19.0
2024-09-10 09:59:32,164 [WARN] PackLoader:240 - Cannot read IP mode file for WES.I-CUBE-Cesium.1.3.0
2024-09-10 09:59:32,169 [WARN] PackLoader:240 - Cannot read IP mode file for STMicroelectronics.X-CUBE-BLE2.3.3.0
2024-09-10 09:59:32,175 [WARN] PackLoader:240 - Cannot read IP mode file for STMicroelectronics.X-CUBE-TCPP.4.1.0
2024-09-10 09:59:32,197 [WARN] PackLoader:240 - Cannot read IP mode file for STMicroelectronics.X-CUBE-AZRTOS-G0.1.1.0
2024-09-10 09:59:32,207 [WARN] PackLoader:240 - Cannot read IP mode file for STMicroelectronics.X-CUBE-SAFEA1.1.2.2
2024-09-10 09:59:32,215 [WARN] PackLoader:240 - Cannot read IP mode file for STMicroelectronics.X-CUBE-NFC4.3.0.0
2024-09-10 09:59:32,229 [WARN] PackLoader:240 - Cannot read IP mode file for EmbeddedOffice.I-CUBE-FS-RTOS.1.0.1
2024-09-10 09:59:32,230 [ERROR] ConditionMgr:805 - Attr not supported : Dmpu
2024-09-10 09:59:32,230 [ERROR] ConditionMgr:805 - Attr not supported : Dmpu
2024-09-10 09:59:32,230 [ERROR] ConditionMgr:805 - Attr not supported : Dmpu
2024-09-10 09:59:32,230 [ERROR] ConditionMgr:805 - Attr not supported : Dmpu
2024-09-10 09:59:32,230 [ERROR] ConditionMgr:805 - Attr not supported : Dmpu
2024-09-10 09:59:32,230 [ERROR] ConditionMgr:805 - Attr not supported : Dmpu
2024-09-10 09:59:32,230 [ERROR] ConditionMgr:805 - Attr not supported : Dmpu
2024-09-10 09:59:32,230 [ERROR] ConditionMgr:805 - Attr not supported : Dmpu
2024-09-10 09:59:32,230 [ERROR] ConditionMgr:805 - Attr not supported : Dmpu
2024-09-10 09:59:32,230 [ERROR] ConditionMgr:805 - Attr not supported : Dmpu
2024-09-10 09:59:32,230 [ERROR] ConditionMgr:805 - Attr not supported : Dmpu
2024-09-10 09:59:32,230 [ERROR] ConditionMgr:805 - Attr not supported : Dmpu
2024-09-10 09:59:32,231 [ERROR] ConditionMgr:805 - Attr not supported : Dmpu
2024-09-10 09:59:32,231 [ERROR] ConditionMgr:805 - Attr not supported : Dmpu
2024-09-10 09:59:32,231 [ERROR] ConditionMgr:805 - Attr not supported : Dmpu
2024-09-10 09:59:32,231 [ERROR] ConditionMgr:805 - Attr not supported : Dmpu
2024-09-10 09:59:32,231 [ERROR] ConditionMgr:805 - Attr not supported : Dmpu
2024-09-10 09:59:32,231 [ERROR] ConditionMgr:805 - Attr not supported : Dmpu
2024-09-10 09:59:32,231 [ERROR] ConditionMgr:805 - Attr not supported : Dmpu
2024-09-10 09:59:32,232 [ERROR] ConditionMgr:805 - Attr not supported : Dmpu
2024-09-10 09:59:32,232 [ERROR] ConditionMgr:805 - Attr not supported : Dmpu
2024-09-10 09:59:32,232 [ERROR] ConditionMgr:805 - Attr not supported : Dmpu
2024-09-10 09:59:32,232 [ERROR] ConditionMgr:805 - Attr not supported : Dmpu
2024-09-10 09:59:32,232 [ERROR] ConditionMgr:805 - Attr not supported : Dmpu
2024-09-10 09:59:32,232 [ERROR] ConditionMgr:805 - Attr not supported : Dmpu
2024-09-10 09:59:32,232 [ERROR] ConditionMgr:805 - Attr not supported : Dmpu
2024-09-10 09:59:32,232 [ERROR] ConditionMgr:805 - Attr not supported : Dmpu
2024-09-10 09:59:32,232 [ERROR] ConditionMgr:805 - Attr not supported : Dmpu
2024-09-10 09:59:32,232 [ERROR] ConditionMgr:805 - Attr not supported : Dmpu
2024-09-10 09:59:32,232 [ERROR] ConditionMgr:805 - Attr not supported : Dmpu
2024-09-10 09:59:32,232 [ERROR] ConditionMgr:805 - Attr not supported : Dmpu
2024-09-10 09:59:32,233 [ERROR] ConditionMgr:805 - Attr not supported : Dmpu
2024-09-10 09:59:32,233 [ERROR] ConditionMgr:805 - Attr not supported : Dmpu
2024-09-10 09:59:32,233 [ERROR] ConditionMgr:805 - Attr not supported : Dmpu
2024-09-10 09:59:32,233 [ERROR] ConditionMgr:805 - Attr not supported : Dmpu
2024-09-10 09:59:32,233 [ERROR] ConditionMgr:805 - Attr not supported : Dmpu
2024-09-10 09:59:32,233 [ERROR] ConditionMgr:805 - Attr not supported : Dmpu
2024-09-10 09:59:32,233 [ERROR] ConditionMgr:805 - Attr not supported : Dmpu
2024-09-10 09:59:32,233 [ERROR] ConditionMgr:805 - Attr not supported : Dmpu
2024-09-10 09:59:32,233 [ERROR] ConditionMgr:805 - Attr not supported : Dmpu
2024-09-10 09:59:32,233 [ERROR] ConditionMgr:805 - Attr not supported : Dmpu
2024-09-10 09:59:32,235 [ERROR] ConditionMgr:805 - Attr not supported : Dmpu
2024-09-10 09:59:32,235 [ERROR] ConditionMgr:805 - Attr not supported : Dmpu
2024-09-10 09:59:32,235 [ERROR] ConditionMgr:805 - Attr not supported : Dmpu
2024-09-10 09:59:32,235 [ERROR] ConditionMgr:805 - Attr not supported : Dmpu
2024-09-10 09:59:32,235 [ERROR] ConditionMgr:805 - Attr not supported : Dmpu
2024-09-10 09:59:32,235 [ERROR] ConditionMgr:805 - Attr not supported : Dmpu
2024-09-10 09:59:32,235 [ERROR] ConditionMgr:805 - Attr not supported : Dmpu
2024-09-10 09:59:32,235 [ERROR] ConditionMgr:805 - Attr not supported : Dmpu
2024-09-10 09:59:32,235 [ERROR] ConditionMgr:805 - Attr not supported : Dmpu
2024-09-10 09:59:32,235 [ERROR] ConditionMgr:805 - Attr not supported : Dmpu
2024-09-10 09:59:32,235 [ERROR] ConditionMgr:805 - Attr not supported : Dmpu
2024-09-10 09:59:32,235 [ERROR] ConditionMgr:805 - Attr not supported : Dmpu
2024-09-10 09:59:32,235 [ERROR] ConditionMgr:805 - Attr not supported : Dmpu
2024-09-10 09:59:32,235 [ERROR] ConditionMgr:805 - Attr not supported : Dmpu
2024-09-10 09:59:32,235 [ERROR] ConditionMgr:805 - Attr not supported : Dmpu
2024-09-10 09:59:32,235 [ERROR] ConditionMgr:805 - Attr not supported : Dmpu
2024-09-10 09:59:32,235 [ERROR] ConditionMgr:805 - Attr not supported : Dmpu
2024-09-10 09:59:32,236 [ERROR] ConditionMgr:805 - Attr not supported : Dmpu
2024-09-10 09:59:32,236 [ERROR] ConditionMgr:805 - Attr not supported : Dmpu
2024-09-10 09:59:32,236 [ERROR] ConditionMgr:805 - Attr not supported : Dmpu
2024-09-10 09:59:32,236 [ERROR] ConditionMgr:805 - Attr not supported : Dmpu
2024-09-10 09:59:32,236 [ERROR] ConditionMgr:805 - Attr not supported : Dmpu
2024-09-10 09:59:32,236 [ERROR] ConditionMgr:805 - Attr not supported : Dmpu
2024-09-10 09:59:32,243 [WARN] PackLoader:240 - Cannot read IP mode file for RealThread.X-CUBE-RT-Thread_Nano.4.1.1
2024-09-10 09:59:32,248 [WARN] PackLoader:240 - Cannot read IP mode file for STMicroelectronics.FP-ATR-SIGFOX1.3.2.0
2024-09-10 09:59:32,253 [WARN] PackLoader:240 - Cannot read IP mode file for wolfSSL.I-CUBE-wolfSSL.5.7.2
2024-09-10 09:59:32,258 [WARN] PackLoader:240 - Cannot read IP mode file for STMicroelectronics.X-CUBE-EEPRMA1.5.1.0
2024-09-10 09:59:32,266 [WARN] PackLoader:240 - Cannot read IP mode file for ITTIA_DB.I-CUBE-ITTIADB.8.9.0
2024-09-10 09:59:32,296 [WARN] PackLoader:240 - Cannot read IP mode file for SEGGER.I-CUBE-embOS.1.3.1
2024-09-10 09:59:32,358 [WARN] PackLoader:240 - Cannot read IP mode file for STMicroelectronics.X-CUBE-ALGOBUILD.1.4.0
2024-09-10 09:59:32,363 [WARN] PackLoader:240 - Cannot read IP mode file for STMicroelectronics.X-CUBE-GNSS1.6.0.0
2024-09-10 09:59:32,375 [WARN] PackLoader:240 - Cannot read IP mode file for STMicroelectronics.X-CUBE-AZRTOS-F4.1.1.0
2024-09-10 09:59:32,384 [WARN] PackLoader:240 - Cannot read IP mode file for STMicroelectronics.X-CUBE-FREERTOS.1.2.0
2024-09-10 09:59:32,401 [WARN] PackLoader:240 - Cannot read IP mode file for STMicroelectronics.X-CUBE-AZRTOS-L5.2.0.0
2024-09-10 09:59:32,409 [WARN] PackLoader:240 - Cannot read IP mode file for STMicroelectronics.X-CUBE-NFC6.3.1.0
2024-09-10 09:59:32,415 [WARN] PackLoader:240 - Cannot read IP mode file for STMicroelectronics.X-CUBE-DPower.1.2.0
2024-09-10 09:59:32,420 [WARN] PackLoader:240 - Cannot read IP mode file for STMicroelectronics.X-CUBE-AI.9.0.0
2024-09-10 09:59:32,425 [WARN] PackLoader:240 - Cannot read IP mode file for STMicroelectronics.X-CUBE-NFC7.1.0.1
2024-09-10 09:59:32,428 [WARN] PackLoader:240 - Cannot read IP mode file for wolfSSL.I-CUBE-wolfTPM.3.2.0
2024-09-10 09:59:32,445 [WARN] ConditionMgr:438 - getConditionDescription Invalid condition id : LAN8742 Phy interface Condition cause : null
2024-09-10 09:59:32,445 [WARN] PackLoader:240 - Cannot read IP mode file for STMicroelectronics.X-CUBE-AZRTOS-L4.2.0.0
2024-09-10 09:59:32,447 [WARN] ConditionMgr:1039 - genDependencies : Invalid condition id : LAN8742 Phy interface Condition cause : null
2024-09-10 09:59:32,447 [WARN] ConditionMgr:1039 - genDependencies : Invalid condition id : LAN8742 Phy interface Condition cause : null
2024-09-10 09:59:32,448 [WARN] ConditionMgr:1039 - genDependencies : Invalid condition id : LAN8742 Phy interface Condition cause : null
2024-09-10 09:59:32,455 [WARN] PackLoader:240 - Cannot read IP mode file for STMicroelectronics.X-CUBE-SFXS2LP1.4.0.0
2024-09-10 09:59:32,473 [WARN] PackLoader:240 - Cannot read IP mode file for STMicroelectronics.X-CUBE-AZRTOS-H7.3.3.0
2024-09-10 09:59:32,489 [WARN] ConditionMgr:438 - getConditionDescription Invalid condition id : UX DEVICE CLASS RTOS Condition cause : null
2024-09-10 09:59:32,489 [WARN] ConditionMgr:438 - getConditionDescription Invalid condition id : UX DEVICE CLASS RTOS Condition cause : null
2024-09-10 09:59:32,491 [WARN] PackLoader:240 - Cannot read IP mode file for STMicroelectronics.X-CUBE-AZRTOS-WB.2.0.0
2024-09-10 09:59:32,491 [WARN] ConditionMgr:1039 - genDependencies : Invalid condition id : UX DEVICE CLASS RTOS Condition cause : null
2024-09-10 09:59:32,491 [WARN] ConditionMgr:1039 - genDependencies : Invalid condition id : UX DEVICE CLASS RTOS Condition cause : null
2024-09-10 09:59:32,492 [WARN] ConditionMgr:1039 - genDependencies : Invalid condition id : UX DEVICE CLASS RTOS Condition cause : null
2024-09-10 09:59:32,492 [WARN] ConditionMgr:1039 - genDependencies : Invalid condition id : UX DEVICE CLASS RTOS Condition cause : null
2024-09-10 09:59:32,492 [WARN] ConditionMgr:1039 - genDependencies : Invalid condition id : UX DEVICE CLASS RTOS Condition cause : null
2024-09-10 09:59:32,501 [WARN] PackLoader:240 - Cannot read IP mode file for STMicroelectronics.FP-SNS-STBOX1.2.0.0
2024-09-10 09:59:32,519 [WARN] PackLoader:240 - Cannot read IP mode file for STMicroelectronics.X-CUBE-SUBG2.5.0.0
2024-09-10 09:59:32,527 [WARN] PackLoader:240 - Cannot read IP mode file for Cesanta.I-CUBE-Mongoose.7.13.0
2024-09-10 09:59:32,545 [WARN] PackLoader:240 - Cannot read IP mode file for STMicroelectronics.X-CUBE-AZRTOS-G4.2.0.0
2024-09-10 09:59:32,553 [WARN] PackLoader:240 - Cannot read IP mode file for STMicroelectronics.X-CUBE-ISPU.2.0.0
2024-09-10 09:59:32,558 [WARN] PackLoader:240 - Cannot read IP mode file for STMicroelectronics.X-CUBE-ALS.1.0.2
2024-09-10 09:59:32,602 [WARN] PackLoader:240 - Cannot read IP mode file for STMicroelectronics.X-CUBE-MEMS1.10.0.0
2024-09-10 09:59:32,793 [WARN] PackLoader:240 - Cannot read IP mode file for STMicroelectronics.X-CUBE-TOUCHGFX.4.24.0
2024-09-10 09:59:32,799 [WARN] PackLoader:240 - Cannot read IP mode file for portGmbH.I-Cube-SoM-uGOAL.1.1.0
2024-09-10 09:59:32,819 [WARN] PackLoader:240 - Cannot read IP mode file for STMicroelectronics.X-CUBE-AZRTOS-H7RS.1.0.0
2024-09-10 09:59:32,824 [WARN] PackLoader:240 - Cannot read IP mode file for STMicroelectronics.FP-ATR-ASTRA1.2.0.0
2024-09-10 09:59:32,838 [WARN] PackLoader:240 - Cannot read IP mode file for STMicroelectronics.X-CUBE-TOF1.3.4.2
2024-09-10 09:59:32,863 [WARN] PackLoader:240 - Cannot read IP mode file for Infineon.AIROC-Wi-Fi-Bluetooth-STM32.1.6.1
2024-09-10 09:59:32,869 [WARN] PackLoader:240 - Cannot read IP mode file for wolfSSL.I-CUBE-wolfSSH.1.4.17
2024-09-10 09:59:32,870 [INFO] ThirdParty:978 - Integrity check success = true
2024-09-10 09:59:32,870 [INFO] IntegrityCheckThread:100 - exiting critical section [integrity check]
2024-09-10 09:59:32,870 [INFO] IntegrityCheckThread:103 - End integrity checks thread
2024-09-10 09:59:33,189 [INFO] WebApp:186 - Connection restablished
2024-09-10 10:29:23,741 [INFO] WebApp:189 - Connection lost
2024-09-10 10:30:53,182 [INFO] WebApp:186 - Connection restablished
2024-09-10 10:31:34,073 [ERROR] LogOutputStream:75 - [STDERR_REDIRECT] 10:31:34.051 ERROR Chromium process exit code: -1,073,741,819
2024-09-10 10:31:34,079 [ERROR] LogOutputStream:75 - [STDERR_REDIRECT] 
2024-09-10 10:31:34,082 [ERROR] LogOutputStream:75 - [STDERR_REDIRECT] 10:31:34.079 ERROR Crash dump dir: C:\Users\kunfu\AppData\Local\JxBrowser\7.38.2\CrashReports
2024-09-10 10:31:34,083 [ERROR] LogOutputStream:75 - [STDERR_REDIRECT] 
2024-09-10 10:31:34,087 [ERROR] WebApp:397 - JxBrowser engine crashed! Exit code: -1073741819
2024-09-10 12:16:12,355 [ERROR] ConfigurationRetriever:142 - IOException on connection: sw-center.st.com
2024-09-10 12:16:12,355 [ERROR] ConfigurationRetriever:142 - IOException on connection: sw-center.st.com
2024-09-10 12:16:12,356 [ERROR] ConfigurationRetriever:142 - IOException on connection: sw-center.st.com
2024-09-10 12:16:13,481 [ERROR] LogOutputStream:75 - [STDERR_REDIRECT] 
2024-09-10 12:16:13,481 [ERROR] LogOutputStream:75 - [STDERR_REDIRECT] 
2024-09-10 13:15:11,986 [INFO] Activator:176 - 


2024-09-10 13:15:11,988 [INFO] Activator:177 - !SESSION log4j initialized
2024-09-10 13:15:17,237 [INFO] LogOutputStream:77 - [STDOUT_REDIRECT] 
2024-09-10 13:15:18,833 [INFO] ApplicationProperties:184 - Using Application install path: C:\ST\STM32CubeIDE_1.16.0\STM32CubeIDE\plugins\com.st.stm32cube.common.mx_6.12.0.202406281431
2024-09-10 13:15:18,855 [INFO] DbMcusXml:78 - Set database path to: C:\ST\STM32CubeIDE_1.16.0\STM32CubeIDE\plugins\com.st.stm32cube.common.mx_6.12.0.202406281431\\db\/mcu/
2024-09-10 13:15:18,855 [INFO] ApiDb:274 - Set plugin database path to: C:\ST\STM32CubeIDE_1.16.0\STM32CubeIDE\plugins\com.st.stm32cube.common.mx_6.12.0.202406281431\\db\/plugins/boardmanager/
2024-09-10 13:15:18,856 [WARN] ApiDb:259 - Overriding images path with different value:  => C:\ST\STM32CubeIDE_1.16.0\STM32CubeIDE\plugins\com.st.stm32cube.common.mx_6.12.0.202406281431\\db\/plugins/mcufinder/images/
2024-09-10 13:15:18,866 [INFO] ApiDb:250 - Set database path to: C:\Users\kunfu\.stmcufinder\plugins\mcufinder//mcu/
2024-09-10 13:15:18,868 [INFO] DbMcusAds:125 - Set database path to: C:\Users\kunfu\.stmcufinder\plugins\mcufinder//mcu/
2024-09-10 13:15:18,871 [INFO] CrossReferenceDbSqlite:203 - Set database path to: C:\Users\kunfu\.stmcufinder\plugins\mcufinder//mcu/cs/
2024-09-10 13:15:19,000 [INFO] RulesReader:64 - Compatibility file has been processed (297 Rules)
2024-09-10 13:15:19,091 [INFO] DbMcusXml:78 - Set database path to: C:\ST\STM32CubeIDE_1.16.0\STM32CubeIDE\plugins\com.st.stm32cube.common.mx_6.12.0.202406281431\\db\/mcu/
2024-09-10 13:15:19,091 [INFO] ApiDb:274 - Set plugin database path to: C:\ST\STM32CubeIDE_1.16.0\STM32CubeIDE\plugins\com.st.stm32cube.common.mx_6.12.0.202406281431\\db\/plugins/boardmanager/
2024-09-10 13:15:19,091 [INFO] ApiDb:261 - Set plugin images path to: C:\ST\STM32CubeIDE_1.16.0\STM32CubeIDE\plugins\com.st.stm32cube.common.mx_6.12.0.202406281431\\db\/plugins/mcufinder/images/
2024-09-10 13:15:19,091 [WARN] DbFile:41 - Overriding database path with different value: C:\Users\kunfu\.stmcufinder\plugins\mcufinder/ => C:\Users\kunfu\.stmcufinder\plugins\mcufinder
2024-09-10 13:15:19,091 [INFO] ApiDb:250 - Set database path to: C:\Users\kunfu\.stmcufinder\plugins\mcufinder//mcu/
2024-09-10 13:15:19,092 [WARN] DbFile:41 - Overriding database path with different value: C:\Users\kunfu\.stmcufinder\plugins\mcufinder/ => C:\Users\kunfu\.stmcufinder\plugins\mcufinder
2024-09-10 13:15:19,092 [INFO] DbMcusAds:125 - Set database path to: C:\Users\kunfu\.stmcufinder\plugins\mcufinder//mcu/
2024-09-10 13:15:19,092 [WARN] DbFile:41 - Overriding database path with different value: C:\Users\kunfu\.stmcufinder\plugins\mcufinder/ => C:\Users\kunfu\.stmcufinder\plugins\mcufinder
2024-09-10 13:15:19,093 [WARN] DbFile:41 - Overriding database path with different value: C:\Users\kunfu\.stmcufinder\plugins\mcufinder/ => C:\Users\kunfu\.stmcufinder\plugins\mcufinder
2024-09-10 13:15:19,093 [INFO] CrossReferenceDbSqlite:203 - Set database path to: C:\Users\kunfu\.stmcufinder\plugins\mcufinder//mcu/cs/
2024-09-10 13:15:19,183 [INFO] MainPanel:268 - HeapMemory: 268435456
2024-09-10 13:15:19,294 [INFO] DbMcusXml:78 - Set database path to: C:\ST\STM32CubeIDE_1.16.0\STM32CubeIDE\plugins\com.st.stm32cube.common.mx_6.12.0.202406281431\\db\/mcu/
2024-09-10 13:15:19,294 [INFO] ApiDb:274 - Set plugin database path to: C:\ST\STM32CubeIDE_1.16.0\STM32CubeIDE\plugins\com.st.stm32cube.common.mx_6.12.0.202406281431\\db\/plugins/boardmanager/
2024-09-10 13:15:19,295 [INFO] ApiDb:261 - Set plugin images path to: C:\ST\STM32CubeIDE_1.16.0\STM32CubeIDE\plugins\com.st.stm32cube.common.mx_6.12.0.202406281431\\db\/plugins/mcufinder/images/
2024-09-10 13:15:19,295 [WARN] DbFile:41 - Overriding database path with different value: C:\Users\kunfu\.stmcufinder\plugins\mcufinder/ => C:\Users\kunfu\.stmcufinder\plugins\mcufinder
2024-09-10 13:15:19,295 [INFO] ApiDb:250 - Set database path to: C:\Users\kunfu\.stmcufinder\plugins\mcufinder//mcu/
2024-09-10 13:15:19,295 [WARN] DbFile:41 - Overriding database path with different value: C:\Users\kunfu\.stmcufinder\plugins\mcufinder/ => C:\Users\kunfu\.stmcufinder\plugins\mcufinder
2024-09-10 13:15:19,295 [INFO] DbMcusAds:125 - Set database path to: C:\Users\kunfu\.stmcufinder\plugins\mcufinder//mcu/
2024-09-10 13:15:19,295 [WARN] DbFile:41 - Overriding database path with different value: C:\Users\kunfu\.stmcufinder\plugins\mcufinder/ => C:\Users\kunfu\.stmcufinder\plugins\mcufinder
2024-09-10 13:15:19,296 [WARN] DbFile:41 - Overriding database path with different value: C:\Users\kunfu\.stmcufinder\plugins\mcufinder/ => C:\Users\kunfu\.stmcufinder\plugins\mcufinder
2024-09-10 13:15:19,296 [INFO] CrossReferenceDbSqlite:203 - Set database path to: C:\Users\kunfu\.stmcufinder\plugins\mcufinder//mcu/cs/
2024-09-10 13:15:19,316 [INFO] ApplicationProperties:184 - Using Application install path: C:\ST\STM32CubeIDE_1.16.0\STM32CubeIDE\plugins\com.st.stm32cube.common.mx_6.12.0.202406281431
2024-09-10 13:15:19,317 [INFO] PluginManage:196 - Search for loadable plugins [exclusion list=, ]
2024-09-10 13:15:19,319 [INFO] PluginManage:310 - Check plugin analytics
2024-09-10 13:15:19,499 [INFO] AnalyticsPlugin:253 - Accepted Software Licenses: 
2024-09-10 13:15:19,499 [INFO] AnalyticsPlugin:255 - Accepted CMSIS Pack Licenses: 
2024-09-10 13:15:19,500 [INFO] AnalyticsPlugin:257 - Accepted Firmware Licenses: FW.L4.1.18.0
2024-09-10 13:15:19,504 [INFO] PluginManage:359 - Loaded plugin analytics (category:tool,tabindex:-1)
2024-09-10 13:15:19,504 [INFO] PluginManage:310 - Check plugin cadmodel
2024-09-10 13:15:19,510 [INFO] CADModel:105 - Init CAD model plugin
2024-09-10 13:15:19,510 [INFO] PluginManage:359 - Loaded plugin cadmodel (category:power,tabindex:5)
2024-09-10 13:15:19,511 [INFO] PluginManage:310 - Check plugin clock
2024-09-10 13:15:19,523 [INFO] PluginManage:359 - Loaded plugin clock (category:base,tabindex:2)
2024-09-10 13:15:19,523 [INFO] PluginManage:310 - Check plugin ddr
2024-09-10 13:15:19,526 [INFO] PluginManage:359 - Loaded plugin ddr (category:tool,tabindex:6)
2024-09-10 13:15:19,526 [INFO] PluginManage:310 - Check plugin filemanager
2024-09-10 13:15:19,694 [INFO] PluginManage:359 - Loaded plugin filemanager (category:base,tabindex:10)
2024-09-10 13:15:19,695 [INFO] PluginManage:310 - Check plugin ipmanager
2024-09-10 13:15:19,703 [INFO] PluginManage:359 - Loaded plugin ipmanager (category:base,tabindex:5)
2024-09-10 13:15:19,703 [INFO] PluginManage:310 - Check plugin lpbam
2024-09-10 13:15:19,715 [INFO] PluginManage:359 - Loaded plugin lpbam (category:base,tabindex:0)
2024-09-10 13:15:19,716 [INFO] PluginManage:310 - Check plugin memorymap
2024-09-10 13:15:19,731 [INFO] PluginManage:359 - Loaded plugin memorymap (category:base,tabindex:4)
2024-09-10 13:15:19,731 [INFO] PluginManage:310 - Check plugin pinoutandconfiguration
2024-09-10 13:15:19,740 [INFO] PluginManage:359 - Loaded plugin pinoutandconfiguration (category:base,tabindex:1)
2024-09-10 13:15:19,740 [INFO] PluginManage:310 - Check plugin pinoutconfig
2024-09-10 13:15:19,861 [WARN] SupportedApi:132 - Cannot load RTOS API schema: s4s-elt-must-match.1: The content of 'definitions' must match (annotation?, (simpleType | complexType)?, (unique | key | keyref)*)). A problem was found starting at: attribute.
2024-09-10 13:15:20,033 [INFO] PluginManage:359 - Loaded plugin pinoutconfig (category:base,tabindex:0)
2024-09-10 13:15:20,033 [INFO] PluginManage:310 - Check plugin power
2024-09-10 13:15:20,045 [INFO] PluginManage:359 - Loaded plugin power (category:power,tabindex:4)
2024-09-10 13:15:20,045 [INFO] PluginManage:310 - Check plugin projectmanager
2024-09-10 13:15:20,063 [INFO] PluginManage:359 - Loaded plugin projectmanager (category:projectmanager,tabindex:4)
2024-09-10 13:15:20,064 [INFO] PluginManage:310 - Check plugin rif
2024-09-10 13:15:20,071 [INFO] PluginManage:359 - Loaded plugin rif (category:base,tabindex:3)
2024-09-10 13:15:20,071 [INFO] PluginManage:310 - Check plugin thirdparty
2024-09-10 13:15:20,229 [INFO] PluginManage:359 - Loaded plugin thirdparty (category:base,tabindex:-1)
2024-09-10 13:15:20,229 [INFO] PluginManage:310 - Check plugin tools
2024-09-10 13:15:20,229 [WARN] IntegrityCheckThread:84 - waiting for thirdparty lock release [integrity check]
2024-09-10 13:15:20,230 [INFO] IntegrityCheckThread:86 - entering critical section [integrity check]
2024-09-10 13:15:20,230 [INFO] ThirdPartyUpdaterWithRetryManager:70 - Updater plugin not ready yet. [1/15]
2024-09-10 13:15:20,234 [INFO] PluginManage:359 - Loaded plugin tools (category:base,tabindex:7)
2024-09-10 13:15:20,234 [INFO] PluginManage:310 - Check plugin tutovideos
2024-09-10 13:15:20,437 [INFO] PluginManage:359 - Loaded plugin tutovideos (category:base,tabindex:-1)
2024-09-10 13:15:20,437 [INFO] PluginManage:310 - Check plugin updater
2024-09-10 13:15:20,455 [INFO] PluginManage:359 - Loaded plugin updater (category:base,tabindex:12)
2024-09-10 13:15:20,457 [INFO] PluginManage:310 - Check plugin userauth
2024-09-10 13:15:20,464 [INFO] UserAuth:113 - Init User Auth plugin
2024-09-10 13:15:20,465 [INFO] PluginManage:359 - Loaded plugin userauth (category:base,tabindex:14)
2024-09-10 13:15:20,465 [INFO] PluginManage:283 - PluginManage : Loaded plugins [18]
2024-09-10 13:15:20,690 [INFO] PinOutPanel:1561 - setPackage(No Configuration,No Configuration)
2024-09-10 13:15:20,789 [INFO] CADModel:165 - CPN selected for project level
2024-09-10 13:15:20,790 [INFO] CADModel:114 - Register for checkConnection events
2024-09-10 13:15:20,813 [INFO] IPUIPlugin:80 - create IPUIPlugin
2024-09-10 13:15:20,813 [INFO] PluginManager:220 - loadIPPluginJar : add adc
2024-09-10 13:15:20,816 [INFO] IPUIPlugin:80 - create IPUIPlugin
2024-09-10 13:15:20,816 [INFO] PluginManager:220 - loadIPPluginJar : add aes
2024-09-10 13:15:20,821 [INFO] IPUIPlugin:80 - create IPUIPlugin
2024-09-10 13:15:20,821 [INFO] PluginManager:220 - loadIPPluginJar : add can
2024-09-10 13:15:20,823 [INFO] IPUIPlugin:80 - create IPUIPlugin
2024-09-10 13:15:20,823 [INFO] PluginManager:220 - loadIPPluginJar : add comp
2024-09-10 13:15:20,829 [INFO] IPUIPlugin:80 - create IPUIPlugin
2024-09-10 13:15:20,829 [INFO] PluginManager:220 - loadIPPluginJar : add cryp
2024-09-10 13:15:20,833 [INFO] IPUIPlugin:80 - create IPUIPlugin
2024-09-10 13:15:20,833 [INFO] PluginManager:220 - loadIPPluginJar : add ddr_ctrl_phy
2024-09-10 13:15:20,835 [INFO] IPUIPlugin:80 - create IPUIPlugin
2024-09-10 13:15:20,836 [INFO] PluginManager:220 - loadIPPluginJar : add dfsdm
2024-09-10 13:15:20,842 [INFO] IPUIPlugin:80 - create IPUIPlugin
2024-09-10 13:15:20,843 [INFO] PluginManager:220 - loadIPPluginJar : add dma
2024-09-10 13:15:20,845 [INFO] IPUIPlugin:80 - create IPUIPlugin
2024-09-10 13:15:20,845 [INFO] PluginManager:220 - loadIPPluginJar : add dma3
2024-09-10 13:15:20,848 [INFO] IPUIPlugin:80 - create IPUIPlugin
2024-09-10 13:15:20,848 [INFO] PluginManager:220 - loadIPPluginJar : add extmemmanager
2024-09-10 13:15:20,850 [INFO] IPUIPlugin:80 - create IPUIPlugin
2024-09-10 13:15:20,850 [INFO] PluginManager:220 - loadIPPluginJar : add fatfs
2024-09-10 13:15:20,854 [INFO] IPUIPlugin:80 - create IPUIPlugin
2024-09-10 13:15:20,854 [INFO] PluginManager:220 - loadIPPluginJar : add fmc
2024-09-10 13:15:20,860 [INFO] IPUIPlugin:80 - create IPUIPlugin
2024-09-10 13:15:20,860 [INFO] PluginManager:220 - loadIPPluginJar : add freertos
2024-09-10 13:15:20,862 [INFO] IPUIPlugin:80 - create IPUIPlugin
2024-09-10 13:15:20,862 [INFO] PluginManager:220 - loadIPPluginJar : add genericplugin
2024-09-10 13:15:20,865 [INFO] IPUIPlugin:80 - create IPUIPlugin
2024-09-10 13:15:20,865 [INFO] PluginManager:220 - loadIPPluginJar : add gfxmmu
2024-09-10 13:15:20,869 [INFO] IPUIPlugin:80 - create IPUIPlugin
2024-09-10 13:15:20,869 [INFO] PluginManager:220 - loadIPPluginJar : add gic
2024-09-10 13:15:20,873 [INFO] IPUIPlugin:80 - create IPUIPlugin
2024-09-10 13:15:20,873 [INFO] PluginManager:220 - loadIPPluginJar : add gpio
2024-09-10 13:15:20,877 [INFO] IPUIPlugin:80 - create IPUIPlugin
2024-09-10 13:15:20,878 [INFO] PluginManager:220 - loadIPPluginJar : add gtzc
2024-09-10 13:15:20,880 [INFO] IPUIPlugin:80 - create IPUIPlugin
2024-09-10 13:15:20,880 [INFO] PluginManager:220 - loadIPPluginJar : add hash
2024-09-10 13:15:20,883 [INFO] IPUIPlugin:80 - create IPUIPlugin
2024-09-10 13:15:20,883 [INFO] PluginManager:220 - loadIPPluginJar : add i2c
2024-09-10 13:15:20,886 [INFO] IPUIPlugin:80 - create IPUIPlugin
2024-09-10 13:15:20,886 [INFO] PluginManager:220 - loadIPPluginJar : add i2s
2024-09-10 13:15:20,890 [INFO] IPUIPlugin:80 - create IPUIPlugin
2024-09-10 13:15:20,890 [INFO] PluginManager:220 - loadIPPluginJar : add i3c
2024-09-10 13:15:20,893 [INFO] IPUIPlugin:80 - create IPUIPlugin
2024-09-10 13:15:20,893 [INFO] PluginManager:220 - loadIPPluginJar : add ipddr
2024-09-10 13:15:20,900 [INFO] IPUIPlugin:80 - create IPUIPlugin
2024-09-10 13:15:20,900 [INFO] PluginManager:220 - loadIPPluginJar : add linkedlist
2024-09-10 13:15:20,903 [INFO] IPUIPlugin:80 - create IPUIPlugin
2024-09-10 13:15:20,904 [INFO] PluginManager:220 - loadIPPluginJar : add lorawan
2024-09-10 13:15:20,907 [INFO] IPUIPlugin:80 - create IPUIPlugin
2024-09-10 13:15:20,907 [INFO] PluginManager:220 - loadIPPluginJar : add ltdc
2024-09-10 13:15:20,914 [INFO] IPUIPlugin:80 - create IPUIPlugin
2024-09-10 13:15:20,914 [INFO] PluginManager:220 - loadIPPluginJar : add mdma
2024-09-10 13:15:20,917 [INFO] IPUIPlugin:80 - create IPUIPlugin
2024-09-10 13:15:20,917 [INFO] PluginManager:220 - loadIPPluginJar : add nvic
2024-09-10 13:15:20,922 [INFO] IPUIPlugin:80 - create IPUIPlugin
2024-09-10 13:15:20,922 [INFO] PluginManager:220 - loadIPPluginJar : add opamp
2024-09-10 13:15:20,927 [INFO] IPUIPlugin:80 - create IPUIPlugin
2024-09-10 13:15:20,927 [INFO] PluginManager:220 - loadIPPluginJar : add openamp
2024-09-10 13:15:20,931 [INFO] IPUIPlugin:80 - create IPUIPlugin
2024-09-10 13:15:20,932 [INFO] PluginManager:220 - loadIPPluginJar : add pdm2pcm
2024-09-10 13:15:20,938 [INFO] IPUIPlugin:80 - create IPUIPlugin
2024-09-10 13:15:20,941 [INFO] PluginManager:220 - loadIPPluginJar : add plateformsettings
2024-09-10 13:15:20,943 [INFO] IPUIPlugin:80 - create IPUIPlugin
2024-09-10 13:15:20,943 [INFO] PluginManager:220 - loadIPPluginJar : add quadspi
2024-09-10 13:15:20,946 [INFO] IPUIPlugin:80 - create IPUIPlugin
2024-09-10 13:15:20,946 [INFO] PluginManager:220 - loadIPPluginJar : add radio
2024-09-10 13:15:20,952 [INFO] IPUIPlugin:80 - create IPUIPlugin
2024-09-10 13:15:20,952 [INFO] PluginManager:220 - loadIPPluginJar : add resmgrutility
2024-09-10 13:15:20,955 [INFO] IPUIPlugin:80 - create IPUIPlugin
2024-09-10 13:15:20,955 [INFO] PluginManager:220 - loadIPPluginJar : add sai
2024-09-10 13:15:20,958 [INFO] IPUIPlugin:80 - create IPUIPlugin
2024-09-10 13:15:20,958 [INFO] PluginManager:220 - loadIPPluginJar : add spi
2024-09-10 13:15:20,964 [INFO] IPUIPlugin:80 - create IPUIPlugin
2024-09-10 13:15:20,964 [INFO] PluginManager:220 - loadIPPluginJar : add stm32_wpan
2024-09-10 13:15:20,967 [INFO] IPUIPlugin:80 - create IPUIPlugin
2024-09-10 13:15:20,967 [INFO] PluginManager:220 - loadIPPluginJar : add tim
2024-09-10 13:15:20,971 [INFO] IPUIPlugin:80 - create IPUIPlugin
2024-09-10 13:15:20,971 [INFO] PluginManager:220 - loadIPPluginJar : add touchsensing
2024-09-10 13:15:20,974 [INFO] IPUIPlugin:80 - create IPUIPlugin
2024-09-10 13:15:20,974 [INFO] PluginManager:220 - loadIPPluginJar : add tracer_emb
2024-09-10 13:15:20,976 [INFO] IPUIPlugin:80 - create IPUIPlugin
2024-09-10 13:15:20,976 [INFO] PluginManager:220 - loadIPPluginJar : add ts
2024-09-10 13:15:20,978 [INFO] IPUIPlugin:80 - create IPUIPlugin
2024-09-10 13:15:20,978 [INFO] PluginManager:220 - loadIPPluginJar : add tsc
2024-09-10 13:15:20,981 [INFO] IPUIPlugin:80 - create IPUIPlugin
2024-09-10 13:15:20,981 [INFO] PluginManager:220 - loadIPPluginJar : add ucpd
2024-09-10 13:15:20,984 [INFO] IPUIPlugin:80 - create IPUIPlugin
2024-09-10 13:15:20,985 [INFO] PluginManager:220 - loadIPPluginJar : add usart
2024-09-10 13:15:20,988 [INFO] IPUIPlugin:80 - create IPUIPlugin
2024-09-10 13:15:20,988 [INFO] PluginManager:220 - loadIPPluginJar : add usbx
2024-09-10 13:15:21,145 [INFO] CADModel:165 - CPN selected for project level
2024-09-10 13:15:21,147 [INFO] CADModel:114 - Register for checkConnection events
2024-09-10 13:15:21,148 [FATAL] Updater:334 - Updater called before beeing initialized
2024-09-10 13:15:21,148 [ERROR] CADModel:125 - Updater not yet initialized, retry later 
2024-09-10 13:15:21,326 [INFO] CADModel:165 - CPN selected for project level
2024-09-10 13:15:21,326 [INFO] CADModel:114 - Register for checkConnection events
2024-09-10 13:15:21,326 [FATAL] Updater:334 - Updater called before beeing initialized
2024-09-10 13:15:21,326 [ERROR] CADModel:125 - Updater not yet initialized, retry later 
2024-09-10 13:15:21,330 [FATAL] Updater:334 - Updater called before beeing initialized
2024-09-10 13:15:21,450 [FATAL] Updater:334 - Updater called before beeing initialized
2024-09-10 13:15:21,457 [INFO] DbMcusAds:53 - JSON generation date=Thu May 16 14:52:00 IST 2024 (1715851320667)
2024-09-10 13:15:21,457 [FATAL] Updater:334 - Updater called before beeing initialized
2024-09-10 13:15:21,498 [WARN] DetailPanel:346 - Failed to get advertising image, set to default
2024-09-10 13:15:21,603 [FATAL] Updater:334 - Updater called before beeing initialized
2024-09-10 13:15:21,605 [FATAL] Updater:334 - Updater called before beeing initialized
2024-09-10 13:15:21,605 [FATAL] Updater:334 - Updater called before beeing initialized
2024-09-10 13:15:21,605 [WARN] DetailPanel:346 - Failed to get advertising image, set to default
2024-09-10 13:15:21,606 [FATAL] Updater:334 - Updater called before beeing initialized
2024-09-10 13:15:21,666 [ERROR] Updater:1164 - MainUpdater not yet initialized. External WinMGr cannot be set.
2024-09-10 13:15:21,670 [INFO] Updater:1100 - Updater Version found : 6.12.0
2024-09-10 13:15:21,692 [INFO] ApplicationProperties:184 - Using Application install path: C:\ST\STM32CubeIDE_1.16.0\STM32CubeIDE\plugins\com.st.stm32cube.common.mx_6.12.0.202406281431
2024-09-10 13:15:23,243 [INFO] ThirdPartyUpdaterWithRetryManager:70 - Updater plugin not ready yet. [2/15]
2024-09-10 13:15:23,281 [ERROR] LogOutputStream:75 - [STDERR_REDIRECT] Sep 10, 2024 1:15:23 PM java.util.prefs.WindowsPreferences <init>
2024-09-10 13:15:23,283 [ERROR] LogOutputStream:75 - [STDERR_REDIRECT] WARNING: Could not open/create prefs root node Software\JavaSoft\Prefs at root 0xffffffff80000002. Windows RegCreateKeyEx(...) returned error code 5.
2024-09-10 13:15:23,283 [ERROR] LogOutputStream:75 - [STDERR_REDIRECT] 
2024-09-10 13:15:23,830 [INFO] MainUpdater:2873 - connection check result : 10
2024-09-10 13:15:23,831 [INFO] MainUpdater:290 - Updater Check For Update Now.
2024-09-10 13:15:23,831 [INFO] MicroXplorer:498 - Change Database Version : DB.6.0.120
2024-09-10 13:15:23,840 [INFO] McuFinderGlobals:63 - Set McuFinder mode to 2 (CubeIDE integrated)
2024-09-10 13:15:23,844 [INFO] UserAuth:417 - Internet connection configuration mode: 1
2024-09-10 13:15:23,889 [INFO] JxBrowserEngine:152 - Initiate JxBrowser Engine with user profile folder
2024-09-10 13:15:24,151 [INFO] CheckServerUpdateThread:120 - End of CheckServer Thread
2024-09-10 13:15:25,266 [INFO] WebApp:167 - Instantiating new browser for Auth
2024-09-10 13:15:26,598 [INFO] WebApp:448 - Apply proxy settings
2024-09-10 13:15:26,598 [INFO] WebApp:533 - Chromium requires no authentication
2024-09-10 13:15:26,614 [INFO] WebApp:476 - Direct internet connection detected
2024-09-10 13:15:26,667 [INFO] WebApp:869 - Register for checkConnection events
2024-09-10 13:15:26,667 [INFO] WebApp:448 - Apply proxy settings
2024-09-10 13:15:26,667 [INFO] WebApp:533 - Chromium requires no authentication
2024-09-10 13:15:26,668 [INFO] WebApp:476 - Direct internet connection detected
2024-09-10 13:15:26,734 [WARN] PackLoader:240 - Cannot read IP mode file for STMicroelectronics.FP-SNS-MOTENVWB1.1.4.0
2024-09-10 13:15:26,752 [WARN] PackLoader:240 - Cannot read IP mode file for STMicroelectronics.X-CUBE-SMBUS.2.1.0
2024-09-10 13:15:26,809 [WARN] PackLoader:240 - Cannot read IP mode file for STMicroelectronics.X-CUBE-AZRTOS-F7.1.1.0
2024-09-10 13:15:26,946 [WARN] PackLoader:240 - Cannot read IP mode file for STMicroelectronics.X-CUBE-MEMS1.11.0.0
2024-09-10 13:15:27,469 [WARN] PackLoader:240 - Cannot read IP mode file for STMicroelectronics.FP-SNS-FLIGHT1.5.0.2
2024-09-10 13:15:27,480 [WARN] PackLoader:240 - Cannot read IP mode file for STMicroelectronics.X-CUBE-DISPLAY.3.0.0
2024-09-10 13:15:27,492 [WARN] PackLoader:240 - Cannot read IP mode file for STMicroelectronics.X-CUBE-BLE1.7.0.0
2024-09-10 13:15:27,499 [WARN] PackLoader:240 - Cannot read IP mode file for emotas.I-CUBE-CANOPEN.1.3.0
2024-09-10 13:15:27,514 [WARN] PackLoader:240 - Cannot read IP mode file for STMicroelectronics.X-CUBE-BLEMGR.3.1.0
2024-09-10 13:15:27,524 [WARN] PackLoader:240 - Cannot read IP mode file for STMicroelectronics.FP-SNS-SMARTAG2.1.2.0
2024-09-10 13:15:27,537 [INFO] LogOutputStream:77 - [STDOUT_REDIRECT] 1 : Invalid condition id : UX_CORESTACK_Condition cause : null
2024-09-10 13:15:27,537 [INFO] LogOutputStream:77 - [STDOUT_REDIRECT] 1 : Invalid condition id : UX_CORESTACK_Condition cause : null
2024-09-10 13:15:27,539 [INFO] LogOutputStream:77 - [STDOUT_REDIRECT] 1 : Invalid condition id : UX_CORESTACK_Condition cause : null
2024-09-10 13:15:27,543 [INFO] LogOutputStream:77 - [STDOUT_REDIRECT] 1 : Invalid condition id : UX_CORESTACK_Condition cause : null
2024-09-10 13:15:27,546 [INFO] LogOutputStream:77 - [STDOUT_REDIRECT] 1 : Invalid condition id : UX_CORESTACK_Condition cause : null
2024-09-10 13:15:27,550 [WARN] PackLoader:240 - Cannot read IP mode file for STMicroelectronics.X-CUBE-AZRTOS-WL.2.0.0
2024-09-10 13:15:27,557 [WARN] PackLoader:240 - Cannot read IP mode file for STMicroelectronics.FP-SNS-MOTENV1.5.0.0
2024-09-10 13:15:27,565 [WARN] PackLoader:240 - Cannot read IP mode file for wolfSSL.I-CUBE-wolfMQTT.1.19.0
2024-09-10 13:15:27,574 [WARN] PackLoader:240 - Cannot read IP mode file for WES.I-CUBE-Cesium.1.3.0
2024-09-10 13:15:27,580 [WARN] PackLoader:240 - Cannot read IP mode file for STMicroelectronics.X-CUBE-BLE2.3.3.0
2024-09-10 13:15:27,589 [WARN] PackLoader:240 - Cannot read IP mode file for STMicroelectronics.X-CUBE-TCPP.4.1.0
2024-09-10 13:15:27,634 [WARN] PackLoader:240 - Cannot read IP mode file for STMicroelectronics.X-CUBE-AZRTOS-G0.1.1.0
2024-09-10 13:15:27,649 [WARN] PackLoader:240 - Cannot read IP mode file for STMicroelectronics.X-CUBE-SAFEA1.1.2.2
2024-09-10 13:15:27,657 [WARN] PackLoader:240 - Cannot read IP mode file for STMicroelectronics.X-CUBE-NFC4.3.0.0
2024-09-10 13:15:27,755 [WARN] PackLoader:240 - Cannot read IP mode file for EmbeddedOffice.I-CUBE-FS-RTOS.1.0.1
2024-09-10 13:15:27,757 [ERROR] ConditionMgr:805 - Attr not supported : Dmpu
2024-09-10 13:15:27,757 [ERROR] ConditionMgr:805 - Attr not supported : Dmpu
2024-09-10 13:15:27,757 [ERROR] ConditionMgr:805 - Attr not supported : Dmpu
2024-09-10 13:15:27,757 [ERROR] ConditionMgr:805 - Attr not supported : Dmpu
2024-09-10 13:15:27,757 [ERROR] ConditionMgr:805 - Attr not supported : Dmpu
2024-09-10 13:15:27,757 [ERROR] ConditionMgr:805 - Attr not supported : Dmpu
2024-09-10 13:15:27,757 [ERROR] ConditionMgr:805 - Attr not supported : Dmpu
2024-09-10 13:15:27,757 [ERROR] ConditionMgr:805 - Attr not supported : Dmpu
2024-09-10 13:15:27,758 [ERROR] ConditionMgr:805 - Attr not supported : Dmpu
2024-09-10 13:15:27,758 [ERROR] ConditionMgr:805 - Attr not supported : Dmpu
2024-09-10 13:15:27,758 [ERROR] ConditionMgr:805 - Attr not supported : Dmpu
2024-09-10 13:15:27,758 [ERROR] ConditionMgr:805 - Attr not supported : Dmpu
2024-09-10 13:15:27,759 [ERROR] ConditionMgr:805 - Attr not supported : Dmpu
2024-09-10 13:15:27,759 [ERROR] ConditionMgr:805 - Attr not supported : Dmpu
2024-09-10 13:15:27,759 [ERROR] ConditionMgr:805 - Attr not supported : Dmpu
2024-09-10 13:15:27,759 [ERROR] ConditionMgr:805 - Attr not supported : Dmpu
2024-09-10 13:15:27,759 [ERROR] ConditionMgr:805 - Attr not supported : Dmpu
2024-09-10 13:15:27,759 [ERROR] ConditionMgr:805 - Attr not supported : Dmpu
2024-09-10 13:15:27,760 [ERROR] ConditionMgr:805 - Attr not supported : Dmpu
2024-09-10 13:15:27,760 [ERROR] ConditionMgr:805 - Attr not supported : Dmpu
2024-09-10 13:15:27,760 [ERROR] ConditionMgr:805 - Attr not supported : Dmpu
2024-09-10 13:15:27,760 [ERROR] ConditionMgr:805 - Attr not supported : Dmpu
2024-09-10 13:15:27,760 [ERROR] ConditionMgr:805 - Attr not supported : Dmpu
2024-09-10 13:15:27,760 [ERROR] ConditionMgr:805 - Attr not supported : Dmpu
2024-09-10 13:15:27,760 [ERROR] ConditionMgr:805 - Attr not supported : Dmpu
2024-09-10 13:15:27,761 [ERROR] ConditionMgr:805 - Attr not supported : Dmpu
2024-09-10 13:15:27,761 [ERROR] ConditionMgr:805 - Attr not supported : Dmpu
2024-09-10 13:15:27,761 [ERROR] ConditionMgr:805 - Attr not supported : Dmpu
2024-09-10 13:15:27,761 [ERROR] ConditionMgr:805 - Attr not supported : Dmpu
2024-09-10 13:15:27,761 [ERROR] ConditionMgr:805 - Attr not supported : Dmpu
2024-09-10 13:15:27,762 [ERROR] ConditionMgr:805 - Attr not supported : Dmpu
2024-09-10 13:15:27,762 [ERROR] ConditionMgr:805 - Attr not supported : Dmpu
2024-09-10 13:15:27,762 [ERROR] ConditionMgr:805 - Attr not supported : Dmpu
2024-09-10 13:15:27,762 [ERROR] ConditionMgr:805 - Attr not supported : Dmpu
2024-09-10 13:15:27,762 [ERROR] ConditionMgr:805 - Attr not supported : Dmpu
2024-09-10 13:15:27,762 [ERROR] ConditionMgr:805 - Attr not supported : Dmpu
2024-09-10 13:15:27,763 [ERROR] ConditionMgr:805 - Attr not supported : Dmpu
2024-09-10 13:15:27,763 [ERROR] ConditionMgr:805 - Attr not supported : Dmpu
2024-09-10 13:15:27,763 [ERROR] ConditionMgr:805 - Attr not supported : Dmpu
2024-09-10 13:15:27,763 [ERROR] ConditionMgr:805 - Attr not supported : Dmpu
2024-09-10 13:15:27,763 [ERROR] ConditionMgr:805 - Attr not supported : Dmpu
2024-09-10 13:15:27,763 [ERROR] ConditionMgr:805 - Attr not supported : Dmpu
2024-09-10 13:15:27,763 [ERROR] ConditionMgr:805 - Attr not supported : Dmpu
2024-09-10 13:15:27,763 [ERROR] ConditionMgr:805 - Attr not supported : Dmpu
2024-09-10 13:15:27,764 [ERROR] ConditionMgr:805 - Attr not supported : Dmpu
2024-09-10 13:15:27,764 [ERROR] ConditionMgr:805 - Attr not supported : Dmpu
2024-09-10 13:15:27,764 [ERROR] ConditionMgr:805 - Attr not supported : Dmpu
2024-09-10 13:15:27,764 [ERROR] ConditionMgr:805 - Attr not supported : Dmpu
2024-09-10 13:15:27,764 [ERROR] ConditionMgr:805 - Attr not supported : Dmpu
2024-09-10 13:15:27,764 [ERROR] ConditionMgr:805 - Attr not supported : Dmpu
2024-09-10 13:15:27,764 [ERROR] ConditionMgr:805 - Attr not supported : Dmpu
2024-09-10 13:15:27,764 [ERROR] ConditionMgr:805 - Attr not supported : Dmpu
2024-09-10 13:15:27,764 [ERROR] ConditionMgr:805 - Attr not supported : Dmpu
2024-09-10 13:15:27,765 [ERROR] ConditionMgr:805 - Attr not supported : Dmpu
2024-09-10 13:15:27,765 [ERROR] ConditionMgr:805 - Attr not supported : Dmpu
2024-09-10 13:15:27,765 [ERROR] ConditionMgr:805 - Attr not supported : Dmpu
2024-09-10 13:15:27,765 [ERROR] ConditionMgr:805 - Attr not supported : Dmpu
2024-09-10 13:15:27,765 [ERROR] ConditionMgr:805 - Attr not supported : Dmpu
2024-09-10 13:15:27,765 [ERROR] ConditionMgr:805 - Attr not supported : Dmpu
2024-09-10 13:15:27,765 [ERROR] ConditionMgr:805 - Attr not supported : Dmpu
2024-09-10 13:15:27,765 [ERROR] ConditionMgr:805 - Attr not supported : Dmpu
2024-09-10 13:15:27,766 [ERROR] ConditionMgr:805 - Attr not supported : Dmpu
2024-09-10 13:15:27,766 [ERROR] ConditionMgr:805 - Attr not supported : Dmpu
2024-09-10 13:15:27,766 [ERROR] ConditionMgr:805 - Attr not supported : Dmpu
2024-09-10 13:15:27,772 [WARN] PackLoader:240 - Cannot read IP mode file for RealThread.X-CUBE-RT-Thread_Nano.4.1.1
2024-09-10 13:15:27,782 [WARN] PackLoader:240 - Cannot read IP mode file for STMicroelectronics.FP-ATR-SIGFOX1.3.2.0
2024-09-10 13:15:27,789 [WARN] PackLoader:240 - Cannot read IP mode file for wolfSSL.I-CUBE-wolfSSL.5.7.2
2024-09-10 13:15:27,797 [WARN] PackLoader:240 - Cannot read IP mode file for STMicroelectronics.X-CUBE-EEPRMA1.5.1.0
2024-09-10 13:15:27,807 [WARN] PackLoader:240 - Cannot read IP mode file for ITTIA_DB.I-CUBE-ITTIADB.8.9.0
2024-09-10 13:15:27,860 [WARN] PackLoader:240 - Cannot read IP mode file for SEGGER.I-CUBE-embOS.1.3.1
2024-09-10 13:15:27,929 [WARN] PackLoader:240 - Cannot read IP mode file for STMicroelectronics.X-CUBE-ALGOBUILD.1.4.0
2024-09-10 13:15:27,939 [WARN] PackLoader:240 - Cannot read IP mode file for STMicroelectronics.X-CUBE-GNSS1.6.0.0
2024-09-10 13:15:27,970 [WARN] PackLoader:240 - Cannot read IP mode file for STMicroelectronics.X-CUBE-AZRTOS-F4.1.1.0
2024-09-10 13:15:27,985 [WARN] PackLoader:240 - Cannot read IP mode file for STMicroelectronics.X-CUBE-FREERTOS.1.2.0
2024-09-10 13:15:28,007 [WARN] PackLoader:240 - Cannot read IP mode file for STMicroelectronics.X-CUBE-AZRTOS-L5.2.0.0
2024-09-10 13:15:28,020 [WARN] PackLoader:240 - Cannot read IP mode file for STMicroelectronics.X-CUBE-NFC6.3.1.0
2024-09-10 13:15:28,032 [WARN] PackLoader:240 - Cannot read IP mode file for STMicroelectronics.X-CUBE-DPower.1.2.0
2024-09-10 13:15:28,037 [WARN] PackLoader:240 - Cannot read IP mode file for STMicroelectronics.X-CUBE-AI.9.0.0
2024-09-10 13:15:28,048 [WARN] PackLoader:240 - Cannot read IP mode file for STMicroelectronics.X-CUBE-NFC7.1.0.1
2024-09-10 13:15:28,053 [WARN] PackLoader:240 - Cannot read IP mode file for wolfSSL.I-CUBE-wolfTPM.3.2.0
2024-09-10 13:15:28,083 [WARN] ConditionMgr:438 - getConditionDescription Invalid condition id : LAN8742 Phy interface Condition cause : null
2024-09-10 13:15:28,085 [WARN] PackLoader:240 - Cannot read IP mode file for STMicroelectronics.X-CUBE-AZRTOS-L4.2.0.0
2024-09-10 13:15:28,086 [WARN] ConditionMgr:1039 - genDependencies : Invalid condition id : LAN8742 Phy interface Condition cause : null
2024-09-10 13:15:28,088 [WARN] ConditionMgr:1039 - genDependencies : Invalid condition id : LAN8742 Phy interface Condition cause : null
2024-09-10 13:15:28,089 [WARN] ConditionMgr:1039 - genDependencies : Invalid condition id : LAN8742 Phy interface Condition cause : null
2024-09-10 13:15:28,102 [WARN] PackLoader:240 - Cannot read IP mode file for STMicroelectronics.X-CUBE-SFXS2LP1.4.0.0
2024-09-10 13:15:28,167 [WARN] PackLoader:240 - Cannot read IP mode file for STMicroelectronics.X-CUBE-AZRTOS-H7.3.3.0
2024-09-10 13:15:28,221 [WARN] ConditionMgr:438 - getConditionDescription Invalid condition id : UX DEVICE CLASS RTOS Condition cause : null
2024-09-10 13:15:28,222 [WARN] ConditionMgr:438 - getConditionDescription Invalid condition id : UX DEVICE CLASS RTOS Condition cause : null
2024-09-10 13:15:28,226 [WARN] PackLoader:240 - Cannot read IP mode file for STMicroelectronics.X-CUBE-AZRTOS-WB.2.0.0
2024-09-10 13:15:28,227 [WARN] ConditionMgr:1039 - genDependencies : Invalid condition id : UX DEVICE CLASS RTOS Condition cause : null
2024-09-10 13:15:28,227 [WARN] ConditionMgr:1039 - genDependencies : Invalid condition id : UX DEVICE CLASS RTOS Condition cause : null
2024-09-10 13:15:28,228 [WARN] ConditionMgr:1039 - genDependencies : Invalid condition id : UX DEVICE CLASS RTOS Condition cause : null
2024-09-10 13:15:28,228 [WARN] ConditionMgr:1039 - genDependencies : Invalid condition id : UX DEVICE CLASS RTOS Condition cause : null
2024-09-10 13:15:28,228 [WARN] ConditionMgr:1039 - genDependencies : Invalid condition id : UX DEVICE CLASS RTOS Condition cause : null
2024-09-10 13:15:28,238 [WARN] PackLoader:240 - Cannot read IP mode file for STMicroelectronics.FP-SNS-STBOX1.2.0.0
2024-09-10 13:15:28,261 [WARN] PackLoader:240 - Cannot read IP mode file for STMicroelectronics.X-CUBE-SUBG2.5.0.0
2024-09-10 13:15:28,289 [WARN] PackLoader:240 - Cannot read IP mode file for Cesanta.I-CUBE-Mongoose.7.13.0
2024-09-10 13:15:28,308 [WARN] PackLoader:240 - Cannot read IP mode file for STMicroelectronics.X-CUBE-AZRTOS-G4.2.0.0
2024-09-10 13:15:28,318 [WARN] PackLoader:240 - Cannot read IP mode file for STMicroelectronics.X-CUBE-ISPU.2.0.0
2024-09-10 13:15:28,331 [WARN] PackLoader:240 - Cannot read IP mode file for STMicroelectronics.X-CUBE-ALS.1.0.2
2024-09-10 13:15:28,404 [WARN] PackLoader:240 - Cannot read IP mode file for STMicroelectronics.X-CUBE-MEMS1.10.0.0
2024-09-10 13:15:28,448 [INFO] WebApp:220 - Starting web application
2024-09-10 13:15:28,449 [INFO] WebApp:578 - Web application path used C:\ST\STM32CubeIDE_1.16.0\STM32CubeIDE\plugins\com.st.stm32cube.common.mx_6.12.0.202406281431\db\plugins\mcufinder\reactClient1\index.html
2024-09-10 13:15:28,598 [INFO] WebApp:186 - Connection restablished
2024-09-10 13:15:28,731 [WARN] PackLoader:240 - Cannot read IP mode file for STMicroelectronics.X-CUBE-TOUCHGFX.4.24.0
2024-09-10 13:15:28,741 [WARN] PackLoader:240 - Cannot read IP mode file for portGmbH.I-Cube-SoM-uGOAL.1.1.0
2024-09-10 13:15:28,768 [WARN] PackLoader:240 - Cannot read IP mode file for STMicroelectronics.X-CUBE-AZRTOS-H7RS.1.0.0
2024-09-10 13:15:28,782 [WARN] PackLoader:240 - Cannot read IP mode file for STMicroelectronics.FP-ATR-ASTRA1.2.0.0
2024-09-10 13:15:28,795 [WARN] PackLoader:240 - Cannot read IP mode file for STMicroelectronics.X-CUBE-TOF1.3.4.2
2024-09-10 13:15:28,852 [WARN] PackLoader:240 - Cannot read IP mode file for Infineon.AIROC-Wi-Fi-Bluetooth-STM32.1.6.1
2024-09-10 13:15:28,862 [WARN] PackLoader:240 - Cannot read IP mode file for wolfSSL.I-CUBE-wolfSSH.1.4.17
2024-09-10 13:15:28,864 [INFO] ThirdParty:978 - Integrity check success = true
2024-09-10 13:15:28,864 [INFO] IntegrityCheckThread:100 - exiting critical section [integrity check]
2024-09-10 13:15:28,864 [INFO] IntegrityCheckThread:103 - End integrity checks thread
2024-09-10 13:15:29,320 [INFO] UserAuth:417 - Internet connection configuration mode: 1
2024-09-10 13:22:59,752 [INFO] WebApp:189 - Connection lost
2024-09-10 13:23:02,493 [INFO] WebApp:186 - Connection restablished
2024-09-10 13:40:54,541 [INFO] WebApp:189 - Connection lost
2024-09-10 13:41:22,327 [INFO] WebApp:186 - Connection restablished
2024-09-10 15:41:50,952 [INFO] WebApp:189 - Connection lost
2024-09-10 15:41:58,483 [INFO] WebApp:186 - Connection restablished
2024-09-10 15:50:23,287 [INFO] WebApp:189 - Connection lost
2024-09-10 15:50:42,824 [INFO] WebApp:186 - Connection restablished
2024-09-10 15:56:53,725 [INFO] WebApp:189 - Connection lost
2024-09-10 15:56:56,558 [INFO] WebApp:186 - Connection restablished
2024-09-10 17:13:45,760 [ERROR] LogOutputStream:75 - [STDERR_REDIRECT] 
