2024-09-11 10:22:33,945 [INFO] Activator:176 - 


2024-09-11 10:22:33,953 [INFO] Activator:177 - !SESSION log4j initialized
2024-09-11 10:22:39,633 [INFO] LogOutputStream:77 - [STDOUT_REDIRECT] 
2024-09-11 10:22:43,337 [INFO] ApplicationProperties:184 - Using Application install path: C:\ST\STM32CubeIDE_1.16.0\STM32CubeIDE\plugins\com.st.stm32cube.common.mx_6.12.0.202406281431
2024-09-11 10:22:43,358 [INFO] DbMcusXml:78 - Set database path to: C:\ST\STM32CubeIDE_1.16.0\STM32CubeIDE\plugins\com.st.stm32cube.common.mx_6.12.0.202406281431\\db\/mcu/
2024-09-11 10:22:43,358 [INFO] ApiDb:274 - Set plugin database path to: C:\ST\STM32CubeIDE_1.16.0\STM32CubeIDE\plugins\com.st.stm32cube.common.mx_6.12.0.202406281431\\db\/plugins/boardmanager/
2024-09-11 10:22:43,359 [WARN] ApiDb:259 - Overriding images path with different value:  => C:\ST\STM32CubeIDE_1.16.0\STM32CubeIDE\plugins\com.st.stm32cube.common.mx_6.12.0.202406281431\\db\/plugins/mcufinder/images/
2024-09-11 10:22:43,369 [INFO] ApiDb:250 - Set database path to: C:\Users\kunfu\.stmcufinder\plugins\mcufinder//mcu/
2024-09-11 10:22:43,370 [INFO] DbMcusAds:125 - Set database path to: C:\Users\kunfu\.stmcufinder\plugins\mcufinder//mcu/
2024-09-11 10:22:43,372 [INFO] CrossReferenceDbSqlite:203 - Set database path to: C:\Users\kunfu\.stmcufinder\plugins\mcufinder//mcu/cs/
2024-09-11 10:22:43,496 [INFO] RulesReader:64 - Compatibility file has been processed (297 Rules)
2024-09-11 10:22:43,587 [INFO] DbMcusXml:78 - Set database path to: C:\ST\STM32CubeIDE_1.16.0\STM32CubeIDE\plugins\com.st.stm32cube.common.mx_6.12.0.202406281431\\db\/mcu/
2024-09-11 10:22:43,587 [INFO] ApiDb:274 - Set plugin database path to: C:\ST\STM32CubeIDE_1.16.0\STM32CubeIDE\plugins\com.st.stm32cube.common.mx_6.12.0.202406281431\\db\/plugins/boardmanager/
2024-09-11 10:22:43,587 [INFO] ApiDb:261 - Set plugin images path to: C:\ST\STM32CubeIDE_1.16.0\STM32CubeIDE\plugins\com.st.stm32cube.common.mx_6.12.0.202406281431\\db\/plugins/mcufinder/images/
2024-09-11 10:22:43,588 [WARN] DbFile:41 - Overriding database path with different value: C:\Users\kunfu\.stmcufinder\plugins\mcufinder/ => C:\Users\kunfu\.stmcufinder\plugins\mcufinder
2024-09-11 10:22:43,588 [INFO] ApiDb:250 - Set database path to: C:\Users\kunfu\.stmcufinder\plugins\mcufinder//mcu/
2024-09-11 10:22:43,588 [WARN] DbFile:41 - Overriding database path with different value: C:\Users\kunfu\.stmcufinder\plugins\mcufinder/ => C:\Users\kunfu\.stmcufinder\plugins\mcufinder
2024-09-11 10:22:43,588 [INFO] DbMcusAds:125 - Set database path to: C:\Users\kunfu\.stmcufinder\plugins\mcufinder//mcu/
2024-09-11 10:22:43,588 [WARN] DbFile:41 - Overriding database path with different value: C:\Users\kunfu\.stmcufinder\plugins\mcufinder/ => C:\Users\kunfu\.stmcufinder\plugins\mcufinder
2024-09-11 10:22:43,588 [WARN] DbFile:41 - Overriding database path with different value: C:\Users\kunfu\.stmcufinder\plugins\mcufinder/ => C:\Users\kunfu\.stmcufinder\plugins\mcufinder
2024-09-11 10:22:43,588 [INFO] CrossReferenceDbSqlite:203 - Set database path to: C:\Users\kunfu\.stmcufinder\plugins\mcufinder//mcu/cs/
2024-09-11 10:22:43,676 [INFO] MainPanel:268 - HeapMemory: 268435456
2024-09-11 10:22:43,858 [INFO] DbMcusXml:78 - Set database path to: C:\ST\STM32CubeIDE_1.16.0\STM32CubeIDE\plugins\com.st.stm32cube.common.mx_6.12.0.202406281431\\db\/mcu/
2024-09-11 10:22:43,858 [INFO] ApiDb:274 - Set plugin database path to: C:\ST\STM32CubeIDE_1.16.0\STM32CubeIDE\plugins\com.st.stm32cube.common.mx_6.12.0.202406281431\\db\/plugins/boardmanager/
2024-09-11 10:22:43,858 [INFO] ApiDb:261 - Set plugin images path to: C:\ST\STM32CubeIDE_1.16.0\STM32CubeIDE\plugins\com.st.stm32cube.common.mx_6.12.0.202406281431\\db\/plugins/mcufinder/images/
2024-09-11 10:22:43,859 [WARN] DbFile:41 - Overriding database path with different value: C:\Users\kunfu\.stmcufinder\plugins\mcufinder/ => C:\Users\kunfu\.stmcufinder\plugins\mcufinder
2024-09-11 10:22:43,859 [INFO] ApiDb:250 - Set database path to: C:\Users\kunfu\.stmcufinder\plugins\mcufinder//mcu/
2024-09-11 10:22:43,859 [WARN] DbFile:41 - Overriding database path with different value: C:\Users\kunfu\.stmcufinder\plugins\mcufinder/ => C:\Users\kunfu\.stmcufinder\plugins\mcufinder
2024-09-11 10:22:43,860 [INFO] DbMcusAds:125 - Set database path to: C:\Users\kunfu\.stmcufinder\plugins\mcufinder//mcu/
2024-09-11 10:22:43,860 [WARN] DbFile:41 - Overriding database path with different value: C:\Users\kunfu\.stmcufinder\plugins\mcufinder/ => C:\Users\kunfu\.stmcufinder\plugins\mcufinder
2024-09-11 10:22:43,860 [WARN] DbFile:41 - Overriding database path with different value: C:\Users\kunfu\.stmcufinder\plugins\mcufinder/ => C:\Users\kunfu\.stmcufinder\plugins\mcufinder
2024-09-11 10:22:43,860 [INFO] CrossReferenceDbSqlite:203 - Set database path to: C:\Users\kunfu\.stmcufinder\plugins\mcufinder//mcu/cs/
2024-09-11 10:22:43,880 [INFO] ApplicationProperties:184 - Using Application install path: C:\ST\STM32CubeIDE_1.16.0\STM32CubeIDE\plugins\com.st.stm32cube.common.mx_6.12.0.202406281431
2024-09-11 10:22:43,882 [INFO] PluginManage:196 - Search for loadable plugins [exclusion list=, ]
2024-09-11 10:22:43,883 [INFO] PluginManage:310 - Check plugin analytics
2024-09-11 10:22:44,101 [INFO] AnalyticsPlugin:253 - Accepted Software Licenses: 
2024-09-11 10:22:44,101 [INFO] AnalyticsPlugin:255 - Accepted CMSIS Pack Licenses: 
2024-09-11 10:22:44,101 [INFO] AnalyticsPlugin:257 - Accepted Firmware Licenses: FW.L4.1.18.0
2024-09-11 10:22:44,105 [INFO] PluginManage:359 - Loaded plugin analytics (category:tool,tabindex:-1)
2024-09-11 10:22:44,105 [INFO] PluginManage:310 - Check plugin cadmodel
2024-09-11 10:22:44,110 [INFO] CADModel:105 - Init CAD model plugin
2024-09-11 10:22:44,110 [INFO] PluginManage:359 - Loaded plugin cadmodel (category:power,tabindex:5)
2024-09-11 10:22:44,111 [INFO] PluginManage:310 - Check plugin clock
2024-09-11 10:22:44,122 [INFO] PluginManage:359 - Loaded plugin clock (category:base,tabindex:2)
2024-09-11 10:22:44,122 [INFO] PluginManage:310 - Check plugin ddr
2024-09-11 10:22:44,125 [INFO] PluginManage:359 - Loaded plugin ddr (category:tool,tabindex:6)
2024-09-11 10:22:44,125 [INFO] PluginManage:310 - Check plugin filemanager
2024-09-11 10:22:44,298 [INFO] PluginManage:359 - Loaded plugin filemanager (category:base,tabindex:10)
2024-09-11 10:22:44,298 [INFO] PluginManage:310 - Check plugin ipmanager
2024-09-11 10:22:44,305 [INFO] PluginManage:359 - Loaded plugin ipmanager (category:base,tabindex:5)
2024-09-11 10:22:44,305 [INFO] PluginManage:310 - Check plugin lpbam
2024-09-11 10:22:44,314 [INFO] PluginManage:359 - Loaded plugin lpbam (category:base,tabindex:0)
2024-09-11 10:22:44,314 [INFO] PluginManage:310 - Check plugin memorymap
2024-09-11 10:22:44,340 [INFO] PluginManage:359 - Loaded plugin memorymap (category:base,tabindex:4)
2024-09-11 10:22:44,341 [INFO] PluginManage:310 - Check plugin pinoutandconfiguration
2024-09-11 10:22:44,354 [INFO] PluginManage:359 - Loaded plugin pinoutandconfiguration (category:base,tabindex:1)
2024-09-11 10:22:44,354 [INFO] PluginManage:310 - Check plugin pinoutconfig
2024-09-11 10:22:44,458 [WARN] SupportedApi:132 - Cannot load RTOS API schema: s4s-elt-must-match.1: The content of 'definitions' must match (annotation?, (simpleType | complexType)?, (unique | key | keyref)*)). A problem was found starting at: attribute.
2024-09-11 10:22:44,633 [INFO] PluginManage:359 - Loaded plugin pinoutconfig (category:base,tabindex:0)
2024-09-11 10:22:44,635 [INFO] PluginManage:310 - Check plugin power
2024-09-11 10:22:44,648 [INFO] PluginManage:359 - Loaded plugin power (category:power,tabindex:4)
2024-09-11 10:22:44,648 [INFO] PluginManage:310 - Check plugin projectmanager
2024-09-11 10:22:44,665 [INFO] PluginManage:359 - Loaded plugin projectmanager (category:projectmanager,tabindex:4)
2024-09-11 10:22:44,665 [INFO] PluginManage:310 - Check plugin rif
2024-09-11 10:22:44,672 [INFO] PluginManage:359 - Loaded plugin rif (category:base,tabindex:3)
2024-09-11 10:22:44,672 [INFO] PluginManage:310 - Check plugin thirdparty
2024-09-11 10:22:44,819 [WARN] IntegrityCheckThread:84 - waiting for thirdparty lock release [integrity check]
2024-09-11 10:22:44,819 [INFO] PluginManage:359 - Loaded plugin thirdparty (category:base,tabindex:-1)
2024-09-11 10:22:44,819 [INFO] IntegrityCheckThread:86 - entering critical section [integrity check]
2024-09-11 10:22:44,819 [INFO] PluginManage:310 - Check plugin tools
2024-09-11 10:22:44,820 [INFO] ThirdPartyUpdaterWithRetryManager:70 - Updater plugin not ready yet. [1/15]
2024-09-11 10:22:44,822 [INFO] PluginManage:359 - Loaded plugin tools (category:base,tabindex:7)
2024-09-11 10:22:44,822 [INFO] PluginManage:310 - Check plugin tutovideos
2024-09-11 10:22:45,065 [INFO] PluginManage:359 - Loaded plugin tutovideos (category:base,tabindex:-1)
2024-09-11 10:22:45,065 [INFO] PluginManage:310 - Check plugin updater
2024-09-11 10:22:45,083 [INFO] PluginManage:359 - Loaded plugin updater (category:base,tabindex:12)
2024-09-11 10:22:45,083 [INFO] PluginManage:310 - Check plugin userauth
2024-09-11 10:22:45,089 [INFO] UserAuth:113 - Init User Auth plugin
2024-09-11 10:22:45,089 [INFO] PluginManage:359 - Loaded plugin userauth (category:base,tabindex:14)
2024-09-11 10:22:45,090 [INFO] PluginManage:283 - PluginManage : Loaded plugins [18]
2024-09-11 10:22:45,325 [INFO] PinOutPanel:1561 - setPackage(No Configuration,No Configuration)
2024-09-11 10:22:45,425 [INFO] CADModel:165 - CPN selected for project level
2024-09-11 10:22:45,425 [INFO] CADModel:114 - Register for checkConnection events
2024-09-11 10:22:45,447 [INFO] IPUIPlugin:80 - create IPUIPlugin
2024-09-11 10:22:45,447 [INFO] PluginManager:220 - loadIPPluginJar : add adc
2024-09-11 10:22:45,451 [INFO] IPUIPlugin:80 - create IPUIPlugin
2024-09-11 10:22:45,451 [INFO] PluginManager:220 - loadIPPluginJar : add aes
2024-09-11 10:22:45,454 [INFO] IPUIPlugin:80 - create IPUIPlugin
2024-09-11 10:22:45,455 [INFO] PluginManager:220 - loadIPPluginJar : add can
2024-09-11 10:22:45,457 [INFO] IPUIPlugin:80 - create IPUIPlugin
2024-09-11 10:22:45,457 [INFO] PluginManager:220 - loadIPPluginJar : add comp
2024-09-11 10:22:45,460 [INFO] IPUIPlugin:80 - create IPUIPlugin
2024-09-11 10:22:45,460 [INFO] PluginManager:220 - loadIPPluginJar : add cryp
2024-09-11 10:22:45,463 [INFO] IPUIPlugin:80 - create IPUIPlugin
2024-09-11 10:22:45,463 [INFO] PluginManager:220 - loadIPPluginJar : add ddr_ctrl_phy
2024-09-11 10:22:45,466 [INFO] IPUIPlugin:80 - create IPUIPlugin
2024-09-11 10:22:45,466 [INFO] PluginManager:220 - loadIPPluginJar : add dfsdm
2024-09-11 10:22:45,472 [INFO] IPUIPlugin:80 - create IPUIPlugin
2024-09-11 10:22:45,472 [INFO] PluginManager:220 - loadIPPluginJar : add dma
2024-09-11 10:22:45,476 [INFO] IPUIPlugin:80 - create IPUIPlugin
2024-09-11 10:22:45,476 [INFO] PluginManager:220 - loadIPPluginJar : add dma3
2024-09-11 10:22:45,479 [INFO] IPUIPlugin:80 - create IPUIPlugin
2024-09-11 10:22:45,479 [INFO] PluginManager:220 - loadIPPluginJar : add extmemmanager
2024-09-11 10:22:45,481 [INFO] IPUIPlugin:80 - create IPUIPlugin
2024-09-11 10:22:45,481 [INFO] PluginManager:220 - loadIPPluginJar : add fatfs
2024-09-11 10:22:45,485 [INFO] IPUIPlugin:80 - create IPUIPlugin
2024-09-11 10:22:45,485 [INFO] PluginManager:220 - loadIPPluginJar : add fmc
2024-09-11 10:22:45,492 [INFO] IPUIPlugin:80 - create IPUIPlugin
2024-09-11 10:22:45,493 [INFO] PluginManager:220 - loadIPPluginJar : add freertos
2024-09-11 10:22:45,494 [INFO] IPUIPlugin:80 - create IPUIPlugin
2024-09-11 10:22:45,494 [INFO] PluginManager:220 - loadIPPluginJar : add genericplugin
2024-09-11 10:22:45,496 [INFO] IPUIPlugin:80 - create IPUIPlugin
2024-09-11 10:22:45,496 [INFO] PluginManager:220 - loadIPPluginJar : add gfxmmu
2024-09-11 10:22:45,501 [INFO] IPUIPlugin:80 - create IPUIPlugin
2024-09-11 10:22:45,501 [INFO] PluginManager:220 - loadIPPluginJar : add gic
2024-09-11 10:22:45,505 [INFO] IPUIPlugin:80 - create IPUIPlugin
2024-09-11 10:22:45,505 [INFO] PluginManager:220 - loadIPPluginJar : add gpio
2024-09-11 10:22:45,509 [INFO] IPUIPlugin:80 - create IPUIPlugin
2024-09-11 10:22:45,510 [INFO] PluginManager:220 - loadIPPluginJar : add gtzc
2024-09-11 10:22:45,513 [INFO] IPUIPlugin:80 - create IPUIPlugin
2024-09-11 10:22:45,513 [INFO] PluginManager:220 - loadIPPluginJar : add hash
2024-09-11 10:22:45,515 [INFO] IPUIPlugin:80 - create IPUIPlugin
2024-09-11 10:22:45,515 [INFO] PluginManager:220 - loadIPPluginJar : add i2c
2024-09-11 10:22:45,518 [INFO] IPUIPlugin:80 - create IPUIPlugin
2024-09-11 10:22:45,518 [INFO] PluginManager:220 - loadIPPluginJar : add i2s
2024-09-11 10:22:45,521 [INFO] IPUIPlugin:80 - create IPUIPlugin
2024-09-11 10:22:45,521 [INFO] PluginManager:220 - loadIPPluginJar : add i3c
2024-09-11 10:22:45,525 [INFO] IPUIPlugin:80 - create IPUIPlugin
2024-09-11 10:22:45,525 [INFO] PluginManager:220 - loadIPPluginJar : add ipddr
2024-09-11 10:22:45,532 [INFO] IPUIPlugin:80 - create IPUIPlugin
2024-09-11 10:22:45,532 [INFO] PluginManager:220 - loadIPPluginJar : add linkedlist
2024-09-11 10:22:45,535 [INFO] IPUIPlugin:80 - create IPUIPlugin
2024-09-11 10:22:45,536 [INFO] PluginManager:220 - loadIPPluginJar : add lorawan
2024-09-11 10:22:45,537 [INFO] IPUIPlugin:80 - create IPUIPlugin
2024-09-11 10:22:45,538 [INFO] PluginManager:220 - loadIPPluginJar : add ltdc
2024-09-11 10:22:45,543 [INFO] IPUIPlugin:80 - create IPUIPlugin
2024-09-11 10:22:45,543 [INFO] PluginManager:220 - loadIPPluginJar : add mdma
2024-09-11 10:22:45,546 [INFO] IPUIPlugin:80 - create IPUIPlugin
2024-09-11 10:22:45,547 [INFO] PluginManager:220 - loadIPPluginJar : add nvic
2024-09-11 10:22:45,550 [INFO] IPUIPlugin:80 - create IPUIPlugin
2024-09-11 10:22:45,550 [INFO] PluginManager:220 - loadIPPluginJar : add opamp
2024-09-11 10:22:45,554 [INFO] IPUIPlugin:80 - create IPUIPlugin
2024-09-11 10:22:45,555 [INFO] PluginManager:220 - loadIPPluginJar : add openamp
2024-09-11 10:22:45,558 [INFO] IPUIPlugin:80 - create IPUIPlugin
2024-09-11 10:22:45,558 [INFO] PluginManager:220 - loadIPPluginJar : add pdm2pcm
2024-09-11 10:22:45,564 [INFO] IPUIPlugin:80 - create IPUIPlugin
2024-09-11 10:22:45,565 [INFO] PluginManager:220 - loadIPPluginJar : add plateformsettings
2024-09-11 10:22:45,568 [INFO] IPUIPlugin:80 - create IPUIPlugin
2024-09-11 10:22:45,568 [INFO] PluginManager:220 - loadIPPluginJar : add quadspi
2024-09-11 10:22:45,570 [INFO] IPUIPlugin:80 - create IPUIPlugin
2024-09-11 10:22:45,571 [INFO] PluginManager:220 - loadIPPluginJar : add radio
2024-09-11 10:22:45,577 [INFO] IPUIPlugin:80 - create IPUIPlugin
2024-09-11 10:22:45,577 [INFO] PluginManager:220 - loadIPPluginJar : add resmgrutility
2024-09-11 10:22:45,580 [INFO] IPUIPlugin:80 - create IPUIPlugin
2024-09-11 10:22:45,581 [INFO] PluginManager:220 - loadIPPluginJar : add sai
2024-09-11 10:22:45,583 [INFO] IPUIPlugin:80 - create IPUIPlugin
2024-09-11 10:22:45,583 [INFO] PluginManager:220 - loadIPPluginJar : add spi
2024-09-11 10:22:45,589 [INFO] IPUIPlugin:80 - create IPUIPlugin
2024-09-11 10:22:45,589 [INFO] PluginManager:220 - loadIPPluginJar : add stm32_wpan
2024-09-11 10:22:45,591 [INFO] IPUIPlugin:80 - create IPUIPlugin
2024-09-11 10:22:45,591 [INFO] PluginManager:220 - loadIPPluginJar : add tim
2024-09-11 10:22:45,594 [INFO] IPUIPlugin:80 - create IPUIPlugin
2024-09-11 10:22:45,595 [INFO] PluginManager:220 - loadIPPluginJar : add touchsensing
2024-09-11 10:22:45,598 [INFO] IPUIPlugin:80 - create IPUIPlugin
2024-09-11 10:22:45,598 [INFO] PluginManager:220 - loadIPPluginJar : add tracer_emb
2024-09-11 10:22:45,601 [INFO] IPUIPlugin:80 - create IPUIPlugin
2024-09-11 10:22:45,601 [INFO] PluginManager:220 - loadIPPluginJar : add ts
2024-09-11 10:22:45,603 [INFO] IPUIPlugin:80 - create IPUIPlugin
2024-09-11 10:22:45,603 [INFO] PluginManager:220 - loadIPPluginJar : add tsc
2024-09-11 10:22:45,605 [INFO] IPUIPlugin:80 - create IPUIPlugin
2024-09-11 10:22:45,605 [INFO] PluginManager:220 - loadIPPluginJar : add ucpd
2024-09-11 10:22:45,607 [INFO] IPUIPlugin:80 - create IPUIPlugin
2024-09-11 10:22:45,607 [INFO] PluginManager:220 - loadIPPluginJar : add usart
2024-09-11 10:22:45,611 [INFO] IPUIPlugin:80 - create IPUIPlugin
2024-09-11 10:22:45,612 [INFO] PluginManager:220 - loadIPPluginJar : add usbx
2024-09-11 10:22:45,740 [INFO] CADModel:165 - CPN selected for project level
2024-09-11 10:22:45,740 [INFO] CADModel:114 - Register for checkConnection events
2024-09-11 10:22:45,740 [FATAL] Updater:334 - Updater called before beeing initialized
2024-09-11 10:22:45,741 [ERROR] CADModel:125 - Updater not yet initialized, retry later 
2024-09-11 10:22:45,912 [INFO] CADModel:165 - CPN selected for project level
2024-09-11 10:22:45,912 [INFO] CADModel:114 - Register for checkConnection events
2024-09-11 10:22:45,912 [FATAL] Updater:334 - Updater called before beeing initialized
2024-09-11 10:22:45,912 [ERROR] CADModel:125 - Updater not yet initialized, retry later 
2024-09-11 10:22:45,916 [FATAL] Updater:334 - Updater called before beeing initialized
2024-09-11 10:22:46,043 [FATAL] Updater:334 - Updater called before beeing initialized
2024-09-11 10:22:46,047 [INFO] DbMcusAds:53 - JSON generation date=Thu May 16 14:52:00 IST 2024 (1715851320667)
2024-09-11 10:22:46,047 [FATAL] Updater:334 - Updater called before beeing initialized
2024-09-11 10:22:46,110 [WARN] DetailPanel:346 - Failed to get advertising image, set to default
2024-09-11 10:22:46,205 [FATAL] Updater:334 - Updater called before beeing initialized
2024-09-11 10:22:46,207 [FATAL] Updater:334 - Updater called before beeing initialized
2024-09-11 10:22:46,207 [FATAL] Updater:334 - Updater called before beeing initialized
2024-09-11 10:22:46,207 [WARN] DetailPanel:346 - Failed to get advertising image, set to default
2024-09-11 10:22:46,209 [FATAL] Updater:334 - Updater called before beeing initialized
2024-09-11 10:22:46,263 [ERROR] Updater:1164 - MainUpdater not yet initialized. External WinMGr cannot be set.
2024-09-11 10:22:46,266 [INFO] Updater:1100 - Updater Version found : 6.12.0
2024-09-11 10:22:46,287 [INFO] ApplicationProperties:184 - Using Application install path: C:\ST\STM32CubeIDE_1.16.0\STM32CubeIDE\plugins\com.st.stm32cube.common.mx_6.12.0.202406281431
2024-09-11 10:22:47,821 [INFO] ThirdPartyUpdaterWithRetryManager:70 - Updater plugin not ready yet. [2/15]
2024-09-11 10:22:47,875 [ERROR] LogOutputStream:75 - [STDERR_REDIRECT] Sep 11, 2024 10:22:47 AM java.util.prefs.WindowsPreferences <init>
2024-09-11 10:22:47,876 [ERROR] LogOutputStream:75 - [STDERR_REDIRECT] WARNING: Could not open/create prefs root node Software\JavaSoft\Prefs at root 0xffffffff80000002. Windows RegCreateKeyEx(...) returned error code 5.
2024-09-11 10:22:47,877 [ERROR] LogOutputStream:75 - [STDERR_REDIRECT] 
2024-09-11 10:22:48,336 [INFO] MainUpdater:2873 - connection check result : 10
2024-09-11 10:22:48,336 [INFO] MainUpdater:3567 - Updater definition file requires update
2024-09-11 10:22:48,339 [INFO] MainUpdater:290 - Updater Check For Update Now.
2024-09-11 10:22:48,339 [INFO] MicroXplorer:498 - Change Database Version : DB.6.0.120
2024-09-11 10:22:48,358 [INFO] McuFinderGlobals:63 - Set McuFinder mode to 2 (CubeIDE integrated)
2024-09-11 10:22:48,360 [INFO] UserAuth:417 - Internet connection configuration mode: 1
2024-09-11 10:22:48,395 [INFO] JxBrowserEngine:152 - Initiate JxBrowser Engine with user profile folder
2024-09-11 10:22:48,489 [INFO] ServerAccessManage:473 - Download File updaters.zip
2024-09-11 10:22:48,631 [INFO] FileExtend:240 - Unzip File : updaters.zip
2024-09-11 10:22:48,632 [INFO] FileExtend:255 - Standard Zip Deflate
2024-09-11 10:22:49,160 [INFO] ServerAccessManage:473 - Download File PacksControlFlags.xml
2024-09-11 10:22:49,258 [INFO] ServerAccessManage:473 - Download File cubemx.pidx
2024-09-11 10:22:49,580 [INFO] WebApp:167 - Instantiating new browser for Auth
2024-09-11 10:22:50,689 [INFO] ServerAccessManage:473 - Download File STMicroelectronics.X-CUBE-GNSS1.pdsc
2024-09-11 10:22:50,822 [WARN] MainUpdater:1194 - Updater busy. Cannot search thirdparties
2024-09-11 10:22:50,822 [INFO] ThirdPartyUpdaterWithRetryManager:96 - Updater plugin is busy. [1/15]
2024-09-11 10:22:50,888 [INFO] WebApp:448 - Apply proxy settings
2024-09-11 10:22:50,888 [INFO] WebApp:533 - Chromium requires no authentication
2024-09-11 10:22:50,898 [INFO] WebApp:476 - Direct internet connection detected
2024-09-11 10:22:50,931 [INFO] WebApp:869 - Register for checkConnection events
2024-09-11 10:22:50,931 [INFO] WebApp:448 - Apply proxy settings
2024-09-11 10:22:50,932 [INFO] WebApp:533 - Chromium requires no authentication
2024-09-11 10:22:50,932 [INFO] WebApp:476 - Direct internet connection detected
2024-09-11 10:22:51,243 [INFO] WebApp:220 - Starting web application
2024-09-11 10:22:51,244 [INFO] WebApp:578 - Web application path used C:\ST\STM32CubeIDE_1.16.0\STM32CubeIDE\plugins\com.st.stm32cube.common.mx_6.12.0.202406281431\db\plugins\mcufinder\reactClient1\index.html
2024-09-11 10:22:51,385 [INFO] UserAuth:417 - Internet connection configuration mode: 1
2024-09-11 10:22:52,707 [INFO] WebApp:186 - Connection restablished
2024-09-11 10:22:53,824 [WARN] MainUpdater:1194 - Updater busy. Cannot search thirdparties
2024-09-11 10:22:53,824 [INFO] ThirdPartyUpdaterWithRetryManager:96 - Updater plugin is busy. [2/15]
2024-09-11 10:22:56,782 [ERROR] ServerAccessManage:1089 - Problem, file not found on Server
2024-09-11 10:22:56,825 [WARN] MainUpdater:1194 - Updater busy. Cannot search thirdparties
2024-09-11 10:22:56,825 [INFO] ThirdPartyUpdaterWithRetryManager:96 - Updater plugin is busy. [3/15]
2024-09-11 10:22:57,525 [ERROR] ServerAccessManage:1089 - Problem, file not found on Server
2024-09-11 10:22:58,228 [ERROR] ServerAccessManage:1089 - Problem, file not found on Server
2024-09-11 10:22:58,919 [ERROR] ServerAccessManage:1089 - Problem, file not found on Server
2024-09-11 10:22:59,603 [ERROR] ServerAccessManage:1089 - Problem, file not found on Server
2024-09-11 10:22:59,825 [WARN] MainUpdater:1194 - Updater busy. Cannot search thirdparties
2024-09-11 10:22:59,825 [INFO] ThirdPartyUpdaterWithRetryManager:96 - Updater plugin is busy. [4/15]
2024-09-11 10:23:00,311 [ERROR] ServerAccessManage:1089 - Problem, file not found on Server
2024-09-11 10:23:01,049 [WARN] PackLoader:240 - Cannot read IP mode file for STMicroelectronics.X-CUBE-GNSS1.7.0.0
2024-09-11 10:23:01,054 [INFO] PopulateThirdPartyThread:66 - Ending populate Thread
2024-09-11 10:23:01,055 [INFO] ThirdParty:1030 - CMSIS Pack Vendor :STMicroelectronics X-CUBE-GNSS1 7.0.0
2024-09-11 10:23:01,055 [INFO] LoadServerUpdatesThread:375 - End of LoadServerUpdate Thread
2024-09-11 10:23:01,184 [INFO] CheckServerUpdateThread:120 - End of CheckServer Thread
2024-09-11 10:23:03,061 [WARN] PackLoader:240 - Cannot read IP mode file for STMicroelectronics.FP-SNS-MOTENVWB1.1.4.0
2024-09-11 10:23:03,070 [WARN] PackLoader:240 - Cannot read IP mode file for STMicroelectronics.X-CUBE-SMBUS.2.1.0
2024-09-11 10:23:03,097 [WARN] PackLoader:240 - Cannot read IP mode file for STMicroelectronics.X-CUBE-AZRTOS-F7.1.1.0
2024-09-11 10:23:03,159 [WARN] PackLoader:240 - Cannot read IP mode file for STMicroelectronics.X-CUBE-MEMS1.11.0.0
2024-09-11 10:23:03,308 [WARN] PackLoader:240 - Cannot read IP mode file for STMicroelectronics.FP-SNS-FLIGHT1.5.0.2
2024-09-11 10:23:03,314 [WARN] PackLoader:240 - Cannot read IP mode file for STMicroelectronics.X-CUBE-DISPLAY.3.0.0
2024-09-11 10:23:03,322 [WARN] PackLoader:240 - Cannot read IP mode file for STMicroelectronics.X-CUBE-BLE1.7.0.0
2024-09-11 10:23:03,326 [WARN] PackLoader:240 - Cannot read IP mode file for emotas.I-CUBE-CANOPEN.1.3.0
2024-09-11 10:23:03,336 [WARN] PackLoader:240 - Cannot read IP mode file for STMicroelectronics.X-CUBE-BLEMGR.3.1.0
2024-09-11 10:23:03,342 [WARN] PackLoader:240 - Cannot read IP mode file for STMicroelectronics.FP-SNS-SMARTAG2.1.2.0
2024-09-11 10:23:03,352 [INFO] LogOutputStream:77 - [STDOUT_REDIRECT] 1 : Invalid condition id : UX_CORESTACK_Condition cause : null
2024-09-11 10:23:03,352 [INFO] LogOutputStream:77 - [STDOUT_REDIRECT] 1 : Invalid condition id : UX_CORESTACK_Condition cause : null
2024-09-11 10:23:03,353 [INFO] LogOutputStream:77 - [STDOUT_REDIRECT] 1 : Invalid condition id : UX_CORESTACK_Condition cause : null
2024-09-11 10:23:03,354 [INFO] LogOutputStream:77 - [STDOUT_REDIRECT] 1 : Invalid condition id : UX_CORESTACK_Condition cause : null
2024-09-11 10:23:03,356 [INFO] LogOutputStream:77 - [STDOUT_REDIRECT] 1 : Invalid condition id : UX_CORESTACK_Condition cause : null
2024-09-11 10:23:03,358 [WARN] PackLoader:240 - Cannot read IP mode file for STMicroelectronics.X-CUBE-AZRTOS-WL.2.0.0
2024-09-11 10:23:03,363 [WARN] PackLoader:240 - Cannot read IP mode file for STMicroelectronics.FP-SNS-MOTENV1.5.0.0
2024-09-11 10:23:03,369 [WARN] PackLoader:240 - Cannot read IP mode file for wolfSSL.I-CUBE-wolfMQTT.1.19.0
2024-09-11 10:23:03,378 [WARN] PackLoader:240 - Cannot read IP mode file for WES.I-CUBE-Cesium.1.3.0
2024-09-11 10:23:03,383 [WARN] PackLoader:240 - Cannot read IP mode file for STMicroelectronics.X-CUBE-BLE2.3.3.0
2024-09-11 10:23:03,388 [WARN] PackLoader:240 - Cannot read IP mode file for STMicroelectronics.X-CUBE-TCPP.4.1.0
2024-09-11 10:23:03,414 [WARN] PackLoader:240 - Cannot read IP mode file for STMicroelectronics.X-CUBE-AZRTOS-G0.1.1.0
2024-09-11 10:23:03,421 [WARN] PackLoader:240 - Cannot read IP mode file for STMicroelectronics.X-CUBE-SAFEA1.1.2.2
2024-09-11 10:23:03,427 [WARN] PackLoader:240 - Cannot read IP mode file for STMicroelectronics.X-CUBE-NFC4.3.0.0
2024-09-11 10:23:03,436 [WARN] PackLoader:240 - Cannot read IP mode file for EmbeddedOffice.I-CUBE-FS-RTOS.1.0.1
2024-09-11 10:23:03,437 [ERROR] ConditionMgr:805 - Attr not supported : Dmpu
2024-09-11 10:23:03,437 [ERROR] ConditionMgr:805 - Attr not supported : Dmpu
2024-09-11 10:23:03,437 [ERROR] ConditionMgr:805 - Attr not supported : Dmpu
2024-09-11 10:23:03,437 [ERROR] ConditionMgr:805 - Attr not supported : Dmpu
2024-09-11 10:23:03,437 [ERROR] ConditionMgr:805 - Attr not supported : Dmpu
2024-09-11 10:23:03,437 [ERROR] ConditionMgr:805 - Attr not supported : Dmpu
2024-09-11 10:23:03,437 [ERROR] ConditionMgr:805 - Attr not supported : Dmpu
2024-09-11 10:23:03,437 [ERROR] ConditionMgr:805 - Attr not supported : Dmpu
2024-09-11 10:23:03,437 [ERROR] ConditionMgr:805 - Attr not supported : Dmpu
2024-09-11 10:23:03,437 [ERROR] ConditionMgr:805 - Attr not supported : Dmpu
2024-09-11 10:23:03,437 [ERROR] ConditionMgr:805 - Attr not supported : Dmpu
2024-09-11 10:23:03,437 [ERROR] ConditionMgr:805 - Attr not supported : Dmpu
2024-09-11 10:23:03,437 [ERROR] ConditionMgr:805 - Attr not supported : Dmpu
2024-09-11 10:23:03,437 [ERROR] ConditionMgr:805 - Attr not supported : Dmpu
2024-09-11 10:23:03,438 [ERROR] ConditionMgr:805 - Attr not supported : Dmpu
2024-09-11 10:23:03,438 [ERROR] ConditionMgr:805 - Attr not supported : Dmpu
2024-09-11 10:23:03,438 [ERROR] ConditionMgr:805 - Attr not supported : Dmpu
2024-09-11 10:23:03,438 [ERROR] ConditionMgr:805 - Attr not supported : Dmpu
2024-09-11 10:23:03,438 [ERROR] ConditionMgr:805 - Attr not supported : Dmpu
2024-09-11 10:23:03,438 [ERROR] ConditionMgr:805 - Attr not supported : Dmpu
2024-09-11 10:23:03,438 [ERROR] ConditionMgr:805 - Attr not supported : Dmpu
2024-09-11 10:23:03,438 [ERROR] ConditionMgr:805 - Attr not supported : Dmpu
2024-09-11 10:23:03,438 [ERROR] ConditionMgr:805 - Attr not supported : Dmpu
2024-09-11 10:23:03,438 [ERROR] ConditionMgr:805 - Attr not supported : Dmpu
2024-09-11 10:23:03,438 [ERROR] ConditionMgr:805 - Attr not supported : Dmpu
2024-09-11 10:23:03,438 [ERROR] ConditionMgr:805 - Attr not supported : Dmpu
2024-09-11 10:23:03,438 [ERROR] ConditionMgr:805 - Attr not supported : Dmpu
2024-09-11 10:23:03,438 [ERROR] ConditionMgr:805 - Attr not supported : Dmpu
2024-09-11 10:23:03,438 [ERROR] ConditionMgr:805 - Attr not supported : Dmpu
2024-09-11 10:23:03,438 [ERROR] ConditionMgr:805 - Attr not supported : Dmpu
2024-09-11 10:23:03,438 [ERROR] ConditionMgr:805 - Attr not supported : Dmpu
2024-09-11 10:23:03,439 [ERROR] ConditionMgr:805 - Attr not supported : Dmpu
2024-09-11 10:23:03,439 [ERROR] ConditionMgr:805 - Attr not supported : Dmpu
2024-09-11 10:23:03,439 [ERROR] ConditionMgr:805 - Attr not supported : Dmpu
2024-09-11 10:23:03,439 [ERROR] ConditionMgr:805 - Attr not supported : Dmpu
2024-09-11 10:23:03,439 [ERROR] ConditionMgr:805 - Attr not supported : Dmpu
2024-09-11 10:23:03,439 [ERROR] ConditionMgr:805 - Attr not supported : Dmpu
2024-09-11 10:23:03,439 [ERROR] ConditionMgr:805 - Attr not supported : Dmpu
2024-09-11 10:23:03,439 [ERROR] ConditionMgr:805 - Attr not supported : Dmpu
2024-09-11 10:23:03,439 [ERROR] ConditionMgr:805 - Attr not supported : Dmpu
2024-09-11 10:23:03,439 [ERROR] ConditionMgr:805 - Attr not supported : Dmpu
2024-09-11 10:23:03,439 [ERROR] ConditionMgr:805 - Attr not supported : Dmpu
2024-09-11 10:23:03,439 [ERROR] ConditionMgr:805 - Attr not supported : Dmpu
2024-09-11 10:23:03,439 [ERROR] ConditionMgr:805 - Attr not supported : Dmpu
2024-09-11 10:23:03,439 [ERROR] ConditionMgr:805 - Attr not supported : Dmpu
2024-09-11 10:23:03,439 [ERROR] ConditionMgr:805 - Attr not supported : Dmpu
2024-09-11 10:23:03,440 [ERROR] ConditionMgr:805 - Attr not supported : Dmpu
2024-09-11 10:23:03,440 [ERROR] ConditionMgr:805 - Attr not supported : Dmpu
2024-09-11 10:23:03,440 [ERROR] ConditionMgr:805 - Attr not supported : Dmpu
2024-09-11 10:23:03,440 [ERROR] ConditionMgr:805 - Attr not supported : Dmpu
2024-09-11 10:23:03,440 [ERROR] ConditionMgr:805 - Attr not supported : Dmpu
2024-09-11 10:23:03,440 [ERROR] ConditionMgr:805 - Attr not supported : Dmpu
2024-09-11 10:23:03,440 [ERROR] ConditionMgr:805 - Attr not supported : Dmpu
2024-09-11 10:23:03,440 [ERROR] ConditionMgr:805 - Attr not supported : Dmpu
2024-09-11 10:23:03,440 [ERROR] ConditionMgr:805 - Attr not supported : Dmpu
2024-09-11 10:23:03,440 [ERROR] ConditionMgr:805 - Attr not supported : Dmpu
2024-09-11 10:23:03,440 [ERROR] ConditionMgr:805 - Attr not supported : Dmpu
2024-09-11 10:23:03,440 [ERROR] ConditionMgr:805 - Attr not supported : Dmpu
2024-09-11 10:23:03,440 [ERROR] ConditionMgr:805 - Attr not supported : Dmpu
2024-09-11 10:23:03,440 [ERROR] ConditionMgr:805 - Attr not supported : Dmpu
2024-09-11 10:23:03,440 [ERROR] ConditionMgr:805 - Attr not supported : Dmpu
2024-09-11 10:23:03,440 [ERROR] ConditionMgr:805 - Attr not supported : Dmpu
2024-09-11 10:23:03,441 [ERROR] ConditionMgr:805 - Attr not supported : Dmpu
2024-09-11 10:23:03,441 [ERROR] ConditionMgr:805 - Attr not supported : Dmpu
2024-09-11 10:23:03,447 [WARN] PackLoader:240 - Cannot read IP mode file for RealThread.X-CUBE-RT-Thread_Nano.4.1.1
2024-09-11 10:23:03,451 [WARN] PackLoader:240 - Cannot read IP mode file for STMicroelectronics.FP-ATR-SIGFOX1.3.2.0
2024-09-11 10:23:03,455 [WARN] PackLoader:240 - Cannot read IP mode file for wolfSSL.I-CUBE-wolfSSL.5.7.2
2024-09-11 10:23:03,459 [WARN] PackLoader:240 - Cannot read IP mode file for STMicroelectronics.X-CUBE-EEPRMA1.5.1.0
2024-09-11 10:23:03,466 [WARN] PackLoader:240 - Cannot read IP mode file for ITTIA_DB.I-CUBE-ITTIADB.8.9.0
2024-09-11 10:23:03,497 [WARN] PackLoader:240 - Cannot read IP mode file for SEGGER.I-CUBE-embOS.1.3.1
2024-09-11 10:23:03,556 [WARN] PackLoader:240 - Cannot read IP mode file for STMicroelectronics.X-CUBE-ALGOBUILD.1.4.0
2024-09-11 10:23:03,561 [WARN] PackLoader:240 - Cannot read IP mode file for STMicroelectronics.X-CUBE-GNSS1.6.0.0
2024-09-11 10:23:03,580 [WARN] PackLoader:240 - Cannot read IP mode file for STMicroelectronics.X-CUBE-AZRTOS-F4.1.1.0
2024-09-11 10:23:03,589 [WARN] PackLoader:240 - Cannot read IP mode file for STMicroelectronics.X-CUBE-FREERTOS.1.2.0
2024-09-11 10:23:03,604 [WARN] PackLoader:240 - Cannot read IP mode file for STMicroelectronics.X-CUBE-AZRTOS-L5.2.0.0
2024-09-11 10:23:03,614 [WARN] PackLoader:240 - Cannot read IP mode file for STMicroelectronics.X-CUBE-NFC6.3.1.0
2024-09-11 10:23:03,622 [WARN] PackLoader:240 - Cannot read IP mode file for STMicroelectronics.X-CUBE-DPower.1.2.0
2024-09-11 10:23:03,626 [WARN] PackLoader:240 - Cannot read IP mode file for STMicroelectronics.X-CUBE-AI.9.0.0
2024-09-11 10:23:03,632 [WARN] PackLoader:240 - Cannot read IP mode file for STMicroelectronics.X-CUBE-NFC7.1.0.1
2024-09-11 10:23:03,636 [WARN] PackLoader:240 - Cannot read IP mode file for wolfSSL.I-CUBE-wolfTPM.3.2.0
2024-09-11 10:23:03,652 [WARN] ConditionMgr:438 - getConditionDescription Invalid condition id : LAN8742 Phy interface Condition cause : null
2024-09-11 10:23:03,653 [WARN] PackLoader:240 - Cannot read IP mode file for STMicroelectronics.X-CUBE-AZRTOS-L4.2.0.0
2024-09-11 10:23:03,654 [WARN] ConditionMgr:1039 - genDependencies : Invalid condition id : LAN8742 Phy interface Condition cause : null
2024-09-11 10:23:03,654 [WARN] ConditionMgr:1039 - genDependencies : Invalid condition id : LAN8742 Phy interface Condition cause : null
2024-09-11 10:23:03,655 [WARN] ConditionMgr:1039 - genDependencies : Invalid condition id : LAN8742 Phy interface Condition cause : null
2024-09-11 10:23:03,662 [WARN] PackLoader:240 - Cannot read IP mode file for STMicroelectronics.X-CUBE-SFXS2LP1.4.0.0
2024-09-11 10:23:03,682 [WARN] PackLoader:240 - Cannot read IP mode file for STMicroelectronics.X-CUBE-AZRTOS-H7.3.3.0
2024-09-11 10:23:03,696 [WARN] ConditionMgr:438 - getConditionDescription Invalid condition id : UX DEVICE CLASS RTOS Condition cause : null
2024-09-11 10:23:03,696 [WARN] ConditionMgr:438 - getConditionDescription Invalid condition id : UX DEVICE CLASS RTOS Condition cause : null
2024-09-11 10:23:03,699 [WARN] PackLoader:240 - Cannot read IP mode file for STMicroelectronics.X-CUBE-AZRTOS-WB.2.0.0
2024-09-11 10:23:03,700 [WARN] ConditionMgr:1039 - genDependencies : Invalid condition id : UX DEVICE CLASS RTOS Condition cause : null
2024-09-11 10:23:03,700 [WARN] ConditionMgr:1039 - genDependencies : Invalid condition id : UX DEVICE CLASS RTOS Condition cause : null
2024-09-11 10:23:03,700 [WARN] ConditionMgr:1039 - genDependencies : Invalid condition id : UX DEVICE CLASS RTOS Condition cause : null
2024-09-11 10:23:03,700 [WARN] ConditionMgr:1039 - genDependencies : Invalid condition id : UX DEVICE CLASS RTOS Condition cause : null
2024-09-11 10:23:03,700 [WARN] ConditionMgr:1039 - genDependencies : Invalid condition id : UX DEVICE CLASS RTOS Condition cause : null
2024-09-11 10:23:03,704 [WARN] PackLoader:240 - Cannot read IP mode file for STMicroelectronics.X-CUBE-GNSS1.7.0.0
2024-09-11 10:23:03,711 [WARN] PackLoader:240 - Cannot read IP mode file for STMicroelectronics.FP-SNS-STBOX1.2.0.0
2024-09-11 10:23:03,722 [WARN] PackLoader:240 - Cannot read IP mode file for STMicroelectronics.X-CUBE-SUBG2.5.0.0
2024-09-11 10:23:03,731 [WARN] PackLoader:240 - Cannot read IP mode file for Cesanta.I-CUBE-Mongoose.7.13.0
2024-09-11 10:23:03,745 [WARN] PackLoader:240 - Cannot read IP mode file for STMicroelectronics.X-CUBE-AZRTOS-G4.2.0.0
2024-09-11 10:23:03,751 [WARN] PackLoader:240 - Cannot read IP mode file for STMicroelectronics.X-CUBE-ISPU.2.0.0
2024-09-11 10:23:03,756 [WARN] PackLoader:240 - Cannot read IP mode file for STMicroelectronics.X-CUBE-ALS.1.0.2
2024-09-11 10:23:03,792 [WARN] PackLoader:240 - Cannot read IP mode file for STMicroelectronics.X-CUBE-MEMS1.10.0.0
2024-09-11 10:23:03,911 [WARN] PackLoader:240 - Cannot read IP mode file for STMicroelectronics.X-CUBE-TOUCHGFX.4.24.0
2024-09-11 10:23:03,918 [WARN] PackLoader:240 - Cannot read IP mode file for portGmbH.I-Cube-SoM-uGOAL.1.1.0
2024-09-11 10:23:03,935 [WARN] PackLoader:240 - Cannot read IP mode file for STMicroelectronics.X-CUBE-AZRTOS-H7RS.1.0.0
2024-09-11 10:23:03,941 [WARN] PackLoader:240 - Cannot read IP mode file for STMicroelectronics.FP-ATR-ASTRA1.2.0.0
2024-09-11 10:23:03,952 [WARN] PackLoader:240 - Cannot read IP mode file for STMicroelectronics.X-CUBE-TOF1.3.4.2
2024-09-11 10:23:03,979 [WARN] PackLoader:240 - Cannot read IP mode file for Infineon.AIROC-Wi-Fi-Bluetooth-STM32.1.6.1
2024-09-11 10:23:03,987 [WARN] PackLoader:240 - Cannot read IP mode file for wolfSSL.I-CUBE-wolfSSH.1.4.17
2024-09-11 10:23:03,987 [INFO] ThirdParty:978 - Integrity check success = true
2024-09-11 10:23:03,987 [INFO] IntegrityCheckThread:100 - exiting critical section [integrity check]
2024-09-11 10:23:03,988 [INFO] IntegrityCheckThread:103 - End integrity checks thread
2024-09-11 11:11:35,240 [INFO] WebApp:189 - Connection lost
2024-09-11 11:19:09,798 [ERROR] LogOutputStream:75 - [STDERR_REDIRECT] 11:19:09.786 ERROR Chromium process exit code: -2,147,483,645
2024-09-11 11:19:09,799 [ERROR] LogOutputStream:75 - [STDERR_REDIRECT] 
2024-09-11 11:19:09,803 [ERROR] LogOutputStream:75 - [STDERR_REDIRECT] 11:19:09.800 ERROR Crash dump dir: C:\Users\kunfu\AppData\Local\JxBrowser\7.38.2\CrashReports
2024-09-11 11:19:09,803 [ERROR] LogOutputStream:75 - [STDERR_REDIRECT] 
2024-09-11 11:19:09,809 [ERROR] WebApp:397 - JxBrowser engine crashed! Exit code: -2147483645
2024-09-11 13:12:09,030 [INFO] Activator:176 - 


2024-09-11 13:12:09,034 [INFO] Activator:177 - !SESSION log4j initialized
2024-09-11 13:12:16,731 [INFO] LogOutputStream:77 - [STDOUT_REDIRECT] 
2024-09-11 13:12:19,493 [INFO] ApplicationProperties:184 - Using Application install path: C:\ST\STM32CubeIDE_1.16.0\STM32CubeIDE\plugins\com.st.stm32cube.common.mx_6.12.0.202406281431
2024-09-11 13:12:19,534 [INFO] DbMcusXml:78 - Set database path to: C:\ST\STM32CubeIDE_1.16.0\STM32CubeIDE\plugins\com.st.stm32cube.common.mx_6.12.0.202406281431\\db\/mcu/
2024-09-11 13:12:19,535 [INFO] ApiDb:274 - Set plugin database path to: C:\ST\STM32CubeIDE_1.16.0\STM32CubeIDE\plugins\com.st.stm32cube.common.mx_6.12.0.202406281431\\db\/plugins/boardmanager/
2024-09-11 13:12:19,535 [WARN] ApiDb:259 - Overriding images path with different value:  => C:\ST\STM32CubeIDE_1.16.0\STM32CubeIDE\plugins\com.st.stm32cube.common.mx_6.12.0.202406281431\\db\/plugins/mcufinder/images/
2024-09-11 13:12:19,571 [INFO] ApiDb:250 - Set database path to: C:\Users\kunfu\.stmcufinder\plugins\mcufinder//mcu/
2024-09-11 13:12:19,573 [INFO] DbMcusAds:125 - Set database path to: C:\Users\kunfu\.stmcufinder\plugins\mcufinder//mcu/
2024-09-11 13:12:19,582 [INFO] CrossReferenceDbSqlite:203 - Set database path to: C:\Users\kunfu\.stmcufinder\plugins\mcufinder//mcu/cs/
2024-09-11 13:12:19,839 [INFO] RulesReader:64 - Compatibility file has been processed (297 Rules)
2024-09-11 13:12:20,030 [INFO] DbMcusXml:78 - Set database path to: C:\ST\STM32CubeIDE_1.16.0\STM32CubeIDE\plugins\com.st.stm32cube.common.mx_6.12.0.202406281431\\db\/mcu/
2024-09-11 13:12:20,030 [INFO] ApiDb:274 - Set plugin database path to: C:\ST\STM32CubeIDE_1.16.0\STM32CubeIDE\plugins\com.st.stm32cube.common.mx_6.12.0.202406281431\\db\/plugins/boardmanager/
2024-09-11 13:12:20,030 [INFO] ApiDb:261 - Set plugin images path to: C:\ST\STM32CubeIDE_1.16.0\STM32CubeIDE\plugins\com.st.stm32cube.common.mx_6.12.0.202406281431\\db\/plugins/mcufinder/images/
2024-09-11 13:12:20,030 [WARN] DbFile:41 - Overriding database path with different value: C:\Users\kunfu\.stmcufinder\plugins\mcufinder/ => C:\Users\kunfu\.stmcufinder\plugins\mcufinder
2024-09-11 13:12:20,030 [INFO] ApiDb:250 - Set database path to: C:\Users\kunfu\.stmcufinder\plugins\mcufinder//mcu/
2024-09-11 13:12:20,030 [WARN] DbFile:41 - Overriding database path with different value: C:\Users\kunfu\.stmcufinder\plugins\mcufinder/ => C:\Users\kunfu\.stmcufinder\plugins\mcufinder
2024-09-11 13:12:20,030 [INFO] DbMcusAds:125 - Set database path to: C:\Users\kunfu\.stmcufinder\plugins\mcufinder//mcu/
2024-09-11 13:12:20,030 [WARN] DbFile:41 - Overriding database path with different value: C:\Users\kunfu\.stmcufinder\plugins\mcufinder/ => C:\Users\kunfu\.stmcufinder\plugins\mcufinder
2024-09-11 13:12:20,030 [WARN] DbFile:41 - Overriding database path with different value: C:\Users\kunfu\.stmcufinder\plugins\mcufinder/ => C:\Users\kunfu\.stmcufinder\plugins\mcufinder
2024-09-11 13:12:20,030 [INFO] CrossReferenceDbSqlite:203 - Set database path to: C:\Users\kunfu\.stmcufinder\plugins\mcufinder//mcu/cs/
2024-09-11 13:12:20,213 [INFO] MainPanel:268 - HeapMemory: 268435456
2024-09-11 13:12:20,416 [INFO] DbMcusXml:78 - Set database path to: C:\ST\STM32CubeIDE_1.16.0\STM32CubeIDE\plugins\com.st.stm32cube.common.mx_6.12.0.202406281431\\db\/mcu/
2024-09-11 13:12:20,416 [INFO] ApiDb:274 - Set plugin database path to: C:\ST\STM32CubeIDE_1.16.0\STM32CubeIDE\plugins\com.st.stm32cube.common.mx_6.12.0.202406281431\\db\/plugins/boardmanager/
2024-09-11 13:12:20,416 [INFO] ApiDb:261 - Set plugin images path to: C:\ST\STM32CubeIDE_1.16.0\STM32CubeIDE\plugins\com.st.stm32cube.common.mx_6.12.0.202406281431\\db\/plugins/mcufinder/images/
2024-09-11 13:12:20,416 [WARN] DbFile:41 - Overriding database path with different value: C:\Users\kunfu\.stmcufinder\plugins\mcufinder/ => C:\Users\kunfu\.stmcufinder\plugins\mcufinder
2024-09-11 13:12:20,416 [INFO] ApiDb:250 - Set database path to: C:\Users\kunfu\.stmcufinder\plugins\mcufinder//mcu/
2024-09-11 13:12:20,416 [WARN] DbFile:41 - Overriding database path with different value: C:\Users\kunfu\.stmcufinder\plugins\mcufinder/ => C:\Users\kunfu\.stmcufinder\plugins\mcufinder
2024-09-11 13:12:20,416 [INFO] DbMcusAds:125 - Set database path to: C:\Users\kunfu\.stmcufinder\plugins\mcufinder//mcu/
2024-09-11 13:12:20,416 [WARN] DbFile:41 - Overriding database path with different value: C:\Users\kunfu\.stmcufinder\plugins\mcufinder/ => C:\Users\kunfu\.stmcufinder\plugins\mcufinder
2024-09-11 13:12:20,416 [WARN] DbFile:41 - Overriding database path with different value: C:\Users\kunfu\.stmcufinder\plugins\mcufinder/ => C:\Users\kunfu\.stmcufinder\plugins\mcufinder
2024-09-11 13:12:20,416 [INFO] CrossReferenceDbSqlite:203 - Set database path to: C:\Users\kunfu\.stmcufinder\plugins\mcufinder//mcu/cs/
2024-09-11 13:12:20,456 [INFO] ApplicationProperties:184 - Using Application install path: C:\ST\STM32CubeIDE_1.16.0\STM32CubeIDE\plugins\com.st.stm32cube.common.mx_6.12.0.202406281431
2024-09-11 13:12:20,456 [INFO] PluginManage:196 - Search for loadable plugins [exclusion list=, ]
2024-09-11 13:12:20,464 [INFO] PluginManage:310 - Check plugin analytics
2024-09-11 13:12:20,853 [INFO] AnalyticsPlugin:253 - Accepted Software Licenses: 
2024-09-11 13:12:20,853 [INFO] AnalyticsPlugin:255 - Accepted CMSIS Pack Licenses: 
2024-09-11 13:12:20,853 [INFO] AnalyticsPlugin:257 - Accepted Firmware Licenses: FW.L4.1.18.0
2024-09-11 13:12:20,869 [INFO] PluginManage:359 - Loaded plugin analytics (category:tool,tabindex:-1)
2024-09-11 13:12:20,870 [INFO] PluginManage:310 - Check plugin cadmodel
2024-09-11 13:12:20,883 [INFO] CADModel:105 - Init CAD model plugin
2024-09-11 13:12:20,883 [INFO] PluginManage:359 - Loaded plugin cadmodel (category:power,tabindex:5)
2024-09-11 13:12:20,883 [INFO] PluginManage:310 - Check plugin clock
2024-09-11 13:12:20,902 [INFO] PluginManage:359 - Loaded plugin clock (category:base,tabindex:2)
2024-09-11 13:12:20,902 [INFO] PluginManage:310 - Check plugin ddr
2024-09-11 13:12:20,910 [INFO] PluginManage:359 - Loaded plugin ddr (category:tool,tabindex:6)
2024-09-11 13:12:20,910 [INFO] PluginManage:310 - Check plugin filemanager
2024-09-11 13:12:21,201 [INFO] PluginManage:359 - Loaded plugin filemanager (category:base,tabindex:10)
2024-09-11 13:12:21,201 [INFO] PluginManage:310 - Check plugin ipmanager
2024-09-11 13:12:21,214 [INFO] PluginManage:359 - Loaded plugin ipmanager (category:base,tabindex:5)
2024-09-11 13:12:21,214 [INFO] PluginManage:310 - Check plugin lpbam
2024-09-11 13:12:21,218 [INFO] PluginManage:359 - Loaded plugin lpbam (category:base,tabindex:0)
2024-09-11 13:12:21,226 [INFO] PluginManage:310 - Check plugin memorymap
2024-09-11 13:12:21,243 [INFO] PluginManage:359 - Loaded plugin memorymap (category:base,tabindex:4)
2024-09-11 13:12:21,243 [INFO] PluginManage:310 - Check plugin pinoutandconfiguration
2024-09-11 13:12:21,250 [INFO] PluginManage:359 - Loaded plugin pinoutandconfiguration (category:base,tabindex:1)
2024-09-11 13:12:21,250 [INFO] PluginManage:310 - Check plugin pinoutconfig
2024-09-11 13:12:21,421 [WARN] SupportedApi:132 - Cannot load RTOS API schema: s4s-elt-must-match.1: The content of 'definitions' must match (annotation?, (simpleType | complexType)?, (unique | key | keyref)*)). A problem was found starting at: attribute.
2024-09-11 13:12:21,771 [INFO] PluginManage:359 - Loaded plugin pinoutconfig (category:base,tabindex:0)
2024-09-11 13:12:21,771 [INFO] PluginManage:310 - Check plugin power
2024-09-11 13:12:21,796 [INFO] PluginManage:359 - Loaded plugin power (category:power,tabindex:4)
2024-09-11 13:12:21,796 [INFO] PluginManage:310 - Check plugin projectmanager
2024-09-11 13:12:21,845 [INFO] PluginManage:359 - Loaded plugin projectmanager (category:projectmanager,tabindex:4)
2024-09-11 13:12:21,845 [INFO] PluginManage:310 - Check plugin rif
2024-09-11 13:12:21,869 [INFO] PluginManage:359 - Loaded plugin rif (category:base,tabindex:3)
2024-09-11 13:12:21,869 [INFO] PluginManage:310 - Check plugin thirdparty
2024-09-11 13:12:22,152 [INFO] PluginManage:359 - Loaded plugin thirdparty (category:base,tabindex:-1)
2024-09-11 13:12:22,152 [WARN] IntegrityCheckThread:84 - waiting for thirdparty lock release [integrity check]
2024-09-11 13:12:22,153 [INFO] IntegrityCheckThread:86 - entering critical section [integrity check]
2024-09-11 13:12:22,153 [INFO] PluginManage:310 - Check plugin tools
2024-09-11 13:12:22,153 [INFO] ThirdPartyUpdaterWithRetryManager:70 - Updater plugin not ready yet. [1/15]
2024-09-11 13:12:22,156 [INFO] PluginManage:359 - Loaded plugin tools (category:base,tabindex:7)
2024-09-11 13:12:22,156 [INFO] PluginManage:310 - Check plugin tutovideos
2024-09-11 13:12:22,537 [INFO] PluginManage:359 - Loaded plugin tutovideos (category:base,tabindex:-1)
2024-09-11 13:12:22,537 [INFO] PluginManage:310 - Check plugin updater
2024-09-11 13:12:22,577 [INFO] PluginManage:359 - Loaded plugin updater (category:base,tabindex:12)
2024-09-11 13:12:22,577 [INFO] PluginManage:310 - Check plugin userauth
2024-09-11 13:12:22,595 [INFO] UserAuth:113 - Init User Auth plugin
2024-09-11 13:12:22,595 [INFO] PluginManage:359 - Loaded plugin userauth (category:base,tabindex:14)
2024-09-11 13:12:22,595 [INFO] PluginManage:283 - PluginManage : Loaded plugins [18]
2024-09-11 13:12:23,125 [INFO] PinOutPanel:1561 - setPackage(No Configuration,No Configuration)
2024-09-11 13:12:23,280 [INFO] CADModel:165 - CPN selected for project level
2024-09-11 13:12:23,280 [INFO] CADModel:114 - Register for checkConnection events
2024-09-11 13:12:23,316 [INFO] IPUIPlugin:80 - create IPUIPlugin
2024-09-11 13:12:23,316 [INFO] PluginManager:220 - loadIPPluginJar : add adc
2024-09-11 13:12:23,318 [INFO] IPUIPlugin:80 - create IPUIPlugin
2024-09-11 13:12:23,318 [INFO] PluginManager:220 - loadIPPluginJar : add aes
2024-09-11 13:12:23,322 [INFO] IPUIPlugin:80 - create IPUIPlugin
2024-09-11 13:12:23,322 [INFO] PluginManager:220 - loadIPPluginJar : add can
2024-09-11 13:12:23,322 [INFO] IPUIPlugin:80 - create IPUIPlugin
2024-09-11 13:12:23,322 [INFO] PluginManager:220 - loadIPPluginJar : add comp
2024-09-11 13:12:23,331 [INFO] IPUIPlugin:80 - create IPUIPlugin
2024-09-11 13:12:23,331 [INFO] PluginManager:220 - loadIPPluginJar : add cryp
2024-09-11 13:12:23,331 [INFO] IPUIPlugin:80 - create IPUIPlugin
2024-09-11 13:12:23,331 [INFO] PluginManager:220 - loadIPPluginJar : add ddr_ctrl_phy
2024-09-11 13:12:23,340 [INFO] IPUIPlugin:80 - create IPUIPlugin
2024-09-11 13:12:23,340 [INFO] PluginManager:220 - loadIPPluginJar : add dfsdm
2024-09-11 13:12:23,348 [INFO] IPUIPlugin:80 - create IPUIPlugin
2024-09-11 13:12:23,348 [INFO] PluginManager:220 - loadIPPluginJar : add dma
2024-09-11 13:12:23,355 [INFO] IPUIPlugin:80 - create IPUIPlugin
2024-09-11 13:12:23,355 [INFO] PluginManager:220 - loadIPPluginJar : add dma3
2024-09-11 13:12:23,363 [INFO] IPUIPlugin:80 - create IPUIPlugin
2024-09-11 13:12:23,363 [INFO] PluginManager:220 - loadIPPluginJar : add extmemmanager
2024-09-11 13:12:23,363 [INFO] IPUIPlugin:80 - create IPUIPlugin
2024-09-11 13:12:23,363 [INFO] PluginManager:220 - loadIPPluginJar : add fatfs
2024-09-11 13:12:23,371 [INFO] IPUIPlugin:80 - create IPUIPlugin
2024-09-11 13:12:23,371 [INFO] PluginManager:220 - loadIPPluginJar : add fmc
2024-09-11 13:12:23,388 [INFO] IPUIPlugin:80 - create IPUIPlugin
2024-09-11 13:12:23,388 [INFO] PluginManager:220 - loadIPPluginJar : add freertos
2024-09-11 13:12:23,396 [INFO] IPUIPlugin:80 - create IPUIPlugin
2024-09-11 13:12:23,396 [INFO] PluginManager:220 - loadIPPluginJar : add genericplugin
2024-09-11 13:12:23,396 [INFO] IPUIPlugin:80 - create IPUIPlugin
2024-09-11 13:12:23,396 [INFO] PluginManager:220 - loadIPPluginJar : add gfxmmu
2024-09-11 13:12:23,408 [INFO] IPUIPlugin:80 - create IPUIPlugin
2024-09-11 13:12:23,408 [INFO] PluginManager:220 - loadIPPluginJar : add gic
2024-09-11 13:12:23,412 [INFO] IPUIPlugin:80 - create IPUIPlugin
2024-09-11 13:12:23,420 [INFO] PluginManager:220 - loadIPPluginJar : add gpio
2024-09-11 13:12:23,420 [INFO] IPUIPlugin:80 - create IPUIPlugin
2024-09-11 13:12:23,420 [INFO] PluginManager:220 - loadIPPluginJar : add gtzc
2024-09-11 13:12:23,428 [INFO] IPUIPlugin:80 - create IPUIPlugin
2024-09-11 13:12:23,428 [INFO] PluginManager:220 - loadIPPluginJar : add hash
2024-09-11 13:12:23,433 [INFO] IPUIPlugin:80 - create IPUIPlugin
2024-09-11 13:12:23,433 [INFO] PluginManager:220 - loadIPPluginJar : add i2c
2024-09-11 13:12:23,437 [INFO] IPUIPlugin:80 - create IPUIPlugin
2024-09-11 13:12:23,437 [INFO] PluginManager:220 - loadIPPluginJar : add i2s
2024-09-11 13:12:23,445 [INFO] IPUIPlugin:80 - create IPUIPlugin
2024-09-11 13:12:23,446 [INFO] PluginManager:220 - loadIPPluginJar : add i3c
2024-09-11 13:12:23,450 [INFO] IPUIPlugin:80 - create IPUIPlugin
2024-09-11 13:12:23,453 [INFO] PluginManager:220 - loadIPPluginJar : add ipddr
2024-09-11 13:12:23,464 [INFO] IPUIPlugin:80 - create IPUIPlugin
2024-09-11 13:12:23,464 [INFO] PluginManager:220 - loadIPPluginJar : add linkedlist
2024-09-11 13:12:23,469 [INFO] IPUIPlugin:80 - create IPUIPlugin
2024-09-11 13:12:23,469 [INFO] PluginManager:220 - loadIPPluginJar : add lorawan
2024-09-11 13:12:23,477 [INFO] IPUIPlugin:80 - create IPUIPlugin
2024-09-11 13:12:23,477 [INFO] PluginManager:220 - loadIPPluginJar : add ltdc
2024-09-11 13:12:23,486 [INFO] IPUIPlugin:80 - create IPUIPlugin
2024-09-11 13:12:23,486 [INFO] PluginManager:220 - loadIPPluginJar : add mdma
2024-09-11 13:12:23,502 [INFO] IPUIPlugin:80 - create IPUIPlugin
2024-09-11 13:12:23,502 [INFO] PluginManager:220 - loadIPPluginJar : add nvic
2024-09-11 13:12:23,502 [INFO] IPUIPlugin:80 - create IPUIPlugin
2024-09-11 13:12:23,510 [INFO] PluginManager:220 - loadIPPluginJar : add opamp
2024-09-11 13:12:23,510 [INFO] IPUIPlugin:80 - create IPUIPlugin
2024-09-11 13:12:23,510 [INFO] PluginManager:220 - loadIPPluginJar : add openamp
2024-09-11 13:12:23,518 [INFO] IPUIPlugin:80 - create IPUIPlugin
2024-09-11 13:12:23,518 [INFO] PluginManager:220 - loadIPPluginJar : add pdm2pcm
2024-09-11 13:12:23,540 [INFO] IPUIPlugin:80 - create IPUIPlugin
2024-09-11 13:12:23,542 [INFO] PluginManager:220 - loadIPPluginJar : add plateformsettings
2024-09-11 13:12:23,550 [INFO] IPUIPlugin:80 - create IPUIPlugin
2024-09-11 13:12:23,550 [INFO] PluginManager:220 - loadIPPluginJar : add quadspi
2024-09-11 13:12:23,552 [INFO] IPUIPlugin:80 - create IPUIPlugin
2024-09-11 13:12:23,552 [INFO] PluginManager:220 - loadIPPluginJar : add radio
2024-09-11 13:12:23,564 [INFO] IPUIPlugin:80 - create IPUIPlugin
2024-09-11 13:12:23,564 [INFO] PluginManager:220 - loadIPPluginJar : add resmgrutility
2024-09-11 13:12:23,567 [INFO] IPUIPlugin:80 - create IPUIPlugin
2024-09-11 13:12:23,567 [INFO] PluginManager:220 - loadIPPluginJar : add sai
2024-09-11 13:12:23,575 [INFO] IPUIPlugin:80 - create IPUIPlugin
2024-09-11 13:12:23,575 [INFO] PluginManager:220 - loadIPPluginJar : add spi
2024-09-11 13:12:23,583 [INFO] IPUIPlugin:80 - create IPUIPlugin
2024-09-11 13:12:23,583 [INFO] PluginManager:220 - loadIPPluginJar : add stm32_wpan
2024-09-11 13:12:23,591 [INFO] IPUIPlugin:80 - create IPUIPlugin
2024-09-11 13:12:23,591 [INFO] PluginManager:220 - loadIPPluginJar : add tim
2024-09-11 13:12:23,599 [INFO] IPUIPlugin:80 - create IPUIPlugin
2024-09-11 13:12:23,599 [INFO] PluginManager:220 - loadIPPluginJar : add touchsensing
2024-09-11 13:12:23,599 [INFO] IPUIPlugin:80 - create IPUIPlugin
2024-09-11 13:12:23,599 [INFO] PluginManager:220 - loadIPPluginJar : add tracer_emb
2024-09-11 13:12:23,607 [INFO] IPUIPlugin:80 - create IPUIPlugin
2024-09-11 13:12:23,607 [INFO] PluginManager:220 - loadIPPluginJar : add ts
2024-09-11 13:12:23,614 [INFO] IPUIPlugin:80 - create IPUIPlugin
2024-09-11 13:12:23,614 [INFO] PluginManager:220 - loadIPPluginJar : add tsc
2024-09-11 13:12:23,616 [INFO] IPUIPlugin:80 - create IPUIPlugin
2024-09-11 13:12:23,616 [INFO] PluginManager:220 - loadIPPluginJar : add ucpd
2024-09-11 13:12:23,624 [INFO] IPUIPlugin:80 - create IPUIPlugin
2024-09-11 13:12:23,624 [INFO] PluginManager:220 - loadIPPluginJar : add usart
2024-09-11 13:12:23,633 [INFO] IPUIPlugin:80 - create IPUIPlugin
2024-09-11 13:12:23,633 [INFO] PluginManager:220 - loadIPPluginJar : add usbx
2024-09-11 13:12:23,838 [INFO] CADModel:165 - CPN selected for project level
2024-09-11 13:12:23,838 [INFO] CADModel:114 - Register for checkConnection events
2024-09-11 13:12:23,838 [FATAL] Updater:334 - Updater called before beeing initialized
2024-09-11 13:12:23,838 [ERROR] CADModel:125 - Updater not yet initialized, retry later 
2024-09-11 13:12:24,263 [INFO] CADModel:165 - CPN selected for project level
2024-09-11 13:12:24,263 [INFO] CADModel:114 - Register for checkConnection events
2024-09-11 13:12:24,263 [FATAL] Updater:334 - Updater called before beeing initialized
2024-09-11 13:12:24,263 [ERROR] CADModel:125 - Updater not yet initialized, retry later 
2024-09-11 13:12:24,267 [FATAL] Updater:334 - Updater called before beeing initialized
2024-09-11 13:12:24,511 [FATAL] Updater:334 - Updater called before beeing initialized
2024-09-11 13:12:24,519 [INFO] DbMcusAds:53 - JSON generation date=Thu May 16 14:52:00 IST 2024 (1715851320667)
2024-09-11 13:12:24,519 [FATAL] Updater:334 - Updater called before beeing initialized
2024-09-11 13:12:24,619 [WARN] DetailPanel:346 - Failed to get advertising image, set to default
2024-09-11 13:12:24,821 [FATAL] Updater:334 - Updater called before beeing initialized
2024-09-11 13:12:24,821 [FATAL] Updater:334 - Updater called before beeing initialized
2024-09-11 13:12:24,821 [FATAL] Updater:334 - Updater called before beeing initialized
2024-09-11 13:12:24,821 [WARN] DetailPanel:346 - Failed to get advertising image, set to default
2024-09-11 13:12:24,821 [FATAL] Updater:334 - Updater called before beeing initialized
2024-09-11 13:12:24,943 [ERROR] Updater:1164 - MainUpdater not yet initialized. External WinMGr cannot be set.
2024-09-11 13:12:24,943 [INFO] Updater:1100 - Updater Version found : 6.12.0
2024-09-11 13:12:24,984 [INFO] ApplicationProperties:184 - Using Application install path: C:\ST\STM32CubeIDE_1.16.0\STM32CubeIDE\plugins\com.st.stm32cube.common.mx_6.12.0.202406281431
2024-09-11 13:12:25,157 [INFO] ThirdPartyUpdaterWithRetryManager:70 - Updater plugin not ready yet. [2/15]
2024-09-11 13:12:26,632 [ERROR] LogOutputStream:75 - [STDERR_REDIRECT] Sep 11, 2024 1:12:26 PM java.util.prefs.WindowsPreferences <init>
2024-09-11 13:12:26,632 [ERROR] LogOutputStream:75 - [STDERR_REDIRECT] WARNING: Could not open/create prefs root node Software\JavaSoft\Prefs at root 0xffffffff80000002. Windows RegCreateKeyEx(...) returned error code 5.
2024-09-11 13:12:26,632 [ERROR] LogOutputStream:75 - [STDERR_REDIRECT] 
2024-09-11 13:12:27,245 [INFO] MainUpdater:2873 - connection check result : 10
2024-09-11 13:12:27,245 [INFO] MainUpdater:290 - Updater Check For Update Now.
2024-09-11 13:12:27,245 [INFO] MicroXplorer:498 - Change Database Version : DB.6.0.120
2024-09-11 13:12:27,275 [INFO] McuFinderGlobals:63 - Set McuFinder mode to 2 (CubeIDE integrated)
2024-09-11 13:12:27,279 [INFO] UserAuth:417 - Internet connection configuration mode: 1
2024-09-11 13:12:27,316 [INFO] JxBrowserEngine:152 - Initiate JxBrowser Engine with user profile folder
2024-09-11 13:12:27,594 [INFO] CheckServerUpdateThread:120 - End of CheckServer Thread
2024-09-11 13:12:28,633 [WARN] PackLoader:240 - Cannot read IP mode file for STMicroelectronics.FP-SNS-MOTENVWB1.1.4.0
2024-09-11 13:12:28,649 [WARN] PackLoader:240 - Cannot read IP mode file for STMicroelectronics.X-CUBE-SMBUS.2.1.0
2024-09-11 13:12:28,713 [WARN] PackLoader:240 - Cannot read IP mode file for STMicroelectronics.X-CUBE-AZRTOS-F7.1.1.0
2024-09-11 13:12:29,071 [INFO] WebApp:167 - Instantiating new browser for Auth
2024-09-11 13:12:29,079 [WARN] PackLoader:240 - Cannot read IP mode file for STMicroelectronics.X-CUBE-MEMS1.11.0.0
2024-09-11 13:12:29,415 [WARN] PackLoader:240 - Cannot read IP mode file for STMicroelectronics.FP-SNS-FLIGHT1.5.0.2
2024-09-11 13:12:29,423 [WARN] PackLoader:240 - Cannot read IP mode file for STMicroelectronics.X-CUBE-DISPLAY.3.0.0
2024-09-11 13:12:29,438 [WARN] PackLoader:240 - Cannot read IP mode file for STMicroelectronics.X-CUBE-BLE1.7.0.0
2024-09-11 13:12:29,447 [WARN] PackLoader:240 - Cannot read IP mode file for emotas.I-CUBE-CANOPEN.1.3.0
2024-09-11 13:12:29,468 [WARN] PackLoader:240 - Cannot read IP mode file for STMicroelectronics.X-CUBE-BLEMGR.3.1.0
2024-09-11 13:12:29,479 [WARN] PackLoader:240 - Cannot read IP mode file for STMicroelectronics.FP-SNS-SMARTAG2.1.2.0
2024-09-11 13:12:29,488 [INFO] LogOutputStream:77 - [STDOUT_REDIRECT] 1 : Invalid condition id : UX_CORESTACK_Condition cause : null
2024-09-11 13:12:29,488 [INFO] LogOutputStream:77 - [STDOUT_REDIRECT] 1 : Invalid condition id : UX_CORESTACK_Condition cause : null
2024-09-11 13:12:29,499 [INFO] LogOutputStream:77 - [STDOUT_REDIRECT] 1 : Invalid condition id : UX_CORESTACK_Condition cause : null
2024-09-11 13:12:29,499 [INFO] LogOutputStream:77 - [STDOUT_REDIRECT] 1 : Invalid condition id : UX_CORESTACK_Condition cause : null
2024-09-11 13:12:29,504 [INFO] LogOutputStream:77 - [STDOUT_REDIRECT] 1 : Invalid condition id : UX_CORESTACK_Condition cause : null
2024-09-11 13:12:29,504 [WARN] PackLoader:240 - Cannot read IP mode file for STMicroelectronics.X-CUBE-AZRTOS-WL.2.0.0
2024-09-11 13:12:29,520 [WARN] PackLoader:240 - Cannot read IP mode file for STMicroelectronics.FP-SNS-MOTENV1.5.0.0
2024-09-11 13:12:29,529 [WARN] PackLoader:240 - Cannot read IP mode file for wolfSSL.I-CUBE-wolfMQTT.1.19.0
2024-09-11 13:12:29,546 [WARN] PackLoader:240 - Cannot read IP mode file for WES.I-CUBE-Cesium.1.3.0
2024-09-11 13:12:29,557 [WARN] PackLoader:240 - Cannot read IP mode file for STMicroelectronics.X-CUBE-BLE2.3.3.0
2024-09-11 13:12:29,570 [WARN] PackLoader:240 - Cannot read IP mode file for STMicroelectronics.X-CUBE-TCPP.4.1.0
2024-09-11 13:12:29,612 [WARN] PackLoader:240 - Cannot read IP mode file for STMicroelectronics.X-CUBE-AZRTOS-G0.1.1.0
2024-09-11 13:12:29,635 [WARN] PackLoader:240 - Cannot read IP mode file for STMicroelectronics.X-CUBE-SAFEA1.1.2.2
2024-09-11 13:12:29,643 [WARN] PackLoader:240 - Cannot read IP mode file for STMicroelectronics.X-CUBE-NFC4.3.0.0
2024-09-11 13:12:29,668 [WARN] PackLoader:240 - Cannot read IP mode file for EmbeddedOffice.I-CUBE-FS-RTOS.1.0.1
2024-09-11 13:12:29,668 [ERROR] ConditionMgr:805 - Attr not supported : Dmpu
2024-09-11 13:12:29,668 [ERROR] ConditionMgr:805 - Attr not supported : Dmpu
2024-09-11 13:12:29,668 [ERROR] ConditionMgr:805 - Attr not supported : Dmpu
2024-09-11 13:12:29,668 [ERROR] ConditionMgr:805 - Attr not supported : Dmpu
2024-09-11 13:12:29,668 [ERROR] ConditionMgr:805 - Attr not supported : Dmpu
2024-09-11 13:12:29,668 [ERROR] ConditionMgr:805 - Attr not supported : Dmpu
2024-09-11 13:12:29,668 [ERROR] ConditionMgr:805 - Attr not supported : Dmpu
2024-09-11 13:12:29,668 [ERROR] ConditionMgr:805 - Attr not supported : Dmpu
2024-09-11 13:12:29,668 [ERROR] ConditionMgr:805 - Attr not supported : Dmpu
2024-09-11 13:12:29,668 [ERROR] ConditionMgr:805 - Attr not supported : Dmpu
2024-09-11 13:12:29,668 [ERROR] ConditionMgr:805 - Attr not supported : Dmpu
2024-09-11 13:12:29,668 [ERROR] ConditionMgr:805 - Attr not supported : Dmpu
2024-09-11 13:12:29,668 [ERROR] ConditionMgr:805 - Attr not supported : Dmpu
2024-09-11 13:12:29,676 [ERROR] ConditionMgr:805 - Attr not supported : Dmpu
2024-09-11 13:12:29,676 [ERROR] ConditionMgr:805 - Attr not supported : Dmpu
2024-09-11 13:12:29,676 [ERROR] ConditionMgr:805 - Attr not supported : Dmpu
2024-09-11 13:12:29,676 [ERROR] ConditionMgr:805 - Attr not supported : Dmpu
2024-09-11 13:12:29,676 [ERROR] ConditionMgr:805 - Attr not supported : Dmpu
2024-09-11 13:12:29,676 [ERROR] ConditionMgr:805 - Attr not supported : Dmpu
2024-09-11 13:12:29,676 [ERROR] ConditionMgr:805 - Attr not supported : Dmpu
2024-09-11 13:12:29,676 [ERROR] ConditionMgr:805 - Attr not supported : Dmpu
2024-09-11 13:12:29,676 [ERROR] ConditionMgr:805 - Attr not supported : Dmpu
2024-09-11 13:12:29,676 [ERROR] ConditionMgr:805 - Attr not supported : Dmpu
2024-09-11 13:12:29,676 [ERROR] ConditionMgr:805 - Attr not supported : Dmpu
2024-09-11 13:12:29,676 [ERROR] ConditionMgr:805 - Attr not supported : Dmpu
2024-09-11 13:12:29,676 [ERROR] ConditionMgr:805 - Attr not supported : Dmpu
2024-09-11 13:12:29,676 [ERROR] ConditionMgr:805 - Attr not supported : Dmpu
2024-09-11 13:12:29,676 [ERROR] ConditionMgr:805 - Attr not supported : Dmpu
2024-09-11 13:12:29,676 [ERROR] ConditionMgr:805 - Attr not supported : Dmpu
2024-09-11 13:12:29,676 [ERROR] ConditionMgr:805 - Attr not supported : Dmpu
2024-09-11 13:12:29,676 [ERROR] ConditionMgr:805 - Attr not supported : Dmpu
2024-09-11 13:12:29,676 [ERROR] ConditionMgr:805 - Attr not supported : Dmpu
2024-09-11 13:12:29,676 [ERROR] ConditionMgr:805 - Attr not supported : Dmpu
2024-09-11 13:12:29,676 [ERROR] ConditionMgr:805 - Attr not supported : Dmpu
2024-09-11 13:12:29,680 [ERROR] ConditionMgr:805 - Attr not supported : Dmpu
2024-09-11 13:12:29,680 [ERROR] ConditionMgr:805 - Attr not supported : Dmpu
2024-09-11 13:12:29,680 [ERROR] ConditionMgr:805 - Attr not supported : Dmpu
2024-09-11 13:12:29,680 [ERROR] ConditionMgr:805 - Attr not supported : Dmpu
2024-09-11 13:12:29,680 [ERROR] ConditionMgr:805 - Attr not supported : Dmpu
2024-09-11 13:12:29,680 [ERROR] ConditionMgr:805 - Attr not supported : Dmpu
2024-09-11 13:12:29,680 [ERROR] ConditionMgr:805 - Attr not supported : Dmpu
2024-09-11 13:12:29,680 [ERROR] ConditionMgr:805 - Attr not supported : Dmpu
2024-09-11 13:12:29,680 [ERROR] ConditionMgr:805 - Attr not supported : Dmpu
2024-09-11 13:12:29,680 [ERROR] ConditionMgr:805 - Attr not supported : Dmpu
2024-09-11 13:12:29,680 [ERROR] ConditionMgr:805 - Attr not supported : Dmpu
2024-09-11 13:12:29,680 [ERROR] ConditionMgr:805 - Attr not supported : Dmpu
2024-09-11 13:12:29,680 [ERROR] ConditionMgr:805 - Attr not supported : Dmpu
2024-09-11 13:12:29,680 [ERROR] ConditionMgr:805 - Attr not supported : Dmpu
2024-09-11 13:12:29,680 [ERROR] ConditionMgr:805 - Attr not supported : Dmpu
2024-09-11 13:12:29,680 [ERROR] ConditionMgr:805 - Attr not supported : Dmpu
2024-09-11 13:12:29,680 [ERROR] ConditionMgr:805 - Attr not supported : Dmpu
2024-09-11 13:12:29,680 [ERROR] ConditionMgr:805 - Attr not supported : Dmpu
2024-09-11 13:12:29,680 [ERROR] ConditionMgr:805 - Attr not supported : Dmpu
2024-09-11 13:12:29,680 [ERROR] ConditionMgr:805 - Attr not supported : Dmpu
2024-09-11 13:12:29,680 [ERROR] ConditionMgr:805 - Attr not supported : Dmpu
2024-09-11 13:12:29,684 [ERROR] ConditionMgr:805 - Attr not supported : Dmpu
2024-09-11 13:12:29,684 [ERROR] ConditionMgr:805 - Attr not supported : Dmpu
2024-09-11 13:12:29,684 [ERROR] ConditionMgr:805 - Attr not supported : Dmpu
2024-09-11 13:12:29,684 [ERROR] ConditionMgr:805 - Attr not supported : Dmpu
2024-09-11 13:12:29,684 [ERROR] ConditionMgr:805 - Attr not supported : Dmpu
2024-09-11 13:12:29,684 [ERROR] ConditionMgr:805 - Attr not supported : Dmpu
2024-09-11 13:12:29,684 [ERROR] ConditionMgr:805 - Attr not supported : Dmpu
2024-09-11 13:12:29,684 [ERROR] ConditionMgr:805 - Attr not supported : Dmpu
2024-09-11 13:12:29,684 [ERROR] ConditionMgr:805 - Attr not supported : Dmpu
2024-09-11 13:12:29,692 [WARN] PackLoader:240 - Cannot read IP mode file for RealThread.X-CUBE-RT-Thread_Nano.4.1.1
2024-09-11 13:12:29,701 [WARN] PackLoader:240 - Cannot read IP mode file for STMicroelectronics.FP-ATR-SIGFOX1.3.2.0
2024-09-11 13:12:29,713 [WARN] PackLoader:240 - Cannot read IP mode file for wolfSSL.I-CUBE-wolfSSL.5.7.2
2024-09-11 13:12:29,726 [WARN] PackLoader:240 - Cannot read IP mode file for STMicroelectronics.X-CUBE-EEPRMA1.5.1.0
2024-09-11 13:12:29,734 [WARN] PackLoader:240 - Cannot read IP mode file for ITTIA_DB.I-CUBE-ITTIADB.8.9.0
2024-09-11 13:12:29,789 [WARN] PackLoader:240 - Cannot read IP mode file for SEGGER.I-CUBE-embOS.1.3.1
2024-09-11 13:12:29,913 [WARN] PackLoader:240 - Cannot read IP mode file for STMicroelectronics.X-CUBE-ALGOBUILD.1.4.0
2024-09-11 13:12:29,963 [WARN] PackLoader:240 - Cannot read IP mode file for STMicroelectronics.X-CUBE-GNSS1.6.0.0
2024-09-11 13:12:30,011 [WARN] PackLoader:240 - Cannot read IP mode file for STMicroelectronics.X-CUBE-AZRTOS-F4.1.1.0
2024-09-11 13:12:30,034 [WARN] PackLoader:240 - Cannot read IP mode file for STMicroelectronics.X-CUBE-FREERTOS.1.2.0
2024-09-11 13:12:30,112 [WARN] PackLoader:240 - Cannot read IP mode file for STMicroelectronics.X-CUBE-AZRTOS-L5.2.0.0
2024-09-11 13:12:30,133 [WARN] PackLoader:240 - Cannot read IP mode file for STMicroelectronics.X-CUBE-NFC6.3.1.0
2024-09-11 13:12:30,149 [WARN] PackLoader:240 - Cannot read IP mode file for STMicroelectronics.X-CUBE-DPower.1.2.0
2024-09-11 13:12:30,165 [WARN] PackLoader:240 - Cannot read IP mode file for STMicroelectronics.X-CUBE-AI.9.0.0
2024-09-11 13:12:30,172 [WARN] PackLoader:240 - Cannot read IP mode file for STMicroelectronics.X-CUBE-NFC7.1.0.1
2024-09-11 13:12:30,180 [WARN] PackLoader:240 - Cannot read IP mode file for wolfSSL.I-CUBE-wolfTPM.3.2.0
2024-09-11 13:12:30,245 [WARN] ConditionMgr:438 - getConditionDescription Invalid condition id : LAN8742 Phy interface Condition cause : null
2024-09-11 13:12:30,253 [WARN] PackLoader:240 - Cannot read IP mode file for STMicroelectronics.X-CUBE-AZRTOS-L4.2.0.0
2024-09-11 13:12:30,253 [WARN] ConditionMgr:1039 - genDependencies : Invalid condition id : LAN8742 Phy interface Condition cause : null
2024-09-11 13:12:30,261 [WARN] ConditionMgr:1039 - genDependencies : Invalid condition id : LAN8742 Phy interface Condition cause : null
2024-09-11 13:12:30,261 [WARN] ConditionMgr:1039 - genDependencies : Invalid condition id : LAN8742 Phy interface Condition cause : null
2024-09-11 13:12:30,274 [WARN] PackLoader:240 - Cannot read IP mode file for STMicroelectronics.X-CUBE-SFXS2LP1.4.0.0
2024-09-11 13:12:30,327 [WARN] PackLoader:240 - Cannot read IP mode file for STMicroelectronics.X-CUBE-AZRTOS-H7.3.3.0
2024-09-11 13:12:30,364 [WARN] ConditionMgr:438 - getConditionDescription Invalid condition id : UX DEVICE CLASS RTOS Condition cause : null
2024-09-11 13:12:30,364 [WARN] ConditionMgr:438 - getConditionDescription Invalid condition id : UX DEVICE CLASS RTOS Condition cause : null
2024-09-11 13:12:30,367 [WARN] PackLoader:240 - Cannot read IP mode file for STMicroelectronics.X-CUBE-AZRTOS-WB.2.0.0
2024-09-11 13:12:30,367 [WARN] ConditionMgr:1039 - genDependencies : Invalid condition id : UX DEVICE CLASS RTOS Condition cause : null
2024-09-11 13:12:30,367 [WARN] ConditionMgr:1039 - genDependencies : Invalid condition id : UX DEVICE CLASS RTOS Condition cause : null
2024-09-11 13:12:30,367 [WARN] ConditionMgr:1039 - genDependencies : Invalid condition id : UX DEVICE CLASS RTOS Condition cause : null
2024-09-11 13:12:30,371 [WARN] ConditionMgr:1039 - genDependencies : Invalid condition id : UX DEVICE CLASS RTOS Condition cause : null
2024-09-11 13:12:30,371 [WARN] ConditionMgr:1039 - genDependencies : Invalid condition id : UX DEVICE CLASS RTOS Condition cause : null
2024-09-11 13:12:30,375 [WARN] PackLoader:240 - Cannot read IP mode file for STMicroelectronics.X-CUBE-GNSS1.7.0.0
2024-09-11 13:12:30,383 [WARN] PackLoader:240 - Cannot read IP mode file for STMicroelectronics.FP-SNS-STBOX1.2.0.0
2024-09-11 13:12:30,399 [WARN] PackLoader:240 - Cannot read IP mode file for STMicroelectronics.X-CUBE-SUBG2.5.0.0
2024-09-11 13:12:30,423 [WARN] PackLoader:240 - Cannot read IP mode file for Cesanta.I-CUBE-Mongoose.7.13.0
2024-09-11 13:12:30,447 [WARN] PackLoader:240 - Cannot read IP mode file for STMicroelectronics.X-CUBE-AZRTOS-G4.2.0.0
2024-09-11 13:12:30,450 [WARN] PackLoader:240 - Cannot read IP mode file for STMicroelectronics.X-CUBE-ISPU.2.0.0
2024-09-11 13:12:30,456 [WARN] PackLoader:240 - Cannot read IP mode file for STMicroelectronics.X-CUBE-ALS.1.0.2
2024-09-11 13:12:30,516 [WARN] PackLoader:240 - Cannot read IP mode file for STMicroelectronics.X-CUBE-MEMS1.10.0.0
2024-09-11 13:12:30,848 [WARN] PackLoader:240 - Cannot read IP mode file for STMicroelectronics.X-CUBE-TOUCHGFX.4.24.0
2024-09-11 13:12:30,859 [WARN] PackLoader:240 - Cannot read IP mode file for portGmbH.I-Cube-SoM-uGOAL.1.1.0
2024-09-11 13:12:30,897 [WARN] PackLoader:240 - Cannot read IP mode file for STMicroelectronics.X-CUBE-AZRTOS-H7RS.1.0.0
2024-09-11 13:12:30,915 [WARN] PackLoader:240 - Cannot read IP mode file for STMicroelectronics.FP-ATR-ASTRA1.2.0.0
2024-09-11 13:12:30,938 [WARN] PackLoader:240 - Cannot read IP mode file for STMicroelectronics.X-CUBE-TOF1.3.4.2
2024-09-11 13:12:31,003 [WARN] PackLoader:240 - Cannot read IP mode file for Infineon.AIROC-Wi-Fi-Bluetooth-STM32.1.6.1
2024-09-11 13:12:31,022 [WARN] PackLoader:240 - Cannot read IP mode file for wolfSSL.I-CUBE-wolfSSH.1.4.17
2024-09-11 13:12:31,023 [INFO] ThirdParty:978 - Integrity check success = true
2024-09-11 13:12:31,023 [INFO] IntegrityCheckThread:100 - exiting critical section [integrity check]
2024-09-11 13:12:31,023 [INFO] IntegrityCheckThread:103 - End integrity checks thread
2024-09-11 13:12:34,631 [INFO] WebApp:448 - Apply proxy settings
2024-09-11 13:12:34,637 [INFO] WebApp:533 - Chromium requires no authentication
2024-09-11 13:12:34,655 [INFO] WebApp:476 - Direct internet connection detected
2024-09-11 13:12:34,714 [INFO] WebApp:869 - Register for checkConnection events
2024-09-11 13:12:34,714 [INFO] WebApp:448 - Apply proxy settings
2024-09-11 13:12:34,714 [INFO] WebApp:533 - Chromium requires no authentication
2024-09-11 13:12:34,721 [INFO] WebApp:476 - Direct internet connection detected
2024-09-11 13:12:35,167 [INFO] WebApp:220 - Starting web application
2024-09-11 13:12:35,167 [INFO] WebApp:578 - Web application path used C:\ST\STM32CubeIDE_1.16.0\STM32CubeIDE\plugins\com.st.stm32cube.common.mx_6.12.0.202406281431\db\plugins\mcufinder\reactClient1\index.html
2024-09-11 13:12:35,370 [INFO] UserAuth:417 - Internet connection configuration mode: 1
2024-09-11 13:12:36,576 [INFO] WebApp:186 - Connection restablished
2024-09-11 13:15:57,746 [INFO] WebApp:189 - Connection lost
2024-09-11 13:19:10,350 [INFO] WebApp:186 - Connection restablished
2024-09-11 13:19:30,137 [INFO] WebApp:189 - Connection lost
2024-09-11 13:20:19,430 [INFO] WebApp:186 - Connection restablished
2024-09-11 13:29:21,028 [INFO] WebApp:189 - Connection lost
2024-09-11 13:29:33,130 [INFO] WebApp:186 - Connection restablished
2024-09-11 14:10:55,054 [INFO] WebApp:189 - Connection lost
2024-09-11 14:11:05,919 [INFO] WebApp:186 - Connection restablished
2024-09-11 14:21:37,659 [INFO] WebApp:189 - Connection lost
2024-09-11 14:21:45,944 [INFO] WebApp:186 - Connection restablished
2024-09-11 14:39:29,595 [INFO] WebApp:189 - Connection lost
2024-09-11 14:39:32,139 [INFO] WebApp:186 - Connection restablished
2024-09-11 15:01:23,307 [INFO] WebApp:189 - Connection lost
2024-09-11 15:01:27,102 [INFO] WebApp:186 - Connection restablished
2024-09-11 15:29:32,192 [INFO] WebApp:189 - Connection lost
2024-09-11 15:46:23,735 [INFO] WebApp:186 - Connection restablished
2024-09-11 15:47:56,716 [INFO] WebApp:189 - Connection lost
2024-09-11 15:50:36,871 [ERROR] LogOutputStream:75 - [STDERR_REDIRECT] 15:50:36.848 ERROR Chromium process exit code: -2,147,483,645
2024-09-11 15:50:36,877 [ERROR] LogOutputStream:75 - [STDERR_REDIRECT] 
2024-09-11 15:50:36,882 [ERROR] LogOutputStream:75 - [STDERR_REDIRECT] 15:50:36.878 ERROR Crash dump dir: C:\Users\kunfu\AppData\Local\JxBrowser\7.38.2\CrashReports
2024-09-11 15:50:36,882 [ERROR] LogOutputStream:75 - [STDERR_REDIRECT] 
2024-09-11 15:50:36,895 [ERROR] WebApp:397 - JxBrowser engine crashed! Exit code: -2147483645
2024-09-11 16:53:31,119 [ERROR] LogOutputStream:75 - [STDERR_REDIRECT] 
