2024-10-18 00:22:51,388 [ERROR] LogOutputStream:75 - [STDERR_REDIRECT] 
2024-10-18 09:32:50,919 [INFO] Activator:176 - 


2024-10-18 09:32:50,923 [INFO] Activator:177 - !SESSION log4j initialized
2024-10-18 09:32:58,175 [INFO] LogOutputStream:77 - [STDOUT_REDIRECT] 
2024-10-18 09:33:01,231 [INFO] ApplicationProperties:184 - Using Application install path: C:\ST\STM32CubeIDE_1.16.0\STM32CubeIDE\plugins\com.st.stm32cube.common.mx_6.12.0.202406281431
2024-10-18 09:33:01,293 [INFO] DbMcusXml:78 - Set database path to: C:\ST\STM32CubeIDE_1.16.0\STM32CubeIDE\plugins\com.st.stm32cube.common.mx_6.12.0.202406281431\\db\/mcu/
2024-10-18 09:33:01,294 [INFO] ApiDb:274 - Set plugin database path to: C:\ST\STM32CubeIDE_1.16.0\STM32CubeIDE\plugins\com.st.stm32cube.common.mx_6.12.0.202406281431\\db\/plugins/boardmanager/
2024-10-18 09:33:01,295 [WARN] ApiDb:259 - Overriding images path with different value:  => C:\ST\STM32CubeIDE_1.16.0\STM32CubeIDE\plugins\com.st.stm32cube.common.mx_6.12.0.202406281431\\db\/plugins/mcufinder/images/
2024-10-18 09:33:01,324 [INFO] ApiDb:250 - Set database path to: C:\Users\kunfu\.stmcufinder\plugins\mcufinder//mcu/
2024-10-18 09:33:01,326 [INFO] DbMcusAds:125 - Set database path to: C:\Users\kunfu\.stmcufinder\plugins\mcufinder//mcu/
2024-10-18 09:33:01,332 [INFO] CrossReferenceDbSqlite:203 - Set database path to: C:\Users\kunfu\.stmcufinder\plugins\mcufinder//mcu/cs/
2024-10-18 09:33:01,784 [INFO] RulesReader:64 - Compatibility file has been processed (297 Rules)
2024-10-18 09:33:02,111 [INFO] DbMcusXml:78 - Set database path to: C:\ST\STM32CubeIDE_1.16.0\STM32CubeIDE\plugins\com.st.stm32cube.common.mx_6.12.0.202406281431\\db\/mcu/
2024-10-18 09:33:02,111 [INFO] ApiDb:274 - Set plugin database path to: C:\ST\STM32CubeIDE_1.16.0\STM32CubeIDE\plugins\com.st.stm32cube.common.mx_6.12.0.202406281431\\db\/plugins/boardmanager/
2024-10-18 09:33:02,111 [INFO] ApiDb:261 - Set plugin images path to: C:\ST\STM32CubeIDE_1.16.0\STM32CubeIDE\plugins\com.st.stm32cube.common.mx_6.12.0.202406281431\\db\/plugins/mcufinder/images/
2024-10-18 09:33:02,112 [WARN] DbFile:41 - Overriding database path with different value: C:\Users\kunfu\.stmcufinder\plugins\mcufinder/ => C:\Users\kunfu\.stmcufinder\plugins\mcufinder
2024-10-18 09:33:02,112 [INFO] ApiDb:250 - Set database path to: C:\Users\kunfu\.stmcufinder\plugins\mcufinder//mcu/
2024-10-18 09:33:02,112 [WARN] DbFile:41 - Overriding database path with different value: C:\Users\kunfu\.stmcufinder\plugins\mcufinder/ => C:\Users\kunfu\.stmcufinder\plugins\mcufinder
2024-10-18 09:33:02,113 [INFO] DbMcusAds:125 - Set database path to: C:\Users\kunfu\.stmcufinder\plugins\mcufinder//mcu/
2024-10-18 09:33:02,113 [WARN] DbFile:41 - Overriding database path with different value: C:\Users\kunfu\.stmcufinder\plugins\mcufinder/ => C:\Users\kunfu\.stmcufinder\plugins\mcufinder
2024-10-18 09:33:02,113 [WARN] DbFile:41 - Overriding database path with different value: C:\Users\kunfu\.stmcufinder\plugins\mcufinder/ => C:\Users\kunfu\.stmcufinder\plugins\mcufinder
2024-10-18 09:33:02,114 [INFO] CrossReferenceDbSqlite:203 - Set database path to: C:\Users\kunfu\.stmcufinder\plugins\mcufinder//mcu/cs/
2024-10-18 09:33:02,602 [INFO] MainPanel:268 - HeapMemory: 268435456
2024-10-18 09:33:02,986 [INFO] DbMcusXml:78 - Set database path to: C:\ST\STM32CubeIDE_1.16.0\STM32CubeIDE\plugins\com.st.stm32cube.common.mx_6.12.0.202406281431\\db\/mcu/
2024-10-18 09:33:02,987 [INFO] ApiDb:274 - Set plugin database path to: C:\ST\STM32CubeIDE_1.16.0\STM32CubeIDE\plugins\com.st.stm32cube.common.mx_6.12.0.202406281431\\db\/plugins/boardmanager/
2024-10-18 09:33:02,987 [INFO] ApiDb:261 - Set plugin images path to: C:\ST\STM32CubeIDE_1.16.0\STM32CubeIDE\plugins\com.st.stm32cube.common.mx_6.12.0.202406281431\\db\/plugins/mcufinder/images/
2024-10-18 09:33:03,002 [WARN] DbFile:41 - Overriding database path with different value: C:\Users\kunfu\.stmcufinder\plugins\mcufinder/ => C:\Users\kunfu\.stmcufinder\plugins\mcufinder
2024-10-18 09:33:03,002 [INFO] ApiDb:250 - Set database path to: C:\Users\kunfu\.stmcufinder\plugins\mcufinder//mcu/
2024-10-18 09:33:03,003 [WARN] DbFile:41 - Overriding database path with different value: C:\Users\kunfu\.stmcufinder\plugins\mcufinder/ => C:\Users\kunfu\.stmcufinder\plugins\mcufinder
2024-10-18 09:33:03,003 [INFO] DbMcusAds:125 - Set database path to: C:\Users\kunfu\.stmcufinder\plugins\mcufinder//mcu/
2024-10-18 09:33:03,004 [WARN] DbFile:41 - Overriding database path with different value: C:\Users\kunfu\.stmcufinder\plugins\mcufinder/ => C:\Users\kunfu\.stmcufinder\plugins\mcufinder
2024-10-18 09:33:03,004 [WARN] DbFile:41 - Overriding database path with different value: C:\Users\kunfu\.stmcufinder\plugins\mcufinder/ => C:\Users\kunfu\.stmcufinder\plugins\mcufinder
2024-10-18 09:33:03,004 [INFO] CrossReferenceDbSqlite:203 - Set database path to: C:\Users\kunfu\.stmcufinder\plugins\mcufinder//mcu/cs/
2024-10-18 09:33:03,074 [INFO] ApplicationProperties:184 - Using Application install path: C:\ST\STM32CubeIDE_1.16.0\STM32CubeIDE\plugins\com.st.stm32cube.common.mx_6.12.0.202406281431
2024-10-18 09:33:03,077 [INFO] PluginManage:196 - Search for loadable plugins [exclusion list=, ]
2024-10-18 09:33:03,080 [INFO] PluginManage:310 - Check plugin analytics
2024-10-18 09:33:03,673 [INFO] AnalyticsPlugin:253 - Accepted Software Licenses: 
2024-10-18 09:33:03,674 [INFO] AnalyticsPlugin:255 - Accepted CMSIS Pack Licenses: 
2024-10-18 09:33:03,674 [INFO] AnalyticsPlugin:257 - Accepted Firmware Licenses: FW.L4.1.18.0
2024-10-18 09:33:03,679 [INFO] PluginManage:359 - Loaded plugin analytics (category:tool,tabindex:-1)
2024-10-18 09:33:03,680 [INFO] PluginManage:310 - Check plugin cadmodel
2024-10-18 09:33:03,690 [INFO] CADModel:105 - Init CAD model plugin
2024-10-18 09:33:03,691 [INFO] PluginManage:359 - Loaded plugin cadmodel (category:power,tabindex:5)
2024-10-18 09:33:03,691 [INFO] PluginManage:310 - Check plugin clock
2024-10-18 09:33:03,712 [INFO] PluginManage:359 - Loaded plugin clock (category:base,tabindex:2)
2024-10-18 09:33:03,713 [INFO] PluginManage:310 - Check plugin ddr
2024-10-18 09:33:03,718 [INFO] PluginManage:359 - Loaded plugin ddr (category:tool,tabindex:6)
2024-10-18 09:33:03,718 [INFO] PluginManage:310 - Check plugin filemanager
2024-10-18 09:33:04,270 [INFO] PluginManage:359 - Loaded plugin filemanager (category:base,tabindex:10)
2024-10-18 09:33:04,271 [INFO] PluginManage:310 - Check plugin ipmanager
2024-10-18 09:33:04,302 [INFO] PluginManage:359 - Loaded plugin ipmanager (category:base,tabindex:5)
2024-10-18 09:33:04,302 [INFO] PluginManage:310 - Check plugin lpbam
2024-10-18 09:33:04,339 [INFO] PluginManage:359 - Loaded plugin lpbam (category:base,tabindex:0)
2024-10-18 09:33:04,339 [INFO] PluginManage:310 - Check plugin memorymap
2024-10-18 09:33:04,378 [INFO] PluginManage:359 - Loaded plugin memorymap (category:base,tabindex:4)
2024-10-18 09:33:04,378 [INFO] PluginManage:310 - Check plugin pinoutandconfiguration
2024-10-18 09:33:04,398 [INFO] PluginManage:359 - Loaded plugin pinoutandconfiguration (category:base,tabindex:1)
2024-10-18 09:33:04,398 [INFO] PluginManage:310 - Check plugin pinoutconfig
2024-10-18 09:33:04,731 [WARN] SupportedApi:132 - Cannot load RTOS API schema: s4s-elt-must-match.1: The content of 'definitions' must match (annotation?, (simpleType | complexType)?, (unique | key | keyref)*)). A problem was found starting at: attribute.
2024-10-18 09:33:05,193 [INFO] PluginManage:359 - Loaded plugin pinoutconfig (category:base,tabindex:0)
2024-10-18 09:33:05,193 [INFO] PluginManage:310 - Check plugin power
2024-10-18 09:33:05,224 [INFO] PluginManage:359 - Loaded plugin power (category:power,tabindex:4)
2024-10-18 09:33:05,224 [INFO] PluginManage:310 - Check plugin projectmanager
2024-10-18 09:33:05,532 [INFO] PluginManage:359 - Loaded plugin projectmanager (category:projectmanager,tabindex:4)
2024-10-18 09:33:05,533 [INFO] PluginManage:310 - Check plugin rif
2024-10-18 09:33:05,548 [INFO] PluginManage:359 - Loaded plugin rif (category:base,tabindex:3)
2024-10-18 09:33:05,548 [INFO] PluginManage:310 - Check plugin thirdparty
2024-10-18 09:33:05,998 [WARN] IntegrityCheckThread:84 - waiting for thirdparty lock release [integrity check]
2024-10-18 09:33:06,002 [INFO] IntegrityCheckThread:86 - entering critical section [integrity check]
2024-10-18 09:33:05,991 [INFO] PluginManage:359 - Loaded plugin thirdparty (category:base,tabindex:-1)
2024-10-18 09:33:06,004 [INFO] PluginManage:310 - Check plugin tools
2024-10-18 09:33:06,003 [INFO] ThirdPartyUpdaterWithRetryManager:70 - Updater plugin not ready yet. [1/15]
2024-10-18 09:33:06,013 [INFO] PluginManage:359 - Loaded plugin tools (category:base,tabindex:7)
2024-10-18 09:33:06,013 [INFO] PluginManage:310 - Check plugin tutovideos
2024-10-18 09:33:06,651 [INFO] PluginManage:359 - Loaded plugin tutovideos (category:base,tabindex:-1)
2024-10-18 09:33:06,652 [INFO] PluginManage:310 - Check plugin updater
2024-10-18 09:33:06,732 [INFO] PluginManage:359 - Loaded plugin updater (category:base,tabindex:12)
2024-10-18 09:33:06,732 [INFO] PluginManage:310 - Check plugin userauth
2024-10-18 09:33:06,745 [INFO] UserAuth:113 - Init User Auth plugin
2024-10-18 09:33:06,745 [INFO] PluginManage:359 - Loaded plugin userauth (category:base,tabindex:14)
2024-10-18 09:33:06,748 [INFO] PluginManage:283 - PluginManage : Loaded plugins [18]
2024-10-18 09:33:08,105 [INFO] PinOutPanel:1561 - setPackage(No Configuration,No Configuration)
2024-10-18 09:33:08,601 [INFO] CADModel:165 - CPN selected for project level
2024-10-18 09:33:08,602 [INFO] CADModel:114 - Register for checkConnection events
2024-10-18 09:33:08,653 [INFO] IPUIPlugin:80 - create IPUIPlugin
2024-10-18 09:33:08,653 [INFO] PluginManager:220 - loadIPPluginJar : add adc
2024-10-18 09:33:08,664 [INFO] IPUIPlugin:80 - create IPUIPlugin
2024-10-18 09:33:08,666 [INFO] PluginManager:220 - loadIPPluginJar : add aes
2024-10-18 09:33:08,679 [INFO] IPUIPlugin:80 - create IPUIPlugin
2024-10-18 09:33:08,680 [INFO] PluginManager:220 - loadIPPluginJar : add can
2024-10-18 09:33:08,688 [INFO] IPUIPlugin:80 - create IPUIPlugin
2024-10-18 09:33:08,688 [INFO] PluginManager:220 - loadIPPluginJar : add comp
2024-10-18 09:33:08,697 [INFO] IPUIPlugin:80 - create IPUIPlugin
2024-10-18 09:33:08,697 [INFO] PluginManager:220 - loadIPPluginJar : add cryp
2024-10-18 09:33:08,708 [INFO] IPUIPlugin:80 - create IPUIPlugin
2024-10-18 09:33:08,708 [INFO] PluginManager:220 - loadIPPluginJar : add ddr_ctrl_phy
2024-10-18 09:33:08,732 [INFO] IPUIPlugin:80 - create IPUIPlugin
2024-10-18 09:33:08,732 [INFO] PluginManager:220 - loadIPPluginJar : add dfsdm
2024-10-18 09:33:08,747 [INFO] IPUIPlugin:80 - create IPUIPlugin
2024-10-18 09:33:08,749 [INFO] PluginManager:220 - loadIPPluginJar : add dma
2024-10-18 09:33:08,755 [INFO] IPUIPlugin:80 - create IPUIPlugin
2024-10-18 09:33:08,755 [INFO] PluginManager:220 - loadIPPluginJar : add dma3
2024-10-18 09:33:08,763 [INFO] IPUIPlugin:80 - create IPUIPlugin
2024-10-18 09:33:08,764 [INFO] PluginManager:220 - loadIPPluginJar : add extmemmanager
2024-10-18 09:33:08,769 [INFO] IPUIPlugin:80 - create IPUIPlugin
2024-10-18 09:33:08,769 [INFO] PluginManager:220 - loadIPPluginJar : add fatfs
2024-10-18 09:33:08,782 [INFO] IPUIPlugin:80 - create IPUIPlugin
2024-10-18 09:33:08,783 [INFO] PluginManager:220 - loadIPPluginJar : add fmc
2024-10-18 09:33:08,798 [INFO] IPUIPlugin:80 - create IPUIPlugin
2024-10-18 09:33:08,798 [INFO] PluginManager:220 - loadIPPluginJar : add freertos
2024-10-18 09:33:08,802 [INFO] IPUIPlugin:80 - create IPUIPlugin
2024-10-18 09:33:08,802 [INFO] PluginManager:220 - loadIPPluginJar : add genericplugin
2024-10-18 09:33:08,807 [INFO] IPUIPlugin:80 - create IPUIPlugin
2024-10-18 09:33:08,808 [INFO] PluginManager:220 - loadIPPluginJar : add gfxmmu
2024-10-18 09:33:08,822 [INFO] IPUIPlugin:80 - create IPUIPlugin
2024-10-18 09:33:08,823 [INFO] PluginManager:220 - loadIPPluginJar : add gic
2024-10-18 09:33:08,838 [INFO] IPUIPlugin:80 - create IPUIPlugin
2024-10-18 09:33:08,838 [INFO] PluginManager:220 - loadIPPluginJar : add gpio
2024-10-18 09:33:08,850 [INFO] IPUIPlugin:80 - create IPUIPlugin
2024-10-18 09:33:08,850 [INFO] PluginManager:220 - loadIPPluginJar : add gtzc
2024-10-18 09:33:08,857 [INFO] IPUIPlugin:80 - create IPUIPlugin
2024-10-18 09:33:08,858 [INFO] PluginManager:220 - loadIPPluginJar : add hash
2024-10-18 09:33:08,865 [INFO] IPUIPlugin:80 - create IPUIPlugin
2024-10-18 09:33:08,865 [INFO] PluginManager:220 - loadIPPluginJar : add i2c
2024-10-18 09:33:08,871 [INFO] IPUIPlugin:80 - create IPUIPlugin
2024-10-18 09:33:08,871 [INFO] PluginManager:220 - loadIPPluginJar : add i2s
2024-10-18 09:33:08,878 [INFO] IPUIPlugin:80 - create IPUIPlugin
2024-10-18 09:33:08,878 [INFO] PluginManager:220 - loadIPPluginJar : add i3c
2024-10-18 09:33:08,887 [INFO] IPUIPlugin:80 - create IPUIPlugin
2024-10-18 09:33:08,887 [INFO] PluginManager:220 - loadIPPluginJar : add ipddr
2024-10-18 09:33:08,905 [INFO] IPUIPlugin:80 - create IPUIPlugin
2024-10-18 09:33:08,907 [INFO] PluginManager:220 - loadIPPluginJar : add linkedlist
2024-10-18 09:33:08,917 [INFO] IPUIPlugin:80 - create IPUIPlugin
2024-10-18 09:33:08,917 [INFO] PluginManager:220 - loadIPPluginJar : add lorawan
2024-10-18 09:33:08,927 [INFO] IPUIPlugin:80 - create IPUIPlugin
2024-10-18 09:33:08,927 [INFO] PluginManager:220 - loadIPPluginJar : add ltdc
2024-10-18 09:33:08,941 [INFO] IPUIPlugin:80 - create IPUIPlugin
2024-10-18 09:33:08,941 [INFO] PluginManager:220 - loadIPPluginJar : add mdma
2024-10-18 09:33:08,961 [INFO] IPUIPlugin:80 - create IPUIPlugin
2024-10-18 09:33:08,961 [INFO] PluginManager:220 - loadIPPluginJar : add nvic
2024-10-18 09:33:08,970 [INFO] IPUIPlugin:80 - create IPUIPlugin
2024-10-18 09:33:08,970 [INFO] PluginManager:220 - loadIPPluginJar : add opamp
2024-10-18 09:33:08,983 [INFO] IPUIPlugin:80 - create IPUIPlugin
2024-10-18 09:33:08,984 [INFO] PluginManager:220 - loadIPPluginJar : add openamp
2024-10-18 09:33:08,991 [INFO] IPUIPlugin:80 - create IPUIPlugin
2024-10-18 09:33:08,992 [INFO] PluginManager:220 - loadIPPluginJar : add pdm2pcm
2024-10-18 09:33:09,006 [INFO] ThirdPartyUpdaterWithRetryManager:70 - Updater plugin not ready yet. [2/15]
2024-10-18 09:33:09,006 [INFO] IPUIPlugin:80 - create IPUIPlugin
2024-10-18 09:33:09,012 [INFO] PluginManager:220 - loadIPPluginJar : add plateformsettings
2024-10-18 09:33:09,017 [INFO] IPUIPlugin:80 - create IPUIPlugin
2024-10-18 09:33:09,017 [INFO] PluginManager:220 - loadIPPluginJar : add quadspi
2024-10-18 09:33:09,021 [INFO] IPUIPlugin:80 - create IPUIPlugin
2024-10-18 09:33:09,024 [INFO] PluginManager:220 - loadIPPluginJar : add radio
2024-10-18 09:33:09,032 [INFO] IPUIPlugin:80 - create IPUIPlugin
2024-10-18 09:33:09,033 [INFO] PluginManager:220 - loadIPPluginJar : add resmgrutility
2024-10-18 09:33:09,042 [INFO] IPUIPlugin:80 - create IPUIPlugin
2024-10-18 09:33:09,043 [INFO] PluginManager:220 - loadIPPluginJar : add sai
2024-10-18 09:33:09,051 [INFO] IPUIPlugin:80 - create IPUIPlugin
2024-10-18 09:33:09,051 [INFO] PluginManager:220 - loadIPPluginJar : add spi
2024-10-18 09:33:09,066 [INFO] IPUIPlugin:80 - create IPUIPlugin
2024-10-18 09:33:09,067 [INFO] PluginManager:220 - loadIPPluginJar : add stm32_wpan
2024-10-18 09:33:09,071 [INFO] IPUIPlugin:80 - create IPUIPlugin
2024-10-18 09:33:09,071 [INFO] PluginManager:220 - loadIPPluginJar : add tim
2024-10-18 09:33:09,081 [INFO] IPUIPlugin:80 - create IPUIPlugin
2024-10-18 09:33:09,082 [INFO] PluginManager:220 - loadIPPluginJar : add touchsensing
2024-10-18 09:33:09,087 [INFO] IPUIPlugin:80 - create IPUIPlugin
2024-10-18 09:33:09,087 [INFO] PluginManager:220 - loadIPPluginJar : add tracer_emb
2024-10-18 09:33:09,091 [INFO] IPUIPlugin:80 - create IPUIPlugin
2024-10-18 09:33:09,092 [INFO] PluginManager:220 - loadIPPluginJar : add ts
2024-10-18 09:33:09,096 [INFO] IPUIPlugin:80 - create IPUIPlugin
2024-10-18 09:33:09,096 [INFO] PluginManager:220 - loadIPPluginJar : add tsc
2024-10-18 09:33:09,101 [INFO] IPUIPlugin:80 - create IPUIPlugin
2024-10-18 09:33:09,101 [INFO] PluginManager:220 - loadIPPluginJar : add ucpd
2024-10-18 09:33:09,107 [INFO] IPUIPlugin:80 - create IPUIPlugin
2024-10-18 09:33:09,108 [INFO] PluginManager:220 - loadIPPluginJar : add usart
2024-10-18 09:33:09,115 [INFO] IPUIPlugin:80 - create IPUIPlugin
2024-10-18 09:33:09,116 [INFO] PluginManager:220 - loadIPPluginJar : add usbx
2024-10-18 09:33:09,457 [INFO] CADModel:165 - CPN selected for project level
2024-10-18 09:33:09,457 [INFO] CADModel:114 - Register for checkConnection events
2024-10-18 09:33:09,458 [FATAL] Updater:334 - Updater called before beeing initialized
2024-10-18 09:33:09,459 [ERROR] CADModel:125 - Updater not yet initialized, retry later 
2024-10-18 09:33:10,113 [INFO] CADModel:165 - CPN selected for project level
2024-10-18 09:33:10,113 [INFO] CADModel:114 - Register for checkConnection events
2024-10-18 09:33:10,113 [FATAL] Updater:334 - Updater called before beeing initialized
2024-10-18 09:33:10,114 [ERROR] CADModel:125 - Updater not yet initialized, retry later 
2024-10-18 09:33:10,124 [FATAL] Updater:334 - Updater called before beeing initialized
2024-10-18 09:33:10,502 [FATAL] Updater:334 - Updater called before beeing initialized
2024-10-18 09:33:10,513 [INFO] DbMcusAds:53 - JSON generation date=Fri Sep 20 18:34:23 IST 2024 (1726837463113)
2024-10-18 09:33:10,513 [FATAL] Updater:334 - Updater called before beeing initialized
2024-10-18 09:33:10,794 [WARN] DetailPanel:346 - Failed to get advertising image, set to default
2024-10-18 09:33:11,331 [FATAL] Updater:334 - Updater called before beeing initialized
2024-10-18 09:33:11,335 [FATAL] Updater:334 - Updater called before beeing initialized
2024-10-18 09:33:11,335 [FATAL] Updater:334 - Updater called before beeing initialized
2024-10-18 09:33:11,335 [WARN] DetailPanel:346 - Failed to get advertising image, set to default
2024-10-18 09:33:11,337 [FATAL] Updater:334 - Updater called before beeing initialized
2024-10-18 09:33:11,577 [ERROR] Updater:1164 - MainUpdater not yet initialized. External WinMGr cannot be set.
2024-10-18 09:33:11,585 [INFO] Updater:1100 - Updater Version found : 6.12.0
2024-10-18 09:33:11,635 [INFO] ApplicationProperties:184 - Using Application install path: C:\ST\STM32CubeIDE_1.16.0\STM32CubeIDE\plugins\com.st.stm32cube.common.mx_6.12.0.202406281431
2024-10-18 09:33:12,025 [INFO] ThirdPartyUpdaterWithRetryManager:70 - Updater plugin not ready yet. [3/15]
2024-10-18 09:33:13,343 [ERROR] LogOutputStream:75 - [STDERR_REDIRECT] Oct 18, 2024 9:33:13 AM java.util.prefs.WindowsPreferences <init>
2024-10-18 09:33:13,351 [ERROR] LogOutputStream:75 - [STDERR_REDIRECT] WARNING: Could not open/create prefs root node Software\JavaSoft\Prefs at root 0xffffffff80000002. Windows RegCreateKeyEx(...) returned error code 5.
2024-10-18 09:33:13,352 [ERROR] LogOutputStream:75 - [STDERR_REDIRECT] 
2024-10-18 09:33:14,537 [INFO] MainUpdater:2873 - connection check result : 10
2024-10-18 09:33:14,539 [INFO] MainUpdater:290 - Updater Check For Update Now.
2024-10-18 09:33:14,539 [INFO] MicroXplorer:498 - Change Database Version : DB.6.0.120
2024-10-18 09:33:14,552 [INFO] McuFinderGlobals:63 - Set McuFinder mode to 2 (CubeIDE integrated)
2024-10-18 09:33:14,556 [INFO] UserAuth:417 - Internet connection configuration mode: 1
2024-10-18 09:33:14,597 [INFO] JxBrowserEngine:152 - Initiate JxBrowser Engine with user profile folder
2024-10-18 09:33:14,997 [INFO] CheckServerUpdateThread:120 - End of CheckServer Thread
2024-10-18 09:33:16,915 [WARN] PackLoader:240 - Cannot read IP mode file for STMicroelectronics.FP-SNS-MOTENVWB1.1.4.0
2024-10-18 09:33:17,195 [WARN] PackLoader:240 - Cannot read IP mode file for STMicroelectronics.X-CUBE-SMBUS.2.1.0
2024-10-18 09:33:17,304 [WARN] PackLoader:240 - Cannot read IP mode file for STMicroelectronics.X-CUBE-WB05N.1.1.0
2024-10-18 09:33:17,576 [WARN] PackLoader:240 - Cannot read IP mode file for STMicroelectronics.X-CUBE-AZRTOS-F7.1.1.0
2024-10-18 09:33:18,058 [WARN] PackLoader:240 - Cannot read IP mode file for STMicroelectronics.X-CUBE-MEMS1.11.0.0
2024-10-18 09:33:18,264 [INFO] WebApp:167 - Instantiating new browser for Auth
2024-10-18 09:33:19,316 [WARN] PackLoader:240 - Cannot read IP mode file for STMicroelectronics.FP-SNS-FLIGHT1.5.0.2
2024-10-18 09:33:19,375 [WARN] PackLoader:240 - Cannot read IP mode file for STMicroelectronics.X-CUBE-DISPLAY.3.0.0
2024-10-18 09:33:19,400 [WARN] PackLoader:240 - Cannot read IP mode file for STMicroelectronics.X-CUBE-BLE1.7.0.0
2024-10-18 09:33:19,417 [WARN] PackLoader:240 - Cannot read IP mode file for STMicroelectronics.X-CUBE-NFC10.1.0.0
2024-10-18 09:33:19,448 [WARN] PackLoader:240 - Cannot read IP mode file for emotas.I-CUBE-CANOPEN.1.3.0
2024-10-18 09:33:19,480 [WARN] PackLoader:240 - Cannot read IP mode file for STMicroelectronics.X-CUBE-BLEMGR.3.1.0
2024-10-18 09:33:19,497 [WARN] PackLoader:240 - Cannot read IP mode file for STMicroelectronics.FP-SNS-SMARTAG2.1.2.0
2024-10-18 09:33:19,525 [INFO] LogOutputStream:77 - [STDOUT_REDIRECT] 1 : Invalid condition id : UX_CORESTACK_Condition cause : null
2024-10-18 09:33:19,527 [INFO] LogOutputStream:77 - [STDOUT_REDIRECT] 1 : Invalid condition id : UX_CORESTACK_Condition cause : null
2024-10-18 09:33:19,533 [INFO] LogOutputStream:77 - [STDOUT_REDIRECT] 1 : Invalid condition id : UX_CORESTACK_Condition cause : null
2024-10-18 09:33:19,538 [INFO] LogOutputStream:77 - [STDOUT_REDIRECT] 1 : Invalid condition id : UX_CORESTACK_Condition cause : null
2024-10-18 09:33:19,541 [INFO] LogOutputStream:77 - [STDOUT_REDIRECT] 1 : Invalid condition id : UX_CORESTACK_Condition cause : null
2024-10-18 09:33:19,556 [WARN] PackLoader:240 - Cannot read IP mode file for STMicroelectronics.X-CUBE-AZRTOS-WL.2.0.0
2024-10-18 09:33:19,573 [WARN] PackLoader:240 - Cannot read IP mode file for STMicroelectronics.FP-SNS-MOTENV1.5.0.0
2024-10-18 09:33:19,589 [WARN] PackLoader:240 - Cannot read IP mode file for wolfSSL.I-CUBE-wolfMQTT.1.19.0
2024-10-18 09:33:19,616 [WARN] PackLoader:240 - Cannot read IP mode file for WES.I-CUBE-Cesium.1.3.0
2024-10-18 09:33:19,631 [WARN] PackLoader:240 - Cannot read IP mode file for STMicroelectronics.X-CUBE-BLE2.3.3.0
2024-10-18 09:33:19,660 [WARN] PackLoader:240 - Cannot read IP mode file for STMicroelectronics.X-CUBE-NFC9.1.0.0
2024-10-18 09:33:19,686 [WARN] PackLoader:240 - Cannot read IP mode file for STMicroelectronics.X-CUBE-TCPP.4.1.0
2024-10-18 09:33:19,792 [WARN] PackLoader:240 - Cannot read IP mode file for STMicroelectronics.X-CUBE-AZRTOS-G0.1.1.0
2024-10-18 09:33:19,841 [WARN] PackLoader:240 - Cannot read IP mode file for STMicroelectronics.X-CUBE-SAFEA1.1.2.2
2024-10-18 09:33:19,856 [WARN] PackLoader:240 - Cannot read IP mode file for STMicroelectronics.X-CUBE-NFC4.3.0.0
2024-10-18 09:33:19,888 [WARN] PackLoader:240 - Cannot read IP mode file for EmbeddedOffice.I-CUBE-FS-RTOS.1.0.1
2024-10-18 09:33:19,889 [ERROR] ConditionMgr:805 - Attr not supported : Dmpu
2024-10-18 09:33:19,889 [ERROR] ConditionMgr:805 - Attr not supported : Dmpu
2024-10-18 09:33:19,890 [ERROR] ConditionMgr:805 - Attr not supported : Dmpu
2024-10-18 09:33:19,890 [ERROR] ConditionMgr:805 - Attr not supported : Dmpu
2024-10-18 09:33:19,890 [ERROR] ConditionMgr:805 - Attr not supported : Dmpu
2024-10-18 09:33:19,890 [ERROR] ConditionMgr:805 - Attr not supported : Dmpu
2024-10-18 09:33:19,891 [ERROR] ConditionMgr:805 - Attr not supported : Dmpu
2024-10-18 09:33:19,891 [ERROR] ConditionMgr:805 - Attr not supported : Dmpu
2024-10-18 09:33:19,892 [ERROR] ConditionMgr:805 - Attr not supported : Dmpu
2024-10-18 09:33:19,893 [ERROR] ConditionMgr:805 - Attr not supported : Dmpu
2024-10-18 09:33:19,893 [ERROR] ConditionMgr:805 - Attr not supported : Dmpu
2024-10-18 09:33:19,893 [ERROR] ConditionMgr:805 - Attr not supported : Dmpu
2024-10-18 09:33:19,895 [ERROR] ConditionMgr:805 - Attr not supported : Dmpu
2024-10-18 09:33:19,895 [ERROR] ConditionMgr:805 - Attr not supported : Dmpu
2024-10-18 09:33:19,895 [ERROR] ConditionMgr:805 - Attr not supported : Dmpu
2024-10-18 09:33:19,895 [ERROR] ConditionMgr:805 - Attr not supported : Dmpu
2024-10-18 09:33:19,895 [ERROR] ConditionMgr:805 - Attr not supported : Dmpu
2024-10-18 09:33:19,896 [ERROR] ConditionMgr:805 - Attr not supported : Dmpu
2024-10-18 09:33:19,896 [ERROR] ConditionMgr:805 - Attr not supported : Dmpu
2024-10-18 09:33:19,896 [ERROR] ConditionMgr:805 - Attr not supported : Dmpu
2024-10-18 09:33:19,896 [ERROR] ConditionMgr:805 - Attr not supported : Dmpu
2024-10-18 09:33:19,896 [ERROR] ConditionMgr:805 - Attr not supported : Dmpu
2024-10-18 09:33:19,896 [ERROR] ConditionMgr:805 - Attr not supported : Dmpu
2024-10-18 09:33:19,896 [ERROR] ConditionMgr:805 - Attr not supported : Dmpu
2024-10-18 09:33:19,900 [ERROR] ConditionMgr:805 - Attr not supported : Dmpu
2024-10-18 09:33:19,900 [ERROR] ConditionMgr:805 - Attr not supported : Dmpu
2024-10-18 09:33:19,900 [ERROR] ConditionMgr:805 - Attr not supported : Dmpu
2024-10-18 09:33:19,901 [ERROR] ConditionMgr:805 - Attr not supported : Dmpu
2024-10-18 09:33:19,901 [ERROR] ConditionMgr:805 - Attr not supported : Dmpu
2024-10-18 09:33:19,901 [ERROR] ConditionMgr:805 - Attr not supported : Dmpu
2024-10-18 09:33:19,902 [ERROR] ConditionMgr:805 - Attr not supported : Dmpu
2024-10-18 09:33:19,902 [ERROR] ConditionMgr:805 - Attr not supported : Dmpu
2024-10-18 09:33:19,902 [ERROR] ConditionMgr:805 - Attr not supported : Dmpu
2024-10-18 09:33:19,902 [ERROR] ConditionMgr:805 - Attr not supported : Dmpu
2024-10-18 09:33:19,902 [ERROR] ConditionMgr:805 - Attr not supported : Dmpu
2024-10-18 09:33:19,902 [ERROR] ConditionMgr:805 - Attr not supported : Dmpu
2024-10-18 09:33:19,903 [ERROR] ConditionMgr:805 - Attr not supported : Dmpu
2024-10-18 09:33:19,903 [ERROR] ConditionMgr:805 - Attr not supported : Dmpu
2024-10-18 09:33:19,903 [ERROR] ConditionMgr:805 - Attr not supported : Dmpu
2024-10-18 09:33:19,903 [ERROR] ConditionMgr:805 - Attr not supported : Dmpu
2024-10-18 09:33:19,903 [ERROR] ConditionMgr:805 - Attr not supported : Dmpu
2024-10-18 09:33:19,904 [ERROR] ConditionMgr:805 - Attr not supported : Dmpu
2024-10-18 09:33:19,904 [ERROR] ConditionMgr:805 - Attr not supported : Dmpu
2024-10-18 09:33:19,904 [ERROR] ConditionMgr:805 - Attr not supported : Dmpu
2024-10-18 09:33:19,904 [ERROR] ConditionMgr:805 - Attr not supported : Dmpu
2024-10-18 09:33:19,904 [ERROR] ConditionMgr:805 - Attr not supported : Dmpu
2024-10-18 09:33:19,904 [ERROR] ConditionMgr:805 - Attr not supported : Dmpu
2024-10-18 09:33:19,905 [ERROR] ConditionMgr:805 - Attr not supported : Dmpu
2024-10-18 09:33:19,905 [ERROR] ConditionMgr:805 - Attr not supported : Dmpu
2024-10-18 09:33:19,907 [ERROR] ConditionMgr:805 - Attr not supported : Dmpu
2024-10-18 09:33:19,907 [ERROR] ConditionMgr:805 - Attr not supported : Dmpu
2024-10-18 09:33:19,908 [ERROR] ConditionMgr:805 - Attr not supported : Dmpu
2024-10-18 09:33:19,908 [ERROR] ConditionMgr:805 - Attr not supported : Dmpu
2024-10-18 09:33:19,908 [ERROR] ConditionMgr:805 - Attr not supported : Dmpu
2024-10-18 09:33:19,908 [ERROR] ConditionMgr:805 - Attr not supported : Dmpu
2024-10-18 09:33:19,909 [ERROR] ConditionMgr:805 - Attr not supported : Dmpu
2024-10-18 09:33:19,909 [ERROR] ConditionMgr:805 - Attr not supported : Dmpu
2024-10-18 09:33:19,909 [ERROR] ConditionMgr:805 - Attr not supported : Dmpu
2024-10-18 09:33:19,909 [ERROR] ConditionMgr:805 - Attr not supported : Dmpu
2024-10-18 09:33:19,909 [ERROR] ConditionMgr:805 - Attr not supported : Dmpu
2024-10-18 09:33:19,910 [ERROR] ConditionMgr:805 - Attr not supported : Dmpu
2024-10-18 09:33:19,910 [ERROR] ConditionMgr:805 - Attr not supported : Dmpu
2024-10-18 09:33:19,911 [ERROR] ConditionMgr:805 - Attr not supported : Dmpu
2024-10-18 09:33:19,912 [ERROR] ConditionMgr:805 - Attr not supported : Dmpu
2024-10-18 09:33:19,946 [WARN] PackLoader:240 - Cannot read IP mode file for RealThread.X-CUBE-RT-Thread_Nano.4.1.1
2024-10-18 09:33:19,962 [WARN] PackLoader:240 - Cannot read IP mode file for STMicroelectronics.FP-ATR-SIGFOX1.3.2.0
2024-10-18 09:33:19,972 [WARN] PackLoader:240 - Cannot read IP mode file for wolfSSL.I-CUBE-wolfSSL.5.7.2
2024-10-18 09:33:19,985 [WARN] PackLoader:240 - Cannot read IP mode file for STMicroelectronics.X-CUBE-EEPRMA1.5.1.0
2024-10-18 09:33:20,004 [WARN] PackLoader:240 - Cannot read IP mode file for ITTIA_DB.I-CUBE-ITTIADB.8.9.0
2024-10-18 09:33:20,080 [WARN] PackLoader:240 - Cannot read IP mode file for SEGGER.I-CUBE-embOS.1.3.1
2024-10-18 09:33:20,333 [WARN] PackLoader:240 - Cannot read IP mode file for STMicroelectronics.X-CUBE-ALGOBUILD.1.4.0
2024-10-18 09:33:20,347 [WARN] PackLoader:240 - Cannot read IP mode file for STMicroelectronics.X-CUBE-AI.9.1.0
2024-10-18 09:33:20,368 [WARN] PackLoader:240 - Cannot read IP mode file for STMicroelectronics.X-CUBE-GNSS1.6.0.0
2024-10-18 09:33:20,521 [WARN] PackLoader:240 - Cannot read IP mode file for STMicroelectronics.X-CUBE-AZRTOS-F4.1.1.0
2024-10-18 09:33:20,538 [WARN] PackLoader:240 - Cannot read IP mode file for STMicroelectronics.X-CUBE-ISPU.2.1.0
2024-10-18 09:33:20,579 [WARN] PackLoader:240 - Cannot read IP mode file for STMicroelectronics.X-CUBE-FREERTOS.1.2.0
2024-10-18 09:33:20,624 [WARN] PackLoader:240 - Cannot read IP mode file for STMicroelectronics.X-CUBE-AZRTOS-L5.2.0.0
2024-10-18 09:33:20,644 [WARN] PackLoader:240 - Cannot read IP mode file for STMicroelectronics.X-CUBE-NFC6.3.1.0
2024-10-18 09:33:20,661 [WARN] PackLoader:240 - Cannot read IP mode file for STMicroelectronics.X-CUBE-DPower.1.2.0
2024-10-18 09:33:20,668 [WARN] PackLoader:240 - Cannot read IP mode file for STMicroelectronics.X-CUBE-AI.9.0.0
2024-10-18 09:33:20,680 [WARN] PackLoader:240 - Cannot read IP mode file for STMicroelectronics.X-CUBE-NFC7.1.0.1
2024-10-18 09:33:20,689 [WARN] PackLoader:240 - Cannot read IP mode file for wolfSSL.I-CUBE-wolfTPM.3.2.0
2024-10-18 09:33:20,748 [WARN] ConditionMgr:438 - getConditionDescription Invalid condition id : LAN8742 Phy interface Condition cause : null
2024-10-18 09:33:20,752 [WARN] PackLoader:240 - Cannot read IP mode file for STMicroelectronics.X-CUBE-AZRTOS-L4.2.0.0
2024-10-18 09:33:20,760 [WARN] ConditionMgr:1039 - genDependencies : Invalid condition id : LAN8742 Phy interface Condition cause : null
2024-10-18 09:33:20,762 [WARN] ConditionMgr:1039 - genDependencies : Invalid condition id : LAN8742 Phy interface Condition cause : null
2024-10-18 09:33:20,763 [WARN] ConditionMgr:1039 - genDependencies : Invalid condition id : LAN8742 Phy interface Condition cause : null
2024-10-18 09:33:20,798 [WARN] PackLoader:240 - Cannot read IP mode file for STMicroelectronics.X-CUBE-SFXS2LP1.4.0.0
2024-10-18 09:33:20,812 [INFO] WebApp:448 - Apply proxy settings
2024-10-18 09:33:20,813 [INFO] WebApp:533 - Chromium requires no authentication
2024-10-18 09:33:20,841 [INFO] WebApp:476 - Direct internet connection detected
2024-10-18 09:33:20,883 [WARN] PackLoader:240 - Cannot read IP mode file for STMicroelectronics.X-CUBE-AZRTOS-H7.3.3.0
2024-10-18 09:33:20,913 [INFO] WebApp:869 - Register for checkConnection events
2024-10-18 09:33:20,913 [INFO] WebApp:448 - Apply proxy settings
2024-10-18 09:33:20,914 [INFO] WebApp:533 - Chromium requires no authentication
2024-10-18 09:33:20,915 [INFO] WebApp:476 - Direct internet connection detected
2024-10-18 09:33:20,918 [WARN] PackLoader:240 - Cannot read IP mode file for STMicroelectronics.X-CUBE-IPS.3.0.0
2024-10-18 09:33:20,960 [WARN] ConditionMgr:438 - getConditionDescription Invalid condition id : UX DEVICE CLASS RTOS Condition cause : null
2024-10-18 09:33:20,960 [WARN] ConditionMgr:438 - getConditionDescription Invalid condition id : UX DEVICE CLASS RTOS Condition cause : null
2024-10-18 09:33:20,965 [WARN] PackLoader:240 - Cannot read IP mode file for STMicroelectronics.X-CUBE-AZRTOS-WB.2.0.0
2024-10-18 09:33:20,966 [WARN] ConditionMgr:1039 - genDependencies : Invalid condition id : UX DEVICE CLASS RTOS Condition cause : null
2024-10-18 09:33:20,967 [WARN] ConditionMgr:1039 - genDependencies : Invalid condition id : UX DEVICE CLASS RTOS Condition cause : null
2024-10-18 09:33:20,968 [WARN] ConditionMgr:1039 - genDependencies : Invalid condition id : UX DEVICE CLASS RTOS Condition cause : null
2024-10-18 09:33:20,970 [WARN] ConditionMgr:1039 - genDependencies : Invalid condition id : UX DEVICE CLASS RTOS Condition cause : null
2024-10-18 09:33:20,970 [WARN] ConditionMgr:1039 - genDependencies : Invalid condition id : UX DEVICE CLASS RTOS Condition cause : null
2024-10-18 09:33:20,981 [WARN] PackLoader:240 - Cannot read IP mode file for STMicroelectronics.X-CUBE-GNSS1.7.0.0
2024-10-18 09:33:20,998 [WARN] PackLoader:240 - Cannot read IP mode file for STMicroelectronics.FP-SNS-STBOX1.2.0.0
2024-10-18 09:33:21,028 [WARN] PackLoader:240 - Cannot read IP mode file for STMicroelectronics.X-CUBE-SUBG2.5.0.0
2024-10-18 09:33:21,114 [WARN] PackLoader:240 - Cannot read IP mode file for Cesanta.I-CUBE-Mongoose.7.13.0
2024-10-18 09:33:21,148 [WARN] PackLoader:240 - Cannot read IP mode file for STMicroelectronics.X-CUBE-AZRTOS-G4.2.0.0
2024-10-18 09:33:21,161 [WARN] PackLoader:240 - Cannot read IP mode file for STMicroelectronics.X-CUBE-ISPU.2.0.0
2024-10-18 09:33:21,170 [WARN] PackLoader:240 - Cannot read IP mode file for STMicroelectronics.X-CUBE-ALS.1.0.2
2024-10-18 09:33:21,323 [WARN] PackLoader:240 - Cannot read IP mode file for STMicroelectronics.X-CUBE-MEMS1.10.0.0
2024-10-18 09:33:21,547 [INFO] WebApp:186 - Connection restablished
2024-10-18 09:33:21,563 [INFO] WebApp:220 - Starting web application
2024-10-18 09:33:21,564 [INFO] WebApp:578 - Web application path used C:\ST\STM32CubeIDE_1.16.0\STM32CubeIDE\plugins\com.st.stm32cube.common.mx_6.12.0.202406281431\db\plugins\mcufinder\reactClient1\index.html
2024-10-18 09:33:21,995 [INFO] UserAuth:417 - Internet connection configuration mode: 1
2024-10-18 09:33:22,034 [WARN] PackLoader:240 - Cannot read IP mode file for STMicroelectronics.X-CUBE-TOUCHGFX.4.24.0
2024-10-18 09:33:22,043 [WARN] PackLoader:240 - Cannot read IP mode file for STMicroelectronics.X-CUBE-TOUCHGFX.4.24.1
2024-10-18 09:33:22,068 [WARN] PackLoader:240 - Cannot read IP mode file for portGmbH.I-Cube-SoM-uGOAL.1.1.0
2024-10-18 09:33:22,136 [WARN] PackLoader:240 - Cannot read IP mode file for STMicroelectronics.X-CUBE-AZRTOS-H7RS.1.0.0
2024-10-18 09:33:22,220 [WARN] PackLoader:240 - Cannot read IP mode file for STMicroelectronics.FP-ATR-ASTRA1.2.0.0
2024-10-18 09:33:22,293 [WARN] PackLoader:240 - Cannot read IP mode file for STMicroelectronics.X-CUBE-TOF1.3.4.2
2024-10-18 09:33:22,402 [WARN] PackLoader:240 - Cannot read IP mode file for Infineon.AIROC-Wi-Fi-Bluetooth-STM32.1.6.1
2024-10-18 09:33:22,425 [WARN] PackLoader:240 - Cannot read IP mode file for wolfSSL.I-CUBE-wolfSSH.1.4.17
2024-10-18 09:33:22,426 [INFO] ThirdParty:978 - Integrity check success = true
2024-10-18 09:33:22,426 [INFO] IntegrityCheckThread:100 - exiting critical section [integrity check]
2024-10-18 09:33:22,426 [INFO] IntegrityCheckThread:103 - End integrity checks thread
2024-10-18 09:33:34,064 [INFO] WebApp:189 - Connection lost
2024-10-18 09:33:34,652 [INFO] WebApp:186 - Connection restablished
2024-10-18 09:56:46,889 [ERROR] LogOutputStream:75 - [STDERR_REDIRECT] 
2024-10-18 09:56:46,890 [ERROR] LogOutputStream:75 - [STDERR_REDIRECT] 
2024-10-18 09:56:59,363 [INFO] Activator:176 - 


2024-10-18 09:56:59,365 [INFO] Activator:177 - !SESSION log4j initialized
2024-10-18 09:57:04,555 [INFO] LogOutputStream:77 - [STDOUT_REDIRECT] 
2024-10-18 09:57:05,976 [INFO] ApplicationProperties:184 - Using Application install path: C:\ST\STM32CubeIDE_1.16.0\STM32CubeIDE\plugins\com.st.stm32cube.common.mx_6.12.0.202406281431
2024-10-18 09:57:05,996 [INFO] DbMcusXml:78 - Set database path to: C:\ST\STM32CubeIDE_1.16.0\STM32CubeIDE\plugins\com.st.stm32cube.common.mx_6.12.0.202406281431\\db\/mcu/
2024-10-18 09:57:05,996 [INFO] ApiDb:274 - Set plugin database path to: C:\ST\STM32CubeIDE_1.16.0\STM32CubeIDE\plugins\com.st.stm32cube.common.mx_6.12.0.202406281431\\db\/plugins/boardmanager/
2024-10-18 09:57:05,998 [WARN] ApiDb:259 - Overriding images path with different value:  => C:\ST\STM32CubeIDE_1.16.0\STM32CubeIDE\plugins\com.st.stm32cube.common.mx_6.12.0.202406281431\\db\/plugins/mcufinder/images/
2024-10-18 09:57:06,003 [INFO] ApiDb:250 - Set database path to: C:\Users\kunfu\.stmcufinder\plugins\mcufinder//mcu/
2024-10-18 09:57:06,004 [INFO] DbMcusAds:125 - Set database path to: C:\Users\kunfu\.stmcufinder\plugins\mcufinder//mcu/
2024-10-18 09:57:06,007 [INFO] CrossReferenceDbSqlite:203 - Set database path to: C:\Users\kunfu\.stmcufinder\plugins\mcufinder//mcu/cs/
2024-10-18 09:57:06,130 [INFO] RulesReader:64 - Compatibility file has been processed (297 Rules)
2024-10-18 09:57:06,215 [INFO] DbMcusXml:78 - Set database path to: C:\ST\STM32CubeIDE_1.16.0\STM32CubeIDE\plugins\com.st.stm32cube.common.mx_6.12.0.202406281431\\db\/mcu/
2024-10-18 09:57:06,215 [INFO] ApiDb:274 - Set plugin database path to: C:\ST\STM32CubeIDE_1.16.0\STM32CubeIDE\plugins\com.st.stm32cube.common.mx_6.12.0.202406281431\\db\/plugins/boardmanager/
2024-10-18 09:57:06,215 [INFO] ApiDb:261 - Set plugin images path to: C:\ST\STM32CubeIDE_1.16.0\STM32CubeIDE\plugins\com.st.stm32cube.common.mx_6.12.0.202406281431\\db\/plugins/mcufinder/images/
2024-10-18 09:57:06,215 [WARN] DbFile:41 - Overriding database path with different value: C:\Users\kunfu\.stmcufinder\plugins\mcufinder/ => C:\Users\kunfu\.stmcufinder\plugins\mcufinder
2024-10-18 09:57:06,215 [INFO] ApiDb:250 - Set database path to: C:\Users\kunfu\.stmcufinder\plugins\mcufinder//mcu/
2024-10-18 09:57:06,216 [WARN] DbFile:41 - Overriding database path with different value: C:\Users\kunfu\.stmcufinder\plugins\mcufinder/ => C:\Users\kunfu\.stmcufinder\plugins\mcufinder
2024-10-18 09:57:06,216 [INFO] DbMcusAds:125 - Set database path to: C:\Users\kunfu\.stmcufinder\plugins\mcufinder//mcu/
2024-10-18 09:57:06,216 [WARN] DbFile:41 - Overriding database path with different value: C:\Users\kunfu\.stmcufinder\plugins\mcufinder/ => C:\Users\kunfu\.stmcufinder\plugins\mcufinder
2024-10-18 09:57:06,216 [WARN] DbFile:41 - Overriding database path with different value: C:\Users\kunfu\.stmcufinder\plugins\mcufinder/ => C:\Users\kunfu\.stmcufinder\plugins\mcufinder
2024-10-18 09:57:06,216 [INFO] CrossReferenceDbSqlite:203 - Set database path to: C:\Users\kunfu\.stmcufinder\plugins\mcufinder//mcu/cs/
2024-10-18 09:57:06,313 [INFO] MainPanel:268 - HeapMemory: 268435456
2024-10-18 09:57:06,445 [INFO] DbMcusXml:78 - Set database path to: C:\ST\STM32CubeIDE_1.16.0\STM32CubeIDE\plugins\com.st.stm32cube.common.mx_6.12.0.202406281431\\db\/mcu/
2024-10-18 09:57:06,445 [INFO] ApiDb:274 - Set plugin database path to: C:\ST\STM32CubeIDE_1.16.0\STM32CubeIDE\plugins\com.st.stm32cube.common.mx_6.12.0.202406281431\\db\/plugins/boardmanager/
2024-10-18 09:57:06,445 [INFO] ApiDb:261 - Set plugin images path to: C:\ST\STM32CubeIDE_1.16.0\STM32CubeIDE\plugins\com.st.stm32cube.common.mx_6.12.0.202406281431\\db\/plugins/mcufinder/images/
2024-10-18 09:57:06,447 [WARN] DbFile:41 - Overriding database path with different value: C:\Users\kunfu\.stmcufinder\plugins\mcufinder/ => C:\Users\kunfu\.stmcufinder\plugins\mcufinder
2024-10-18 09:57:06,447 [INFO] ApiDb:250 - Set database path to: C:\Users\kunfu\.stmcufinder\plugins\mcufinder//mcu/
2024-10-18 09:57:06,447 [WARN] DbFile:41 - Overriding database path with different value: C:\Users\kunfu\.stmcufinder\plugins\mcufinder/ => C:\Users\kunfu\.stmcufinder\plugins\mcufinder
2024-10-18 09:57:06,447 [INFO] DbMcusAds:125 - Set database path to: C:\Users\kunfu\.stmcufinder\plugins\mcufinder//mcu/
2024-10-18 09:57:06,447 [WARN] DbFile:41 - Overriding database path with different value: C:\Users\kunfu\.stmcufinder\plugins\mcufinder/ => C:\Users\kunfu\.stmcufinder\plugins\mcufinder
2024-10-18 09:57:06,447 [WARN] DbFile:41 - Overriding database path with different value: C:\Users\kunfu\.stmcufinder\plugins\mcufinder/ => C:\Users\kunfu\.stmcufinder\plugins\mcufinder
2024-10-18 09:57:06,447 [INFO] CrossReferenceDbSqlite:203 - Set database path to: C:\Users\kunfu\.stmcufinder\plugins\mcufinder//mcu/cs/
2024-10-18 09:57:06,466 [INFO] ApplicationProperties:184 - Using Application install path: C:\ST\STM32CubeIDE_1.16.0\STM32CubeIDE\plugins\com.st.stm32cube.common.mx_6.12.0.202406281431
2024-10-18 09:57:06,467 [INFO] PluginManage:196 - Search for loadable plugins [exclusion list=, ]
2024-10-18 09:57:06,469 [INFO] PluginManage:310 - Check plugin analytics
2024-10-18 09:57:06,638 [INFO] AnalyticsPlugin:253 - Accepted Software Licenses: 
2024-10-18 09:57:06,638 [INFO] AnalyticsPlugin:255 - Accepted CMSIS Pack Licenses: 
2024-10-18 09:57:06,638 [INFO] AnalyticsPlugin:257 - Accepted Firmware Licenses: FW.L4.1.18.0
2024-10-18 09:57:06,642 [INFO] PluginManage:359 - Loaded plugin analytics (category:tool,tabindex:-1)
2024-10-18 09:57:06,642 [INFO] PluginManage:310 - Check plugin cadmodel
2024-10-18 09:57:06,647 [INFO] CADModel:105 - Init CAD model plugin
2024-10-18 09:57:06,647 [INFO] PluginManage:359 - Loaded plugin cadmodel (category:power,tabindex:5)
2024-10-18 09:57:06,647 [INFO] PluginManage:310 - Check plugin clock
2024-10-18 09:57:06,658 [INFO] PluginManage:359 - Loaded plugin clock (category:base,tabindex:2)
2024-10-18 09:57:06,658 [INFO] PluginManage:310 - Check plugin ddr
2024-10-18 09:57:06,662 [INFO] PluginManage:359 - Loaded plugin ddr (category:tool,tabindex:6)
2024-10-18 09:57:06,662 [INFO] PluginManage:310 - Check plugin filemanager
2024-10-18 09:57:06,826 [INFO] PluginManage:359 - Loaded plugin filemanager (category:base,tabindex:10)
2024-10-18 09:57:06,826 [INFO] PluginManage:310 - Check plugin ipmanager
2024-10-18 09:57:06,834 [INFO] PluginManage:359 - Loaded plugin ipmanager (category:base,tabindex:5)
2024-10-18 09:57:06,834 [INFO] PluginManage:310 - Check plugin lpbam
2024-10-18 09:57:06,842 [INFO] PluginManage:359 - Loaded plugin lpbam (category:base,tabindex:0)
2024-10-18 09:57:06,842 [INFO] PluginManage:310 - Check plugin memorymap
2024-10-18 09:57:06,861 [INFO] PluginManage:359 - Loaded plugin memorymap (category:base,tabindex:4)
2024-10-18 09:57:06,861 [INFO] PluginManage:310 - Check plugin pinoutandconfiguration
2024-10-18 09:57:06,868 [INFO] PluginManage:359 - Loaded plugin pinoutandconfiguration (category:base,tabindex:1)
2024-10-18 09:57:06,868 [INFO] PluginManage:310 - Check plugin pinoutconfig
2024-10-18 09:57:06,960 [WARN] SupportedApi:132 - Cannot load RTOS API schema: s4s-elt-must-match.1: The content of 'definitions' must match (annotation?, (simpleType | complexType)?, (unique | key | keyref)*)). A problem was found starting at: attribute.
2024-10-18 09:57:07,114 [INFO] PluginManage:359 - Loaded plugin pinoutconfig (category:base,tabindex:0)
2024-10-18 09:57:07,114 [INFO] PluginManage:310 - Check plugin power
2024-10-18 09:57:07,125 [INFO] PluginManage:359 - Loaded plugin power (category:power,tabindex:4)
2024-10-18 09:57:07,125 [INFO] PluginManage:310 - Check plugin projectmanager
2024-10-18 09:57:07,143 [INFO] PluginManage:359 - Loaded plugin projectmanager (category:projectmanager,tabindex:4)
2024-10-18 09:57:07,144 [INFO] PluginManage:310 - Check plugin rif
2024-10-18 09:57:07,150 [INFO] PluginManage:359 - Loaded plugin rif (category:base,tabindex:3)
2024-10-18 09:57:07,150 [INFO] PluginManage:310 - Check plugin thirdparty
2024-10-18 09:57:07,293 [INFO] PluginManage:359 - Loaded plugin thirdparty (category:base,tabindex:-1)
2024-10-18 09:57:07,293 [WARN] IntegrityCheckThread:84 - waiting for thirdparty lock release [integrity check]
2024-10-18 09:57:07,293 [INFO] PluginManage:310 - Check plugin tools
2024-10-18 09:57:07,293 [INFO] IntegrityCheckThread:86 - entering critical section [integrity check]
2024-10-18 09:57:07,294 [INFO] ThirdPartyUpdaterWithRetryManager:70 - Updater plugin not ready yet. [1/15]
2024-10-18 09:57:07,297 [INFO] PluginManage:359 - Loaded plugin tools (category:base,tabindex:7)
2024-10-18 09:57:07,298 [INFO] PluginManage:310 - Check plugin tutovideos
2024-10-18 09:57:07,531 [INFO] PluginManage:359 - Loaded plugin tutovideos (category:base,tabindex:-1)
2024-10-18 09:57:07,531 [INFO] PluginManage:310 - Check plugin updater
2024-10-18 09:57:07,547 [INFO] PluginManage:359 - Loaded plugin updater (category:base,tabindex:12)
2024-10-18 09:57:07,548 [INFO] PluginManage:310 - Check plugin userauth
2024-10-18 09:57:07,553 [INFO] UserAuth:113 - Init User Auth plugin
2024-10-18 09:57:07,554 [INFO] PluginManage:359 - Loaded plugin userauth (category:base,tabindex:14)
2024-10-18 09:57:07,554 [INFO] PluginManage:283 - PluginManage : Loaded plugins [18]
2024-10-18 09:57:07,839 [INFO] PinOutPanel:1561 - setPackage(No Configuration,No Configuration)
2024-10-18 09:57:07,929 [INFO] CADModel:165 - CPN selected for project level
2024-10-18 09:57:07,929 [INFO] CADModel:114 - Register for checkConnection events
2024-10-18 09:57:07,945 [INFO] IPUIPlugin:80 - create IPUIPlugin
2024-10-18 09:57:07,946 [INFO] PluginManager:220 - loadIPPluginJar : add adc
2024-10-18 09:57:07,948 [INFO] IPUIPlugin:80 - create IPUIPlugin
2024-10-18 09:57:07,948 [INFO] PluginManager:220 - loadIPPluginJar : add aes
2024-10-18 09:57:07,951 [INFO] IPUIPlugin:80 - create IPUIPlugin
2024-10-18 09:57:07,951 [INFO] PluginManager:220 - loadIPPluginJar : add can
2024-10-18 09:57:07,955 [INFO] IPUIPlugin:80 - create IPUIPlugin
2024-10-18 09:57:07,955 [INFO] PluginManager:220 - loadIPPluginJar : add comp
2024-10-18 09:57:07,956 [INFO] IPUIPlugin:80 - create IPUIPlugin
2024-10-18 09:57:07,957 [INFO] PluginManager:220 - loadIPPluginJar : add cryp
2024-10-18 09:57:07,960 [INFO] IPUIPlugin:80 - create IPUIPlugin
2024-10-18 09:57:07,960 [INFO] PluginManager:220 - loadIPPluginJar : add ddr_ctrl_phy
2024-10-18 09:57:07,964 [INFO] IPUIPlugin:80 - create IPUIPlugin
2024-10-18 09:57:07,964 [INFO] PluginManager:220 - loadIPPluginJar : add dfsdm
2024-10-18 09:57:07,969 [INFO] IPUIPlugin:80 - create IPUIPlugin
2024-10-18 09:57:07,969 [INFO] PluginManager:220 - loadIPPluginJar : add dma
2024-10-18 09:57:07,971 [INFO] IPUIPlugin:80 - create IPUIPlugin
2024-10-18 09:57:07,971 [INFO] PluginManager:220 - loadIPPluginJar : add dma3
2024-10-18 09:57:07,973 [INFO] IPUIPlugin:80 - create IPUIPlugin
2024-10-18 09:57:07,974 [INFO] PluginManager:220 - loadIPPluginJar : add extmemmanager
2024-10-18 09:57:07,975 [INFO] IPUIPlugin:80 - create IPUIPlugin
2024-10-18 09:57:07,975 [INFO] PluginManager:220 - loadIPPluginJar : add fatfs
2024-10-18 09:57:07,978 [INFO] IPUIPlugin:80 - create IPUIPlugin
2024-10-18 09:57:07,979 [INFO] PluginManager:220 - loadIPPluginJar : add fmc
2024-10-18 09:57:07,986 [INFO] IPUIPlugin:80 - create IPUIPlugin
2024-10-18 09:57:07,986 [INFO] PluginManager:220 - loadIPPluginJar : add freertos
2024-10-18 09:57:07,987 [INFO] IPUIPlugin:80 - create IPUIPlugin
2024-10-18 09:57:07,987 [INFO] PluginManager:220 - loadIPPluginJar : add genericplugin
2024-10-18 09:57:07,989 [INFO] IPUIPlugin:80 - create IPUIPlugin
2024-10-18 09:57:07,989 [INFO] PluginManager:220 - loadIPPluginJar : add gfxmmu
2024-10-18 09:57:07,994 [INFO] IPUIPlugin:80 - create IPUIPlugin
2024-10-18 09:57:07,994 [INFO] PluginManager:220 - loadIPPluginJar : add gic
2024-10-18 09:57:07,998 [INFO] IPUIPlugin:80 - create IPUIPlugin
2024-10-18 09:57:07,998 [INFO] PluginManager:220 - loadIPPluginJar : add gpio
2024-10-18 09:57:08,000 [INFO] IPUIPlugin:80 - create IPUIPlugin
2024-10-18 09:57:08,000 [INFO] PluginManager:220 - loadIPPluginJar : add gtzc
2024-10-18 09:57:08,002 [INFO] IPUIPlugin:80 - create IPUIPlugin
2024-10-18 09:57:08,002 [INFO] PluginManager:220 - loadIPPluginJar : add hash
2024-10-18 09:57:08,005 [INFO] IPUIPlugin:80 - create IPUIPlugin
2024-10-18 09:57:08,005 [INFO] PluginManager:220 - loadIPPluginJar : add i2c
2024-10-18 09:57:08,007 [INFO] IPUIPlugin:80 - create IPUIPlugin
2024-10-18 09:57:08,007 [INFO] PluginManager:220 - loadIPPluginJar : add i2s
2024-10-18 09:57:08,010 [INFO] IPUIPlugin:80 - create IPUIPlugin
2024-10-18 09:57:08,010 [INFO] PluginManager:220 - loadIPPluginJar : add i3c
2024-10-18 09:57:08,013 [INFO] IPUIPlugin:80 - create IPUIPlugin
2024-10-18 09:57:08,013 [INFO] PluginManager:220 - loadIPPluginJar : add ipddr
2024-10-18 09:57:08,020 [INFO] IPUIPlugin:80 - create IPUIPlugin
2024-10-18 09:57:08,020 [INFO] PluginManager:220 - loadIPPluginJar : add linkedlist
2024-10-18 09:57:08,025 [INFO] IPUIPlugin:80 - create IPUIPlugin
2024-10-18 09:57:08,025 [INFO] PluginManager:220 - loadIPPluginJar : add lorawan
2024-10-18 09:57:08,027 [INFO] IPUIPlugin:80 - create IPUIPlugin
2024-10-18 09:57:08,027 [INFO] PluginManager:220 - loadIPPluginJar : add ltdc
2024-10-18 09:57:08,033 [INFO] IPUIPlugin:80 - create IPUIPlugin
2024-10-18 09:57:08,033 [INFO] PluginManager:220 - loadIPPluginJar : add mdma
2024-10-18 09:57:08,036 [INFO] IPUIPlugin:80 - create IPUIPlugin
2024-10-18 09:57:08,036 [INFO] PluginManager:220 - loadIPPluginJar : add nvic
2024-10-18 09:57:08,038 [INFO] IPUIPlugin:80 - create IPUIPlugin
2024-10-18 09:57:08,038 [INFO] PluginManager:220 - loadIPPluginJar : add opamp
2024-10-18 09:57:08,042 [INFO] IPUIPlugin:80 - create IPUIPlugin
2024-10-18 09:57:08,043 [INFO] PluginManager:220 - loadIPPluginJar : add openamp
2024-10-18 09:57:08,049 [INFO] IPUIPlugin:80 - create IPUIPlugin
2024-10-18 09:57:08,049 [INFO] PluginManager:220 - loadIPPluginJar : add pdm2pcm
2024-10-18 09:57:08,054 [INFO] IPUIPlugin:80 - create IPUIPlugin
2024-10-18 09:57:08,057 [INFO] PluginManager:220 - loadIPPluginJar : add plateformsettings
2024-10-18 09:57:08,059 [INFO] IPUIPlugin:80 - create IPUIPlugin
2024-10-18 09:57:08,059 [INFO] PluginManager:220 - loadIPPluginJar : add quadspi
2024-10-18 09:57:08,060 [INFO] IPUIPlugin:80 - create IPUIPlugin
2024-10-18 09:57:08,061 [INFO] PluginManager:220 - loadIPPluginJar : add radio
2024-10-18 09:57:08,064 [INFO] IPUIPlugin:80 - create IPUIPlugin
2024-10-18 09:57:08,064 [INFO] PluginManager:220 - loadIPPluginJar : add resmgrutility
2024-10-18 09:57:08,066 [INFO] IPUIPlugin:80 - create IPUIPlugin
2024-10-18 09:57:08,066 [INFO] PluginManager:220 - loadIPPluginJar : add sai
2024-10-18 09:57:08,068 [INFO] IPUIPlugin:80 - create IPUIPlugin
2024-10-18 09:57:08,068 [INFO] PluginManager:220 - loadIPPluginJar : add spi
2024-10-18 09:57:08,072 [INFO] IPUIPlugin:80 - create IPUIPlugin
2024-10-18 09:57:08,072 [INFO] PluginManager:220 - loadIPPluginJar : add stm32_wpan
2024-10-18 09:57:08,074 [INFO] IPUIPlugin:80 - create IPUIPlugin
2024-10-18 09:57:08,074 [INFO] PluginManager:220 - loadIPPluginJar : add tim
2024-10-18 09:57:08,077 [INFO] IPUIPlugin:80 - create IPUIPlugin
2024-10-18 09:57:08,077 [INFO] PluginManager:220 - loadIPPluginJar : add touchsensing
2024-10-18 09:57:08,081 [INFO] IPUIPlugin:80 - create IPUIPlugin
2024-10-18 09:57:08,081 [INFO] PluginManager:220 - loadIPPluginJar : add tracer_emb
2024-10-18 09:57:08,082 [INFO] IPUIPlugin:80 - create IPUIPlugin
2024-10-18 09:57:08,082 [INFO] PluginManager:220 - loadIPPluginJar : add ts
2024-10-18 09:57:08,085 [INFO] IPUIPlugin:80 - create IPUIPlugin
2024-10-18 09:57:08,085 [INFO] PluginManager:220 - loadIPPluginJar : add tsc
2024-10-18 09:57:08,086 [INFO] IPUIPlugin:80 - create IPUIPlugin
2024-10-18 09:57:08,086 [INFO] PluginManager:220 - loadIPPluginJar : add ucpd
2024-10-18 09:57:08,089 [INFO] IPUIPlugin:80 - create IPUIPlugin
2024-10-18 09:57:08,089 [INFO] PluginManager:220 - loadIPPluginJar : add usart
2024-10-18 09:57:08,091 [INFO] IPUIPlugin:80 - create IPUIPlugin
2024-10-18 09:57:08,091 [INFO] PluginManager:220 - loadIPPluginJar : add usbx
2024-10-18 09:57:08,214 [INFO] CADModel:165 - CPN selected for project level
2024-10-18 09:57:08,214 [INFO] CADModel:114 - Register for checkConnection events
2024-10-18 09:57:08,215 [FATAL] Updater:334 - Updater called before beeing initialized
2024-10-18 09:57:08,215 [ERROR] CADModel:125 - Updater not yet initialized, retry later 
2024-10-18 09:57:08,636 [INFO] CADModel:165 - CPN selected for project level
2024-10-18 09:57:08,636 [INFO] CADModel:114 - Register for checkConnection events
2024-10-18 09:57:08,637 [FATAL] Updater:334 - Updater called before beeing initialized
2024-10-18 09:57:08,638 [ERROR] CADModel:125 - Updater not yet initialized, retry later 
2024-10-18 09:57:08,644 [FATAL] Updater:334 - Updater called before beeing initialized
2024-10-18 09:57:08,789 [FATAL] Updater:334 - Updater called before beeing initialized
2024-10-18 09:57:08,794 [INFO] DbMcusAds:53 - JSON generation date=Fri Sep 20 18:34:23 IST 2024 (1726837463113)
2024-10-18 09:57:08,794 [FATAL] Updater:334 - Updater called before beeing initialized
2024-10-18 09:57:08,831 [WARN] DetailPanel:346 - Failed to get advertising image, set to default
2024-10-18 09:57:08,940 [FATAL] Updater:334 - Updater called before beeing initialized
2024-10-18 09:57:08,942 [FATAL] Updater:334 - Updater called before beeing initialized
2024-10-18 09:57:08,942 [FATAL] Updater:334 - Updater called before beeing initialized
2024-10-18 09:57:08,942 [WARN] DetailPanel:346 - Failed to get advertising image, set to default
2024-10-18 09:57:08,943 [FATAL] Updater:334 - Updater called before beeing initialized
2024-10-18 09:57:08,993 [ERROR] Updater:1164 - MainUpdater not yet initialized. External WinMGr cannot be set.
2024-10-18 09:57:08,997 [INFO] Updater:1100 - Updater Version found : 6.12.0
2024-10-18 09:57:09,018 [INFO] ApplicationProperties:184 - Using Application install path: C:\ST\STM32CubeIDE_1.16.0\STM32CubeIDE\plugins\com.st.stm32cube.common.mx_6.12.0.202406281431
2024-10-18 09:57:10,295 [INFO] ThirdPartyUpdaterWithRetryManager:70 - Updater plugin not ready yet. [2/15]
2024-10-18 09:57:10,656 [ERROR] LogOutputStream:75 - [STDERR_REDIRECT] Oct 18, 2024 9:57:10 AM java.util.prefs.WindowsPreferences <init>
2024-10-18 09:57:10,662 [ERROR] LogOutputStream:75 - [STDERR_REDIRECT] WARNING: Could not open/create prefs root node Software\JavaSoft\Prefs at root 0xffffffff80000002. Windows RegCreateKeyEx(...) returned error code 5.
2024-10-18 09:57:10,662 [ERROR] LogOutputStream:75 - [STDERR_REDIRECT] 
2024-10-18 09:57:11,122 [INFO] MainUpdater:2873 - connection check result : 10
2024-10-18 09:57:11,123 [INFO] MainUpdater:290 - Updater Check For Update Now.
2024-10-18 09:57:11,123 [INFO] MicroXplorer:498 - Change Database Version : DB.6.0.120
2024-10-18 09:57:11,131 [INFO] McuFinderGlobals:63 - Set McuFinder mode to 2 (CubeIDE integrated)
2024-10-18 09:57:11,132 [INFO] UserAuth:417 - Internet connection configuration mode: 1
2024-10-18 09:57:11,154 [INFO] JxBrowserEngine:152 - Initiate JxBrowser Engine with user profile folder
2024-10-18 09:57:11,312 [INFO] CheckServerUpdateThread:120 - End of CheckServer Thread
2024-10-18 09:57:11,967 [INFO] WebApp:167 - Instantiating new browser for Auth
2024-10-18 09:57:12,841 [INFO] WebApp:448 - Apply proxy settings
2024-10-18 09:57:12,841 [INFO] WebApp:533 - Chromium requires no authentication
2024-10-18 09:57:12,851 [INFO] WebApp:476 - Direct internet connection detected
2024-10-18 09:57:12,876 [INFO] WebApp:869 - Register for checkConnection events
2024-10-18 09:57:12,876 [INFO] WebApp:448 - Apply proxy settings
2024-10-18 09:57:12,876 [INFO] WebApp:533 - Chromium requires no authentication
2024-10-18 09:57:12,877 [INFO] WebApp:476 - Direct internet connection detected
2024-10-18 09:57:13,175 [INFO] WebApp:220 - Starting web application
2024-10-18 09:57:13,175 [INFO] WebApp:578 - Web application path used C:\ST\STM32CubeIDE_1.16.0\STM32CubeIDE\plugins\com.st.stm32cube.common.mx_6.12.0.202406281431\db\plugins\mcufinder\reactClient1\index.html
2024-10-18 09:57:13,272 [INFO] UserAuth:417 - Internet connection configuration mode: 1
2024-10-18 09:57:13,554 [WARN] PackLoader:240 - Cannot read IP mode file for STMicroelectronics.FP-SNS-MOTENVWB1.1.4.0
2024-10-18 09:57:13,569 [WARN] PackLoader:240 - Cannot read IP mode file for STMicroelectronics.X-CUBE-SMBUS.2.1.0
2024-10-18 09:57:13,581 [WARN] PackLoader:240 - Cannot read IP mode file for STMicroelectronics.X-CUBE-WB05N.1.1.0
2024-10-18 09:57:13,624 [WARN] PackLoader:240 - Cannot read IP mode file for STMicroelectronics.X-CUBE-AZRTOS-F7.1.1.0
2024-10-18 09:57:13,709 [WARN] PackLoader:240 - Cannot read IP mode file for STMicroelectronics.X-CUBE-MEMS1.11.0.0
2024-10-18 09:57:13,888 [WARN] PackLoader:240 - Cannot read IP mode file for STMicroelectronics.FP-SNS-FLIGHT1.5.0.2
2024-10-18 09:57:13,898 [WARN] PackLoader:240 - Cannot read IP mode file for STMicroelectronics.X-CUBE-DISPLAY.3.0.0
2024-10-18 09:57:13,909 [WARN] PackLoader:240 - Cannot read IP mode file for STMicroelectronics.X-CUBE-BLE1.7.0.0
2024-10-18 09:57:13,915 [WARN] PackLoader:240 - Cannot read IP mode file for STMicroelectronics.X-CUBE-NFC10.1.0.0
2024-10-18 09:57:13,922 [WARN] PackLoader:240 - Cannot read IP mode file for emotas.I-CUBE-CANOPEN.1.3.0
2024-10-18 09:57:13,932 [WARN] PackLoader:240 - Cannot read IP mode file for STMicroelectronics.X-CUBE-BLEMGR.3.1.0
2024-10-18 09:57:13,938 [WARN] PackLoader:240 - Cannot read IP mode file for STMicroelectronics.FP-SNS-SMARTAG2.1.2.0
2024-10-18 09:57:13,953 [INFO] LogOutputStream:77 - [STDOUT_REDIRECT] 1 : Invalid condition id : UX_CORESTACK_Condition cause : null
2024-10-18 09:57:13,953 [INFO] LogOutputStream:77 - [STDOUT_REDIRECT] 1 : Invalid condition id : UX_CORESTACK_Condition cause : null
2024-10-18 09:57:13,955 [INFO] LogOutputStream:77 - [STDOUT_REDIRECT] 1 : Invalid condition id : UX_CORESTACK_Condition cause : null
2024-10-18 09:57:13,956 [INFO] LogOutputStream:77 - [STDOUT_REDIRECT] 1 : Invalid condition id : UX_CORESTACK_Condition cause : null
2024-10-18 09:57:13,958 [INFO] LogOutputStream:77 - [STDOUT_REDIRECT] 1 : Invalid condition id : UX_CORESTACK_Condition cause : null
2024-10-18 09:57:13,964 [WARN] PackLoader:240 - Cannot read IP mode file for STMicroelectronics.X-CUBE-AZRTOS-WL.2.0.0
2024-10-18 09:57:13,971 [WARN] PackLoader:240 - Cannot read IP mode file for STMicroelectronics.FP-SNS-MOTENV1.5.0.0
2024-10-18 09:57:13,978 [WARN] PackLoader:240 - Cannot read IP mode file for wolfSSL.I-CUBE-wolfMQTT.1.19.0
2024-10-18 09:57:13,987 [WARN] PackLoader:240 - Cannot read IP mode file for WES.I-CUBE-Cesium.1.3.0
2024-10-18 09:57:13,992 [WARN] PackLoader:240 - Cannot read IP mode file for STMicroelectronics.X-CUBE-BLE2.3.3.0
2024-10-18 09:57:14,000 [WARN] PackLoader:240 - Cannot read IP mode file for STMicroelectronics.X-CUBE-NFC9.1.0.0
2024-10-18 09:57:14,006 [WARN] PackLoader:240 - Cannot read IP mode file for STMicroelectronics.X-CUBE-TCPP.4.1.0
2024-10-18 09:57:14,025 [WARN] PackLoader:240 - Cannot read IP mode file for STMicroelectronics.X-CUBE-AZRTOS-G0.1.1.0
2024-10-18 09:57:14,036 [WARN] PackLoader:240 - Cannot read IP mode file for STMicroelectronics.X-CUBE-SAFEA1.1.2.2
2024-10-18 09:57:14,045 [WARN] PackLoader:240 - Cannot read IP mode file for STMicroelectronics.X-CUBE-NFC4.3.0.0
2024-10-18 09:57:14,058 [WARN] PackLoader:240 - Cannot read IP mode file for EmbeddedOffice.I-CUBE-FS-RTOS.1.0.1
2024-10-18 09:57:14,058 [ERROR] ConditionMgr:805 - Attr not supported : Dmpu
2024-10-18 09:57:14,060 [ERROR] ConditionMgr:805 - Attr not supported : Dmpu
2024-10-18 09:57:14,060 [ERROR] ConditionMgr:805 - Attr not supported : Dmpu
2024-10-18 09:57:14,060 [ERROR] ConditionMgr:805 - Attr not supported : Dmpu
2024-10-18 09:57:14,060 [ERROR] ConditionMgr:805 - Attr not supported : Dmpu
2024-10-18 09:57:14,060 [ERROR] ConditionMgr:805 - Attr not supported : Dmpu
2024-10-18 09:57:14,060 [ERROR] ConditionMgr:805 - Attr not supported : Dmpu
2024-10-18 09:57:14,060 [ERROR] ConditionMgr:805 - Attr not supported : Dmpu
2024-10-18 09:57:14,061 [ERROR] ConditionMgr:805 - Attr not supported : Dmpu
2024-10-18 09:57:14,061 [ERROR] ConditionMgr:805 - Attr not supported : Dmpu
2024-10-18 09:57:14,061 [ERROR] ConditionMgr:805 - Attr not supported : Dmpu
2024-10-18 09:57:14,061 [ERROR] ConditionMgr:805 - Attr not supported : Dmpu
2024-10-18 09:57:14,061 [ERROR] ConditionMgr:805 - Attr not supported : Dmpu
2024-10-18 09:57:14,061 [ERROR] ConditionMgr:805 - Attr not supported : Dmpu
2024-10-18 09:57:14,061 [ERROR] ConditionMgr:805 - Attr not supported : Dmpu
2024-10-18 09:57:14,061 [ERROR] ConditionMgr:805 - Attr not supported : Dmpu
2024-10-18 09:57:14,061 [ERROR] ConditionMgr:805 - Attr not supported : Dmpu
2024-10-18 09:57:14,061 [ERROR] ConditionMgr:805 - Attr not supported : Dmpu
2024-10-18 09:57:14,062 [ERROR] ConditionMgr:805 - Attr not supported : Dmpu
2024-10-18 09:57:14,062 [ERROR] ConditionMgr:805 - Attr not supported : Dmpu
2024-10-18 09:57:14,062 [ERROR] ConditionMgr:805 - Attr not supported : Dmpu
2024-10-18 09:57:14,062 [ERROR] ConditionMgr:805 - Attr not supported : Dmpu
2024-10-18 09:57:14,062 [ERROR] ConditionMgr:805 - Attr not supported : Dmpu
2024-10-18 09:57:14,062 [ERROR] ConditionMgr:805 - Attr not supported : Dmpu
2024-10-18 09:57:14,062 [ERROR] ConditionMgr:805 - Attr not supported : Dmpu
2024-10-18 09:57:14,062 [ERROR] ConditionMgr:805 - Attr not supported : Dmpu
2024-10-18 09:57:14,062 [ERROR] ConditionMgr:805 - Attr not supported : Dmpu
2024-10-18 09:57:14,063 [ERROR] ConditionMgr:805 - Attr not supported : Dmpu
2024-10-18 09:57:14,063 [ERROR] ConditionMgr:805 - Attr not supported : Dmpu
2024-10-18 09:57:14,063 [ERROR] ConditionMgr:805 - Attr not supported : Dmpu
2024-10-18 09:57:14,063 [ERROR] ConditionMgr:805 - Attr not supported : Dmpu
2024-10-18 09:57:14,063 [ERROR] ConditionMgr:805 - Attr not supported : Dmpu
2024-10-18 09:57:14,063 [ERROR] ConditionMgr:805 - Attr not supported : Dmpu
2024-10-18 09:57:14,063 [ERROR] ConditionMgr:805 - Attr not supported : Dmpu
2024-10-18 09:57:14,063 [ERROR] ConditionMgr:805 - Attr not supported : Dmpu
2024-10-18 09:57:14,063 [ERROR] ConditionMgr:805 - Attr not supported : Dmpu
2024-10-18 09:57:14,063 [ERROR] ConditionMgr:805 - Attr not supported : Dmpu
2024-10-18 09:57:14,064 [ERROR] ConditionMgr:805 - Attr not supported : Dmpu
2024-10-18 09:57:14,064 [ERROR] ConditionMgr:805 - Attr not supported : Dmpu
2024-10-18 09:57:14,064 [ERROR] ConditionMgr:805 - Attr not supported : Dmpu
2024-10-18 09:57:14,064 [ERROR] ConditionMgr:805 - Attr not supported : Dmpu
2024-10-18 09:57:14,064 [ERROR] ConditionMgr:805 - Attr not supported : Dmpu
2024-10-18 09:57:14,064 [ERROR] ConditionMgr:805 - Attr not supported : Dmpu
2024-10-18 09:57:14,064 [ERROR] ConditionMgr:805 - Attr not supported : Dmpu
2024-10-18 09:57:14,064 [ERROR] ConditionMgr:805 - Attr not supported : Dmpu
2024-10-18 09:57:14,064 [ERROR] ConditionMgr:805 - Attr not supported : Dmpu
2024-10-18 09:57:14,064 [ERROR] ConditionMgr:805 - Attr not supported : Dmpu
2024-10-18 09:57:14,065 [ERROR] ConditionMgr:805 - Attr not supported : Dmpu
2024-10-18 09:57:14,065 [ERROR] ConditionMgr:805 - Attr not supported : Dmpu
2024-10-18 09:57:14,065 [ERROR] ConditionMgr:805 - Attr not supported : Dmpu
2024-10-18 09:57:14,065 [ERROR] ConditionMgr:805 - Attr not supported : Dmpu
2024-10-18 09:57:14,065 [ERROR] ConditionMgr:805 - Attr not supported : Dmpu
2024-10-18 09:57:14,065 [ERROR] ConditionMgr:805 - Attr not supported : Dmpu
2024-10-18 09:57:14,065 [ERROR] ConditionMgr:805 - Attr not supported : Dmpu
2024-10-18 09:57:14,065 [ERROR] ConditionMgr:805 - Attr not supported : Dmpu
2024-10-18 09:57:14,065 [ERROR] ConditionMgr:805 - Attr not supported : Dmpu
2024-10-18 09:57:14,065 [ERROR] ConditionMgr:805 - Attr not supported : Dmpu
2024-10-18 09:57:14,065 [ERROR] ConditionMgr:805 - Attr not supported : Dmpu
2024-10-18 09:57:14,065 [ERROR] ConditionMgr:805 - Attr not supported : Dmpu
2024-10-18 09:57:14,065 [ERROR] ConditionMgr:805 - Attr not supported : Dmpu
2024-10-18 09:57:14,065 [ERROR] ConditionMgr:805 - Attr not supported : Dmpu
2024-10-18 09:57:14,065 [ERROR] ConditionMgr:805 - Attr not supported : Dmpu
2024-10-18 09:57:14,066 [ERROR] ConditionMgr:805 - Attr not supported : Dmpu
2024-10-18 09:57:14,066 [ERROR] ConditionMgr:805 - Attr not supported : Dmpu
2024-10-18 09:57:14,073 [WARN] PackLoader:240 - Cannot read IP mode file for RealThread.X-CUBE-RT-Thread_Nano.4.1.1
2024-10-18 09:57:14,078 [INFO] WebApp:186 - Connection restablished
2024-10-18 09:57:14,080 [WARN] PackLoader:240 - Cannot read IP mode file for STMicroelectronics.FP-ATR-SIGFOX1.3.2.0
2024-10-18 09:57:14,085 [WARN] PackLoader:240 - Cannot read IP mode file for wolfSSL.I-CUBE-wolfSSL.5.7.2
2024-10-18 09:57:14,091 [WARN] PackLoader:240 - Cannot read IP mode file for STMicroelectronics.X-CUBE-EEPRMA1.5.1.0
2024-10-18 09:57:14,100 [WARN] PackLoader:240 - Cannot read IP mode file for ITTIA_DB.I-CUBE-ITTIADB.8.9.0
2024-10-18 09:57:14,134 [WARN] PackLoader:240 - Cannot read IP mode file for SEGGER.I-CUBE-embOS.1.3.1
2024-10-18 09:57:14,206 [WARN] PackLoader:240 - Cannot read IP mode file for STMicroelectronics.X-CUBE-ALGOBUILD.1.4.0
2024-10-18 09:57:14,212 [WARN] PackLoader:240 - Cannot read IP mode file for STMicroelectronics.X-CUBE-AI.9.1.0
2024-10-18 09:57:14,216 [WARN] PackLoader:240 - Cannot read IP mode file for STMicroelectronics.X-CUBE-GNSS1.6.0.0
2024-10-18 09:57:14,236 [WARN] PackLoader:240 - Cannot read IP mode file for STMicroelectronics.X-CUBE-AZRTOS-F4.1.1.0
2024-10-18 09:57:14,244 [WARN] PackLoader:240 - Cannot read IP mode file for STMicroelectronics.X-CUBE-ISPU.2.1.0
2024-10-18 09:57:14,250 [WARN] PackLoader:240 - Cannot read IP mode file for STMicroelectronics.X-CUBE-FREERTOS.1.2.0
2024-10-18 09:57:14,271 [WARN] PackLoader:240 - Cannot read IP mode file for STMicroelectronics.X-CUBE-AZRTOS-L5.2.0.0
2024-10-18 09:57:14,283 [WARN] PackLoader:240 - Cannot read IP mode file for STMicroelectronics.X-CUBE-NFC6.3.1.0
2024-10-18 09:57:14,293 [WARN] PackLoader:240 - Cannot read IP mode file for STMicroelectronics.X-CUBE-DPower.1.2.0
2024-10-18 09:57:14,299 [WARN] PackLoader:240 - Cannot read IP mode file for STMicroelectronics.X-CUBE-AI.9.0.0
2024-10-18 09:57:14,305 [WARN] PackLoader:240 - Cannot read IP mode file for STMicroelectronics.X-CUBE-NFC7.1.0.1
2024-10-18 09:57:14,312 [WARN] PackLoader:240 - Cannot read IP mode file for wolfSSL.I-CUBE-wolfTPM.3.2.0
2024-10-18 09:57:14,332 [WARN] ConditionMgr:438 - getConditionDescription Invalid condition id : LAN8742 Phy interface Condition cause : null
2024-10-18 09:57:14,332 [WARN] PackLoader:240 - Cannot read IP mode file for STMicroelectronics.X-CUBE-AZRTOS-L4.2.0.0
2024-10-18 09:57:14,333 [WARN] ConditionMgr:1039 - genDependencies : Invalid condition id : LAN8742 Phy interface Condition cause : null
2024-10-18 09:57:14,334 [WARN] ConditionMgr:1039 - genDependencies : Invalid condition id : LAN8742 Phy interface Condition cause : null
2024-10-18 09:57:14,334 [WARN] ConditionMgr:1039 - genDependencies : Invalid condition id : LAN8742 Phy interface Condition cause : null
2024-10-18 09:57:14,343 [WARN] PackLoader:240 - Cannot read IP mode file for STMicroelectronics.X-CUBE-SFXS2LP1.4.0.0
2024-10-18 09:57:14,363 [WARN] PackLoader:240 - Cannot read IP mode file for STMicroelectronics.X-CUBE-AZRTOS-H7.3.3.0
2024-10-18 09:57:14,378 [WARN] PackLoader:240 - Cannot read IP mode file for STMicroelectronics.X-CUBE-IPS.3.0.0
2024-10-18 09:57:14,397 [WARN] ConditionMgr:438 - getConditionDescription Invalid condition id : UX DEVICE CLASS RTOS Condition cause : null
2024-10-18 09:57:14,397 [WARN] ConditionMgr:438 - getConditionDescription Invalid condition id : UX DEVICE CLASS RTOS Condition cause : null
2024-10-18 09:57:14,399 [WARN] PackLoader:240 - Cannot read IP mode file for STMicroelectronics.X-CUBE-AZRTOS-WB.2.0.0
2024-10-18 09:57:14,401 [WARN] ConditionMgr:1039 - genDependencies : Invalid condition id : UX DEVICE CLASS RTOS Condition cause : null
2024-10-18 09:57:14,401 [WARN] ConditionMgr:1039 - genDependencies : Invalid condition id : UX DEVICE CLASS RTOS Condition cause : null
2024-10-18 09:57:14,401 [WARN] ConditionMgr:1039 - genDependencies : Invalid condition id : UX DEVICE CLASS RTOS Condition cause : null
2024-10-18 09:57:14,401 [WARN] ConditionMgr:1039 - genDependencies : Invalid condition id : UX DEVICE CLASS RTOS Condition cause : null
2024-10-18 09:57:14,401 [WARN] ConditionMgr:1039 - genDependencies : Invalid condition id : UX DEVICE CLASS RTOS Condition cause : null
2024-10-18 09:57:14,406 [WARN] PackLoader:240 - Cannot read IP mode file for STMicroelectronics.X-CUBE-GNSS1.7.0.0
2024-10-18 09:57:14,416 [WARN] PackLoader:240 - Cannot read IP mode file for STMicroelectronics.FP-SNS-STBOX1.2.0.0
2024-10-18 09:57:14,431 [WARN] PackLoader:240 - Cannot read IP mode file for STMicroelectronics.X-CUBE-SUBG2.5.0.0
2024-10-18 09:57:14,443 [WARN] PackLoader:240 - Cannot read IP mode file for Cesanta.I-CUBE-Mongoose.7.13.0
2024-10-18 09:57:14,461 [WARN] PackLoader:240 - Cannot read IP mode file for STMicroelectronics.X-CUBE-AZRTOS-G4.2.0.0
2024-10-18 09:57:14,468 [WARN] PackLoader:240 - Cannot read IP mode file for STMicroelectronics.X-CUBE-ISPU.2.0.0
2024-10-18 09:57:14,474 [WARN] PackLoader:240 - Cannot read IP mode file for STMicroelectronics.X-CUBE-ALS.1.0.2
2024-10-18 09:57:14,534 [WARN] PackLoader:240 - Cannot read IP mode file for STMicroelectronics.X-CUBE-MEMS1.10.0.0
2024-10-18 09:57:14,689 [WARN] PackLoader:240 - Cannot read IP mode file for STMicroelectronics.X-CUBE-TOUCHGFX.4.24.0
2024-10-18 09:57:14,691 [WARN] PackLoader:240 - Cannot read IP mode file for STMicroelectronics.X-CUBE-TOUCHGFX.4.24.1
2024-10-18 09:57:14,699 [WARN] PackLoader:240 - Cannot read IP mode file for portGmbH.I-Cube-SoM-uGOAL.1.1.0
2024-10-18 09:57:14,720 [WARN] PackLoader:240 - Cannot read IP mode file for STMicroelectronics.X-CUBE-AZRTOS-H7RS.1.0.0
2024-10-18 09:57:14,728 [WARN] PackLoader:240 - Cannot read IP mode file for STMicroelectronics.FP-ATR-ASTRA1.2.0.0
2024-10-18 09:57:14,737 [WARN] PackLoader:240 - Cannot read IP mode file for STMicroelectronics.X-CUBE-TOF1.3.4.2
2024-10-18 09:57:14,771 [WARN] PackLoader:240 - Cannot read IP mode file for Infineon.AIROC-Wi-Fi-Bluetooth-STM32.1.6.1
2024-10-18 09:57:14,780 [WARN] PackLoader:240 - Cannot read IP mode file for wolfSSL.I-CUBE-wolfSSH.1.4.17
2024-10-18 09:57:14,781 [INFO] ThirdParty:978 - Integrity check success = true
2024-10-18 09:57:14,781 [INFO] IntegrityCheckThread:100 - exiting critical section [integrity check]
2024-10-18 09:57:14,781 [INFO] IntegrityCheckThread:103 - End integrity checks thread
2024-10-18 10:49:00,318 [INFO] WebApp:388 - JxBrowser engine has been closed 
2024-10-18 10:49:12,437 [ERROR] LogOutputStream:75 - [STDERR_REDIRECT] 
