2024-09-13 11:15:23,799 [INFO] Activator:176 - 


2024-09-13 11:15:23,806 [INFO] Activator:177 - !SESSION log4j initialized
2024-09-13 11:15:29,823 [INFO] LogOutputStream:77 - [STDOUT_REDIRECT] 
2024-09-13 11:15:32,158 [INFO] ApplicationProperties:184 - Using Application install path: C:\ST\STM32CubeIDE_1.16.0\STM32CubeIDE\plugins\com.st.stm32cube.common.mx_6.12.0.202406281431
2024-09-13 11:15:32,203 [INFO] DbMcusXml:78 - Set database path to: C:\ST\STM32CubeIDE_1.16.0\STM32CubeIDE\plugins\com.st.stm32cube.common.mx_6.12.0.202406281431\\db\/mcu/
2024-09-13 11:15:32,205 [INFO] ApiDb:274 - Set plugin database path to: C:\ST\STM32CubeIDE_1.16.0\STM32CubeIDE\plugins\com.st.stm32cube.common.mx_6.12.0.202406281431\\db\/plugins/boardmanager/
2024-09-13 11:15:32,205 [WARN] ApiDb:259 - Overriding images path with different value:  => C:\ST\STM32CubeIDE_1.16.0\STM32CubeIDE\plugins\com.st.stm32cube.common.mx_6.12.0.202406281431\\db\/plugins/mcufinder/images/
2024-09-13 11:15:32,219 [INFO] ApiDb:250 - Set database path to: C:\Users\kunfu\.stmcufinder\plugins\mcufinder//mcu/
2024-09-13 11:15:32,221 [INFO] DbMcusAds:125 - Set database path to: C:\Users\kunfu\.stmcufinder\plugins\mcufinder//mcu/
2024-09-13 11:15:32,227 [INFO] CrossReferenceDbSqlite:203 - Set database path to: C:\Users\kunfu\.stmcufinder\plugins\mcufinder//mcu/cs/
2024-09-13 11:15:32,526 [INFO] RulesReader:64 - Compatibility file has been processed (297 Rules)
2024-09-13 11:15:32,771 [INFO] DbMcusXml:78 - Set database path to: C:\ST\STM32CubeIDE_1.16.0\STM32CubeIDE\plugins\com.st.stm32cube.common.mx_6.12.0.202406281431\\db\/mcu/
2024-09-13 11:15:32,771 [INFO] ApiDb:274 - Set plugin database path to: C:\ST\STM32CubeIDE_1.16.0\STM32CubeIDE\plugins\com.st.stm32cube.common.mx_6.12.0.202406281431\\db\/plugins/boardmanager/
2024-09-13 11:15:32,771 [INFO] ApiDb:261 - Set plugin images path to: C:\ST\STM32CubeIDE_1.16.0\STM32CubeIDE\plugins\com.st.stm32cube.common.mx_6.12.0.202406281431\\db\/plugins/mcufinder/images/
2024-09-13 11:15:32,772 [WARN] DbFile:41 - Overriding database path with different value: C:\Users\kunfu\.stmcufinder\plugins\mcufinder/ => C:\Users\kunfu\.stmcufinder\plugins\mcufinder
2024-09-13 11:15:32,772 [INFO] ApiDb:250 - Set database path to: C:\Users\kunfu\.stmcufinder\plugins\mcufinder//mcu/
2024-09-13 11:15:32,773 [WARN] DbFile:41 - Overriding database path with different value: C:\Users\kunfu\.stmcufinder\plugins\mcufinder/ => C:\Users\kunfu\.stmcufinder\plugins\mcufinder
2024-09-13 11:15:32,773 [INFO] DbMcusAds:125 - Set database path to: C:\Users\kunfu\.stmcufinder\plugins\mcufinder//mcu/
2024-09-13 11:15:32,773 [WARN] DbFile:41 - Overriding database path with different value: C:\Users\kunfu\.stmcufinder\plugins\mcufinder/ => C:\Users\kunfu\.stmcufinder\plugins\mcufinder
2024-09-13 11:15:32,773 [WARN] DbFile:41 - Overriding database path with different value: C:\Users\kunfu\.stmcufinder\plugins\mcufinder/ => C:\Users\kunfu\.stmcufinder\plugins\mcufinder
2024-09-13 11:15:32,773 [INFO] CrossReferenceDbSqlite:203 - Set database path to: C:\Users\kunfu\.stmcufinder\plugins\mcufinder//mcu/cs/
2024-09-13 11:15:32,934 [INFO] MainPanel:268 - HeapMemory: 268435456
2024-09-13 11:15:33,275 [INFO] DbMcusXml:78 - Set database path to: C:\ST\STM32CubeIDE_1.16.0\STM32CubeIDE\plugins\com.st.stm32cube.common.mx_6.12.0.202406281431\\db\/mcu/
2024-09-13 11:15:33,275 [INFO] ApiDb:274 - Set plugin database path to: C:\ST\STM32CubeIDE_1.16.0\STM32CubeIDE\plugins\com.st.stm32cube.common.mx_6.12.0.202406281431\\db\/plugins/boardmanager/
2024-09-13 11:15:33,275 [INFO] ApiDb:261 - Set plugin images path to: C:\ST\STM32CubeIDE_1.16.0\STM32CubeIDE\plugins\com.st.stm32cube.common.mx_6.12.0.202406281431\\db\/plugins/mcufinder/images/
2024-09-13 11:15:33,276 [WARN] DbFile:41 - Overriding database path with different value: C:\Users\kunfu\.stmcufinder\plugins\mcufinder/ => C:\Users\kunfu\.stmcufinder\plugins\mcufinder
2024-09-13 11:15:33,276 [INFO] ApiDb:250 - Set database path to: C:\Users\kunfu\.stmcufinder\plugins\mcufinder//mcu/
2024-09-13 11:15:33,276 [WARN] DbFile:41 - Overriding database path with different value: C:\Users\kunfu\.stmcufinder\plugins\mcufinder/ => C:\Users\kunfu\.stmcufinder\plugins\mcufinder
2024-09-13 11:15:33,276 [INFO] DbMcusAds:125 - Set database path to: C:\Users\kunfu\.stmcufinder\plugins\mcufinder//mcu/
2024-09-13 11:15:33,276 [WARN] DbFile:41 - Overriding database path with different value: C:\Users\kunfu\.stmcufinder\plugins\mcufinder/ => C:\Users\kunfu\.stmcufinder\plugins\mcufinder
2024-09-13 11:15:33,277 [WARN] DbFile:41 - Overriding database path with different value: C:\Users\kunfu\.stmcufinder\plugins\mcufinder/ => C:\Users\kunfu\.stmcufinder\plugins\mcufinder
2024-09-13 11:15:33,277 [INFO] CrossReferenceDbSqlite:203 - Set database path to: C:\Users\kunfu\.stmcufinder\plugins\mcufinder//mcu/cs/
2024-09-13 11:15:33,297 [INFO] ApplicationProperties:184 - Using Application install path: C:\ST\STM32CubeIDE_1.16.0\STM32CubeIDE\plugins\com.st.stm32cube.common.mx_6.12.0.202406281431
2024-09-13 11:15:33,299 [INFO] PluginManage:196 - Search for loadable plugins [exclusion list=, ]
2024-09-13 11:15:33,301 [INFO] PluginManage:310 - Check plugin analytics
2024-09-13 11:15:33,548 [INFO] AnalyticsPlugin:253 - Accepted Software Licenses: 
2024-09-13 11:15:33,548 [INFO] AnalyticsPlugin:255 - Accepted CMSIS Pack Licenses: 
2024-09-13 11:15:33,548 [INFO] AnalyticsPlugin:257 - Accepted Firmware Licenses: FW.L4.1.18.0
2024-09-13 11:15:33,552 [INFO] PluginManage:359 - Loaded plugin analytics (category:tool,tabindex:-1)
2024-09-13 11:15:33,552 [INFO] PluginManage:310 - Check plugin cadmodel
2024-09-13 11:15:33,557 [INFO] CADModel:105 - Init CAD model plugin
2024-09-13 11:15:33,558 [INFO] PluginManage:359 - Loaded plugin cadmodel (category:power,tabindex:5)
2024-09-13 11:15:33,558 [INFO] PluginManage:310 - Check plugin clock
2024-09-13 11:15:33,570 [INFO] PluginManage:359 - Loaded plugin clock (category:base,tabindex:2)
2024-09-13 11:15:33,570 [INFO] PluginManage:310 - Check plugin ddr
2024-09-13 11:15:33,573 [INFO] PluginManage:359 - Loaded plugin ddr (category:tool,tabindex:6)
2024-09-13 11:15:33,573 [INFO] PluginManage:310 - Check plugin filemanager
2024-09-13 11:15:33,766 [INFO] PluginManage:359 - Loaded plugin filemanager (category:base,tabindex:10)
2024-09-13 11:15:33,766 [INFO] PluginManage:310 - Check plugin ipmanager
2024-09-13 11:15:33,782 [INFO] PluginManage:359 - Loaded plugin ipmanager (category:base,tabindex:5)
2024-09-13 11:15:33,782 [INFO] PluginManage:310 - Check plugin lpbam
2024-09-13 11:15:33,804 [INFO] PluginManage:359 - Loaded plugin lpbam (category:base,tabindex:0)
2024-09-13 11:15:33,804 [INFO] PluginManage:310 - Check plugin memorymap
2024-09-13 11:15:33,835 [INFO] PluginManage:359 - Loaded plugin memorymap (category:base,tabindex:4)
2024-09-13 11:15:33,836 [INFO] PluginManage:310 - Check plugin pinoutandconfiguration
2024-09-13 11:15:33,850 [INFO] PluginManage:359 - Loaded plugin pinoutandconfiguration (category:base,tabindex:1)
2024-09-13 11:15:33,850 [INFO] PluginManage:310 - Check plugin pinoutconfig
2024-09-13 11:15:33,970 [WARN] SupportedApi:132 - Cannot load RTOS API schema: s4s-elt-must-match.1: The content of 'definitions' must match (annotation?, (simpleType | complexType)?, (unique | key | keyref)*)). A problem was found starting at: attribute.
2024-09-13 11:15:34,134 [INFO] PluginManage:359 - Loaded plugin pinoutconfig (category:base,tabindex:0)
2024-09-13 11:15:34,134 [INFO] PluginManage:310 - Check plugin power
2024-09-13 11:15:34,148 [INFO] PluginManage:359 - Loaded plugin power (category:power,tabindex:4)
2024-09-13 11:15:34,149 [INFO] PluginManage:310 - Check plugin projectmanager
2024-09-13 11:15:34,174 [INFO] PluginManage:359 - Loaded plugin projectmanager (category:projectmanager,tabindex:4)
2024-09-13 11:15:34,174 [INFO] PluginManage:310 - Check plugin rif
2024-09-13 11:15:34,186 [INFO] PluginManage:359 - Loaded plugin rif (category:base,tabindex:3)
2024-09-13 11:15:34,186 [INFO] PluginManage:310 - Check plugin thirdparty
2024-09-13 11:15:34,362 [WARN] IntegrityCheckThread:84 - waiting for thirdparty lock release [integrity check]
2024-09-13 11:15:34,362 [INFO] PluginManage:359 - Loaded plugin thirdparty (category:base,tabindex:-1)
2024-09-13 11:15:34,362 [INFO] IntegrityCheckThread:86 - entering critical section [integrity check]
2024-09-13 11:15:34,362 [INFO] PluginManage:310 - Check plugin tools
2024-09-13 11:15:34,362 [INFO] ThirdPartyUpdaterWithRetryManager:70 - Updater plugin not ready yet. [1/15]
2024-09-13 11:15:34,368 [INFO] PluginManage:359 - Loaded plugin tools (category:base,tabindex:7)
2024-09-13 11:15:34,369 [INFO] PluginManage:310 - Check plugin tutovideos
2024-09-13 11:15:34,607 [INFO] PluginManage:359 - Loaded plugin tutovideos (category:base,tabindex:-1)
2024-09-13 11:15:34,607 [INFO] PluginManage:310 - Check plugin updater
2024-09-13 11:15:34,626 [INFO] PluginManage:359 - Loaded plugin updater (category:base,tabindex:12)
2024-09-13 11:15:34,626 [INFO] PluginManage:310 - Check plugin userauth
2024-09-13 11:15:34,635 [INFO] UserAuth:113 - Init User Auth plugin
2024-09-13 11:15:34,635 [INFO] PluginManage:359 - Loaded plugin userauth (category:base,tabindex:14)
2024-09-13 11:15:34,635 [INFO] PluginManage:283 - PluginManage : Loaded plugins [18]
2024-09-13 11:15:34,901 [INFO] PinOutPanel:1561 - setPackage(No Configuration,No Configuration)
2024-09-13 11:15:35,008 [INFO] CADModel:165 - CPN selected for project level
2024-09-13 11:15:35,008 [INFO] CADModel:114 - Register for checkConnection events
2024-09-13 11:15:35,033 [INFO] IPUIPlugin:80 - create IPUIPlugin
2024-09-13 11:15:35,034 [INFO] PluginManager:220 - loadIPPluginJar : add adc
2024-09-13 11:15:35,037 [INFO] IPUIPlugin:80 - create IPUIPlugin
2024-09-13 11:15:35,037 [INFO] PluginManager:220 - loadIPPluginJar : add aes
2024-09-13 11:15:35,041 [INFO] IPUIPlugin:80 - create IPUIPlugin
2024-09-13 11:15:35,041 [INFO] PluginManager:220 - loadIPPluginJar : add can
2024-09-13 11:15:35,044 [INFO] IPUIPlugin:80 - create IPUIPlugin
2024-09-13 11:15:35,044 [INFO] PluginManager:220 - loadIPPluginJar : add comp
2024-09-13 11:15:35,049 [INFO] IPUIPlugin:80 - create IPUIPlugin
2024-09-13 11:15:35,049 [INFO] PluginManager:220 - loadIPPluginJar : add cryp
2024-09-13 11:15:35,054 [INFO] IPUIPlugin:80 - create IPUIPlugin
2024-09-13 11:15:35,054 [INFO] PluginManager:220 - loadIPPluginJar : add ddr_ctrl_phy
2024-09-13 11:15:35,057 [INFO] IPUIPlugin:80 - create IPUIPlugin
2024-09-13 11:15:35,057 [INFO] PluginManager:220 - loadIPPluginJar : add dfsdm
2024-09-13 11:15:35,063 [INFO] IPUIPlugin:80 - create IPUIPlugin
2024-09-13 11:15:35,064 [INFO] PluginManager:220 - loadIPPluginJar : add dma
2024-09-13 11:15:35,068 [INFO] IPUIPlugin:80 - create IPUIPlugin
2024-09-13 11:15:35,068 [INFO] PluginManager:220 - loadIPPluginJar : add dma3
2024-09-13 11:15:35,071 [INFO] IPUIPlugin:80 - create IPUIPlugin
2024-09-13 11:15:35,072 [INFO] PluginManager:220 - loadIPPluginJar : add extmemmanager
2024-09-13 11:15:35,074 [INFO] IPUIPlugin:80 - create IPUIPlugin
2024-09-13 11:15:35,074 [INFO] PluginManager:220 - loadIPPluginJar : add fatfs
2024-09-13 11:15:35,079 [INFO] IPUIPlugin:80 - create IPUIPlugin
2024-09-13 11:15:35,079 [INFO] PluginManager:220 - loadIPPluginJar : add fmc
2024-09-13 11:15:35,091 [INFO] IPUIPlugin:80 - create IPUIPlugin
2024-09-13 11:15:35,091 [INFO] PluginManager:220 - loadIPPluginJar : add freertos
2024-09-13 11:15:35,093 [INFO] IPUIPlugin:80 - create IPUIPlugin
2024-09-13 11:15:35,094 [INFO] PluginManager:220 - loadIPPluginJar : add genericplugin
2024-09-13 11:15:35,097 [INFO] IPUIPlugin:80 - create IPUIPlugin
2024-09-13 11:15:35,097 [INFO] PluginManager:220 - loadIPPluginJar : add gfxmmu
2024-09-13 11:15:35,104 [INFO] IPUIPlugin:80 - create IPUIPlugin
2024-09-13 11:15:35,104 [INFO] PluginManager:220 - loadIPPluginJar : add gic
2024-09-13 11:15:35,109 [INFO] IPUIPlugin:80 - create IPUIPlugin
2024-09-13 11:15:35,110 [INFO] PluginManager:220 - loadIPPluginJar : add gpio
2024-09-13 11:15:35,114 [INFO] IPUIPlugin:80 - create IPUIPlugin
2024-09-13 11:15:35,114 [INFO] PluginManager:220 - loadIPPluginJar : add gtzc
2024-09-13 11:15:35,118 [INFO] IPUIPlugin:80 - create IPUIPlugin
2024-09-13 11:15:35,118 [INFO] PluginManager:220 - loadIPPluginJar : add hash
2024-09-13 11:15:35,122 [INFO] IPUIPlugin:80 - create IPUIPlugin
2024-09-13 11:15:35,123 [INFO] PluginManager:220 - loadIPPluginJar : add i2c
2024-09-13 11:15:35,127 [INFO] IPUIPlugin:80 - create IPUIPlugin
2024-09-13 11:15:35,127 [INFO] PluginManager:220 - loadIPPluginJar : add i2s
2024-09-13 11:15:35,139 [INFO] IPUIPlugin:80 - create IPUIPlugin
2024-09-13 11:15:35,139 [INFO] PluginManager:220 - loadIPPluginJar : add i3c
2024-09-13 11:15:35,146 [INFO] IPUIPlugin:80 - create IPUIPlugin
2024-09-13 11:15:35,146 [INFO] PluginManager:220 - loadIPPluginJar : add ipddr
2024-09-13 11:15:35,157 [INFO] IPUIPlugin:80 - create IPUIPlugin
2024-09-13 11:15:35,158 [INFO] PluginManager:220 - loadIPPluginJar : add linkedlist
2024-09-13 11:15:35,162 [INFO] IPUIPlugin:80 - create IPUIPlugin
2024-09-13 11:15:35,162 [INFO] PluginManager:220 - loadIPPluginJar : add lorawan
2024-09-13 11:15:35,166 [INFO] IPUIPlugin:80 - create IPUIPlugin
2024-09-13 11:15:35,166 [INFO] PluginManager:220 - loadIPPluginJar : add ltdc
2024-09-13 11:15:35,173 [INFO] IPUIPlugin:80 - create IPUIPlugin
2024-09-13 11:15:35,173 [INFO] PluginManager:220 - loadIPPluginJar : add mdma
2024-09-13 11:15:35,178 [INFO] IPUIPlugin:80 - create IPUIPlugin
2024-09-13 11:15:35,178 [INFO] PluginManager:220 - loadIPPluginJar : add nvic
2024-09-13 11:15:35,183 [INFO] IPUIPlugin:80 - create IPUIPlugin
2024-09-13 11:15:35,183 [INFO] PluginManager:220 - loadIPPluginJar : add opamp
2024-09-13 11:15:35,188 [INFO] IPUIPlugin:80 - create IPUIPlugin
2024-09-13 11:15:35,188 [INFO] PluginManager:220 - loadIPPluginJar : add openamp
2024-09-13 11:15:35,193 [INFO] IPUIPlugin:80 - create IPUIPlugin
2024-09-13 11:15:35,193 [INFO] PluginManager:220 - loadIPPluginJar : add pdm2pcm
2024-09-13 11:15:35,203 [INFO] IPUIPlugin:80 - create IPUIPlugin
2024-09-13 11:15:35,207 [INFO] PluginManager:220 - loadIPPluginJar : add plateformsettings
2024-09-13 11:15:35,210 [INFO] IPUIPlugin:80 - create IPUIPlugin
2024-09-13 11:15:35,210 [INFO] PluginManager:220 - loadIPPluginJar : add quadspi
2024-09-13 11:15:35,212 [INFO] IPUIPlugin:80 - create IPUIPlugin
2024-09-13 11:15:35,213 [INFO] PluginManager:220 - loadIPPluginJar : add radio
2024-09-13 11:15:35,221 [INFO] IPUIPlugin:80 - create IPUIPlugin
2024-09-13 11:15:35,221 [INFO] PluginManager:220 - loadIPPluginJar : add resmgrutility
2024-09-13 11:15:35,225 [INFO] IPUIPlugin:80 - create IPUIPlugin
2024-09-13 11:15:35,225 [INFO] PluginManager:220 - loadIPPluginJar : add sai
2024-09-13 11:15:35,229 [INFO] IPUIPlugin:80 - create IPUIPlugin
2024-09-13 11:15:35,229 [INFO] PluginManager:220 - loadIPPluginJar : add spi
2024-09-13 11:15:35,237 [INFO] IPUIPlugin:80 - create IPUIPlugin
2024-09-13 11:15:35,237 [INFO] PluginManager:220 - loadIPPluginJar : add stm32_wpan
2024-09-13 11:15:35,240 [INFO] IPUIPlugin:80 - create IPUIPlugin
2024-09-13 11:15:35,240 [INFO] PluginManager:220 - loadIPPluginJar : add tim
2024-09-13 11:15:35,246 [INFO] IPUIPlugin:80 - create IPUIPlugin
2024-09-13 11:15:35,246 [INFO] PluginManager:220 - loadIPPluginJar : add touchsensing
2024-09-13 11:15:35,253 [INFO] IPUIPlugin:80 - create IPUIPlugin
2024-09-13 11:15:35,253 [INFO] PluginManager:220 - loadIPPluginJar : add tracer_emb
2024-09-13 11:15:35,256 [INFO] IPUIPlugin:80 - create IPUIPlugin
2024-09-13 11:15:35,256 [INFO] PluginManager:220 - loadIPPluginJar : add ts
2024-09-13 11:15:35,259 [INFO] IPUIPlugin:80 - create IPUIPlugin
2024-09-13 11:15:35,259 [INFO] PluginManager:220 - loadIPPluginJar : add tsc
2024-09-13 11:15:35,262 [INFO] IPUIPlugin:80 - create IPUIPlugin
2024-09-13 11:15:35,263 [INFO] PluginManager:220 - loadIPPluginJar : add ucpd
2024-09-13 11:15:35,269 [INFO] IPUIPlugin:80 - create IPUIPlugin
2024-09-13 11:15:35,270 [INFO] PluginManager:220 - loadIPPluginJar : add usart
2024-09-13 11:15:35,274 [INFO] IPUIPlugin:80 - create IPUIPlugin
2024-09-13 11:15:35,276 [INFO] PluginManager:220 - loadIPPluginJar : add usbx
2024-09-13 11:15:35,426 [INFO] CADModel:165 - CPN selected for project level
2024-09-13 11:15:35,426 [INFO] CADModel:114 - Register for checkConnection events
2024-09-13 11:15:35,426 [FATAL] Updater:334 - Updater called before beeing initialized
2024-09-13 11:15:35,426 [ERROR] CADModel:125 - Updater not yet initialized, retry later 
2024-09-13 11:15:35,637 [INFO] CADModel:165 - CPN selected for project level
2024-09-13 11:15:35,638 [INFO] CADModel:114 - Register for checkConnection events
2024-09-13 11:15:35,638 [FATAL] Updater:334 - Updater called before beeing initialized
2024-09-13 11:15:35,638 [ERROR] CADModel:125 - Updater not yet initialized, retry later 
2024-09-13 11:15:35,642 [FATAL] Updater:334 - Updater called before beeing initialized
2024-09-13 11:15:35,793 [FATAL] Updater:334 - Updater called before beeing initialized
2024-09-13 11:15:35,799 [INFO] DbMcusAds:53 - JSON generation date=Thu May 16 14:52:00 IST 2024 (1715851320667)
2024-09-13 11:15:35,799 [FATAL] Updater:334 - Updater called before beeing initialized
2024-09-13 11:15:35,866 [WARN] DetailPanel:346 - Failed to get advertising image, set to default
2024-09-13 11:15:35,988 [FATAL] Updater:334 - Updater called before beeing initialized
2024-09-13 11:15:35,991 [FATAL] Updater:334 - Updater called before beeing initialized
2024-09-13 11:15:35,991 [FATAL] Updater:334 - Updater called before beeing initialized
2024-09-13 11:15:35,991 [WARN] DetailPanel:346 - Failed to get advertising image, set to default
2024-09-13 11:15:35,992 [FATAL] Updater:334 - Updater called before beeing initialized
2024-09-13 11:15:36,051 [ERROR] Updater:1164 - MainUpdater not yet initialized. External WinMGr cannot be set.
2024-09-13 11:15:36,053 [INFO] Updater:1100 - Updater Version found : 6.12.0
2024-09-13 11:15:36,078 [INFO] ApplicationProperties:184 - Using Application install path: C:\ST\STM32CubeIDE_1.16.0\STM32CubeIDE\plugins\com.st.stm32cube.common.mx_6.12.0.202406281431
2024-09-13 11:15:37,378 [INFO] ThirdPartyUpdaterWithRetryManager:70 - Updater plugin not ready yet. [2/15]
2024-09-13 11:15:37,696 [ERROR] LogOutputStream:75 - [STDERR_REDIRECT] Sep 13, 2024 11:15:37 AM java.util.prefs.WindowsPreferences <init>
2024-09-13 11:15:37,701 [ERROR] LogOutputStream:75 - [STDERR_REDIRECT] WARNING: Could not open/create prefs root node Software\JavaSoft\Prefs at root 0xffffffff80000002. Windows RegCreateKeyEx(...) returned error code 5.
2024-09-13 11:15:37,702 [ERROR] LogOutputStream:75 - [STDERR_REDIRECT] 
2024-09-13 11:15:38,190 [INFO] MainUpdater:2873 - connection check result : 10
2024-09-13 11:15:38,190 [INFO] MainUpdater:290 - Updater Check For Update Now.
2024-09-13 11:15:38,192 [INFO] MicroXplorer:498 - Change Database Version : DB.6.0.120
2024-09-13 11:15:38,199 [INFO] McuFinderGlobals:63 - Set McuFinder mode to 2 (CubeIDE integrated)
2024-09-13 11:15:38,201 [INFO] UserAuth:417 - Internet connection configuration mode: 1
2024-09-13 11:15:38,229 [INFO] JxBrowserEngine:152 - Initiate JxBrowser Engine with user profile folder
2024-09-13 11:15:38,411 [INFO] CheckServerUpdateThread:120 - End of CheckServer Thread
2024-09-13 11:15:39,313 [INFO] WebApp:167 - Instantiating new browser for Auth
2024-09-13 11:15:40,373 [INFO] WebApp:448 - Apply proxy settings
2024-09-13 11:15:40,373 [INFO] WebApp:533 - Chromium requires no authentication
2024-09-13 11:15:40,387 [INFO] WebApp:476 - Direct internet connection detected
2024-09-13 11:15:40,424 [INFO] WebApp:869 - Register for checkConnection events
2024-09-13 11:15:40,424 [INFO] WebApp:448 - Apply proxy settings
2024-09-13 11:15:40,424 [INFO] WebApp:533 - Chromium requires no authentication
2024-09-13 11:15:40,426 [INFO] WebApp:476 - Direct internet connection detected
2024-09-13 11:15:40,693 [WARN] PackLoader:240 - Cannot read IP mode file for STMicroelectronics.FP-SNS-MOTENVWB1.1.4.0
2024-09-13 11:15:40,708 [WARN] PackLoader:240 - Cannot read IP mode file for STMicroelectronics.X-CUBE-SMBUS.2.1.0
2024-09-13 11:15:40,708 [INFO] WebApp:220 - Starting web application
2024-09-13 11:15:40,709 [INFO] WebApp:578 - Web application path used C:\ST\STM32CubeIDE_1.16.0\STM32CubeIDE\plugins\com.st.stm32cube.common.mx_6.12.0.202406281431\db\plugins\mcufinder\reactClient1\index.html
2024-09-13 11:15:40,769 [WARN] PackLoader:240 - Cannot read IP mode file for STMicroelectronics.X-CUBE-AZRTOS-F7.1.1.0
2024-09-13 11:15:40,925 [INFO] UserAuth:417 - Internet connection configuration mode: 1
2024-09-13 11:15:40,974 [WARN] PackLoader:240 - Cannot read IP mode file for STMicroelectronics.X-CUBE-MEMS1.11.0.0
2024-09-13 11:15:41,272 [WARN] PackLoader:240 - Cannot read IP mode file for STMicroelectronics.FP-SNS-FLIGHT1.5.0.2
2024-09-13 11:15:41,289 [WARN] PackLoader:240 - Cannot read IP mode file for STMicroelectronics.X-CUBE-DISPLAY.3.0.0
2024-09-13 11:15:41,303 [WARN] PackLoader:240 - Cannot read IP mode file for STMicroelectronics.X-CUBE-BLE1.7.0.0
2024-09-13 11:15:41,309 [WARN] PackLoader:240 - Cannot read IP mode file for emotas.I-CUBE-CANOPEN.1.3.0
2024-09-13 11:15:41,321 [WARN] PackLoader:240 - Cannot read IP mode file for STMicroelectronics.X-CUBE-BLEMGR.3.1.0
2024-09-13 11:15:41,330 [WARN] PackLoader:240 - Cannot read IP mode file for STMicroelectronics.FP-SNS-SMARTAG2.1.2.0
2024-09-13 11:15:41,341 [INFO] LogOutputStream:77 - [STDOUT_REDIRECT] 1 : Invalid condition id : UX_CORESTACK_Condition cause : null
2024-09-13 11:15:41,342 [INFO] LogOutputStream:77 - [STDOUT_REDIRECT] 1 : Invalid condition id : UX_CORESTACK_Condition cause : null
2024-09-13 11:15:41,344 [INFO] LogOutputStream:77 - [STDOUT_REDIRECT] 1 : Invalid condition id : UX_CORESTACK_Condition cause : null
2024-09-13 11:15:41,346 [INFO] LogOutputStream:77 - [STDOUT_REDIRECT] 1 : Invalid condition id : UX_CORESTACK_Condition cause : null
2024-09-13 11:15:41,347 [INFO] LogOutputStream:77 - [STDOUT_REDIRECT] 1 : Invalid condition id : UX_CORESTACK_Condition cause : null
2024-09-13 11:15:41,352 [WARN] PackLoader:240 - Cannot read IP mode file for STMicroelectronics.X-CUBE-AZRTOS-WL.2.0.0
2024-09-13 11:15:41,359 [WARN] PackLoader:240 - Cannot read IP mode file for STMicroelectronics.FP-SNS-MOTENV1.5.0.0
2024-09-13 11:15:41,366 [WARN] PackLoader:240 - Cannot read IP mode file for wolfSSL.I-CUBE-wolfMQTT.1.19.0
2024-09-13 11:15:41,374 [WARN] PackLoader:240 - Cannot read IP mode file for WES.I-CUBE-Cesium.1.3.0
2024-09-13 11:15:41,380 [WARN] PackLoader:240 - Cannot read IP mode file for STMicroelectronics.X-CUBE-BLE2.3.3.0
2024-09-13 11:15:41,387 [WARN] PackLoader:240 - Cannot read IP mode file for STMicroelectronics.X-CUBE-TCPP.4.1.0
2024-09-13 11:15:41,413 [WARN] PackLoader:240 - Cannot read IP mode file for STMicroelectronics.X-CUBE-AZRTOS-G0.1.1.0
2024-09-13 11:15:41,424 [WARN] PackLoader:240 - Cannot read IP mode file for STMicroelectronics.X-CUBE-SAFEA1.1.2.2
2024-09-13 11:15:41,431 [WARN] PackLoader:240 - Cannot read IP mode file for STMicroelectronics.X-CUBE-NFC4.3.0.0
2024-09-13 11:15:41,447 [WARN] PackLoader:240 - Cannot read IP mode file for EmbeddedOffice.I-CUBE-FS-RTOS.1.0.1
2024-09-13 11:15:41,447 [ERROR] ConditionMgr:805 - Attr not supported : Dmpu
2024-09-13 11:15:41,448 [ERROR] ConditionMgr:805 - Attr not supported : Dmpu
2024-09-13 11:15:41,448 [ERROR] ConditionMgr:805 - Attr not supported : Dmpu
2024-09-13 11:15:41,448 [ERROR] ConditionMgr:805 - Attr not supported : Dmpu
2024-09-13 11:15:41,448 [ERROR] ConditionMgr:805 - Attr not supported : Dmpu
2024-09-13 11:15:41,448 [ERROR] ConditionMgr:805 - Attr not supported : Dmpu
2024-09-13 11:15:41,448 [ERROR] ConditionMgr:805 - Attr not supported : Dmpu
2024-09-13 11:15:41,449 [ERROR] ConditionMgr:805 - Attr not supported : Dmpu
2024-09-13 11:15:41,449 [ERROR] ConditionMgr:805 - Attr not supported : Dmpu
2024-09-13 11:15:41,449 [ERROR] ConditionMgr:805 - Attr not supported : Dmpu
2024-09-13 11:15:41,449 [ERROR] ConditionMgr:805 - Attr not supported : Dmpu
2024-09-13 11:15:41,450 [ERROR] ConditionMgr:805 - Attr not supported : Dmpu
2024-09-13 11:15:41,450 [ERROR] ConditionMgr:805 - Attr not supported : Dmpu
2024-09-13 11:15:41,450 [ERROR] ConditionMgr:805 - Attr not supported : Dmpu
2024-09-13 11:15:41,450 [ERROR] ConditionMgr:805 - Attr not supported : Dmpu
2024-09-13 11:15:41,450 [ERROR] ConditionMgr:805 - Attr not supported : Dmpu
2024-09-13 11:15:41,450 [ERROR] ConditionMgr:805 - Attr not supported : Dmpu
2024-09-13 11:15:41,450 [ERROR] ConditionMgr:805 - Attr not supported : Dmpu
2024-09-13 11:15:41,450 [ERROR] ConditionMgr:805 - Attr not supported : Dmpu
2024-09-13 11:15:41,450 [ERROR] ConditionMgr:805 - Attr not supported : Dmpu
2024-09-13 11:15:41,450 [ERROR] ConditionMgr:805 - Attr not supported : Dmpu
2024-09-13 11:15:41,451 [ERROR] ConditionMgr:805 - Attr not supported : Dmpu
2024-09-13 11:15:41,451 [ERROR] ConditionMgr:805 - Attr not supported : Dmpu
2024-09-13 11:15:41,451 [ERROR] ConditionMgr:805 - Attr not supported : Dmpu
2024-09-13 11:15:41,451 [ERROR] ConditionMgr:805 - Attr not supported : Dmpu
2024-09-13 11:15:41,451 [ERROR] ConditionMgr:805 - Attr not supported : Dmpu
2024-09-13 11:15:41,451 [ERROR] ConditionMgr:805 - Attr not supported : Dmpu
2024-09-13 11:15:41,451 [ERROR] ConditionMgr:805 - Attr not supported : Dmpu
2024-09-13 11:15:41,451 [ERROR] ConditionMgr:805 - Attr not supported : Dmpu
2024-09-13 11:15:41,451 [ERROR] ConditionMgr:805 - Attr not supported : Dmpu
2024-09-13 11:15:41,452 [ERROR] ConditionMgr:805 - Attr not supported : Dmpu
2024-09-13 11:15:41,452 [ERROR] ConditionMgr:805 - Attr not supported : Dmpu
2024-09-13 11:15:41,452 [ERROR] ConditionMgr:805 - Attr not supported : Dmpu
2024-09-13 11:15:41,452 [ERROR] ConditionMgr:805 - Attr not supported : Dmpu
2024-09-13 11:15:41,452 [ERROR] ConditionMgr:805 - Attr not supported : Dmpu
2024-09-13 11:15:41,452 [ERROR] ConditionMgr:805 - Attr not supported : Dmpu
2024-09-13 11:15:41,452 [ERROR] ConditionMgr:805 - Attr not supported : Dmpu
2024-09-13 11:15:41,452 [ERROR] ConditionMgr:805 - Attr not supported : Dmpu
2024-09-13 11:15:41,452 [ERROR] ConditionMgr:805 - Attr not supported : Dmpu
2024-09-13 11:15:41,453 [ERROR] ConditionMgr:805 - Attr not supported : Dmpu
2024-09-13 11:15:41,453 [ERROR] ConditionMgr:805 - Attr not supported : Dmpu
2024-09-13 11:15:41,453 [ERROR] ConditionMgr:805 - Attr not supported : Dmpu
2024-09-13 11:15:41,453 [ERROR] ConditionMgr:805 - Attr not supported : Dmpu
2024-09-13 11:15:41,453 [ERROR] ConditionMgr:805 - Attr not supported : Dmpu
2024-09-13 11:15:41,453 [ERROR] ConditionMgr:805 - Attr not supported : Dmpu
2024-09-13 11:15:41,453 [ERROR] ConditionMgr:805 - Attr not supported : Dmpu
2024-09-13 11:15:41,453 [ERROR] ConditionMgr:805 - Attr not supported : Dmpu
2024-09-13 11:15:41,453 [ERROR] ConditionMgr:805 - Attr not supported : Dmpu
2024-09-13 11:15:41,453 [ERROR] ConditionMgr:805 - Attr not supported : Dmpu
2024-09-13 11:15:41,453 [ERROR] ConditionMgr:805 - Attr not supported : Dmpu
2024-09-13 11:15:41,453 [ERROR] ConditionMgr:805 - Attr not supported : Dmpu
2024-09-13 11:15:41,453 [ERROR] ConditionMgr:805 - Attr not supported : Dmpu
2024-09-13 11:15:41,454 [ERROR] ConditionMgr:805 - Attr not supported : Dmpu
2024-09-13 11:15:41,454 [ERROR] ConditionMgr:805 - Attr not supported : Dmpu
2024-09-13 11:15:41,454 [ERROR] ConditionMgr:805 - Attr not supported : Dmpu
2024-09-13 11:15:41,454 [ERROR] ConditionMgr:805 - Attr not supported : Dmpu
2024-09-13 11:15:41,454 [ERROR] ConditionMgr:805 - Attr not supported : Dmpu
2024-09-13 11:15:41,454 [ERROR] ConditionMgr:805 - Attr not supported : Dmpu
2024-09-13 11:15:41,454 [ERROR] ConditionMgr:805 - Attr not supported : Dmpu
2024-09-13 11:15:41,454 [ERROR] ConditionMgr:805 - Attr not supported : Dmpu
2024-09-13 11:15:41,454 [ERROR] ConditionMgr:805 - Attr not supported : Dmpu
2024-09-13 11:15:41,454 [ERROR] ConditionMgr:805 - Attr not supported : Dmpu
2024-09-13 11:15:41,454 [ERROR] ConditionMgr:805 - Attr not supported : Dmpu
2024-09-13 11:15:41,454 [ERROR] ConditionMgr:805 - Attr not supported : Dmpu
2024-09-13 11:15:41,460 [WARN] PackLoader:240 - Cannot read IP mode file for RealThread.X-CUBE-RT-Thread_Nano.4.1.1
2024-09-13 11:15:41,465 [WARN] PackLoader:240 - Cannot read IP mode file for STMicroelectronics.FP-ATR-SIGFOX1.3.2.0
2024-09-13 11:15:41,470 [WARN] PackLoader:240 - Cannot read IP mode file for wolfSSL.I-CUBE-wolfSSL.5.7.2
2024-09-13 11:15:41,477 [WARN] PackLoader:240 - Cannot read IP mode file for STMicroelectronics.X-CUBE-EEPRMA1.5.1.0
2024-09-13 11:15:41,486 [WARN] PackLoader:240 - Cannot read IP mode file for ITTIA_DB.I-CUBE-ITTIADB.8.9.0
2024-09-13 11:15:41,521 [WARN] PackLoader:240 - Cannot read IP mode file for SEGGER.I-CUBE-embOS.1.3.1
2024-09-13 11:15:41,628 [WARN] PackLoader:240 - Cannot read IP mode file for STMicroelectronics.X-CUBE-ALGOBUILD.1.4.0
2024-09-13 11:15:41,654 [WARN] PackLoader:240 - Cannot read IP mode file for STMicroelectronics.X-CUBE-GNSS1.6.0.0
2024-09-13 11:15:41,729 [WARN] PackLoader:240 - Cannot read IP mode file for STMicroelectronics.X-CUBE-AZRTOS-F4.1.1.0
2024-09-13 11:15:41,770 [WARN] PackLoader:240 - Cannot read IP mode file for STMicroelectronics.X-CUBE-FREERTOS.1.2.0
2024-09-13 11:15:41,867 [WARN] PackLoader:240 - Cannot read IP mode file for STMicroelectronics.X-CUBE-AZRTOS-L5.2.0.0
2024-09-13 11:15:41,881 [WARN] PackLoader:240 - Cannot read IP mode file for STMicroelectronics.X-CUBE-NFC6.3.1.0
2024-09-13 11:15:41,891 [WARN] PackLoader:240 - Cannot read IP mode file for STMicroelectronics.X-CUBE-DPower.1.2.0
2024-09-13 11:15:41,897 [WARN] PackLoader:240 - Cannot read IP mode file for STMicroelectronics.X-CUBE-AI.9.0.0
2024-09-13 11:15:41,904 [WARN] PackLoader:240 - Cannot read IP mode file for STMicroelectronics.X-CUBE-NFC7.1.0.1
2024-09-13 11:15:41,911 [WARN] PackLoader:240 - Cannot read IP mode file for wolfSSL.I-CUBE-wolfTPM.3.2.0
2024-09-13 11:15:41,934 [WARN] ConditionMgr:438 - getConditionDescription Invalid condition id : LAN8742 Phy interface Condition cause : null
2024-09-13 11:15:41,935 [WARN] PackLoader:240 - Cannot read IP mode file for STMicroelectronics.X-CUBE-AZRTOS-L4.2.0.0
2024-09-13 11:15:41,936 [WARN] ConditionMgr:1039 - genDependencies : Invalid condition id : LAN8742 Phy interface Condition cause : null
2024-09-13 11:15:41,936 [WARN] ConditionMgr:1039 - genDependencies : Invalid condition id : LAN8742 Phy interface Condition cause : null
2024-09-13 11:15:41,937 [WARN] ConditionMgr:1039 - genDependencies : Invalid condition id : LAN8742 Phy interface Condition cause : null
2024-09-13 11:15:41,947 [WARN] PackLoader:240 - Cannot read IP mode file for STMicroelectronics.X-CUBE-SFXS2LP1.4.0.0
2024-09-13 11:15:41,972 [WARN] PackLoader:240 - Cannot read IP mode file for STMicroelectronics.X-CUBE-AZRTOS-H7.3.3.0
2024-09-13 11:15:42,038 [WARN] ConditionMgr:438 - getConditionDescription Invalid condition id : UX DEVICE CLASS RTOS Condition cause : null
2024-09-13 11:15:42,043 [WARN] ConditionMgr:438 - getConditionDescription Invalid condition id : UX DEVICE CLASS RTOS Condition cause : null
2024-09-13 11:15:42,048 [WARN] PackLoader:240 - Cannot read IP mode file for STMicroelectronics.X-CUBE-AZRTOS-WB.2.0.0
2024-09-13 11:15:42,049 [WARN] ConditionMgr:1039 - genDependencies : Invalid condition id : UX DEVICE CLASS RTOS Condition cause : null
2024-09-13 11:15:42,049 [WARN] ConditionMgr:1039 - genDependencies : Invalid condition id : UX DEVICE CLASS RTOS Condition cause : null
2024-09-13 11:15:42,050 [WARN] ConditionMgr:1039 - genDependencies : Invalid condition id : UX DEVICE CLASS RTOS Condition cause : null
2024-09-13 11:15:42,050 [WARN] ConditionMgr:1039 - genDependencies : Invalid condition id : UX DEVICE CLASS RTOS Condition cause : null
2024-09-13 11:15:42,050 [WARN] ConditionMgr:1039 - genDependencies : Invalid condition id : UX DEVICE CLASS RTOS Condition cause : null
2024-09-13 11:15:42,058 [WARN] PackLoader:240 - Cannot read IP mode file for STMicroelectronics.X-CUBE-GNSS1.7.0.0
2024-09-13 11:15:42,073 [WARN] PackLoader:240 - Cannot read IP mode file for STMicroelectronics.FP-SNS-STBOX1.2.0.0
2024-09-13 11:15:42,190 [WARN] PackLoader:240 - Cannot read IP mode file for STMicroelectronics.X-CUBE-SUBG2.5.0.0
2024-09-13 11:15:42,218 [WARN] PackLoader:240 - Cannot read IP mode file for Cesanta.I-CUBE-Mongoose.7.13.0
2024-09-13 11:15:42,244 [WARN] PackLoader:240 - Cannot read IP mode file for STMicroelectronics.X-CUBE-AZRTOS-G4.2.0.0
2024-09-13 11:15:42,258 [WARN] PackLoader:240 - Cannot read IP mode file for STMicroelectronics.X-CUBE-ISPU.2.0.0
2024-09-13 11:15:42,267 [WARN] PackLoader:240 - Cannot read IP mode file for STMicroelectronics.X-CUBE-ALS.1.0.2
2024-09-13 11:15:42,355 [INFO] WebApp:186 - Connection restablished
2024-09-13 11:15:42,406 [WARN] PackLoader:240 - Cannot read IP mode file for STMicroelectronics.X-CUBE-MEMS1.10.0.0
2024-09-13 11:15:42,687 [WARN] PackLoader:240 - Cannot read IP mode file for STMicroelectronics.X-CUBE-TOUCHGFX.4.24.0
2024-09-13 11:15:42,694 [WARN] PackLoader:240 - Cannot read IP mode file for portGmbH.I-Cube-SoM-uGOAL.1.1.0
2024-09-13 11:15:42,723 [WARN] PackLoader:240 - Cannot read IP mode file for STMicroelectronics.X-CUBE-AZRTOS-H7RS.1.0.0
2024-09-13 11:15:42,731 [WARN] PackLoader:240 - Cannot read IP mode file for STMicroelectronics.FP-ATR-ASTRA1.2.0.0
2024-09-13 11:15:42,743 [WARN] PackLoader:240 - Cannot read IP mode file for STMicroelectronics.X-CUBE-TOF1.3.4.2
2024-09-13 11:15:42,777 [WARN] PackLoader:240 - Cannot read IP mode file for Infineon.AIROC-Wi-Fi-Bluetooth-STM32.1.6.1
2024-09-13 11:15:42,786 [WARN] PackLoader:240 - Cannot read IP mode file for wolfSSL.I-CUBE-wolfSSH.1.4.17
2024-09-13 11:15:42,787 [INFO] ThirdParty:978 - Integrity check success = true
2024-09-13 11:15:42,788 [INFO] IntegrityCheckThread:100 - exiting critical section [integrity check]
2024-09-13 11:15:42,788 [INFO] IntegrityCheckThread:103 - End integrity checks thread
2024-09-13 12:16:45,186 [INFO] WebApp:388 - JxBrowser engine has been closed 
2024-09-13 12:16:45,981 [ERROR] ConfigurationRetriever:142 - IOException on connection: Network is unreachable: getsockopt
2024-09-13 12:16:45,981 [ERROR] ConfigurationRetriever:142 - IOException on connection: Network is unreachable: getsockopt
2024-09-13 12:16:45,981 [ERROR] ConfigurationRetriever:142 - IOException on connection: Network is unreachable: getsockopt
2024-09-13 12:59:52,438 [INFO] Activator:176 - 


2024-09-13 12:59:52,447 [INFO] Activator:177 - !SESSION log4j initialized
2024-09-13 13:00:05,173 [INFO] LogOutputStream:77 - [STDOUT_REDIRECT] 
2024-09-13 13:00:08,467 [INFO] ApplicationProperties:184 - Using Application install path: C:\ST\STM32CubeIDE_1.16.0\STM32CubeIDE\plugins\com.st.stm32cube.common.mx_6.12.0.202406281431
2024-09-13 13:00:08,515 [INFO] DbMcusXml:78 - Set database path to: C:\ST\STM32CubeIDE_1.16.0\STM32CubeIDE\plugins\com.st.stm32cube.common.mx_6.12.0.202406281431\\db\/mcu/
2024-09-13 13:00:08,515 [INFO] ApiDb:274 - Set plugin database path to: C:\ST\STM32CubeIDE_1.16.0\STM32CubeIDE\plugins\com.st.stm32cube.common.mx_6.12.0.202406281431\\db\/plugins/boardmanager/
2024-09-13 13:00:08,516 [WARN] ApiDb:259 - Overriding images path with different value:  => C:\ST\STM32CubeIDE_1.16.0\STM32CubeIDE\plugins\com.st.stm32cube.common.mx_6.12.0.202406281431\\db\/plugins/mcufinder/images/
2024-09-13 13:00:08,537 [INFO] ApiDb:250 - Set database path to: C:\Users\kunfu\.stmcufinder\plugins\mcufinder//mcu/
2024-09-13 13:00:08,540 [INFO] DbMcusAds:125 - Set database path to: C:\Users\kunfu\.stmcufinder\plugins\mcufinder//mcu/
2024-09-13 13:00:08,547 [INFO] CrossReferenceDbSqlite:203 - Set database path to: C:\Users\kunfu\.stmcufinder\plugins\mcufinder//mcu/cs/
2024-09-13 13:00:08,868 [INFO] RulesReader:64 - Compatibility file has been processed (297 Rules)
2024-09-13 13:00:09,064 [INFO] DbMcusXml:78 - Set database path to: C:\ST\STM32CubeIDE_1.16.0\STM32CubeIDE\plugins\com.st.stm32cube.common.mx_6.12.0.202406281431\\db\/mcu/
2024-09-13 13:00:09,064 [INFO] ApiDb:274 - Set plugin database path to: C:\ST\STM32CubeIDE_1.16.0\STM32CubeIDE\plugins\com.st.stm32cube.common.mx_6.12.0.202406281431\\db\/plugins/boardmanager/
2024-09-13 13:00:09,065 [INFO] ApiDb:261 - Set plugin images path to: C:\ST\STM32CubeIDE_1.16.0\STM32CubeIDE\plugins\com.st.stm32cube.common.mx_6.12.0.202406281431\\db\/plugins/mcufinder/images/
2024-09-13 13:00:09,065 [WARN] DbFile:41 - Overriding database path with different value: C:\Users\kunfu\.stmcufinder\plugins\mcufinder/ => C:\Users\kunfu\.stmcufinder\plugins\mcufinder
2024-09-13 13:00:09,066 [INFO] ApiDb:250 - Set database path to: C:\Users\kunfu\.stmcufinder\plugins\mcufinder//mcu/
2024-09-13 13:00:09,066 [WARN] DbFile:41 - Overriding database path with different value: C:\Users\kunfu\.stmcufinder\plugins\mcufinder/ => C:\Users\kunfu\.stmcufinder\plugins\mcufinder
2024-09-13 13:00:09,066 [INFO] DbMcusAds:125 - Set database path to: C:\Users\kunfu\.stmcufinder\plugins\mcufinder//mcu/
2024-09-13 13:00:09,067 [WARN] DbFile:41 - Overriding database path with different value: C:\Users\kunfu\.stmcufinder\plugins\mcufinder/ => C:\Users\kunfu\.stmcufinder\plugins\mcufinder
2024-09-13 13:00:09,067 [WARN] DbFile:41 - Overriding database path with different value: C:\Users\kunfu\.stmcufinder\plugins\mcufinder/ => C:\Users\kunfu\.stmcufinder\plugins\mcufinder
2024-09-13 13:00:09,067 [INFO] CrossReferenceDbSqlite:203 - Set database path to: C:\Users\kunfu\.stmcufinder\plugins\mcufinder//mcu/cs/
2024-09-13 13:00:09,274 [INFO] MainPanel:268 - HeapMemory: 268435456
2024-09-13 13:00:09,527 [INFO] DbMcusXml:78 - Set database path to: C:\ST\STM32CubeIDE_1.16.0\STM32CubeIDE\plugins\com.st.stm32cube.common.mx_6.12.0.202406281431\\db\/mcu/
2024-09-13 13:00:09,528 [INFO] ApiDb:274 - Set plugin database path to: C:\ST\STM32CubeIDE_1.16.0\STM32CubeIDE\plugins\com.st.stm32cube.common.mx_6.12.0.202406281431\\db\/plugins/boardmanager/
2024-09-13 13:00:09,528 [INFO] ApiDb:261 - Set plugin images path to: C:\ST\STM32CubeIDE_1.16.0\STM32CubeIDE\plugins\com.st.stm32cube.common.mx_6.12.0.202406281431\\db\/plugins/mcufinder/images/
2024-09-13 13:00:09,529 [WARN] DbFile:41 - Overriding database path with different value: C:\Users\kunfu\.stmcufinder\plugins\mcufinder/ => C:\Users\kunfu\.stmcufinder\plugins\mcufinder
2024-09-13 13:00:09,529 [INFO] ApiDb:250 - Set database path to: C:\Users\kunfu\.stmcufinder\plugins\mcufinder//mcu/
2024-09-13 13:00:09,529 [WARN] DbFile:41 - Overriding database path with different value: C:\Users\kunfu\.stmcufinder\plugins\mcufinder/ => C:\Users\kunfu\.stmcufinder\plugins\mcufinder
2024-09-13 13:00:09,529 [INFO] DbMcusAds:125 - Set database path to: C:\Users\kunfu\.stmcufinder\plugins\mcufinder//mcu/
2024-09-13 13:00:09,530 [WARN] DbFile:41 - Overriding database path with different value: C:\Users\kunfu\.stmcufinder\plugins\mcufinder/ => C:\Users\kunfu\.stmcufinder\plugins\mcufinder
2024-09-13 13:00:09,530 [WARN] DbFile:41 - Overriding database path with different value: C:\Users\kunfu\.stmcufinder\plugins\mcufinder/ => C:\Users\kunfu\.stmcufinder\plugins\mcufinder
2024-09-13 13:00:09,530 [INFO] CrossReferenceDbSqlite:203 - Set database path to: C:\Users\kunfu\.stmcufinder\plugins\mcufinder//mcu/cs/
2024-09-13 13:00:09,576 [INFO] ApplicationProperties:184 - Using Application install path: C:\ST\STM32CubeIDE_1.16.0\STM32CubeIDE\plugins\com.st.stm32cube.common.mx_6.12.0.202406281431
2024-09-13 13:00:09,580 [INFO] PluginManage:196 - Search for loadable plugins [exclusion list=, ]
2024-09-13 13:00:09,583 [INFO] PluginManage:310 - Check plugin analytics
2024-09-13 13:00:10,092 [INFO] AnalyticsPlugin:253 - Accepted Software Licenses: 
2024-09-13 13:00:10,093 [INFO] AnalyticsPlugin:255 - Accepted CMSIS Pack Licenses: 
2024-09-13 13:00:10,093 [INFO] AnalyticsPlugin:257 - Accepted Firmware Licenses: FW.L4.1.18.0
2024-09-13 13:00:10,100 [INFO] PluginManage:359 - Loaded plugin analytics (category:tool,tabindex:-1)
2024-09-13 13:00:10,101 [INFO] PluginManage:310 - Check plugin cadmodel
2024-09-13 13:00:10,113 [INFO] CADModel:105 - Init CAD model plugin
2024-09-13 13:00:10,114 [INFO] PluginManage:359 - Loaded plugin cadmodel (category:power,tabindex:5)
2024-09-13 13:00:10,115 [INFO] PluginManage:310 - Check plugin clock
2024-09-13 13:00:10,138 [INFO] PluginManage:359 - Loaded plugin clock (category:base,tabindex:2)
2024-09-13 13:00:10,138 [INFO] PluginManage:310 - Check plugin ddr
2024-09-13 13:00:10,144 [INFO] PluginManage:359 - Loaded plugin ddr (category:tool,tabindex:6)
2024-09-13 13:00:10,145 [INFO] PluginManage:310 - Check plugin filemanager
2024-09-13 13:00:10,564 [INFO] PluginManage:359 - Loaded plugin filemanager (category:base,tabindex:10)
2024-09-13 13:00:10,564 [INFO] PluginManage:310 - Check plugin ipmanager
2024-09-13 13:00:10,584 [INFO] PluginManage:359 - Loaded plugin ipmanager (category:base,tabindex:5)
2024-09-13 13:00:10,585 [INFO] PluginManage:310 - Check plugin lpbam
2024-09-13 13:00:10,606 [INFO] PluginManage:359 - Loaded plugin lpbam (category:base,tabindex:0)
2024-09-13 13:00:10,607 [INFO] PluginManage:310 - Check plugin memorymap
2024-09-13 13:00:10,641 [INFO] PluginManage:359 - Loaded plugin memorymap (category:base,tabindex:4)
2024-09-13 13:00:10,641 [INFO] PluginManage:310 - Check plugin pinoutandconfiguration
2024-09-13 13:00:10,664 [INFO] PluginManage:359 - Loaded plugin pinoutandconfiguration (category:base,tabindex:1)
2024-09-13 13:00:10,664 [INFO] PluginManage:310 - Check plugin pinoutconfig
2024-09-13 13:00:10,912 [WARN] SupportedApi:132 - Cannot load RTOS API schema: s4s-elt-must-match.1: The content of 'definitions' must match (annotation?, (simpleType | complexType)?, (unique | key | keyref)*)). A problem was found starting at: attribute.
2024-09-13 13:00:11,339 [INFO] PluginManage:359 - Loaded plugin pinoutconfig (category:base,tabindex:0)
2024-09-13 13:00:11,340 [INFO] PluginManage:310 - Check plugin power
2024-09-13 13:00:11,364 [INFO] PluginManage:359 - Loaded plugin power (category:power,tabindex:4)
2024-09-13 13:00:11,365 [INFO] PluginManage:310 - Check plugin projectmanager
2024-09-13 13:00:11,411 [INFO] PluginManage:359 - Loaded plugin projectmanager (category:projectmanager,tabindex:4)
2024-09-13 13:00:11,411 [INFO] PluginManage:310 - Check plugin rif
2024-09-13 13:00:11,427 [INFO] PluginManage:359 - Loaded plugin rif (category:base,tabindex:3)
2024-09-13 13:00:11,427 [INFO] PluginManage:310 - Check plugin thirdparty
2024-09-13 13:00:11,802 [INFO] PluginManage:359 - Loaded plugin thirdparty (category:base,tabindex:-1)
2024-09-13 13:00:11,802 [WARN] IntegrityCheckThread:84 - waiting for thirdparty lock release [integrity check]
2024-09-13 13:00:11,803 [INFO] PluginManage:310 - Check plugin tools
2024-09-13 13:00:11,803 [INFO] IntegrityCheckThread:86 - entering critical section [integrity check]
2024-09-13 13:00:11,804 [INFO] ThirdPartyUpdaterWithRetryManager:70 - Updater plugin not ready yet. [1/15]
2024-09-13 13:00:11,810 [INFO] PluginManage:359 - Loaded plugin tools (category:base,tabindex:7)
2024-09-13 13:00:11,810 [INFO] PluginManage:310 - Check plugin tutovideos
2024-09-13 13:00:12,339 [INFO] PluginManage:359 - Loaded plugin tutovideos (category:base,tabindex:-1)
2024-09-13 13:00:12,339 [INFO] PluginManage:310 - Check plugin updater
2024-09-13 13:00:12,385 [INFO] PluginManage:359 - Loaded plugin updater (category:base,tabindex:12)
2024-09-13 13:00:12,385 [INFO] PluginManage:310 - Check plugin userauth
2024-09-13 13:00:12,400 [INFO] UserAuth:113 - Init User Auth plugin
2024-09-13 13:00:12,400 [INFO] PluginManage:359 - Loaded plugin userauth (category:base,tabindex:14)
2024-09-13 13:00:12,401 [INFO] PluginManage:283 - PluginManage : Loaded plugins [18]
2024-09-13 13:00:12,954 [INFO] PinOutPanel:1561 - setPackage(No Configuration,No Configuration)
2024-09-13 13:00:13,137 [INFO] CADModel:165 - CPN selected for project level
2024-09-13 13:00:13,138 [INFO] CADModel:114 - Register for checkConnection events
2024-09-13 13:00:13,169 [INFO] IPUIPlugin:80 - create IPUIPlugin
2024-09-13 13:00:13,169 [INFO] PluginManager:220 - loadIPPluginJar : add adc
2024-09-13 13:00:13,175 [INFO] IPUIPlugin:80 - create IPUIPlugin
2024-09-13 13:00:13,175 [INFO] PluginManager:220 - loadIPPluginJar : add aes
2024-09-13 13:00:13,180 [INFO] IPUIPlugin:80 - create IPUIPlugin
2024-09-13 13:00:13,180 [INFO] PluginManager:220 - loadIPPluginJar : add can
2024-09-13 13:00:13,183 [INFO] IPUIPlugin:80 - create IPUIPlugin
2024-09-13 13:00:13,183 [INFO] PluginManager:220 - loadIPPluginJar : add comp
2024-09-13 13:00:13,187 [INFO] IPUIPlugin:80 - create IPUIPlugin
2024-09-13 13:00:13,188 [INFO] PluginManager:220 - loadIPPluginJar : add cryp
2024-09-13 13:00:13,194 [INFO] IPUIPlugin:80 - create IPUIPlugin
2024-09-13 13:00:13,194 [INFO] PluginManager:220 - loadIPPluginJar : add ddr_ctrl_phy
2024-09-13 13:00:13,199 [INFO] IPUIPlugin:80 - create IPUIPlugin
2024-09-13 13:00:13,200 [INFO] PluginManager:220 - loadIPPluginJar : add dfsdm
2024-09-13 13:00:13,211 [INFO] IPUIPlugin:80 - create IPUIPlugin
2024-09-13 13:00:13,211 [INFO] PluginManager:220 - loadIPPluginJar : add dma
2024-09-13 13:00:13,217 [INFO] IPUIPlugin:80 - create IPUIPlugin
2024-09-13 13:00:13,217 [INFO] PluginManager:220 - loadIPPluginJar : add dma3
2024-09-13 13:00:13,222 [INFO] IPUIPlugin:80 - create IPUIPlugin
2024-09-13 13:00:13,223 [INFO] PluginManager:220 - loadIPPluginJar : add extmemmanager
2024-09-13 13:00:13,227 [INFO] IPUIPlugin:80 - create IPUIPlugin
2024-09-13 13:00:13,227 [INFO] PluginManager:220 - loadIPPluginJar : add fatfs
2024-09-13 13:00:13,235 [INFO] IPUIPlugin:80 - create IPUIPlugin
2024-09-13 13:00:13,235 [INFO] PluginManager:220 - loadIPPluginJar : add fmc
2024-09-13 13:00:13,246 [INFO] IPUIPlugin:80 - create IPUIPlugin
2024-09-13 13:00:13,246 [INFO] PluginManager:220 - loadIPPluginJar : add freertos
2024-09-13 13:00:13,250 [INFO] IPUIPlugin:80 - create IPUIPlugin
2024-09-13 13:00:13,250 [INFO] PluginManager:220 - loadIPPluginJar : add genericplugin
2024-09-13 13:00:13,255 [INFO] IPUIPlugin:80 - create IPUIPlugin
2024-09-13 13:00:13,255 [INFO] PluginManager:220 - loadIPPluginJar : add gfxmmu
2024-09-13 13:00:13,263 [INFO] IPUIPlugin:80 - create IPUIPlugin
2024-09-13 13:00:13,263 [INFO] PluginManager:220 - loadIPPluginJar : add gic
2024-09-13 13:00:13,271 [INFO] IPUIPlugin:80 - create IPUIPlugin
2024-09-13 13:00:13,271 [INFO] PluginManager:220 - loadIPPluginJar : add gpio
2024-09-13 13:00:13,276 [INFO] IPUIPlugin:80 - create IPUIPlugin
2024-09-13 13:00:13,277 [INFO] PluginManager:220 - loadIPPluginJar : add gtzc
2024-09-13 13:00:13,280 [INFO] IPUIPlugin:80 - create IPUIPlugin
2024-09-13 13:00:13,280 [INFO] PluginManager:220 - loadIPPluginJar : add hash
2024-09-13 13:00:13,286 [INFO] IPUIPlugin:80 - create IPUIPlugin
2024-09-13 13:00:13,286 [INFO] PluginManager:220 - loadIPPluginJar : add i2c
2024-09-13 13:00:13,290 [INFO] IPUIPlugin:80 - create IPUIPlugin
2024-09-13 13:00:13,291 [INFO] PluginManager:220 - loadIPPluginJar : add i2s
2024-09-13 13:00:13,296 [INFO] IPUIPlugin:80 - create IPUIPlugin
2024-09-13 13:00:13,297 [INFO] PluginManager:220 - loadIPPluginJar : add i3c
2024-09-13 13:00:13,302 [INFO] IPUIPlugin:80 - create IPUIPlugin
2024-09-13 13:00:13,302 [INFO] PluginManager:220 - loadIPPluginJar : add ipddr
2024-09-13 13:00:13,318 [INFO] IPUIPlugin:80 - create IPUIPlugin
2024-09-13 13:00:13,318 [INFO] PluginManager:220 - loadIPPluginJar : add linkedlist
2024-09-13 13:00:13,323 [INFO] IPUIPlugin:80 - create IPUIPlugin
2024-09-13 13:00:13,323 [INFO] PluginManager:220 - loadIPPluginJar : add lorawan
2024-09-13 13:00:13,326 [INFO] IPUIPlugin:80 - create IPUIPlugin
2024-09-13 13:00:13,326 [INFO] PluginManager:220 - loadIPPluginJar : add ltdc
2024-09-13 13:00:13,337 [INFO] IPUIPlugin:80 - create IPUIPlugin
2024-09-13 13:00:13,337 [INFO] PluginManager:220 - loadIPPluginJar : add mdma
2024-09-13 13:00:13,345 [INFO] IPUIPlugin:80 - create IPUIPlugin
2024-09-13 13:00:13,345 [INFO] PluginManager:220 - loadIPPluginJar : add nvic
2024-09-13 13:00:13,350 [INFO] IPUIPlugin:80 - create IPUIPlugin
2024-09-13 13:00:13,351 [INFO] PluginManager:220 - loadIPPluginJar : add opamp
2024-09-13 13:00:13,358 [INFO] IPUIPlugin:80 - create IPUIPlugin
2024-09-13 13:00:13,358 [INFO] PluginManager:220 - loadIPPluginJar : add openamp
2024-09-13 13:00:13,364 [INFO] IPUIPlugin:80 - create IPUIPlugin
2024-09-13 13:00:13,364 [INFO] PluginManager:220 - loadIPPluginJar : add pdm2pcm
2024-09-13 13:00:13,376 [INFO] IPUIPlugin:80 - create IPUIPlugin
2024-09-13 13:00:13,380 [INFO] PluginManager:220 - loadIPPluginJar : add plateformsettings
2024-09-13 13:00:13,383 [INFO] IPUIPlugin:80 - create IPUIPlugin
2024-09-13 13:00:13,383 [INFO] PluginManager:220 - loadIPPluginJar : add quadspi
2024-09-13 13:00:13,386 [INFO] IPUIPlugin:80 - create IPUIPlugin
2024-09-13 13:00:13,388 [INFO] PluginManager:220 - loadIPPluginJar : add radio
2024-09-13 13:00:13,394 [INFO] IPUIPlugin:80 - create IPUIPlugin
2024-09-13 13:00:13,394 [INFO] PluginManager:220 - loadIPPluginJar : add resmgrutility
2024-09-13 13:00:13,399 [INFO] IPUIPlugin:80 - create IPUIPlugin
2024-09-13 13:00:13,399 [INFO] PluginManager:220 - loadIPPluginJar : add sai
2024-09-13 13:00:13,404 [INFO] IPUIPlugin:80 - create IPUIPlugin
2024-09-13 13:00:13,404 [INFO] PluginManager:220 - loadIPPluginJar : add spi
2024-09-13 13:00:13,413 [INFO] IPUIPlugin:80 - create IPUIPlugin
2024-09-13 13:00:13,414 [INFO] PluginManager:220 - loadIPPluginJar : add stm32_wpan
2024-09-13 13:00:13,417 [INFO] IPUIPlugin:80 - create IPUIPlugin
2024-09-13 13:00:13,418 [INFO] PluginManager:220 - loadIPPluginJar : add tim
2024-09-13 13:00:13,425 [INFO] IPUIPlugin:80 - create IPUIPlugin
2024-09-13 13:00:13,425 [INFO] PluginManager:220 - loadIPPluginJar : add touchsensing
2024-09-13 13:00:13,431 [INFO] IPUIPlugin:80 - create IPUIPlugin
2024-09-13 13:00:13,431 [INFO] PluginManager:220 - loadIPPluginJar : add tracer_emb
2024-09-13 13:00:13,435 [INFO] IPUIPlugin:80 - create IPUIPlugin
2024-09-13 13:00:13,436 [INFO] PluginManager:220 - loadIPPluginJar : add ts
2024-09-13 13:00:13,440 [INFO] IPUIPlugin:80 - create IPUIPlugin
2024-09-13 13:00:13,440 [INFO] PluginManager:220 - loadIPPluginJar : add tsc
2024-09-13 13:00:13,445 [INFO] IPUIPlugin:80 - create IPUIPlugin
2024-09-13 13:00:13,445 [INFO] PluginManager:220 - loadIPPluginJar : add ucpd
2024-09-13 13:00:13,451 [INFO] IPUIPlugin:80 - create IPUIPlugin
2024-09-13 13:00:13,451 [INFO] PluginManager:220 - loadIPPluginJar : add usart
2024-09-13 13:00:13,458 [INFO] IPUIPlugin:80 - create IPUIPlugin
2024-09-13 13:00:13,458 [INFO] PluginManager:220 - loadIPPluginJar : add usbx
2024-09-13 13:00:13,658 [INFO] CADModel:165 - CPN selected for project level
2024-09-13 13:00:13,659 [INFO] CADModel:114 - Register for checkConnection events
2024-09-13 13:00:13,659 [FATAL] Updater:334 - Updater called before beeing initialized
2024-09-13 13:00:13,660 [ERROR] CADModel:125 - Updater not yet initialized, retry later 
2024-09-13 13:00:13,988 [INFO] CADModel:165 - CPN selected for project level
2024-09-13 13:00:13,989 [INFO] CADModel:114 - Register for checkConnection events
2024-09-13 13:00:13,989 [FATAL] Updater:334 - Updater called before beeing initialized
2024-09-13 13:00:13,989 [ERROR] CADModel:125 - Updater not yet initialized, retry later 
2024-09-13 13:00:13,997 [FATAL] Updater:334 - Updater called before beeing initialized
2024-09-13 13:00:14,235 [FATAL] Updater:334 - Updater called before beeing initialized
2024-09-13 13:00:14,247 [INFO] DbMcusAds:53 - JSON generation date=Thu May 16 14:52:00 IST 2024 (1715851320667)
2024-09-13 13:00:14,247 [FATAL] Updater:334 - Updater called before beeing initialized
2024-09-13 13:00:14,344 [WARN] DetailPanel:346 - Failed to get advertising image, set to default
2024-09-13 13:00:14,563 [FATAL] Updater:334 - Updater called before beeing initialized
2024-09-13 13:00:14,567 [FATAL] Updater:334 - Updater called before beeing initialized
2024-09-13 13:00:14,568 [FATAL] Updater:334 - Updater called before beeing initialized
2024-09-13 13:00:14,568 [WARN] DetailPanel:346 - Failed to get advertising image, set to default
2024-09-13 13:00:14,570 [FATAL] Updater:334 - Updater called before beeing initialized
2024-09-13 13:00:14,717 [ERROR] Updater:1164 - MainUpdater not yet initialized. External WinMGr cannot be set.
2024-09-13 13:00:14,723 [INFO] Updater:1100 - Updater Version found : 6.12.0
2024-09-13 13:00:14,773 [INFO] ApplicationProperties:184 - Using Application install path: C:\ST\STM32CubeIDE_1.16.0\STM32CubeIDE\plugins\com.st.stm32cube.common.mx_6.12.0.202406281431
2024-09-13 13:00:14,807 [INFO] ThirdPartyUpdaterWithRetryManager:70 - Updater plugin not ready yet. [2/15]
2024-09-13 13:00:16,406 [ERROR] LogOutputStream:75 - [STDERR_REDIRECT] Sep 13, 2024 1:00:16 PM java.util.prefs.WindowsPreferences <init>
2024-09-13 13:00:16,414 [ERROR] LogOutputStream:75 - [STDERR_REDIRECT] WARNING: Could not open/create prefs root node Software\JavaSoft\Prefs at root 0xffffffff80000002. Windows RegCreateKeyEx(...) returned error code 5.
2024-09-13 13:00:16,419 [ERROR] LogOutputStream:75 - [STDERR_REDIRECT] 
2024-09-13 13:00:17,249 [INFO] MainUpdater:2873 - connection check result : 10
2024-09-13 13:00:17,250 [INFO] MainUpdater:290 - Updater Check For Update Now.
2024-09-13 13:00:17,251 [INFO] MicroXplorer:498 - Change Database Version : DB.6.0.120
2024-09-13 13:00:17,292 [INFO] McuFinderGlobals:63 - Set McuFinder mode to 2 (CubeIDE integrated)
2024-09-13 13:00:17,299 [INFO] UserAuth:417 - Internet connection configuration mode: 1
2024-09-13 13:00:17,375 [INFO] JxBrowserEngine:152 - Initiate JxBrowser Engine with user profile folder
2024-09-13 13:00:17,630 [INFO] CheckServerUpdateThread:120 - End of CheckServer Thread
2024-09-13 13:00:18,502 [WARN] PackLoader:240 - Cannot read IP mode file for STMicroelectronics.FP-SNS-MOTENVWB1.1.4.0
2024-09-13 13:00:18,534 [WARN] PackLoader:240 - Cannot read IP mode file for STMicroelectronics.X-CUBE-SMBUS.2.1.0
2024-09-13 13:00:18,632 [WARN] PackLoader:240 - Cannot read IP mode file for STMicroelectronics.X-CUBE-AZRTOS-F7.1.1.0
2024-09-13 13:00:18,848 [WARN] PackLoader:240 - Cannot read IP mode file for STMicroelectronics.X-CUBE-MEMS1.11.0.0
2024-09-13 13:00:19,399 [WARN] PackLoader:240 - Cannot read IP mode file for STMicroelectronics.FP-SNS-FLIGHT1.5.0.2
2024-09-13 13:00:19,420 [WARN] PackLoader:240 - Cannot read IP mode file for STMicroelectronics.X-CUBE-DISPLAY.3.0.0
2024-09-13 13:00:19,444 [WARN] PackLoader:240 - Cannot read IP mode file for STMicroelectronics.X-CUBE-BLE1.7.0.0
2024-09-13 13:00:19,458 [WARN] PackLoader:240 - Cannot read IP mode file for emotas.I-CUBE-CANOPEN.1.3.0
2024-09-13 13:00:19,490 [WARN] PackLoader:240 - Cannot read IP mode file for STMicroelectronics.X-CUBE-BLEMGR.3.1.0
2024-09-13 13:00:19,506 [WARN] PackLoader:240 - Cannot read IP mode file for STMicroelectronics.FP-SNS-SMARTAG2.1.2.0
2024-09-13 13:00:19,536 [INFO] LogOutputStream:77 - [STDOUT_REDIRECT] 1 : Invalid condition id : UX_CORESTACK_Condition cause : null
2024-09-13 13:00:19,537 [INFO] LogOutputStream:77 - [STDOUT_REDIRECT] 1 : Invalid condition id : UX_CORESTACK_Condition cause : null
2024-09-13 13:00:19,541 [INFO] LogOutputStream:77 - [STDOUT_REDIRECT] 1 : Invalid condition id : UX_CORESTACK_Condition cause : null
2024-09-13 13:00:19,545 [INFO] LogOutputStream:77 - [STDOUT_REDIRECT] 1 : Invalid condition id : UX_CORESTACK_Condition cause : null
2024-09-13 13:00:19,549 [INFO] LogOutputStream:77 - [STDOUT_REDIRECT] 1 : Invalid condition id : UX_CORESTACK_Condition cause : null
2024-09-13 13:00:19,557 [WARN] PackLoader:240 - Cannot read IP mode file for STMicroelectronics.X-CUBE-AZRTOS-WL.2.0.0
2024-09-13 13:00:19,570 [WARN] PackLoader:240 - Cannot read IP mode file for STMicroelectronics.FP-SNS-MOTENV1.5.0.0
2024-09-13 13:00:19,584 [WARN] PackLoader:240 - Cannot read IP mode file for wolfSSL.I-CUBE-wolfMQTT.1.19.0
2024-09-13 13:00:19,602 [WARN] PackLoader:240 - Cannot read IP mode file for WES.I-CUBE-Cesium.1.3.0
2024-09-13 13:00:19,613 [WARN] PackLoader:240 - Cannot read IP mode file for STMicroelectronics.X-CUBE-BLE2.3.3.0
2024-09-13 13:00:19,628 [WARN] PackLoader:240 - Cannot read IP mode file for STMicroelectronics.X-CUBE-TCPP.4.1.0
2024-09-13 13:00:19,678 [WARN] PackLoader:240 - Cannot read IP mode file for STMicroelectronics.X-CUBE-AZRTOS-G0.1.1.0
2024-09-13 13:00:19,697 [WARN] PackLoader:240 - Cannot read IP mode file for STMicroelectronics.X-CUBE-SAFEA1.1.2.2
2024-09-13 13:00:19,711 [WARN] PackLoader:240 - Cannot read IP mode file for STMicroelectronics.X-CUBE-NFC4.3.0.0
2024-09-13 13:00:19,739 [WARN] PackLoader:240 - Cannot read IP mode file for EmbeddedOffice.I-CUBE-FS-RTOS.1.0.1
2024-09-13 13:00:19,740 [ERROR] ConditionMgr:805 - Attr not supported : Dmpu
2024-09-13 13:00:19,740 [ERROR] ConditionMgr:805 - Attr not supported : Dmpu
2024-09-13 13:00:19,740 [ERROR] ConditionMgr:805 - Attr not supported : Dmpu
2024-09-13 13:00:19,741 [ERROR] ConditionMgr:805 - Attr not supported : Dmpu
2024-09-13 13:00:19,741 [ERROR] ConditionMgr:805 - Attr not supported : Dmpu
2024-09-13 13:00:19,741 [ERROR] ConditionMgr:805 - Attr not supported : Dmpu
2024-09-13 13:00:19,741 [ERROR] ConditionMgr:805 - Attr not supported : Dmpu
2024-09-13 13:00:19,742 [ERROR] ConditionMgr:805 - Attr not supported : Dmpu
2024-09-13 13:00:19,742 [ERROR] ConditionMgr:805 - Attr not supported : Dmpu
2024-09-13 13:00:19,742 [ERROR] ConditionMgr:805 - Attr not supported : Dmpu
2024-09-13 13:00:19,742 [ERROR] ConditionMgr:805 - Attr not supported : Dmpu
2024-09-13 13:00:19,742 [ERROR] ConditionMgr:805 - Attr not supported : Dmpu
2024-09-13 13:00:19,743 [ERROR] ConditionMgr:805 - Attr not supported : Dmpu
2024-09-13 13:00:19,743 [ERROR] ConditionMgr:805 - Attr not supported : Dmpu
2024-09-13 13:00:19,743 [ERROR] ConditionMgr:805 - Attr not supported : Dmpu
2024-09-13 13:00:19,743 [ERROR] ConditionMgr:805 - Attr not supported : Dmpu
2024-09-13 13:00:19,743 [ERROR] ConditionMgr:805 - Attr not supported : Dmpu
2024-09-13 13:00:19,744 [ERROR] ConditionMgr:805 - Attr not supported : Dmpu
2024-09-13 13:00:19,744 [ERROR] ConditionMgr:805 - Attr not supported : Dmpu
2024-09-13 13:00:19,744 [ERROR] ConditionMgr:805 - Attr not supported : Dmpu
2024-09-13 13:00:19,744 [ERROR] ConditionMgr:805 - Attr not supported : Dmpu
2024-09-13 13:00:19,744 [ERROR] ConditionMgr:805 - Attr not supported : Dmpu
2024-09-13 13:00:19,745 [ERROR] ConditionMgr:805 - Attr not supported : Dmpu
2024-09-13 13:00:19,745 [ERROR] ConditionMgr:805 - Attr not supported : Dmpu
2024-09-13 13:00:19,745 [ERROR] ConditionMgr:805 - Attr not supported : Dmpu
2024-09-13 13:00:19,745 [ERROR] ConditionMgr:805 - Attr not supported : Dmpu
2024-09-13 13:00:19,746 [ERROR] ConditionMgr:805 - Attr not supported : Dmpu
2024-09-13 13:00:19,746 [ERROR] ConditionMgr:805 - Attr not supported : Dmpu
2024-09-13 13:00:19,746 [ERROR] ConditionMgr:805 - Attr not supported : Dmpu
2024-09-13 13:00:19,746 [ERROR] ConditionMgr:805 - Attr not supported : Dmpu
2024-09-13 13:00:19,747 [ERROR] ConditionMgr:805 - Attr not supported : Dmpu
2024-09-13 13:00:19,747 [ERROR] ConditionMgr:805 - Attr not supported : Dmpu
2024-09-13 13:00:19,747 [ERROR] ConditionMgr:805 - Attr not supported : Dmpu
2024-09-13 13:00:19,747 [ERROR] ConditionMgr:805 - Attr not supported : Dmpu
2024-09-13 13:00:19,747 [ERROR] ConditionMgr:805 - Attr not supported : Dmpu
2024-09-13 13:00:19,748 [ERROR] ConditionMgr:805 - Attr not supported : Dmpu
2024-09-13 13:00:19,748 [ERROR] ConditionMgr:805 - Attr not supported : Dmpu
2024-09-13 13:00:19,748 [ERROR] ConditionMgr:805 - Attr not supported : Dmpu
2024-09-13 13:00:19,749 [ERROR] ConditionMgr:805 - Attr not supported : Dmpu
2024-09-13 13:00:19,749 [ERROR] ConditionMgr:805 - Attr not supported : Dmpu
2024-09-13 13:00:19,749 [ERROR] ConditionMgr:805 - Attr not supported : Dmpu
2024-09-13 13:00:19,749 [ERROR] ConditionMgr:805 - Attr not supported : Dmpu
2024-09-13 13:00:19,749 [ERROR] ConditionMgr:805 - Attr not supported : Dmpu
2024-09-13 13:00:19,750 [ERROR] ConditionMgr:805 - Attr not supported : Dmpu
2024-09-13 13:00:19,750 [ERROR] ConditionMgr:805 - Attr not supported : Dmpu
2024-09-13 13:00:19,750 [ERROR] ConditionMgr:805 - Attr not supported : Dmpu
2024-09-13 13:00:19,750 [ERROR] ConditionMgr:805 - Attr not supported : Dmpu
2024-09-13 13:00:19,750 [ERROR] ConditionMgr:805 - Attr not supported : Dmpu
2024-09-13 13:00:19,751 [ERROR] ConditionMgr:805 - Attr not supported : Dmpu
2024-09-13 13:00:19,751 [ERROR] ConditionMgr:805 - Attr not supported : Dmpu
2024-09-13 13:00:19,751 [ERROR] ConditionMgr:805 - Attr not supported : Dmpu
2024-09-13 13:00:19,751 [ERROR] ConditionMgr:805 - Attr not supported : Dmpu
2024-09-13 13:00:19,752 [ERROR] ConditionMgr:805 - Attr not supported : Dmpu
2024-09-13 13:00:19,752 [ERROR] ConditionMgr:805 - Attr not supported : Dmpu
2024-09-13 13:00:19,752 [ERROR] ConditionMgr:805 - Attr not supported : Dmpu
2024-09-13 13:00:19,752 [ERROR] ConditionMgr:805 - Attr not supported : Dmpu
2024-09-13 13:00:19,753 [ERROR] ConditionMgr:805 - Attr not supported : Dmpu
2024-09-13 13:00:19,753 [ERROR] ConditionMgr:805 - Attr not supported : Dmpu
2024-09-13 13:00:19,753 [ERROR] ConditionMgr:805 - Attr not supported : Dmpu
2024-09-13 13:00:19,753 [ERROR] ConditionMgr:805 - Attr not supported : Dmpu
2024-09-13 13:00:19,754 [ERROR] ConditionMgr:805 - Attr not supported : Dmpu
2024-09-13 13:00:19,754 [ERROR] ConditionMgr:805 - Attr not supported : Dmpu
2024-09-13 13:00:19,754 [ERROR] ConditionMgr:805 - Attr not supported : Dmpu
2024-09-13 13:00:19,754 [ERROR] ConditionMgr:805 - Attr not supported : Dmpu
2024-09-13 13:00:19,771 [WARN] PackLoader:240 - Cannot read IP mode file for RealThread.X-CUBE-RT-Thread_Nano.4.1.1
2024-09-13 13:00:19,781 [WARN] PackLoader:240 - Cannot read IP mode file for STMicroelectronics.FP-ATR-SIGFOX1.3.2.0
2024-09-13 13:00:19,789 [WARN] PackLoader:240 - Cannot read IP mode file for wolfSSL.I-CUBE-wolfSSL.5.7.2
2024-09-13 13:00:19,803 [WARN] PackLoader:240 - Cannot read IP mode file for STMicroelectronics.X-CUBE-EEPRMA1.5.1.0
2024-09-13 13:00:19,819 [WARN] PackLoader:240 - Cannot read IP mode file for ITTIA_DB.I-CUBE-ITTIADB.8.9.0
2024-09-13 13:00:19,911 [WARN] PackLoader:240 - Cannot read IP mode file for SEGGER.I-CUBE-embOS.1.3.1
2024-09-13 13:00:20,076 [WARN] PackLoader:240 - Cannot read IP mode file for STMicroelectronics.X-CUBE-ALGOBUILD.1.4.0
2024-09-13 13:00:20,089 [WARN] PackLoader:240 - Cannot read IP mode file for STMicroelectronics.X-CUBE-GNSS1.6.0.0
2024-09-13 13:00:20,130 [WARN] PackLoader:240 - Cannot read IP mode file for STMicroelectronics.X-CUBE-AZRTOS-F4.1.1.0
2024-09-13 13:00:20,150 [WARN] PackLoader:240 - Cannot read IP mode file for STMicroelectronics.X-CUBE-FREERTOS.1.2.0
2024-09-13 13:00:20,198 [WARN] PackLoader:240 - Cannot read IP mode file for STMicroelectronics.X-CUBE-AZRTOS-L5.2.0.0
2024-09-13 13:00:20,221 [WARN] PackLoader:240 - Cannot read IP mode file for STMicroelectronics.X-CUBE-NFC6.3.1.0
2024-09-13 13:00:20,238 [WARN] PackLoader:240 - Cannot read IP mode file for STMicroelectronics.X-CUBE-DPower.1.2.0
2024-09-13 13:00:20,248 [WARN] PackLoader:240 - Cannot read IP mode file for STMicroelectronics.X-CUBE-AI.9.0.0
2024-09-13 13:00:20,263 [WARN] PackLoader:240 - Cannot read IP mode file for STMicroelectronics.X-CUBE-NFC7.1.0.1
2024-09-13 13:00:20,274 [WARN] PackLoader:240 - Cannot read IP mode file for wolfSSL.I-CUBE-wolfTPM.3.2.0
2024-09-13 13:00:20,324 [WARN] ConditionMgr:438 - getConditionDescription Invalid condition id : LAN8742 Phy interface Condition cause : null
2024-09-13 13:00:20,325 [WARN] PackLoader:240 - Cannot read IP mode file for STMicroelectronics.X-CUBE-AZRTOS-L4.2.0.0
2024-09-13 13:00:20,329 [WARN] ConditionMgr:1039 - genDependencies : Invalid condition id : LAN8742 Phy interface Condition cause : null
2024-09-13 13:00:20,330 [WARN] ConditionMgr:1039 - genDependencies : Invalid condition id : LAN8742 Phy interface Condition cause : null
2024-09-13 13:00:20,332 [WARN] ConditionMgr:1039 - genDependencies : Invalid condition id : LAN8742 Phy interface Condition cause : null
2024-09-13 13:00:20,351 [WARN] PackLoader:240 - Cannot read IP mode file for STMicroelectronics.X-CUBE-SFXS2LP1.4.0.0
2024-09-13 13:00:20,412 [WARN] PackLoader:240 - Cannot read IP mode file for STMicroelectronics.X-CUBE-AZRTOS-H7.3.3.0
2024-09-13 13:00:20,456 [WARN] ConditionMgr:438 - getConditionDescription Invalid condition id : UX DEVICE CLASS RTOS Condition cause : null
2024-09-13 13:00:20,457 [WARN] ConditionMgr:438 - getConditionDescription Invalid condition id : UX DEVICE CLASS RTOS Condition cause : null
2024-09-13 13:00:20,464 [WARN] PackLoader:240 - Cannot read IP mode file for STMicroelectronics.X-CUBE-AZRTOS-WB.2.0.0
2024-09-13 13:00:20,465 [WARN] ConditionMgr:1039 - genDependencies : Invalid condition id : UX DEVICE CLASS RTOS Condition cause : null
2024-09-13 13:00:20,466 [WARN] ConditionMgr:1039 - genDependencies : Invalid condition id : UX DEVICE CLASS RTOS Condition cause : null
2024-09-13 13:00:20,467 [WARN] ConditionMgr:1039 - genDependencies : Invalid condition id : UX DEVICE CLASS RTOS Condition cause : null
2024-09-13 13:00:20,468 [WARN] ConditionMgr:1039 - genDependencies : Invalid condition id : UX DEVICE CLASS RTOS Condition cause : null
2024-09-13 13:00:20,468 [WARN] ConditionMgr:1039 - genDependencies : Invalid condition id : UX DEVICE CLASS RTOS Condition cause : null
2024-09-13 13:00:20,486 [WARN] PackLoader:240 - Cannot read IP mode file for STMicroelectronics.X-CUBE-GNSS1.7.0.0
2024-09-13 13:00:20,506 [WARN] PackLoader:240 - Cannot read IP mode file for STMicroelectronics.FP-SNS-STBOX1.2.0.0
2024-09-13 13:00:20,541 [WARN] PackLoader:240 - Cannot read IP mode file for STMicroelectronics.X-CUBE-SUBG2.5.0.0
2024-09-13 13:00:20,564 [WARN] PackLoader:240 - Cannot read IP mode file for Cesanta.I-CUBE-Mongoose.7.13.0
2024-09-13 13:00:20,605 [WARN] PackLoader:240 - Cannot read IP mode file for STMicroelectronics.X-CUBE-AZRTOS-G4.2.0.0
2024-09-13 13:00:20,629 [WARN] PackLoader:240 - Cannot read IP mode file for STMicroelectronics.X-CUBE-ISPU.2.0.0
2024-09-13 13:00:20,643 [WARN] PackLoader:240 - Cannot read IP mode file for STMicroelectronics.X-CUBE-ALS.1.0.2
2024-09-13 13:00:20,778 [WARN] PackLoader:240 - Cannot read IP mode file for STMicroelectronics.X-CUBE-MEMS1.10.0.0
2024-09-13 13:00:21,626 [WARN] PackLoader:240 - Cannot read IP mode file for STMicroelectronics.X-CUBE-TOUCHGFX.4.24.0
2024-09-13 13:00:21,661 [WARN] PackLoader:240 - Cannot read IP mode file for portGmbH.I-Cube-SoM-uGOAL.1.1.0
2024-09-13 13:00:21,780 [WARN] PackLoader:240 - Cannot read IP mode file for STMicroelectronics.X-CUBE-AZRTOS-H7RS.1.0.0
2024-09-13 13:00:21,923 [WARN] PackLoader:240 - Cannot read IP mode file for STMicroelectronics.FP-ATR-ASTRA1.2.0.0
2024-09-13 13:00:21,976 [WARN] PackLoader:240 - Cannot read IP mode file for STMicroelectronics.X-CUBE-TOF1.3.4.2
2024-09-13 13:00:22,377 [WARN] PackLoader:240 - Cannot read IP mode file for Infineon.AIROC-Wi-Fi-Bluetooth-STM32.1.6.1
2024-09-13 13:00:22,413 [WARN] PackLoader:240 - Cannot read IP mode file for wolfSSL.I-CUBE-wolfSSH.1.4.17
2024-09-13 13:00:22,414 [INFO] ThirdParty:978 - Integrity check success = true
2024-09-13 13:00:22,414 [INFO] IntegrityCheckThread:100 - exiting critical section [integrity check]
2024-09-13 13:00:22,415 [INFO] IntegrityCheckThread:103 - End integrity checks thread
2024-09-13 13:00:23,047 [INFO] WebApp:167 - Instantiating new browser for Auth
2024-09-13 13:00:24,960 [INFO] WebApp:448 - Apply proxy settings
2024-09-13 13:00:24,960 [INFO] WebApp:533 - Chromium requires no authentication
2024-09-13 13:00:24,978 [INFO] WebApp:476 - Direct internet connection detected
2024-09-13 13:00:25,021 [INFO] WebApp:869 - Register for checkConnection events
2024-09-13 13:00:25,021 [INFO] WebApp:448 - Apply proxy settings
2024-09-13 13:00:25,021 [INFO] WebApp:533 - Chromium requires no authentication
2024-09-13 13:00:25,022 [INFO] WebApp:476 - Direct internet connection detected
2024-09-13 13:00:25,390 [INFO] WebApp:220 - Starting web application
2024-09-13 13:00:25,390 [INFO] WebApp:578 - Web application path used C:\ST\STM32CubeIDE_1.16.0\STM32CubeIDE\plugins\com.st.stm32cube.common.mx_6.12.0.202406281431\db\plugins\mcufinder\reactClient1\index.html
2024-09-13 13:00:25,564 [INFO] UserAuth:417 - Internet connection configuration mode: 1
2024-09-13 13:00:26,876 [INFO] WebApp:186 - Connection restablished
2024-09-13 13:01:01,232 [INFO] WebApp:189 - Connection lost
2024-09-13 13:01:01,976 [INFO] WebApp:186 - Connection restablished
2024-09-13 13:01:03,986 [INFO] LogOutputStream:77 - [STDOUT_REDIRECT] StartTraceHandler.execute(), success : Collect=false
2024-09-13 13:01:07,713 [INFO] LogOutputStream:77 - [STDOUT_REDIRECT] StartTraceHandler.execute(), success : Collect=true
2024-09-13 13:41:24,066 [INFO] LogOutputStream:77 - [STDOUT_REDIRECT] StartTraceHandler.execute(), success : Collect=false
2024-09-13 13:41:25,921 [INFO] LogOutputStream:77 - [STDOUT_REDIRECT] StartTraceHandler.execute(), success : Collect=true
2024-09-13 13:41:26,779 [INFO] LogOutputStream:77 - [STDOUT_REDIRECT] StartTraceHandler.execute(), success : Collect=false
2024-09-13 13:41:30,484 [INFO] LogOutputStream:77 - [STDOUT_REDIRECT] StartTraceHandler.execute(), success : Collect=true
2024-09-13 14:47:09,312 [INFO] WebApp:189 - Connection lost
2024-09-13 14:47:19,081 [INFO] WebApp:186 - Connection restablished
2024-09-13 15:09:09,513 [INFO] WebApp:189 - Connection lost
2024-09-13 15:10:19,352 [INFO] WebApp:186 - Connection restablished
2024-09-13 15:16:50,526 [INFO] WebApp:189 - Connection lost
2024-09-13 15:16:51,216 [INFO] WebApp:186 - Connection restablished
2024-09-13 15:16:56,671 [INFO] WebApp:189 - Connection lost
2024-09-13 15:16:57,306 [INFO] WebApp:186 - Connection restablished
2024-09-13 15:46:21,192 [INFO] WebApp:189 - Connection lost
2024-09-13 15:46:21,510 [INFO] WebApp:186 - Connection restablished
2024-09-13 16:05:30,445 [INFO] WebApp:189 - Connection lost
2024-09-13 16:05:43,657 [INFO] WebApp:186 - Connection restablished
2024-09-13 16:06:09,703 [INFO] WebApp:189 - Connection lost
2024-09-13 16:06:16,013 [INFO] WebApp:186 - Connection restablished
2024-09-13 16:13:02,766 [INFO] WebApp:189 - Connection lost
2024-09-13 16:13:25,748 [ERROR] LogOutputStream:75 - [STDERR_REDIRECT] 16:13:25.660 ERROR Chromium process exit code: -2,147,483,645
2024-09-13 16:13:25,778 [ERROR] LogOutputStream:75 - [STDERR_REDIRECT] 
2024-09-13 16:13:25,784 [ERROR] LogOutputStream:75 - [STDERR_REDIRECT] 16:13:25.779 ERROR Crash dump dir: C:\Users\kunfu\AppData\Local\JxBrowser\7.38.2\CrashReports
2024-09-13 16:13:25,785 [ERROR] LogOutputStream:75 - [STDERR_REDIRECT] 
2024-09-13 16:13:25,831 [ERROR] WebApp:397 - JxBrowser engine crashed! Exit code: -2147483645
2024-09-13 17:18:03,946 [ERROR] ConfigurationRetriever:142 - IOException on connection: sw-center.st.com
2024-09-13 17:18:03,951 [ERROR] ConfigurationRetriever:142 - IOException on connection: sw-center.st.com
2024-09-13 17:18:03,951 [ERROR] ConfigurationRetriever:142 - IOException on connection: sw-center.st.com
2024-09-13 17:18:06,378 [ERROR] LogOutputStream:75 - [STDERR_REDIRECT] 
2024-09-13 17:18:06,382 [ERROR] LogOutputStream:75 - [STDERR_REDIRECT] 
