2024-09-12 13:42:20,066 [INFO] Activator:176 - 


2024-09-12 13:42:20,081 [INFO] Activator:177 - !SESSION log4j initialized
2024-09-12 13:42:31,528 [INFO] LogOutputStream:77 - [STDOUT_REDIRECT] 
2024-09-12 13:42:36,291 [INFO] ApplicationProperties:184 - Using Application install path: C:\ST\STM32CubeIDE_1.16.0\STM32CubeIDE\plugins\com.st.stm32cube.common.mx_6.12.0.202406281431
2024-09-12 13:42:36,335 [INFO] DbMcusXml:78 - Set database path to: C:\ST\STM32CubeIDE_1.16.0\STM32CubeIDE\plugins\com.st.stm32cube.common.mx_6.12.0.202406281431\\db\/mcu/
2024-09-12 13:42:36,336 [INFO] ApiDb:274 - Set plugin database path to: C:\ST\STM32CubeIDE_1.16.0\STM32CubeIDE\plugins\com.st.stm32cube.common.mx_6.12.0.202406281431\\db\/plugins/boardmanager/
2024-09-12 13:42:36,337 [WARN] ApiDb:259 - Overriding images path with different value:  => C:\ST\STM32CubeIDE_1.16.0\STM32CubeIDE\plugins\com.st.stm32cube.common.mx_6.12.0.202406281431\\db\/plugins/mcufinder/images/
2024-09-12 13:42:36,358 [INFO] ApiDb:250 - Set database path to: C:\Users\kunfu\.stmcufinder\plugins\mcufinder//mcu/
2024-09-12 13:42:36,360 [INFO] DbMcusAds:125 - Set database path to: C:\Users\kunfu\.stmcufinder\plugins\mcufinder//mcu/
2024-09-12 13:42:36,367 [INFO] CrossReferenceDbSqlite:203 - Set database path to: C:\Users\kunfu\.stmcufinder\plugins\mcufinder//mcu/cs/
2024-09-12 13:42:36,684 [INFO] RulesReader:64 - Compatibility file has been processed (297 Rules)
2024-09-12 13:42:36,891 [INFO] DbMcusXml:78 - Set database path to: C:\ST\STM32CubeIDE_1.16.0\STM32CubeIDE\plugins\com.st.stm32cube.common.mx_6.12.0.202406281431\\db\/mcu/
2024-09-12 13:42:36,891 [INFO] ApiDb:274 - Set plugin database path to: C:\ST\STM32CubeIDE_1.16.0\STM32CubeIDE\plugins\com.st.stm32cube.common.mx_6.12.0.202406281431\\db\/plugins/boardmanager/
2024-09-12 13:42:36,892 [INFO] ApiDb:261 - Set plugin images path to: C:\ST\STM32CubeIDE_1.16.0\STM32CubeIDE\plugins\com.st.stm32cube.common.mx_6.12.0.202406281431\\db\/plugins/mcufinder/images/
2024-09-12 13:42:36,892 [WARN] DbFile:41 - Overriding database path with different value: C:\Users\kunfu\.stmcufinder\plugins\mcufinder/ => C:\Users\kunfu\.stmcufinder\plugins\mcufinder
2024-09-12 13:42:36,893 [INFO] ApiDb:250 - Set database path to: C:\Users\kunfu\.stmcufinder\plugins\mcufinder//mcu/
2024-09-12 13:42:36,893 [WARN] DbFile:41 - Overriding database path with different value: C:\Users\kunfu\.stmcufinder\plugins\mcufinder/ => C:\Users\kunfu\.stmcufinder\plugins\mcufinder
2024-09-12 13:42:36,893 [INFO] DbMcusAds:125 - Set database path to: C:\Users\kunfu\.stmcufinder\plugins\mcufinder//mcu/
2024-09-12 13:42:36,895 [WARN] DbFile:41 - Overriding database path with different value: C:\Users\kunfu\.stmcufinder\plugins\mcufinder/ => C:\Users\kunfu\.stmcufinder\plugins\mcufinder
2024-09-12 13:42:36,895 [WARN] DbFile:41 - Overriding database path with different value: C:\Users\kunfu\.stmcufinder\plugins\mcufinder/ => C:\Users\kunfu\.stmcufinder\plugins\mcufinder
2024-09-12 13:42:36,895 [INFO] CrossReferenceDbSqlite:203 - Set database path to: C:\Users\kunfu\.stmcufinder\plugins\mcufinder//mcu/cs/
2024-09-12 13:42:37,109 [INFO] MainPanel:268 - HeapMemory: 268435456
2024-09-12 13:42:37,340 [INFO] DbMcusXml:78 - Set database path to: C:\ST\STM32CubeIDE_1.16.0\STM32CubeIDE\plugins\com.st.stm32cube.common.mx_6.12.0.202406281431\\db\/mcu/
2024-09-12 13:42:37,340 [INFO] ApiDb:274 - Set plugin database path to: C:\ST\STM32CubeIDE_1.16.0\STM32CubeIDE\plugins\com.st.stm32cube.common.mx_6.12.0.202406281431\\db\/plugins/boardmanager/
2024-09-12 13:42:37,340 [INFO] ApiDb:261 - Set plugin images path to: C:\ST\STM32CubeIDE_1.16.0\STM32CubeIDE\plugins\com.st.stm32cube.common.mx_6.12.0.202406281431\\db\/plugins/mcufinder/images/
2024-09-12 13:42:37,341 [WARN] DbFile:41 - Overriding database path with different value: C:\Users\kunfu\.stmcufinder\plugins\mcufinder/ => C:\Users\kunfu\.stmcufinder\plugins\mcufinder
2024-09-12 13:42:37,341 [INFO] ApiDb:250 - Set database path to: C:\Users\kunfu\.stmcufinder\plugins\mcufinder//mcu/
2024-09-12 13:42:37,342 [WARN] DbFile:41 - Overriding database path with different value: C:\Users\kunfu\.stmcufinder\plugins\mcufinder/ => C:\Users\kunfu\.stmcufinder\plugins\mcufinder
2024-09-12 13:42:37,342 [INFO] DbMcusAds:125 - Set database path to: C:\Users\kunfu\.stmcufinder\plugins\mcufinder//mcu/
2024-09-12 13:42:37,342 [WARN] DbFile:41 - Overriding database path with different value: C:\Users\kunfu\.stmcufinder\plugins\mcufinder/ => C:\Users\kunfu\.stmcufinder\plugins\mcufinder
2024-09-12 13:42:37,342 [WARN] DbFile:41 - Overriding database path with different value: C:\Users\kunfu\.stmcufinder\plugins\mcufinder/ => C:\Users\kunfu\.stmcufinder\plugins\mcufinder
2024-09-12 13:42:37,342 [INFO] CrossReferenceDbSqlite:203 - Set database path to: C:\Users\kunfu\.stmcufinder\plugins\mcufinder//mcu/cs/
2024-09-12 13:42:37,387 [INFO] ApplicationProperties:184 - Using Application install path: C:\ST\STM32CubeIDE_1.16.0\STM32CubeIDE\plugins\com.st.stm32cube.common.mx_6.12.0.202406281431
2024-09-12 13:42:37,390 [INFO] PluginManage:196 - Search for loadable plugins [exclusion list=, ]
2024-09-12 13:42:37,394 [INFO] PluginManage:310 - Check plugin analytics
2024-09-12 13:42:37,820 [INFO] AnalyticsPlugin:253 - Accepted Software Licenses: 
2024-09-12 13:42:37,820 [INFO] AnalyticsPlugin:255 - Accepted CMSIS Pack Licenses: 
2024-09-12 13:42:37,821 [INFO] AnalyticsPlugin:257 - Accepted Firmware Licenses: FW.L4.1.18.0
2024-09-12 13:42:37,829 [INFO] PluginManage:359 - Loaded plugin analytics (category:tool,tabindex:-1)
2024-09-12 13:42:37,830 [INFO] PluginManage:310 - Check plugin cadmodel
2024-09-12 13:42:37,840 [INFO] CADModel:105 - Init CAD model plugin
2024-09-12 13:42:37,842 [INFO] PluginManage:359 - Loaded plugin cadmodel (category:power,tabindex:5)
2024-09-12 13:42:37,842 [INFO] PluginManage:310 - Check plugin clock
2024-09-12 13:42:37,866 [INFO] PluginManage:359 - Loaded plugin clock (category:base,tabindex:2)
2024-09-12 13:42:37,867 [INFO] PluginManage:310 - Check plugin ddr
2024-09-12 13:42:37,873 [INFO] PluginManage:359 - Loaded plugin ddr (category:tool,tabindex:6)
2024-09-12 13:42:37,874 [INFO] PluginManage:310 - Check plugin filemanager
2024-09-12 13:42:38,224 [INFO] PluginManage:359 - Loaded plugin filemanager (category:base,tabindex:10)
2024-09-12 13:42:38,224 [INFO] PluginManage:310 - Check plugin ipmanager
2024-09-12 13:42:38,238 [INFO] PluginManage:359 - Loaded plugin ipmanager (category:base,tabindex:5)
2024-09-12 13:42:38,240 [INFO] PluginManage:310 - Check plugin lpbam
2024-09-12 13:42:38,259 [INFO] PluginManage:359 - Loaded plugin lpbam (category:base,tabindex:0)
2024-09-12 13:42:38,259 [INFO] PluginManage:310 - Check plugin memorymap
2024-09-12 13:42:38,291 [INFO] PluginManage:359 - Loaded plugin memorymap (category:base,tabindex:4)
2024-09-12 13:42:38,292 [INFO] PluginManage:310 - Check plugin pinoutandconfiguration
2024-09-12 13:42:38,312 [INFO] PluginManage:359 - Loaded plugin pinoutandconfiguration (category:base,tabindex:1)
2024-09-12 13:42:38,312 [INFO] PluginManage:310 - Check plugin pinoutconfig
2024-09-12 13:42:38,544 [WARN] SupportedApi:132 - Cannot load RTOS API schema: s4s-elt-must-match.1: The content of 'definitions' must match (annotation?, (simpleType | complexType)?, (unique | key | keyref)*)). A problem was found starting at: attribute.
2024-09-12 13:42:38,872 [INFO] PluginManage:359 - Loaded plugin pinoutconfig (category:base,tabindex:0)
2024-09-12 13:42:38,872 [INFO] PluginManage:310 - Check plugin power
2024-09-12 13:42:38,894 [INFO] PluginManage:359 - Loaded plugin power (category:power,tabindex:4)
2024-09-12 13:42:38,894 [INFO] PluginManage:310 - Check plugin projectmanager
2024-09-12 13:42:38,933 [INFO] PluginManage:359 - Loaded plugin projectmanager (category:projectmanager,tabindex:4)
2024-09-12 13:42:38,933 [INFO] PluginManage:310 - Check plugin rif
2024-09-12 13:42:38,947 [INFO] PluginManage:359 - Loaded plugin rif (category:base,tabindex:3)
2024-09-12 13:42:38,947 [INFO] PluginManage:310 - Check plugin thirdparty
2024-09-12 13:42:39,284 [WARN] IntegrityCheckThread:84 - waiting for thirdparty lock release [integrity check]
2024-09-12 13:42:39,284 [INFO] PluginManage:359 - Loaded plugin thirdparty (category:base,tabindex:-1)
2024-09-12 13:42:39,284 [INFO] IntegrityCheckThread:86 - entering critical section [integrity check]
2024-09-12 13:42:39,284 [INFO] PluginManage:310 - Check plugin tools
2024-09-12 13:42:39,285 [INFO] ThirdPartyUpdaterWithRetryManager:70 - Updater plugin not ready yet. [1/15]
2024-09-12 13:42:39,290 [INFO] PluginManage:359 - Loaded plugin tools (category:base,tabindex:7)
2024-09-12 13:42:39,290 [INFO] PluginManage:310 - Check plugin tutovideos
2024-09-12 13:42:39,750 [INFO] PluginManage:359 - Loaded plugin tutovideos (category:base,tabindex:-1)
2024-09-12 13:42:39,751 [INFO] PluginManage:310 - Check plugin updater
2024-09-12 13:42:39,800 [INFO] PluginManage:359 - Loaded plugin updater (category:base,tabindex:12)
2024-09-12 13:42:39,801 [INFO] PluginManage:310 - Check plugin userauth
2024-09-12 13:42:39,814 [INFO] UserAuth:113 - Init User Auth plugin
2024-09-12 13:42:39,815 [INFO] PluginManage:359 - Loaded plugin userauth (category:base,tabindex:14)
2024-09-12 13:42:39,816 [INFO] PluginManage:283 - PluginManage : Loaded plugins [18]
2024-09-12 13:42:40,311 [INFO] PinOutPanel:1561 - setPackage(No Configuration,No Configuration)
2024-09-12 13:42:40,497 [INFO] CADModel:165 - CPN selected for project level
2024-09-12 13:42:40,497 [INFO] CADModel:114 - Register for checkConnection events
2024-09-12 13:42:40,530 [INFO] IPUIPlugin:80 - create IPUIPlugin
2024-09-12 13:42:40,530 [INFO] PluginManager:220 - loadIPPluginJar : add adc
2024-09-12 13:42:40,536 [INFO] IPUIPlugin:80 - create IPUIPlugin
2024-09-12 13:42:40,536 [INFO] PluginManager:220 - loadIPPluginJar : add aes
2024-09-12 13:42:40,542 [INFO] IPUIPlugin:80 - create IPUIPlugin
2024-09-12 13:42:40,543 [INFO] PluginManager:220 - loadIPPluginJar : add can
2024-09-12 13:42:40,545 [INFO] IPUIPlugin:80 - create IPUIPlugin
2024-09-12 13:42:40,545 [INFO] PluginManager:220 - loadIPPluginJar : add comp
2024-09-12 13:42:40,551 [INFO] IPUIPlugin:80 - create IPUIPlugin
2024-09-12 13:42:40,551 [INFO] PluginManager:220 - loadIPPluginJar : add cryp
2024-09-12 13:42:40,558 [INFO] IPUIPlugin:80 - create IPUIPlugin
2024-09-12 13:42:40,558 [INFO] PluginManager:220 - loadIPPluginJar : add ddr_ctrl_phy
2024-09-12 13:42:40,562 [INFO] IPUIPlugin:80 - create IPUIPlugin
2024-09-12 13:42:40,563 [INFO] PluginManager:220 - loadIPPluginJar : add dfsdm
2024-09-12 13:42:40,573 [INFO] IPUIPlugin:80 - create IPUIPlugin
2024-09-12 13:42:40,574 [INFO] PluginManager:220 - loadIPPluginJar : add dma
2024-09-12 13:42:40,578 [INFO] IPUIPlugin:80 - create IPUIPlugin
2024-09-12 13:42:40,579 [INFO] PluginManager:220 - loadIPPluginJar : add dma3
2024-09-12 13:42:40,584 [INFO] IPUIPlugin:80 - create IPUIPlugin
2024-09-12 13:42:40,584 [INFO] PluginManager:220 - loadIPPluginJar : add extmemmanager
2024-09-12 13:42:40,588 [INFO] IPUIPlugin:80 - create IPUIPlugin
2024-09-12 13:42:40,588 [INFO] PluginManager:220 - loadIPPluginJar : add fatfs
2024-09-12 13:42:40,597 [INFO] IPUIPlugin:80 - create IPUIPlugin
2024-09-12 13:42:40,597 [INFO] PluginManager:220 - loadIPPluginJar : add fmc
2024-09-12 13:42:40,609 [INFO] IPUIPlugin:80 - create IPUIPlugin
2024-09-12 13:42:40,609 [INFO] PluginManager:220 - loadIPPluginJar : add freertos
2024-09-12 13:42:40,612 [INFO] IPUIPlugin:80 - create IPUIPlugin
2024-09-12 13:42:40,613 [INFO] PluginManager:220 - loadIPPluginJar : add genericplugin
2024-09-12 13:42:40,617 [INFO] IPUIPlugin:80 - create IPUIPlugin
2024-09-12 13:42:40,618 [INFO] PluginManager:220 - loadIPPluginJar : add gfxmmu
2024-09-12 13:42:40,625 [INFO] IPUIPlugin:80 - create IPUIPlugin
2024-09-12 13:42:40,625 [INFO] PluginManager:220 - loadIPPluginJar : add gic
2024-09-12 13:42:40,636 [INFO] IPUIPlugin:80 - create IPUIPlugin
2024-09-12 13:42:40,637 [INFO] PluginManager:220 - loadIPPluginJar : add gpio
2024-09-12 13:42:40,643 [INFO] IPUIPlugin:80 - create IPUIPlugin
2024-09-12 13:42:40,643 [INFO] PluginManager:220 - loadIPPluginJar : add gtzc
2024-09-12 13:42:40,647 [INFO] IPUIPlugin:80 - create IPUIPlugin
2024-09-12 13:42:40,648 [INFO] PluginManager:220 - loadIPPluginJar : add hash
2024-09-12 13:42:40,653 [INFO] IPUIPlugin:80 - create IPUIPlugin
2024-09-12 13:42:40,653 [INFO] PluginManager:220 - loadIPPluginJar : add i2c
2024-09-12 13:42:40,658 [INFO] IPUIPlugin:80 - create IPUIPlugin
2024-09-12 13:42:40,659 [INFO] PluginManager:220 - loadIPPluginJar : add i2s
2024-09-12 13:42:40,664 [INFO] IPUIPlugin:80 - create IPUIPlugin
2024-09-12 13:42:40,664 [INFO] PluginManager:220 - loadIPPluginJar : add i3c
2024-09-12 13:42:40,670 [INFO] IPUIPlugin:80 - create IPUIPlugin
2024-09-12 13:42:40,670 [INFO] PluginManager:220 - loadIPPluginJar : add ipddr
2024-09-12 13:42:40,683 [INFO] IPUIPlugin:80 - create IPUIPlugin
2024-09-12 13:42:40,683 [INFO] PluginManager:220 - loadIPPluginJar : add linkedlist
2024-09-12 13:42:40,689 [INFO] IPUIPlugin:80 - create IPUIPlugin
2024-09-12 13:42:40,689 [INFO] PluginManager:220 - loadIPPluginJar : add lorawan
2024-09-12 13:42:40,693 [INFO] IPUIPlugin:80 - create IPUIPlugin
2024-09-12 13:42:40,693 [INFO] PluginManager:220 - loadIPPluginJar : add ltdc
2024-09-12 13:42:40,703 [INFO] IPUIPlugin:80 - create IPUIPlugin
2024-09-12 13:42:40,703 [INFO] PluginManager:220 - loadIPPluginJar : add mdma
2024-09-12 13:42:40,710 [INFO] IPUIPlugin:80 - create IPUIPlugin
2024-09-12 13:42:40,710 [INFO] PluginManager:220 - loadIPPluginJar : add nvic
2024-09-12 13:42:40,717 [INFO] IPUIPlugin:80 - create IPUIPlugin
2024-09-12 13:42:40,717 [INFO] PluginManager:220 - loadIPPluginJar : add opamp
2024-09-12 13:42:40,723 [INFO] IPUIPlugin:80 - create IPUIPlugin
2024-09-12 13:42:40,723 [INFO] PluginManager:220 - loadIPPluginJar : add openamp
2024-09-12 13:42:40,730 [INFO] IPUIPlugin:80 - create IPUIPlugin
2024-09-12 13:42:40,730 [INFO] PluginManager:220 - loadIPPluginJar : add pdm2pcm
2024-09-12 13:42:40,741 [INFO] IPUIPlugin:80 - create IPUIPlugin
2024-09-12 13:42:40,749 [INFO] PluginManager:220 - loadIPPluginJar : add plateformsettings
2024-09-12 13:42:40,752 [INFO] IPUIPlugin:80 - create IPUIPlugin
2024-09-12 13:42:40,752 [INFO] PluginManager:220 - loadIPPluginJar : add quadspi
2024-09-12 13:42:40,756 [INFO] IPUIPlugin:80 - create IPUIPlugin
2024-09-12 13:42:40,757 [INFO] PluginManager:220 - loadIPPluginJar : add radio
2024-09-12 13:42:40,763 [INFO] IPUIPlugin:80 - create IPUIPlugin
2024-09-12 13:42:40,765 [INFO] PluginManager:220 - loadIPPluginJar : add resmgrutility
2024-09-12 13:42:40,769 [INFO] IPUIPlugin:80 - create IPUIPlugin
2024-09-12 13:42:40,769 [INFO] PluginManager:220 - loadIPPluginJar : add sai
2024-09-12 13:42:40,774 [INFO] IPUIPlugin:80 - create IPUIPlugin
2024-09-12 13:42:40,774 [INFO] PluginManager:220 - loadIPPluginJar : add spi
2024-09-12 13:42:40,784 [INFO] IPUIPlugin:80 - create IPUIPlugin
2024-09-12 13:42:40,784 [INFO] PluginManager:220 - loadIPPluginJar : add stm32_wpan
2024-09-12 13:42:40,788 [INFO] IPUIPlugin:80 - create IPUIPlugin
2024-09-12 13:42:40,788 [INFO] PluginManager:220 - loadIPPluginJar : add tim
2024-09-12 13:42:40,792 [INFO] IPUIPlugin:80 - create IPUIPlugin
2024-09-12 13:42:40,793 [INFO] PluginManager:220 - loadIPPluginJar : add touchsensing
2024-09-12 13:42:40,799 [INFO] IPUIPlugin:80 - create IPUIPlugin
2024-09-12 13:42:40,799 [INFO] PluginManager:220 - loadIPPluginJar : add tracer_emb
2024-09-12 13:42:40,802 [INFO] IPUIPlugin:80 - create IPUIPlugin
2024-09-12 13:42:40,802 [INFO] PluginManager:220 - loadIPPluginJar : add ts
2024-09-12 13:42:40,805 [INFO] IPUIPlugin:80 - create IPUIPlugin
2024-09-12 13:42:40,805 [INFO] PluginManager:220 - loadIPPluginJar : add tsc
2024-09-12 13:42:40,809 [INFO] IPUIPlugin:80 - create IPUIPlugin
2024-09-12 13:42:40,809 [INFO] PluginManager:220 - loadIPPluginJar : add ucpd
2024-09-12 13:42:40,814 [INFO] IPUIPlugin:80 - create IPUIPlugin
2024-09-12 13:42:40,814 [INFO] PluginManager:220 - loadIPPluginJar : add usart
2024-09-12 13:42:40,820 [INFO] IPUIPlugin:80 - create IPUIPlugin
2024-09-12 13:42:40,820 [INFO] PluginManager:220 - loadIPPluginJar : add usbx
2024-09-12 13:42:41,018 [INFO] CADModel:165 - CPN selected for project level
2024-09-12 13:42:41,019 [INFO] CADModel:114 - Register for checkConnection events
2024-09-12 13:42:41,019 [FATAL] Updater:334 - Updater called before beeing initialized
2024-09-12 13:42:41,019 [ERROR] CADModel:125 - Updater not yet initialized, retry later 
2024-09-12 13:42:41,265 [INFO] CADModel:165 - CPN selected for project level
2024-09-12 13:42:41,265 [INFO] CADModel:114 - Register for checkConnection events
2024-09-12 13:42:41,265 [FATAL] Updater:334 - Updater called before beeing initialized
2024-09-12 13:42:41,265 [ERROR] CADModel:125 - Updater not yet initialized, retry later 
2024-09-12 13:42:41,271 [FATAL] Updater:334 - Updater called before beeing initialized
2024-09-12 13:42:41,461 [FATAL] Updater:334 - Updater called before beeing initialized
2024-09-12 13:42:41,469 [INFO] DbMcusAds:53 - JSON generation date=Thu May 16 14:52:00 IST 2024 (1715851320667)
2024-09-12 13:42:41,470 [FATAL] Updater:334 - Updater called before beeing initialized
2024-09-12 13:42:41,553 [WARN] DetailPanel:346 - Failed to get advertising image, set to default
2024-09-12 13:42:41,695 [FATAL] Updater:334 - Updater called before beeing initialized
2024-09-12 13:42:41,698 [FATAL] Updater:334 - Updater called before beeing initialized
2024-09-12 13:42:41,698 [FATAL] Updater:334 - Updater called before beeing initialized
2024-09-12 13:42:41,698 [WARN] DetailPanel:346 - Failed to get advertising image, set to default
2024-09-12 13:42:41,699 [FATAL] Updater:334 - Updater called before beeing initialized
2024-09-12 13:42:41,791 [ERROR] Updater:1164 - MainUpdater not yet initialized. External WinMGr cannot be set.
2024-09-12 13:42:41,795 [INFO] Updater:1100 - Updater Version found : 6.12.0
2024-09-12 13:42:41,823 [INFO] ApplicationProperties:184 - Using Application install path: C:\ST\STM32CubeIDE_1.16.0\STM32CubeIDE\plugins\com.st.stm32cube.common.mx_6.12.0.202406281431
2024-09-12 13:42:42,299 [INFO] ThirdPartyUpdaterWithRetryManager:70 - Updater plugin not ready yet. [2/15]
2024-09-12 13:42:43,424 [ERROR] LogOutputStream:75 - [STDERR_REDIRECT] Sep 12, 2024 1:42:43 PM java.util.prefs.WindowsPreferences <init>
2024-09-12 13:42:43,426 [ERROR] LogOutputStream:75 - [STDERR_REDIRECT] WARNING: Could not open/create prefs root node Software\JavaSoft\Prefs at root 0xffffffff80000002. Windows RegCreateKeyEx(...) returned error code 5.
2024-09-12 13:42:43,426 [ERROR] LogOutputStream:75 - [STDERR_REDIRECT] 
2024-09-12 13:42:43,854 [INFO] MainUpdater:2873 - connection check result : 10
2024-09-12 13:42:43,854 [INFO] MainUpdater:290 - Updater Check For Update Now.
2024-09-12 13:42:43,855 [INFO] MicroXplorer:498 - Change Database Version : DB.6.0.120
2024-09-12 13:42:43,862 [INFO] McuFinderGlobals:63 - Set McuFinder mode to 2 (CubeIDE integrated)
2024-09-12 13:42:43,863 [INFO] UserAuth:417 - Internet connection configuration mode: 1
2024-09-12 13:42:43,888 [INFO] JxBrowserEngine:152 - Initiate JxBrowser Engine with user profile folder
2024-09-12 13:42:44,090 [INFO] CheckServerUpdateThread:120 - End of CheckServer Thread
2024-09-12 13:42:45,253 [INFO] WebApp:167 - Instantiating new browser for Auth
2024-09-12 13:42:45,914 [WARN] PackLoader:240 - Cannot read IP mode file for STMicroelectronics.FP-SNS-MOTENVWB1.1.4.0
2024-09-12 13:42:45,943 [WARN] PackLoader:240 - Cannot read IP mode file for STMicroelectronics.X-CUBE-SMBUS.2.1.0
2024-09-12 13:42:46,059 [WARN] PackLoader:240 - Cannot read IP mode file for STMicroelectronics.X-CUBE-AZRTOS-F7.1.1.0
2024-09-12 13:42:46,588 [WARN] PackLoader:240 - Cannot read IP mode file for STMicroelectronics.X-CUBE-MEMS1.11.0.0
2024-09-12 13:42:47,190 [WARN] PackLoader:240 - Cannot read IP mode file for STMicroelectronics.FP-SNS-FLIGHT1.5.0.2
2024-09-12 13:42:47,218 [WARN] PackLoader:240 - Cannot read IP mode file for STMicroelectronics.X-CUBE-DISPLAY.3.0.0
2024-09-12 13:42:47,315 [WARN] PackLoader:240 - Cannot read IP mode file for STMicroelectronics.X-CUBE-BLE1.7.0.0
2024-09-12 13:42:47,330 [WARN] PackLoader:240 - Cannot read IP mode file for emotas.I-CUBE-CANOPEN.1.3.0
2024-09-12 13:42:47,366 [WARN] PackLoader:240 - Cannot read IP mode file for STMicroelectronics.X-CUBE-BLEMGR.3.1.0
2024-09-12 13:42:47,407 [WARN] PackLoader:240 - Cannot read IP mode file for STMicroelectronics.FP-SNS-SMARTAG2.1.2.0
2024-09-12 13:42:47,435 [INFO] LogOutputStream:77 - [STDOUT_REDIRECT] 1 : Invalid condition id : UX_CORESTACK_Condition cause : null
2024-09-12 13:42:47,437 [INFO] LogOutputStream:77 - [STDOUT_REDIRECT] 1 : Invalid condition id : UX_CORESTACK_Condition cause : null
2024-09-12 13:42:47,446 [INFO] LogOutputStream:77 - [STDOUT_REDIRECT] 1 : Invalid condition id : UX_CORESTACK_Condition cause : null
2024-09-12 13:42:47,449 [INFO] LogOutputStream:77 - [STDOUT_REDIRECT] 1 : Invalid condition id : UX_CORESTACK_Condition cause : null
2024-09-12 13:42:47,454 [INFO] LogOutputStream:77 - [STDOUT_REDIRECT] 1 : Invalid condition id : UX_CORESTACK_Condition cause : null
2024-09-12 13:42:47,472 [WARN] PackLoader:240 - Cannot read IP mode file for STMicroelectronics.X-CUBE-AZRTOS-WL.2.0.0
2024-09-12 13:42:47,496 [WARN] PackLoader:240 - Cannot read IP mode file for STMicroelectronics.FP-SNS-MOTENV1.5.0.0
2024-09-12 13:42:47,519 [WARN] PackLoader:240 - Cannot read IP mode file for wolfSSL.I-CUBE-wolfMQTT.1.19.0
2024-09-12 13:42:47,542 [WARN] PackLoader:240 - Cannot read IP mode file for WES.I-CUBE-Cesium.1.3.0
2024-09-12 13:42:47,556 [WARN] PackLoader:240 - Cannot read IP mode file for STMicroelectronics.X-CUBE-BLE2.3.3.0
2024-09-12 13:42:47,573 [WARN] PackLoader:240 - Cannot read IP mode file for STMicroelectronics.X-CUBE-TCPP.4.1.0
2024-09-12 13:42:47,625 [WARN] PackLoader:240 - Cannot read IP mode file for STMicroelectronics.X-CUBE-AZRTOS-G0.1.1.0
2024-09-12 13:42:47,648 [WARN] PackLoader:240 - Cannot read IP mode file for STMicroelectronics.X-CUBE-SAFEA1.1.2.2
2024-09-12 13:42:47,665 [WARN] PackLoader:240 - Cannot read IP mode file for STMicroelectronics.X-CUBE-NFC4.3.0.0
2024-09-12 13:42:47,696 [WARN] PackLoader:240 - Cannot read IP mode file for EmbeddedOffice.I-CUBE-FS-RTOS.1.0.1
2024-09-12 13:42:47,697 [ERROR] ConditionMgr:805 - Attr not supported : Dmpu
2024-09-12 13:42:47,697 [ERROR] ConditionMgr:805 - Attr not supported : Dmpu
2024-09-12 13:42:47,698 [ERROR] ConditionMgr:805 - Attr not supported : Dmpu
2024-09-12 13:42:47,698 [ERROR] ConditionMgr:805 - Attr not supported : Dmpu
2024-09-12 13:42:47,698 [ERROR] ConditionMgr:805 - Attr not supported : Dmpu
2024-09-12 13:42:47,698 [ERROR] ConditionMgr:805 - Attr not supported : Dmpu
2024-09-12 13:42:47,699 [ERROR] ConditionMgr:805 - Attr not supported : Dmpu
2024-09-12 13:42:47,700 [ERROR] ConditionMgr:805 - Attr not supported : Dmpu
2024-09-12 13:42:47,700 [ERROR] ConditionMgr:805 - Attr not supported : Dmpu
2024-09-12 13:42:47,700 [ERROR] ConditionMgr:805 - Attr not supported : Dmpu
2024-09-12 13:42:47,702 [INFO] WebApp:448 - Apply proxy settings
2024-09-12 13:42:47,702 [ERROR] ConditionMgr:805 - Attr not supported : Dmpu
2024-09-12 13:42:47,703 [ERROR] ConditionMgr:805 - Attr not supported : Dmpu
2024-09-12 13:42:47,703 [INFO] WebApp:533 - Chromium requires no authentication
2024-09-12 13:42:47,703 [ERROR] ConditionMgr:805 - Attr not supported : Dmpu
2024-09-12 13:42:47,704 [ERROR] ConditionMgr:805 - Attr not supported : Dmpu
2024-09-12 13:42:47,704 [ERROR] ConditionMgr:805 - Attr not supported : Dmpu
2024-09-12 13:42:47,704 [ERROR] ConditionMgr:805 - Attr not supported : Dmpu
2024-09-12 13:42:47,704 [ERROR] ConditionMgr:805 - Attr not supported : Dmpu
2024-09-12 13:42:47,704 [ERROR] ConditionMgr:805 - Attr not supported : Dmpu
2024-09-12 13:42:47,705 [ERROR] ConditionMgr:805 - Attr not supported : Dmpu
2024-09-12 13:42:47,706 [ERROR] ConditionMgr:805 - Attr not supported : Dmpu
2024-09-12 13:42:47,707 [ERROR] ConditionMgr:805 - Attr not supported : Dmpu
2024-09-12 13:42:47,709 [ERROR] ConditionMgr:805 - Attr not supported : Dmpu
2024-09-12 13:42:47,709 [ERROR] ConditionMgr:805 - Attr not supported : Dmpu
2024-09-12 13:42:47,709 [ERROR] ConditionMgr:805 - Attr not supported : Dmpu
2024-09-12 13:42:47,711 [ERROR] ConditionMgr:805 - Attr not supported : Dmpu
2024-09-12 13:42:47,711 [ERROR] ConditionMgr:805 - Attr not supported : Dmpu
2024-09-12 13:42:47,711 [ERROR] ConditionMgr:805 - Attr not supported : Dmpu
2024-09-12 13:42:47,712 [ERROR] ConditionMgr:805 - Attr not supported : Dmpu
2024-09-12 13:42:47,712 [ERROR] ConditionMgr:805 - Attr not supported : Dmpu
2024-09-12 13:42:47,712 [ERROR] ConditionMgr:805 - Attr not supported : Dmpu
2024-09-12 13:42:47,712 [ERROR] ConditionMgr:805 - Attr not supported : Dmpu
2024-09-12 13:42:47,713 [ERROR] ConditionMgr:805 - Attr not supported : Dmpu
2024-09-12 13:42:47,713 [ERROR] ConditionMgr:805 - Attr not supported : Dmpu
2024-09-12 13:42:47,713 [ERROR] ConditionMgr:805 - Attr not supported : Dmpu
2024-09-12 13:42:47,715 [ERROR] ConditionMgr:805 - Attr not supported : Dmpu
2024-09-12 13:42:47,715 [ERROR] ConditionMgr:805 - Attr not supported : Dmpu
2024-09-12 13:42:47,715 [ERROR] ConditionMgr:805 - Attr not supported : Dmpu
2024-09-12 13:42:47,715 [ERROR] ConditionMgr:805 - Attr not supported : Dmpu
2024-09-12 13:42:47,715 [ERROR] ConditionMgr:805 - Attr not supported : Dmpu
2024-09-12 13:42:47,716 [ERROR] ConditionMgr:805 - Attr not supported : Dmpu
2024-09-12 13:42:47,716 [ERROR] ConditionMgr:805 - Attr not supported : Dmpu
2024-09-12 13:42:47,716 [ERROR] ConditionMgr:805 - Attr not supported : Dmpu
2024-09-12 13:42:47,716 [ERROR] ConditionMgr:805 - Attr not supported : Dmpu
2024-09-12 13:42:47,716 [ERROR] ConditionMgr:805 - Attr not supported : Dmpu
2024-09-12 13:42:47,716 [ERROR] ConditionMgr:805 - Attr not supported : Dmpu
2024-09-12 13:42:47,716 [ERROR] ConditionMgr:805 - Attr not supported : Dmpu
2024-09-12 13:42:47,718 [ERROR] ConditionMgr:805 - Attr not supported : Dmpu
2024-09-12 13:42:47,718 [ERROR] ConditionMgr:805 - Attr not supported : Dmpu
2024-09-12 13:42:47,718 [ERROR] ConditionMgr:805 - Attr not supported : Dmpu
2024-09-12 13:42:47,718 [ERROR] ConditionMgr:805 - Attr not supported : Dmpu
2024-09-12 13:42:47,719 [ERROR] ConditionMgr:805 - Attr not supported : Dmpu
2024-09-12 13:42:47,719 [ERROR] ConditionMgr:805 - Attr not supported : Dmpu
2024-09-12 13:42:47,719 [ERROR] ConditionMgr:805 - Attr not supported : Dmpu
2024-09-12 13:42:47,719 [ERROR] ConditionMgr:805 - Attr not supported : Dmpu
2024-09-12 13:42:47,720 [ERROR] ConditionMgr:805 - Attr not supported : Dmpu
2024-09-12 13:42:47,720 [ERROR] ConditionMgr:805 - Attr not supported : Dmpu
2024-09-12 13:42:47,720 [ERROR] ConditionMgr:805 - Attr not supported : Dmpu
2024-09-12 13:42:47,720 [ERROR] ConditionMgr:805 - Attr not supported : Dmpu
2024-09-12 13:42:47,720 [ERROR] ConditionMgr:805 - Attr not supported : Dmpu
2024-09-12 13:42:47,720 [ERROR] ConditionMgr:805 - Attr not supported : Dmpu
2024-09-12 13:42:47,721 [ERROR] ConditionMgr:805 - Attr not supported : Dmpu
2024-09-12 13:42:47,721 [ERROR] ConditionMgr:805 - Attr not supported : Dmpu
2024-09-12 13:42:47,721 [ERROR] ConditionMgr:805 - Attr not supported : Dmpu
2024-09-12 13:42:47,721 [ERROR] ConditionMgr:805 - Attr not supported : Dmpu
2024-09-12 13:42:47,731 [INFO] WebApp:476 - Direct internet connection detected
2024-09-12 13:42:47,734 [WARN] PackLoader:240 - Cannot read IP mode file for RealThread.X-CUBE-RT-Thread_Nano.4.1.1
2024-09-12 13:42:47,747 [WARN] PackLoader:240 - Cannot read IP mode file for STMicroelectronics.FP-ATR-SIGFOX1.3.2.0
2024-09-12 13:42:47,757 [WARN] PackLoader:240 - Cannot read IP mode file for wolfSSL.I-CUBE-wolfSSL.5.7.2
2024-09-12 13:42:47,771 [WARN] PackLoader:240 - Cannot read IP mode file for STMicroelectronics.X-CUBE-EEPRMA1.5.1.0
2024-09-12 13:42:47,792 [WARN] PackLoader:240 - Cannot read IP mode file for ITTIA_DB.I-CUBE-ITTIADB.8.9.0
2024-09-12 13:42:47,821 [INFO] WebApp:869 - Register for checkConnection events
2024-09-12 13:42:47,822 [INFO] WebApp:448 - Apply proxy settings
2024-09-12 13:42:47,822 [INFO] WebApp:533 - Chromium requires no authentication
2024-09-12 13:42:47,825 [INFO] WebApp:476 - Direct internet connection detected
2024-09-12 13:42:47,902 [WARN] PackLoader:240 - Cannot read IP mode file for SEGGER.I-CUBE-embOS.1.3.1
2024-09-12 13:42:48,110 [WARN] PackLoader:240 - Cannot read IP mode file for STMicroelectronics.X-CUBE-ALGOBUILD.1.4.0
2024-09-12 13:42:48,127 [WARN] PackLoader:240 - Cannot read IP mode file for STMicroelectronics.X-CUBE-GNSS1.6.0.0
2024-09-12 13:42:48,289 [WARN] PackLoader:240 - Cannot read IP mode file for STMicroelectronics.X-CUBE-AZRTOS-F4.1.1.0
2024-09-12 13:42:48,316 [WARN] PackLoader:240 - Cannot read IP mode file for STMicroelectronics.X-CUBE-FREERTOS.1.2.0
2024-09-12 13:42:48,383 [WARN] PackLoader:240 - Cannot read IP mode file for STMicroelectronics.X-CUBE-AZRTOS-L5.2.0.0
2024-09-12 13:42:48,430 [WARN] PackLoader:240 - Cannot read IP mode file for STMicroelectronics.X-CUBE-NFC6.3.1.0
2024-09-12 13:42:48,449 [WARN] PackLoader:240 - Cannot read IP mode file for STMicroelectronics.X-CUBE-DPower.1.2.0
2024-09-12 13:42:48,459 [WARN] PackLoader:240 - Cannot read IP mode file for STMicroelectronics.X-CUBE-AI.9.0.0
2024-09-12 13:42:48,472 [WARN] PackLoader:240 - Cannot read IP mode file for STMicroelectronics.X-CUBE-NFC7.1.0.1
2024-09-12 13:42:48,481 [WARN] PackLoader:240 - Cannot read IP mode file for wolfSSL.I-CUBE-wolfTPM.3.2.0
2024-09-12 13:42:48,540 [WARN] ConditionMgr:438 - getConditionDescription Invalid condition id : LAN8742 Phy interface Condition cause : null
2024-09-12 13:42:48,542 [WARN] PackLoader:240 - Cannot read IP mode file for STMicroelectronics.X-CUBE-AZRTOS-L4.2.0.0
2024-09-12 13:42:48,548 [WARN] ConditionMgr:1039 - genDependencies : Invalid condition id : LAN8742 Phy interface Condition cause : null
2024-09-12 13:42:48,548 [WARN] ConditionMgr:1039 - genDependencies : Invalid condition id : LAN8742 Phy interface Condition cause : null
2024-09-12 13:42:48,550 [WARN] ConditionMgr:1039 - genDependencies : Invalid condition id : LAN8742 Phy interface Condition cause : null
2024-09-12 13:42:48,572 [WARN] PackLoader:240 - Cannot read IP mode file for STMicroelectronics.X-CUBE-SFXS2LP1.4.0.0
2024-09-12 13:42:48,632 [WARN] PackLoader:240 - Cannot read IP mode file for STMicroelectronics.X-CUBE-AZRTOS-H7.3.3.0
2024-09-12 13:42:48,697 [INFO] WebApp:220 - Starting web application
2024-09-12 13:42:48,698 [INFO] WebApp:578 - Web application path used C:\ST\STM32CubeIDE_1.16.0\STM32CubeIDE\plugins\com.st.stm32cube.common.mx_6.12.0.202406281431\db\plugins\mcufinder\reactClient1\index.html
2024-09-12 13:42:48,701 [WARN] ConditionMgr:438 - getConditionDescription Invalid condition id : UX DEVICE CLASS RTOS Condition cause : null
2024-09-12 13:42:48,701 [WARN] ConditionMgr:438 - getConditionDescription Invalid condition id : UX DEVICE CLASS RTOS Condition cause : null
2024-09-12 13:42:48,706 [WARN] PackLoader:240 - Cannot read IP mode file for STMicroelectronics.X-CUBE-AZRTOS-WB.2.0.0
2024-09-12 13:42:48,709 [WARN] ConditionMgr:1039 - genDependencies : Invalid condition id : UX DEVICE CLASS RTOS Condition cause : null
2024-09-12 13:42:48,709 [WARN] ConditionMgr:1039 - genDependencies : Invalid condition id : UX DEVICE CLASS RTOS Condition cause : null
2024-09-12 13:42:48,711 [WARN] ConditionMgr:1039 - genDependencies : Invalid condition id : UX DEVICE CLASS RTOS Condition cause : null
2024-09-12 13:42:48,714 [WARN] ConditionMgr:1039 - genDependencies : Invalid condition id : UX DEVICE CLASS RTOS Condition cause : null
2024-09-12 13:42:48,715 [WARN] ConditionMgr:1039 - genDependencies : Invalid condition id : UX DEVICE CLASS RTOS Condition cause : null
2024-09-12 13:42:48,743 [WARN] PackLoader:240 - Cannot read IP mode file for STMicroelectronics.X-CUBE-GNSS1.7.0.0
2024-09-12 13:42:48,767 [WARN] PackLoader:240 - Cannot read IP mode file for STMicroelectronics.FP-SNS-STBOX1.2.0.0
2024-09-12 13:42:48,811 [WARN] PackLoader:240 - Cannot read IP mode file for STMicroelectronics.X-CUBE-SUBG2.5.0.0
2024-09-12 13:42:48,838 [WARN] PackLoader:240 - Cannot read IP mode file for Cesanta.I-CUBE-Mongoose.7.13.0
2024-09-12 13:42:48,894 [WARN] PackLoader:240 - Cannot read IP mode file for STMicroelectronics.X-CUBE-AZRTOS-G4.2.0.0
2024-09-12 13:42:48,908 [WARN] PackLoader:240 - Cannot read IP mode file for STMicroelectronics.X-CUBE-ISPU.2.0.0
2024-09-12 13:42:48,926 [WARN] PackLoader:240 - Cannot read IP mode file for STMicroelectronics.X-CUBE-ALS.1.0.2
2024-09-12 13:42:49,018 [INFO] UserAuth:417 - Internet connection configuration mode: 1
2024-09-12 13:42:49,094 [WARN] PackLoader:240 - Cannot read IP mode file for STMicroelectronics.X-CUBE-MEMS1.10.0.0
2024-09-12 13:42:49,726 [WARN] PackLoader:240 - Cannot read IP mode file for STMicroelectronics.X-CUBE-TOUCHGFX.4.24.0
2024-09-12 13:42:49,744 [WARN] PackLoader:240 - Cannot read IP mode file for portGmbH.I-Cube-SoM-uGOAL.1.1.0
2024-09-12 13:42:49,888 [WARN] PackLoader:240 - Cannot read IP mode file for STMicroelectronics.X-CUBE-AZRTOS-H7RS.1.0.0
2024-09-12 13:42:49,915 [WARN] PackLoader:240 - Cannot read IP mode file for STMicroelectronics.FP-ATR-ASTRA1.2.0.0
2024-09-12 13:42:50,105 [WARN] PackLoader:240 - Cannot read IP mode file for STMicroelectronics.X-CUBE-TOF1.3.4.2
2024-09-12 13:42:50,290 [INFO] WebApp:186 - Connection restablished
2024-09-12 13:42:50,326 [WARN] PackLoader:240 - Cannot read IP mode file for Infineon.AIROC-Wi-Fi-Bluetooth-STM32.1.6.1
2024-09-12 13:42:50,483 [WARN] PackLoader:240 - Cannot read IP mode file for wolfSSL.I-CUBE-wolfSSH.1.4.17
2024-09-12 13:42:50,484 [INFO] ThirdParty:978 - Integrity check success = true
2024-09-12 13:42:50,485 [INFO] IntegrityCheckThread:100 - exiting critical section [integrity check]
2024-09-12 13:42:50,485 [INFO] IntegrityCheckThread:103 - End integrity checks thread
2024-09-12 14:12:50,045 [INFO] WebApp:189 - Connection lost
2024-09-12 14:12:57,832 [INFO] WebApp:186 - Connection restablished
2024-09-12 14:23:40,695 [INFO] WebApp:189 - Connection lost
2024-09-12 14:23:47,993 [ERROR] LogOutputStream:75 - [STDERR_REDIRECT] 14:23:47.953 ERROR Chromium process exit code: -2,147,483,645
2024-09-12 14:23:48,000 [ERROR] LogOutputStream:75 - [STDERR_REDIRECT] 
2024-09-12 14:23:48,003 [ERROR] LogOutputStream:75 - [STDERR_REDIRECT] 14:23:48.001 ERROR Crash dump dir: C:\Users\kunfu\AppData\Local\JxBrowser\7.38.2\CrashReports
2024-09-12 14:23:48,003 [ERROR] LogOutputStream:75 - [STDERR_REDIRECT] 
2024-09-12 14:23:48,021 [ERROR] WebApp:397 - JxBrowser engine crashed! Exit code: -2147483645
2024-09-12 17:16:54,197 [ERROR] ConfigurationRetriever:142 - IOException on connection: PKIX path building failed: sun.security.provider.certpath.SunCertPathBuilderException: unable to find valid certification path to requested target
2024-09-12 17:16:54,642 [ERROR] ConfigurationRetriever:142 - IOException on connection: PKIX path building failed: sun.security.provider.certpath.SunCertPathBuilderException: unable to find valid certification path to requested target
2024-09-12 17:16:54,655 [ERROR] ConfigurationRetriever:142 - IOException on connection: PKIX path building failed: sun.security.provider.certpath.SunCertPathBuilderException: unable to find valid certification path to requested target
2024-09-12 17:16:55,986 [ERROR] LogOutputStream:75 - [STDERR_REDIRECT] 
2024-09-12 17:16:55,987 [ERROR] LogOutputStream:75 - [STDERR_REDIRECT] 
2024-09-12 20:33:05,371 [INFO] Activator:176 - 


2024-09-12 20:33:05,374 [INFO] Activator:177 - !SESSION log4j initialized
2024-09-12 20:33:10,298 [INFO] LogOutputStream:77 - [STDOUT_REDIRECT] 
2024-09-12 20:33:12,170 [INFO] ApplicationProperties:184 - Using Application install path: C:\ST\STM32CubeIDE_1.16.0\STM32CubeIDE\plugins\com.st.stm32cube.common.mx_6.12.0.202406281431
2024-09-12 20:33:12,187 [INFO] DbMcusXml:78 - Set database path to: C:\ST\STM32CubeIDE_1.16.0\STM32CubeIDE\plugins\com.st.stm32cube.common.mx_6.12.0.202406281431\\db\/mcu/
2024-09-12 20:33:12,187 [INFO] ApiDb:274 - Set plugin database path to: C:\ST\STM32CubeIDE_1.16.0\STM32CubeIDE\plugins\com.st.stm32cube.common.mx_6.12.0.202406281431\\db\/plugins/boardmanager/
2024-09-12 20:33:12,187 [WARN] ApiDb:259 - Overriding images path with different value:  => C:\ST\STM32CubeIDE_1.16.0\STM32CubeIDE\plugins\com.st.stm32cube.common.mx_6.12.0.202406281431\\db\/plugins/mcufinder/images/
2024-09-12 20:33:12,196 [INFO] ApiDb:250 - Set database path to: C:\Users\kunfu\.stmcufinder\plugins\mcufinder//mcu/
2024-09-12 20:33:12,197 [INFO] DbMcusAds:125 - Set database path to: C:\Users\kunfu\.stmcufinder\plugins\mcufinder//mcu/
2024-09-12 20:33:12,199 [INFO] CrossReferenceDbSqlite:203 - Set database path to: C:\Users\kunfu\.stmcufinder\plugins\mcufinder//mcu/cs/
2024-09-12 20:33:12,300 [INFO] RulesReader:64 - Compatibility file has been processed (297 Rules)
2024-09-12 20:33:12,362 [INFO] DbMcusXml:78 - Set database path to: C:\ST\STM32CubeIDE_1.16.0\STM32CubeIDE\plugins\com.st.stm32cube.common.mx_6.12.0.202406281431\\db\/mcu/
2024-09-12 20:33:12,362 [INFO] ApiDb:274 - Set plugin database path to: C:\ST\STM32CubeIDE_1.16.0\STM32CubeIDE\plugins\com.st.stm32cube.common.mx_6.12.0.202406281431\\db\/plugins/boardmanager/
2024-09-12 20:33:12,362 [INFO] ApiDb:261 - Set plugin images path to: C:\ST\STM32CubeIDE_1.16.0\STM32CubeIDE\plugins\com.st.stm32cube.common.mx_6.12.0.202406281431\\db\/plugins/mcufinder/images/
2024-09-12 20:33:12,362 [WARN] DbFile:41 - Overriding database path with different value: C:\Users\kunfu\.stmcufinder\plugins\mcufinder/ => C:\Users\kunfu\.stmcufinder\plugins\mcufinder
2024-09-12 20:33:12,362 [INFO] ApiDb:250 - Set database path to: C:\Users\kunfu\.stmcufinder\plugins\mcufinder//mcu/
2024-09-12 20:33:12,362 [WARN] DbFile:41 - Overriding database path with different value: C:\Users\kunfu\.stmcufinder\plugins\mcufinder/ => C:\Users\kunfu\.stmcufinder\plugins\mcufinder
2024-09-12 20:33:12,362 [INFO] DbMcusAds:125 - Set database path to: C:\Users\kunfu\.stmcufinder\plugins\mcufinder//mcu/
2024-09-12 20:33:12,362 [WARN] DbFile:41 - Overriding database path with different value: C:\Users\kunfu\.stmcufinder\plugins\mcufinder/ => C:\Users\kunfu\.stmcufinder\plugins\mcufinder
2024-09-12 20:33:12,362 [WARN] DbFile:41 - Overriding database path with different value: C:\Users\kunfu\.stmcufinder\plugins\mcufinder/ => C:\Users\kunfu\.stmcufinder\plugins\mcufinder
2024-09-12 20:33:12,362 [INFO] CrossReferenceDbSqlite:203 - Set database path to: C:\Users\kunfu\.stmcufinder\plugins\mcufinder//mcu/cs/
2024-09-12 20:33:12,433 [INFO] MainPanel:268 - HeapMemory: 268435456
2024-09-12 20:33:12,530 [INFO] DbMcusXml:78 - Set database path to: C:\ST\STM32CubeIDE_1.16.0\STM32CubeIDE\plugins\com.st.stm32cube.common.mx_6.12.0.202406281431\\db\/mcu/
2024-09-12 20:33:12,530 [INFO] ApiDb:274 - Set plugin database path to: C:\ST\STM32CubeIDE_1.16.0\STM32CubeIDE\plugins\com.st.stm32cube.common.mx_6.12.0.202406281431\\db\/plugins/boardmanager/
2024-09-12 20:33:12,530 [INFO] ApiDb:261 - Set plugin images path to: C:\ST\STM32CubeIDE_1.16.0\STM32CubeIDE\plugins\com.st.stm32cube.common.mx_6.12.0.202406281431\\db\/plugins/mcufinder/images/
2024-09-12 20:33:12,530 [WARN] DbFile:41 - Overriding database path with different value: C:\Users\kunfu\.stmcufinder\plugins\mcufinder/ => C:\Users\kunfu\.stmcufinder\plugins\mcufinder
2024-09-12 20:33:12,530 [INFO] ApiDb:250 - Set database path to: C:\Users\kunfu\.stmcufinder\plugins\mcufinder//mcu/
2024-09-12 20:33:12,530 [WARN] DbFile:41 - Overriding database path with different value: C:\Users\kunfu\.stmcufinder\plugins\mcufinder/ => C:\Users\kunfu\.stmcufinder\plugins\mcufinder
2024-09-12 20:33:12,530 [INFO] DbMcusAds:125 - Set database path to: C:\Users\kunfu\.stmcufinder\plugins\mcufinder//mcu/
2024-09-12 20:33:12,530 [WARN] DbFile:41 - Overriding database path with different value: C:\Users\kunfu\.stmcufinder\plugins\mcufinder/ => C:\Users\kunfu\.stmcufinder\plugins\mcufinder
2024-09-12 20:33:12,530 [WARN] DbFile:41 - Overriding database path with different value: C:\Users\kunfu\.stmcufinder\plugins\mcufinder/ => C:\Users\kunfu\.stmcufinder\plugins\mcufinder
2024-09-12 20:33:12,532 [INFO] CrossReferenceDbSqlite:203 - Set database path to: C:\Users\kunfu\.stmcufinder\plugins\mcufinder//mcu/cs/
2024-09-12 20:33:12,547 [INFO] ApplicationProperties:184 - Using Application install path: C:\ST\STM32CubeIDE_1.16.0\STM32CubeIDE\plugins\com.st.stm32cube.common.mx_6.12.0.202406281431
2024-09-12 20:33:12,548 [INFO] PluginManage:196 - Search for loadable plugins [exclusion list=, ]
2024-09-12 20:33:12,550 [INFO] PluginManage:310 - Check plugin analytics
2024-09-12 20:33:12,700 [INFO] AnalyticsPlugin:253 - Accepted Software Licenses: 
2024-09-12 20:33:12,701 [INFO] AnalyticsPlugin:255 - Accepted CMSIS Pack Licenses: 
2024-09-12 20:33:12,701 [INFO] AnalyticsPlugin:257 - Accepted Firmware Licenses: FW.L4.1.18.0
2024-09-12 20:33:12,703 [INFO] PluginManage:359 - Loaded plugin analytics (category:tool,tabindex:-1)
2024-09-12 20:33:12,703 [INFO] PluginManage:310 - Check plugin cadmodel
2024-09-12 20:33:12,709 [INFO] CADModel:105 - Init CAD model plugin
2024-09-12 20:33:12,709 [INFO] PluginManage:359 - Loaded plugin cadmodel (category:power,tabindex:5)
2024-09-12 20:33:12,709 [INFO] PluginManage:310 - Check plugin clock
2024-09-12 20:33:12,718 [INFO] PluginManage:359 - Loaded plugin clock (category:base,tabindex:2)
2024-09-12 20:33:12,718 [INFO] PluginManage:310 - Check plugin ddr
2024-09-12 20:33:12,721 [INFO] PluginManage:359 - Loaded plugin ddr (category:tool,tabindex:6)
2024-09-12 20:33:12,721 [INFO] PluginManage:310 - Check plugin filemanager
2024-09-12 20:33:12,859 [INFO] PluginManage:359 - Loaded plugin filemanager (category:base,tabindex:10)
2024-09-12 20:33:12,860 [INFO] PluginManage:310 - Check plugin ipmanager
2024-09-12 20:33:12,866 [INFO] PluginManage:359 - Loaded plugin ipmanager (category:base,tabindex:5)
2024-09-12 20:33:12,866 [INFO] PluginManage:310 - Check plugin lpbam
2024-09-12 20:33:12,874 [INFO] PluginManage:359 - Loaded plugin lpbam (category:base,tabindex:0)
2024-09-12 20:33:12,874 [INFO] PluginManage:310 - Check plugin memorymap
2024-09-12 20:33:12,887 [INFO] PluginManage:359 - Loaded plugin memorymap (category:base,tabindex:4)
2024-09-12 20:33:12,887 [INFO] PluginManage:310 - Check plugin pinoutandconfiguration
2024-09-12 20:33:12,895 [INFO] PluginManage:359 - Loaded plugin pinoutandconfiguration (category:base,tabindex:1)
2024-09-12 20:33:12,895 [INFO] PluginManage:310 - Check plugin pinoutconfig
2024-09-12 20:33:12,973 [WARN] SupportedApi:132 - Cannot load RTOS API schema: s4s-elt-must-match.1: The content of 'definitions' must match (annotation?, (simpleType | complexType)?, (unique | key | keyref)*)). A problem was found starting at: attribute.
2024-09-12 20:33:13,100 [INFO] PluginManage:359 - Loaded plugin pinoutconfig (category:base,tabindex:0)
2024-09-12 20:33:13,100 [INFO] PluginManage:310 - Check plugin power
2024-09-12 20:33:13,111 [INFO] PluginManage:359 - Loaded plugin power (category:power,tabindex:4)
2024-09-12 20:33:13,111 [INFO] PluginManage:310 - Check plugin projectmanager
2024-09-12 20:33:13,127 [INFO] PluginManage:359 - Loaded plugin projectmanager (category:projectmanager,tabindex:4)
2024-09-12 20:33:13,128 [INFO] PluginManage:310 - Check plugin rif
2024-09-12 20:33:13,133 [INFO] PluginManage:359 - Loaded plugin rif (category:base,tabindex:3)
2024-09-12 20:33:13,133 [INFO] PluginManage:310 - Check plugin thirdparty
2024-09-12 20:33:13,251 [INFO] PluginManage:359 - Loaded plugin thirdparty (category:base,tabindex:-1)
2024-09-12 20:33:13,251 [WARN] IntegrityCheckThread:84 - waiting for thirdparty lock release [integrity check]
2024-09-12 20:33:13,251 [INFO] PluginManage:310 - Check plugin tools
2024-09-12 20:33:13,251 [INFO] IntegrityCheckThread:86 - entering critical section [integrity check]
2024-09-12 20:33:13,251 [INFO] ThirdPartyUpdaterWithRetryManager:70 - Updater plugin not ready yet. [1/15]
2024-09-12 20:33:13,254 [INFO] PluginManage:359 - Loaded plugin tools (category:base,tabindex:7)
2024-09-12 20:33:13,254 [INFO] PluginManage:310 - Check plugin tutovideos
2024-09-12 20:33:13,421 [INFO] PluginManage:359 - Loaded plugin tutovideos (category:base,tabindex:-1)
2024-09-12 20:33:13,421 [INFO] PluginManage:310 - Check plugin updater
2024-09-12 20:33:13,436 [INFO] PluginManage:359 - Loaded plugin updater (category:base,tabindex:12)
2024-09-12 20:33:13,436 [INFO] PluginManage:310 - Check plugin userauth
2024-09-12 20:33:13,440 [INFO] UserAuth:113 - Init User Auth plugin
2024-09-12 20:33:13,440 [INFO] PluginManage:359 - Loaded plugin userauth (category:base,tabindex:14)
2024-09-12 20:33:13,440 [INFO] PluginManage:283 - PluginManage : Loaded plugins [18]
2024-09-12 20:33:13,624 [INFO] PinOutPanel:1561 - setPackage(No Configuration,No Configuration)
2024-09-12 20:33:13,739 [INFO] CADModel:165 - CPN selected for project level
2024-09-12 20:33:13,739 [INFO] CADModel:114 - Register for checkConnection events
2024-09-12 20:33:13,762 [INFO] IPUIPlugin:80 - create IPUIPlugin
2024-09-12 20:33:13,762 [INFO] PluginManager:220 - loadIPPluginJar : add adc
2024-09-12 20:33:13,765 [INFO] IPUIPlugin:80 - create IPUIPlugin
2024-09-12 20:33:13,765 [INFO] PluginManager:220 - loadIPPluginJar : add aes
2024-09-12 20:33:13,767 [INFO] IPUIPlugin:80 - create IPUIPlugin
2024-09-12 20:33:13,767 [INFO] PluginManager:220 - loadIPPluginJar : add can
2024-09-12 20:33:13,768 [INFO] IPUIPlugin:80 - create IPUIPlugin
2024-09-12 20:33:13,768 [INFO] PluginManager:220 - loadIPPluginJar : add comp
2024-09-12 20:33:13,770 [INFO] IPUIPlugin:80 - create IPUIPlugin
2024-09-12 20:33:13,770 [INFO] PluginManager:220 - loadIPPluginJar : add cryp
2024-09-12 20:33:13,773 [INFO] IPUIPlugin:80 - create IPUIPlugin
2024-09-12 20:33:13,773 [INFO] PluginManager:220 - loadIPPluginJar : add ddr_ctrl_phy
2024-09-12 20:33:13,776 [INFO] IPUIPlugin:80 - create IPUIPlugin
2024-09-12 20:33:13,777 [INFO] PluginManager:220 - loadIPPluginJar : add dfsdm
2024-09-12 20:33:13,781 [INFO] IPUIPlugin:80 - create IPUIPlugin
2024-09-12 20:33:13,782 [INFO] PluginManager:220 - loadIPPluginJar : add dma
2024-09-12 20:33:13,784 [INFO] IPUIPlugin:80 - create IPUIPlugin
2024-09-12 20:33:13,784 [INFO] PluginManager:220 - loadIPPluginJar : add dma3
2024-09-12 20:33:13,787 [INFO] IPUIPlugin:80 - create IPUIPlugin
2024-09-12 20:33:13,787 [INFO] PluginManager:220 - loadIPPluginJar : add extmemmanager
2024-09-12 20:33:13,788 [INFO] IPUIPlugin:80 - create IPUIPlugin
2024-09-12 20:33:13,788 [INFO] PluginManager:220 - loadIPPluginJar : add fatfs
2024-09-12 20:33:13,792 [INFO] IPUIPlugin:80 - create IPUIPlugin
2024-09-12 20:33:13,792 [INFO] PluginManager:220 - loadIPPluginJar : add fmc
2024-09-12 20:33:13,798 [INFO] IPUIPlugin:80 - create IPUIPlugin
2024-09-12 20:33:13,798 [INFO] PluginManager:220 - loadIPPluginJar : add freertos
2024-09-12 20:33:13,800 [INFO] IPUIPlugin:80 - create IPUIPlugin
2024-09-12 20:33:13,800 [INFO] PluginManager:220 - loadIPPluginJar : add genericplugin
2024-09-12 20:33:13,802 [INFO] IPUIPlugin:80 - create IPUIPlugin
2024-09-12 20:33:13,802 [INFO] PluginManager:220 - loadIPPluginJar : add gfxmmu
2024-09-12 20:33:13,807 [INFO] IPUIPlugin:80 - create IPUIPlugin
2024-09-12 20:33:13,807 [INFO] PluginManager:220 - loadIPPluginJar : add gic
2024-09-12 20:33:13,810 [INFO] IPUIPlugin:80 - create IPUIPlugin
2024-09-12 20:33:13,810 [INFO] PluginManager:220 - loadIPPluginJar : add gpio
2024-09-12 20:33:13,813 [INFO] IPUIPlugin:80 - create IPUIPlugin
2024-09-12 20:33:13,813 [INFO] PluginManager:220 - loadIPPluginJar : add gtzc
2024-09-12 20:33:13,815 [INFO] IPUIPlugin:80 - create IPUIPlugin
2024-09-12 20:33:13,815 [INFO] PluginManager:220 - loadIPPluginJar : add hash
2024-09-12 20:33:13,817 [INFO] IPUIPlugin:80 - create IPUIPlugin
2024-09-12 20:33:13,818 [INFO] PluginManager:220 - loadIPPluginJar : add i2c
2024-09-12 20:33:13,820 [INFO] IPUIPlugin:80 - create IPUIPlugin
2024-09-12 20:33:13,820 [INFO] PluginManager:220 - loadIPPluginJar : add i2s
2024-09-12 20:33:13,823 [INFO] IPUIPlugin:80 - create IPUIPlugin
2024-09-12 20:33:13,823 [INFO] PluginManager:220 - loadIPPluginJar : add i3c
2024-09-12 20:33:13,825 [INFO] IPUIPlugin:80 - create IPUIPlugin
2024-09-12 20:33:13,825 [INFO] PluginManager:220 - loadIPPluginJar : add ipddr
2024-09-12 20:33:13,831 [INFO] IPUIPlugin:80 - create IPUIPlugin
2024-09-12 20:33:13,831 [INFO] PluginManager:220 - loadIPPluginJar : add linkedlist
2024-09-12 20:33:13,834 [INFO] IPUIPlugin:80 - create IPUIPlugin
2024-09-12 20:33:13,834 [INFO] PluginManager:220 - loadIPPluginJar : add lorawan
2024-09-12 20:33:13,835 [INFO] IPUIPlugin:80 - create IPUIPlugin
2024-09-12 20:33:13,836 [INFO] PluginManager:220 - loadIPPluginJar : add ltdc
2024-09-12 20:33:13,840 [INFO] IPUIPlugin:80 - create IPUIPlugin
2024-09-12 20:33:13,840 [INFO] PluginManager:220 - loadIPPluginJar : add mdma
2024-09-12 20:33:13,843 [INFO] IPUIPlugin:80 - create IPUIPlugin
2024-09-12 20:33:13,843 [INFO] PluginManager:220 - loadIPPluginJar : add nvic
2024-09-12 20:33:13,846 [INFO] IPUIPlugin:80 - create IPUIPlugin
2024-09-12 20:33:13,846 [INFO] PluginManager:220 - loadIPPluginJar : add opamp
2024-09-12 20:33:13,848 [INFO] IPUIPlugin:80 - create IPUIPlugin
2024-09-12 20:33:13,848 [INFO] PluginManager:220 - loadIPPluginJar : add openamp
2024-09-12 20:33:13,851 [INFO] IPUIPlugin:80 - create IPUIPlugin
2024-09-12 20:33:13,851 [INFO] PluginManager:220 - loadIPPluginJar : add pdm2pcm
2024-09-12 20:33:13,856 [INFO] IPUIPlugin:80 - create IPUIPlugin
2024-09-12 20:33:13,858 [INFO] PluginManager:220 - loadIPPluginJar : add plateformsettings
2024-09-12 20:33:13,859 [INFO] IPUIPlugin:80 - create IPUIPlugin
2024-09-12 20:33:13,860 [INFO] PluginManager:220 - loadIPPluginJar : add quadspi
2024-09-12 20:33:13,861 [INFO] IPUIPlugin:80 - create IPUIPlugin
2024-09-12 20:33:13,861 [INFO] PluginManager:220 - loadIPPluginJar : add radio
2024-09-12 20:33:13,864 [INFO] IPUIPlugin:80 - create IPUIPlugin
2024-09-12 20:33:13,864 [INFO] PluginManager:220 - loadIPPluginJar : add resmgrutility
2024-09-12 20:33:13,867 [INFO] IPUIPlugin:80 - create IPUIPlugin
2024-09-12 20:33:13,867 [INFO] PluginManager:220 - loadIPPluginJar : add sai
2024-09-12 20:33:13,870 [INFO] IPUIPlugin:80 - create IPUIPlugin
2024-09-12 20:33:13,870 [INFO] PluginManager:220 - loadIPPluginJar : add spi
2024-09-12 20:33:13,874 [INFO] IPUIPlugin:80 - create IPUIPlugin
2024-09-12 20:33:13,874 [INFO] PluginManager:220 - loadIPPluginJar : add stm32_wpan
2024-09-12 20:33:13,876 [INFO] IPUIPlugin:80 - create IPUIPlugin
2024-09-12 20:33:13,876 [INFO] PluginManager:220 - loadIPPluginJar : add tim
2024-09-12 20:33:13,878 [INFO] IPUIPlugin:80 - create IPUIPlugin
2024-09-12 20:33:13,879 [INFO] PluginManager:220 - loadIPPluginJar : add touchsensing
2024-09-12 20:33:13,880 [INFO] IPUIPlugin:80 - create IPUIPlugin
2024-09-12 20:33:13,880 [INFO] PluginManager:220 - loadIPPluginJar : add tracer_emb
2024-09-12 20:33:13,882 [INFO] IPUIPlugin:80 - create IPUIPlugin
2024-09-12 20:33:13,882 [INFO] PluginManager:220 - loadIPPluginJar : add ts
2024-09-12 20:33:13,883 [INFO] IPUIPlugin:80 - create IPUIPlugin
2024-09-12 20:33:13,883 [INFO] PluginManager:220 - loadIPPluginJar : add tsc
2024-09-12 20:33:13,886 [INFO] IPUIPlugin:80 - create IPUIPlugin
2024-09-12 20:33:13,886 [INFO] PluginManager:220 - loadIPPluginJar : add ucpd
2024-09-12 20:33:13,888 [INFO] IPUIPlugin:80 - create IPUIPlugin
2024-09-12 20:33:13,888 [INFO] PluginManager:220 - loadIPPluginJar : add usart
2024-09-12 20:33:13,891 [INFO] IPUIPlugin:80 - create IPUIPlugin
2024-09-12 20:33:13,891 [INFO] PluginManager:220 - loadIPPluginJar : add usbx
2024-09-12 20:33:14,009 [INFO] CADModel:165 - CPN selected for project level
2024-09-12 20:33:14,009 [INFO] CADModel:114 - Register for checkConnection events
2024-09-12 20:33:14,010 [FATAL] Updater:334 - Updater called before beeing initialized
2024-09-12 20:33:14,010 [ERROR] CADModel:125 - Updater not yet initialized, retry later 
2024-09-12 20:33:14,134 [INFO] CADModel:165 - CPN selected for project level
2024-09-12 20:33:14,134 [INFO] CADModel:114 - Register for checkConnection events
2024-09-12 20:33:14,134 [FATAL] Updater:334 - Updater called before beeing initialized
2024-09-12 20:33:14,134 [ERROR] CADModel:125 - Updater not yet initialized, retry later 
2024-09-12 20:33:14,136 [FATAL] Updater:334 - Updater called before beeing initialized
2024-09-12 20:33:14,223 [FATAL] Updater:334 - Updater called before beeing initialized
2024-09-12 20:33:14,227 [INFO] DbMcusAds:53 - JSON generation date=Thu May 16 14:52:00 IST 2024 (1715851320667)
2024-09-12 20:33:14,227 [FATAL] Updater:334 - Updater called before beeing initialized
2024-09-12 20:33:14,271 [WARN] DetailPanel:346 - Failed to get advertising image, set to default
2024-09-12 20:33:14,362 [FATAL] Updater:334 - Updater called before beeing initialized
2024-09-12 20:33:14,365 [FATAL] Updater:334 - Updater called before beeing initialized
2024-09-12 20:33:14,365 [FATAL] Updater:334 - Updater called before beeing initialized
2024-09-12 20:33:14,365 [WARN] DetailPanel:346 - Failed to get advertising image, set to default
2024-09-12 20:33:14,366 [FATAL] Updater:334 - Updater called before beeing initialized
2024-09-12 20:33:14,411 [ERROR] Updater:1164 - MainUpdater not yet initialized. External WinMGr cannot be set.
2024-09-12 20:33:14,412 [INFO] Updater:1100 - Updater Version found : 6.12.0
2024-09-12 20:33:14,428 [INFO] ApplicationProperties:184 - Using Application install path: C:\ST\STM32CubeIDE_1.16.0\STM32CubeIDE\plugins\com.st.stm32cube.common.mx_6.12.0.202406281431
2024-09-12 20:33:16,012 [ERROR] LogOutputStream:75 - [STDERR_REDIRECT] Sep 12, 2024 8:33:16 PM java.util.prefs.WindowsPreferences <init>
2024-09-12 20:33:16,016 [ERROR] LogOutputStream:75 - [STDERR_REDIRECT] WARNING: Could not open/create prefs root node Software\JavaSoft\Prefs at root 0xffffffff80000002. Windows RegCreateKeyEx(...) returned error code 5.
2024-09-12 20:33:16,016 [ERROR] LogOutputStream:75 - [STDERR_REDIRECT] 
2024-09-12 20:33:16,252 [INFO] ThirdPartyUpdaterWithRetryManager:70 - Updater plugin not ready yet. [2/15]
2024-09-12 20:33:16,410 [INFO] MainUpdater:2873 - connection check result : 10
2024-09-12 20:33:16,412 [INFO] MainUpdater:290 - Updater Check For Update Now.
2024-09-12 20:33:16,412 [INFO] MicroXplorer:498 - Change Database Version : DB.6.0.120
2024-09-12 20:33:16,420 [INFO] McuFinderGlobals:63 - Set McuFinder mode to 2 (CubeIDE integrated)
2024-09-12 20:33:16,421 [INFO] UserAuth:417 - Internet connection configuration mode: 1
2024-09-12 20:33:16,439 [INFO] JxBrowserEngine:152 - Initiate JxBrowser Engine with user profile folder
2024-09-12 20:33:16,586 [INFO] CheckServerUpdateThread:120 - End of CheckServer Thread
2024-09-12 20:33:17,230 [INFO] WebApp:167 - Instantiating new browser for Auth
2024-09-12 20:33:17,909 [INFO] WebApp:448 - Apply proxy settings
2024-09-12 20:33:17,910 [INFO] WebApp:533 - Chromium requires no authentication
2024-09-12 20:33:17,917 [INFO] WebApp:476 - Direct internet connection detected
2024-09-12 20:33:17,938 [INFO] WebApp:869 - Register for checkConnection events
2024-09-12 20:33:17,938 [INFO] WebApp:448 - Apply proxy settings
2024-09-12 20:33:17,939 [INFO] WebApp:533 - Chromium requires no authentication
2024-09-12 20:33:17,939 [INFO] WebApp:476 - Direct internet connection detected
2024-09-12 20:33:18,108 [INFO] WebApp:220 - Starting web application
2024-09-12 20:33:18,108 [INFO] WebApp:578 - Web application path used C:\ST\STM32CubeIDE_1.16.0\STM32CubeIDE\plugins\com.st.stm32cube.common.mx_6.12.0.202406281431\db\plugins\mcufinder\reactClient1\index.html
2024-09-12 20:33:18,204 [INFO] UserAuth:417 - Internet connection configuration mode: 1
2024-09-12 20:33:18,259 [INFO] WebApp:186 - Connection restablished
2024-09-12 20:33:19,453 [WARN] PackLoader:240 - Cannot read IP mode file for STMicroelectronics.FP-SNS-MOTENVWB1.1.4.0
2024-09-12 20:33:19,463 [WARN] PackLoader:240 - Cannot read IP mode file for STMicroelectronics.X-CUBE-SMBUS.2.1.0
2024-09-12 20:33:19,493 [WARN] PackLoader:240 - Cannot read IP mode file for STMicroelectronics.X-CUBE-AZRTOS-F7.1.1.0
2024-09-12 20:33:19,569 [WARN] PackLoader:240 - Cannot read IP mode file for STMicroelectronics.X-CUBE-MEMS1.11.0.0
2024-09-12 20:33:19,734 [WARN] PackLoader:240 - Cannot read IP mode file for STMicroelectronics.FP-SNS-FLIGHT1.5.0.2
2024-09-12 20:33:19,741 [WARN] PackLoader:240 - Cannot read IP mode file for STMicroelectronics.X-CUBE-DISPLAY.3.0.0
2024-09-12 20:33:19,750 [WARN] PackLoader:240 - Cannot read IP mode file for STMicroelectronics.X-CUBE-BLE1.7.0.0
2024-09-12 20:33:19,755 [WARN] PackLoader:240 - Cannot read IP mode file for emotas.I-CUBE-CANOPEN.1.3.0
2024-09-12 20:33:19,764 [WARN] PackLoader:240 - Cannot read IP mode file for STMicroelectronics.X-CUBE-BLEMGR.3.1.0
2024-09-12 20:33:19,770 [WARN] PackLoader:240 - Cannot read IP mode file for STMicroelectronics.FP-SNS-SMARTAG2.1.2.0
2024-09-12 20:33:19,780 [INFO] LogOutputStream:77 - [STDOUT_REDIRECT] 1 : Invalid condition id : UX_CORESTACK_Condition cause : null
2024-09-12 20:33:19,780 [INFO] LogOutputStream:77 - [STDOUT_REDIRECT] 1 : Invalid condition id : UX_CORESTACK_Condition cause : null
2024-09-12 20:33:19,782 [INFO] LogOutputStream:77 - [STDOUT_REDIRECT] 1 : Invalid condition id : UX_CORESTACK_Condition cause : null
2024-09-12 20:33:19,782 [INFO] LogOutputStream:77 - [STDOUT_REDIRECT] 1 : Invalid condition id : UX_CORESTACK_Condition cause : null
2024-09-12 20:33:19,783 [INFO] LogOutputStream:77 - [STDOUT_REDIRECT] 1 : Invalid condition id : UX_CORESTACK_Condition cause : null
2024-09-12 20:33:19,787 [WARN] PackLoader:240 - Cannot read IP mode file for STMicroelectronics.X-CUBE-AZRTOS-WL.2.0.0
2024-09-12 20:33:19,794 [WARN] PackLoader:240 - Cannot read IP mode file for STMicroelectronics.FP-SNS-MOTENV1.5.0.0
2024-09-12 20:33:19,801 [WARN] PackLoader:240 - Cannot read IP mode file for wolfSSL.I-CUBE-wolfMQTT.1.19.0
2024-09-12 20:33:19,810 [WARN] PackLoader:240 - Cannot read IP mode file for WES.I-CUBE-Cesium.1.3.0
2024-09-12 20:33:19,815 [WARN] PackLoader:240 - Cannot read IP mode file for STMicroelectronics.X-CUBE-BLE2.3.3.0
2024-09-12 20:33:19,820 [WARN] PackLoader:240 - Cannot read IP mode file for STMicroelectronics.X-CUBE-TCPP.4.1.0
2024-09-12 20:33:19,835 [WARN] PackLoader:240 - Cannot read IP mode file for STMicroelectronics.X-CUBE-AZRTOS-G0.1.1.0
2024-09-12 20:33:19,844 [WARN] PackLoader:240 - Cannot read IP mode file for STMicroelectronics.X-CUBE-SAFEA1.1.2.2
2024-09-12 20:33:19,851 [WARN] PackLoader:240 - Cannot read IP mode file for STMicroelectronics.X-CUBE-NFC4.3.0.0
2024-09-12 20:33:19,860 [WARN] PackLoader:240 - Cannot read IP mode file for EmbeddedOffice.I-CUBE-FS-RTOS.1.0.1
2024-09-12 20:33:19,860 [ERROR] ConditionMgr:805 - Attr not supported : Dmpu
2024-09-12 20:33:19,860 [ERROR] ConditionMgr:805 - Attr not supported : Dmpu
2024-09-12 20:33:19,860 [ERROR] ConditionMgr:805 - Attr not supported : Dmpu
2024-09-12 20:33:19,860 [ERROR] ConditionMgr:805 - Attr not supported : Dmpu
2024-09-12 20:33:19,861 [ERROR] ConditionMgr:805 - Attr not supported : Dmpu
2024-09-12 20:33:19,861 [ERROR] ConditionMgr:805 - Attr not supported : Dmpu
2024-09-12 20:33:19,861 [ERROR] ConditionMgr:805 - Attr not supported : Dmpu
2024-09-12 20:33:19,861 [ERROR] ConditionMgr:805 - Attr not supported : Dmpu
2024-09-12 20:33:19,861 [ERROR] ConditionMgr:805 - Attr not supported : Dmpu
2024-09-12 20:33:19,861 [ERROR] ConditionMgr:805 - Attr not supported : Dmpu
2024-09-12 20:33:19,861 [ERROR] ConditionMgr:805 - Attr not supported : Dmpu
2024-09-12 20:33:19,861 [ERROR] ConditionMgr:805 - Attr not supported : Dmpu
2024-09-12 20:33:19,861 [ERROR] ConditionMgr:805 - Attr not supported : Dmpu
2024-09-12 20:33:19,861 [ERROR] ConditionMgr:805 - Attr not supported : Dmpu
2024-09-12 20:33:19,861 [ERROR] ConditionMgr:805 - Attr not supported : Dmpu
2024-09-12 20:33:19,861 [ERROR] ConditionMgr:805 - Attr not supported : Dmpu
2024-09-12 20:33:19,861 [ERROR] ConditionMgr:805 - Attr not supported : Dmpu
2024-09-12 20:33:19,861 [ERROR] ConditionMgr:805 - Attr not supported : Dmpu
2024-09-12 20:33:19,862 [ERROR] ConditionMgr:805 - Attr not supported : Dmpu
2024-09-12 20:33:19,862 [ERROR] ConditionMgr:805 - Attr not supported : Dmpu
2024-09-12 20:33:19,862 [ERROR] ConditionMgr:805 - Attr not supported : Dmpu
2024-09-12 20:33:19,862 [ERROR] ConditionMgr:805 - Attr not supported : Dmpu
2024-09-12 20:33:19,862 [ERROR] ConditionMgr:805 - Attr not supported : Dmpu
2024-09-12 20:33:19,862 [ERROR] ConditionMgr:805 - Attr not supported : Dmpu
2024-09-12 20:33:19,862 [ERROR] ConditionMgr:805 - Attr not supported : Dmpu
2024-09-12 20:33:19,862 [ERROR] ConditionMgr:805 - Attr not supported : Dmpu
2024-09-12 20:33:19,862 [ERROR] ConditionMgr:805 - Attr not supported : Dmpu
2024-09-12 20:33:19,862 [ERROR] ConditionMgr:805 - Attr not supported : Dmpu
2024-09-12 20:33:19,862 [ERROR] ConditionMgr:805 - Attr not supported : Dmpu
2024-09-12 20:33:19,863 [ERROR] ConditionMgr:805 - Attr not supported : Dmpu
2024-09-12 20:33:19,863 [ERROR] ConditionMgr:805 - Attr not supported : Dmpu
2024-09-12 20:33:19,863 [ERROR] ConditionMgr:805 - Attr not supported : Dmpu
2024-09-12 20:33:19,863 [ERROR] ConditionMgr:805 - Attr not supported : Dmpu
2024-09-12 20:33:19,863 [ERROR] ConditionMgr:805 - Attr not supported : Dmpu
2024-09-12 20:33:19,863 [ERROR] ConditionMgr:805 - Attr not supported : Dmpu
2024-09-12 20:33:19,863 [ERROR] ConditionMgr:805 - Attr not supported : Dmpu
2024-09-12 20:33:19,863 [ERROR] ConditionMgr:805 - Attr not supported : Dmpu
2024-09-12 20:33:19,863 [ERROR] ConditionMgr:805 - Attr not supported : Dmpu
2024-09-12 20:33:19,863 [ERROR] ConditionMgr:805 - Attr not supported : Dmpu
2024-09-12 20:33:19,863 [ERROR] ConditionMgr:805 - Attr not supported : Dmpu
2024-09-12 20:33:19,863 [ERROR] ConditionMgr:805 - Attr not supported : Dmpu
2024-09-12 20:33:19,863 [ERROR] ConditionMgr:805 - Attr not supported : Dmpu
2024-09-12 20:33:19,864 [ERROR] ConditionMgr:805 - Attr not supported : Dmpu
2024-09-12 20:33:19,864 [ERROR] ConditionMgr:805 - Attr not supported : Dmpu
2024-09-12 20:33:19,864 [ERROR] ConditionMgr:805 - Attr not supported : Dmpu
2024-09-12 20:33:19,864 [ERROR] ConditionMgr:805 - Attr not supported : Dmpu
2024-09-12 20:33:19,864 [ERROR] ConditionMgr:805 - Attr not supported : Dmpu
2024-09-12 20:33:19,864 [ERROR] ConditionMgr:805 - Attr not supported : Dmpu
2024-09-12 20:33:19,864 [ERROR] ConditionMgr:805 - Attr not supported : Dmpu
2024-09-12 20:33:19,864 [ERROR] ConditionMgr:805 - Attr not supported : Dmpu
2024-09-12 20:33:19,864 [ERROR] ConditionMgr:805 - Attr not supported : Dmpu
2024-09-12 20:33:19,864 [ERROR] ConditionMgr:805 - Attr not supported : Dmpu
2024-09-12 20:33:19,864 [ERROR] ConditionMgr:805 - Attr not supported : Dmpu
2024-09-12 20:33:19,864 [ERROR] ConditionMgr:805 - Attr not supported : Dmpu
2024-09-12 20:33:19,864 [ERROR] ConditionMgr:805 - Attr not supported : Dmpu
2024-09-12 20:33:19,864 [ERROR] ConditionMgr:805 - Attr not supported : Dmpu
2024-09-12 20:33:19,864 [ERROR] ConditionMgr:805 - Attr not supported : Dmpu
2024-09-12 20:33:19,864 [ERROR] ConditionMgr:805 - Attr not supported : Dmpu
2024-09-12 20:33:19,864 [ERROR] ConditionMgr:805 - Attr not supported : Dmpu
2024-09-12 20:33:19,864 [ERROR] ConditionMgr:805 - Attr not supported : Dmpu
2024-09-12 20:33:19,864 [ERROR] ConditionMgr:805 - Attr not supported : Dmpu
2024-09-12 20:33:19,865 [ERROR] ConditionMgr:805 - Attr not supported : Dmpu
2024-09-12 20:33:19,865 [ERROR] ConditionMgr:805 - Attr not supported : Dmpu
2024-09-12 20:33:19,865 [ERROR] ConditionMgr:805 - Attr not supported : Dmpu
2024-09-12 20:33:19,869 [WARN] PackLoader:240 - Cannot read IP mode file for RealThread.X-CUBE-RT-Thread_Nano.4.1.1
2024-09-12 20:33:19,872 [WARN] PackLoader:240 - Cannot read IP mode file for STMicroelectronics.FP-ATR-SIGFOX1.3.2.0
2024-09-12 20:33:19,877 [WARN] PackLoader:240 - Cannot read IP mode file for wolfSSL.I-CUBE-wolfSSL.5.7.2
2024-09-12 20:33:19,887 [WARN] PackLoader:240 - Cannot read IP mode file for STMicroelectronics.X-CUBE-EEPRMA1.5.1.0
2024-09-12 20:33:19,896 [WARN] PackLoader:240 - Cannot read IP mode file for ITTIA_DB.I-CUBE-ITTIADB.8.9.0
2024-09-12 20:33:19,940 [WARN] PackLoader:240 - Cannot read IP mode file for SEGGER.I-CUBE-embOS.1.3.1
2024-09-12 20:33:20,072 [WARN] PackLoader:240 - Cannot read IP mode file for STMicroelectronics.X-CUBE-ALGOBUILD.1.4.0
2024-09-12 20:33:20,079 [WARN] PackLoader:240 - Cannot read IP mode file for STMicroelectronics.X-CUBE-GNSS1.6.0.0
2024-09-12 20:33:20,098 [WARN] PackLoader:240 - Cannot read IP mode file for STMicroelectronics.X-CUBE-AZRTOS-F4.1.1.0
2024-09-12 20:33:20,106 [WARN] PackLoader:240 - Cannot read IP mode file for STMicroelectronics.X-CUBE-FREERTOS.1.2.0
2024-09-12 20:33:20,123 [WARN] PackLoader:240 - Cannot read IP mode file for STMicroelectronics.X-CUBE-AZRTOS-L5.2.0.0
2024-09-12 20:33:20,133 [WARN] PackLoader:240 - Cannot read IP mode file for STMicroelectronics.X-CUBE-NFC6.3.1.0
2024-09-12 20:33:20,138 [WARN] PackLoader:240 - Cannot read IP mode file for STMicroelectronics.X-CUBE-DPower.1.2.0
2024-09-12 20:33:20,142 [WARN] PackLoader:240 - Cannot read IP mode file for STMicroelectronics.X-CUBE-AI.9.0.0
2024-09-12 20:33:20,145 [WARN] PackLoader:240 - Cannot read IP mode file for STMicroelectronics.X-CUBE-NFC7.1.0.1
2024-09-12 20:33:20,150 [WARN] PackLoader:240 - Cannot read IP mode file for wolfSSL.I-CUBE-wolfTPM.3.2.0
2024-09-12 20:33:20,163 [WARN] ConditionMgr:438 - getConditionDescription Invalid condition id : LAN8742 Phy interface Condition cause : null
2024-09-12 20:33:20,163 [WARN] PackLoader:240 - Cannot read IP mode file for STMicroelectronics.X-CUBE-AZRTOS-L4.2.0.0
2024-09-12 20:33:20,165 [WARN] ConditionMgr:1039 - genDependencies : Invalid condition id : LAN8742 Phy interface Condition cause : null
2024-09-12 20:33:20,165 [WARN] ConditionMgr:1039 - genDependencies : Invalid condition id : LAN8742 Phy interface Condition cause : null
2024-09-12 20:33:20,165 [WARN] ConditionMgr:1039 - genDependencies : Invalid condition id : LAN8742 Phy interface Condition cause : null
2024-09-12 20:33:20,170 [WARN] PackLoader:240 - Cannot read IP mode file for STMicroelectronics.X-CUBE-SFXS2LP1.4.0.0
2024-09-12 20:33:20,193 [WARN] PackLoader:240 - Cannot read IP mode file for STMicroelectronics.X-CUBE-AZRTOS-H7.3.3.0
2024-09-12 20:33:20,206 [WARN] ConditionMgr:438 - getConditionDescription Invalid condition id : UX DEVICE CLASS RTOS Condition cause : null
2024-09-12 20:33:20,207 [WARN] ConditionMgr:438 - getConditionDescription Invalid condition id : UX DEVICE CLASS RTOS Condition cause : null
2024-09-12 20:33:20,209 [WARN] PackLoader:240 - Cannot read IP mode file for STMicroelectronics.X-CUBE-AZRTOS-WB.2.0.0
2024-09-12 20:33:20,210 [WARN] ConditionMgr:1039 - genDependencies : Invalid condition id : UX DEVICE CLASS RTOS Condition cause : null
2024-09-12 20:33:20,210 [WARN] ConditionMgr:1039 - genDependencies : Invalid condition id : UX DEVICE CLASS RTOS Condition cause : null
2024-09-12 20:33:20,210 [WARN] ConditionMgr:1039 - genDependencies : Invalid condition id : UX DEVICE CLASS RTOS Condition cause : null
2024-09-12 20:33:20,211 [WARN] ConditionMgr:1039 - genDependencies : Invalid condition id : UX DEVICE CLASS RTOS Condition cause : null
2024-09-12 20:33:20,211 [WARN] ConditionMgr:1039 - genDependencies : Invalid condition id : UX DEVICE CLASS RTOS Condition cause : null
2024-09-12 20:33:20,215 [WARN] PackLoader:240 - Cannot read IP mode file for STMicroelectronics.X-CUBE-GNSS1.7.0.0
2024-09-12 20:33:20,220 [WARN] PackLoader:240 - Cannot read IP mode file for STMicroelectronics.FP-SNS-STBOX1.2.0.0
2024-09-12 20:33:20,230 [WARN] PackLoader:240 - Cannot read IP mode file for STMicroelectronics.X-CUBE-SUBG2.5.0.0
2024-09-12 20:33:20,235 [WARN] PackLoader:240 - Cannot read IP mode file for Cesanta.I-CUBE-Mongoose.7.13.0
2024-09-12 20:33:20,248 [WARN] PackLoader:240 - Cannot read IP mode file for STMicroelectronics.X-CUBE-AZRTOS-G4.2.0.0
2024-09-12 20:33:20,253 [WARN] PackLoader:240 - Cannot read IP mode file for STMicroelectronics.X-CUBE-ISPU.2.0.0
2024-09-12 20:33:20,256 [WARN] PackLoader:240 - Cannot read IP mode file for STMicroelectronics.X-CUBE-ALS.1.0.2
2024-09-12 20:33:20,283 [WARN] PackLoader:240 - Cannot read IP mode file for STMicroelectronics.X-CUBE-MEMS1.10.0.0
2024-09-12 20:33:20,403 [WARN] PackLoader:240 - Cannot read IP mode file for STMicroelectronics.X-CUBE-TOUCHGFX.4.24.0
2024-09-12 20:33:20,410 [WARN] PackLoader:240 - Cannot read IP mode file for portGmbH.I-Cube-SoM-uGOAL.1.1.0
2024-09-12 20:33:20,432 [WARN] PackLoader:240 - Cannot read IP mode file for STMicroelectronics.X-CUBE-AZRTOS-H7RS.1.0.0
2024-09-12 20:33:20,439 [WARN] PackLoader:240 - Cannot read IP mode file for STMicroelectronics.FP-ATR-ASTRA1.2.0.0
2024-09-12 20:33:20,453 [WARN] PackLoader:240 - Cannot read IP mode file for STMicroelectronics.X-CUBE-TOF1.3.4.2
2024-09-12 20:33:20,498 [WARN] PackLoader:240 - Cannot read IP mode file for Infineon.AIROC-Wi-Fi-Bluetooth-STM32.1.6.1
2024-09-12 20:33:20,511 [WARN] PackLoader:240 - Cannot read IP mode file for wolfSSL.I-CUBE-wolfSSH.1.4.17
2024-09-12 20:33:20,512 [INFO] ThirdParty:978 - Integrity check success = true
2024-09-12 20:33:20,512 [INFO] IntegrityCheckThread:100 - exiting critical section [integrity check]
2024-09-12 20:33:20,512 [INFO] IntegrityCheckThread:103 - End integrity checks thread
2024-09-12 22:27:35,782 [INFO] WebApp:388 - JxBrowser engine has been closed 
