2024-08-27 07:48:42,374 [INFO] Activator:176 - 


2024-08-27 07:48:42,377 [INFO] Activator:177 - !SESSION log4j initialized
2024-08-27 07:48:45,187 [INFO] LogOutputStream:77 - [STDOUT_REDIRECT] 
2024-08-27 07:48:47,660 [INFO] ApplicationProperties:184 - Using Application install path: C:\ST\STM32CubeIDE_1.16.0\STM32CubeIDE\plugins\com.st.stm32cube.common.mx_6.12.0.202406281431
2024-08-27 07:48:47,684 [INFO] DbMcusXml:78 - Set database path to: C:\ST\STM32CubeIDE_1.16.0\STM32CubeIDE\plugins\com.st.stm32cube.common.mx_6.12.0.202406281431\\db\/mcu/
2024-08-27 07:48:47,684 [INFO] ApiDb:274 - Set plugin database path to: C:\ST\STM32CubeIDE_1.16.0\STM32CubeIDE\plugins\com.st.stm32cube.common.mx_6.12.0.202406281431\\db\/plugins/boardmanager/
2024-08-27 07:48:47,685 [WARN] ApiDb:259 - Overriding images path with different value:  => C:\ST\STM32CubeIDE_1.16.0\STM32CubeIDE\plugins\com.st.stm32cube.common.mx_6.12.0.202406281431\\db\/plugins/mcufinder/images/
2024-08-27 07:48:47,691 [INFO] ApiDb:250 - Set database path to: C:\Users\kunfu\.stmcufinder\plugins\mcufinder//mcu/
2024-08-27 07:48:47,692 [INFO] DbMcusAds:125 - Set database path to: C:\Users\kunfu\.stmcufinder\plugins\mcufinder//mcu/
2024-08-27 07:48:47,696 [INFO] CrossReferenceDbSqlite:203 - Set database path to: C:\Users\kunfu\.stmcufinder\plugins\mcufinder//mcu/cs/
2024-08-27 07:48:47,827 [INFO] RulesReader:64 - Compatibility file has been processed (297 Rules)
2024-08-27 07:48:47,933 [INFO] DbMcusXml:78 - Set database path to: C:\ST\STM32CubeIDE_1.16.0\STM32CubeIDE\plugins\com.st.stm32cube.common.mx_6.12.0.202406281431\\db\/mcu/
2024-08-27 07:48:47,933 [INFO] ApiDb:274 - Set plugin database path to: C:\ST\STM32CubeIDE_1.16.0\STM32CubeIDE\plugins\com.st.stm32cube.common.mx_6.12.0.202406281431\\db\/plugins/boardmanager/
2024-08-27 07:48:47,933 [INFO] ApiDb:261 - Set plugin images path to: C:\ST\STM32CubeIDE_1.16.0\STM32CubeIDE\plugins\com.st.stm32cube.common.mx_6.12.0.202406281431\\db\/plugins/mcufinder/images/
2024-08-27 07:48:47,933 [WARN] DbFile:41 - Overriding database path with different value: C:\Users\kunfu\.stmcufinder\plugins\mcufinder/ => C:\Users\kunfu\.stmcufinder\plugins\mcufinder
2024-08-27 07:48:47,933 [INFO] ApiDb:250 - Set database path to: C:\Users\kunfu\.stmcufinder\plugins\mcufinder//mcu/
2024-08-27 07:48:47,933 [WARN] DbFile:41 - Overriding database path with different value: C:\Users\kunfu\.stmcufinder\plugins\mcufinder/ => C:\Users\kunfu\.stmcufinder\plugins\mcufinder
2024-08-27 07:48:47,934 [INFO] DbMcusAds:125 - Set database path to: C:\Users\kunfu\.stmcufinder\plugins\mcufinder//mcu/
2024-08-27 07:48:47,934 [WARN] DbFile:41 - Overriding database path with different value: C:\Users\kunfu\.stmcufinder\plugins\mcufinder/ => C:\Users\kunfu\.stmcufinder\plugins\mcufinder
2024-08-27 07:48:47,934 [WARN] DbFile:41 - Overriding database path with different value: C:\Users\kunfu\.stmcufinder\plugins\mcufinder/ => C:\Users\kunfu\.stmcufinder\plugins\mcufinder
2024-08-27 07:48:47,934 [INFO] CrossReferenceDbSqlite:203 - Set database path to: C:\Users\kunfu\.stmcufinder\plugins\mcufinder//mcu/cs/
2024-08-27 07:48:48,047 [INFO] MainPanel:268 - HeapMemory: 268435456
2024-08-27 07:48:48,184 [INFO] DbMcusXml:78 - Set database path to: C:\ST\STM32CubeIDE_1.16.0\STM32CubeIDE\plugins\com.st.stm32cube.common.mx_6.12.0.202406281431\\db\/mcu/
2024-08-27 07:48:48,185 [INFO] ApiDb:274 - Set plugin database path to: C:\ST\STM32CubeIDE_1.16.0\STM32CubeIDE\plugins\com.st.stm32cube.common.mx_6.12.0.202406281431\\db\/plugins/boardmanager/
2024-08-27 07:48:48,185 [INFO] ApiDb:261 - Set plugin images path to: C:\ST\STM32CubeIDE_1.16.0\STM32CubeIDE\plugins\com.st.stm32cube.common.mx_6.12.0.202406281431\\db\/plugins/mcufinder/images/
2024-08-27 07:48:48,185 [WARN] DbFile:41 - Overriding database path with different value: C:\Users\kunfu\.stmcufinder\plugins\mcufinder/ => C:\Users\kunfu\.stmcufinder\plugins\mcufinder
2024-08-27 07:48:48,185 [INFO] ApiDb:250 - Set database path to: C:\Users\kunfu\.stmcufinder\plugins\mcufinder//mcu/
2024-08-27 07:48:48,185 [WARN] DbFile:41 - Overriding database path with different value: C:\Users\kunfu\.stmcufinder\plugins\mcufinder/ => C:\Users\kunfu\.stmcufinder\plugins\mcufinder
2024-08-27 07:48:48,185 [INFO] DbMcusAds:125 - Set database path to: C:\Users\kunfu\.stmcufinder\plugins\mcufinder//mcu/
2024-08-27 07:48:48,186 [WARN] DbFile:41 - Overriding database path with different value: C:\Users\kunfu\.stmcufinder\plugins\mcufinder/ => C:\Users\kunfu\.stmcufinder\plugins\mcufinder
2024-08-27 07:48:48,186 [WARN] DbFile:41 - Overriding database path with different value: C:\Users\kunfu\.stmcufinder\plugins\mcufinder/ => C:\Users\kunfu\.stmcufinder\plugins\mcufinder
2024-08-27 07:48:48,186 [INFO] CrossReferenceDbSqlite:203 - Set database path to: C:\Users\kunfu\.stmcufinder\plugins\mcufinder//mcu/cs/
2024-08-27 07:48:48,211 [INFO] ApplicationProperties:184 - Using Application install path: C:\ST\STM32CubeIDE_1.16.0\STM32CubeIDE\plugins\com.st.stm32cube.common.mx_6.12.0.202406281431
2024-08-27 07:48:48,213 [INFO] PluginManage:196 - Search for loadable plugins [exclusion list=, ]
2024-08-27 07:48:48,216 [INFO] PluginManage:310 - Check plugin analytics
2024-08-27 07:48:48,450 [INFO] AnalyticsPlugin:253 - Accepted Software Licenses: 
2024-08-27 07:48:48,451 [INFO] AnalyticsPlugin:255 - Accepted CMSIS Pack Licenses: 
2024-08-27 07:48:48,451 [INFO] AnalyticsPlugin:257 - Accepted Firmware Licenses: FW.L4.1.18.0
2024-08-27 07:48:48,456 [INFO] PluginManage:359 - Loaded plugin analytics (category:tool,tabindex:-1)
2024-08-27 07:48:48,456 [INFO] PluginManage:310 - Check plugin cadmodel
2024-08-27 07:48:48,462 [INFO] CADModel:105 - Init CAD model plugin
2024-08-27 07:48:48,462 [INFO] PluginManage:359 - Loaded plugin cadmodel (category:power,tabindex:5)
2024-08-27 07:48:48,462 [INFO] PluginManage:310 - Check plugin clock
2024-08-27 07:48:48,477 [INFO] PluginManage:359 - Loaded plugin clock (category:base,tabindex:2)
2024-08-27 07:48:48,478 [INFO] PluginManage:310 - Check plugin ddr
2024-08-27 07:48:48,482 [INFO] PluginManage:359 - Loaded plugin ddr (category:tool,tabindex:6)
2024-08-27 07:48:48,482 [INFO] PluginManage:310 - Check plugin filemanager
2024-08-27 07:48:48,683 [INFO] PluginManage:359 - Loaded plugin filemanager (category:base,tabindex:10)
2024-08-27 07:48:48,683 [INFO] PluginManage:310 - Check plugin ipmanager
2024-08-27 07:48:48,692 [INFO] PluginManage:359 - Loaded plugin ipmanager (category:base,tabindex:5)
2024-08-27 07:48:48,692 [INFO] PluginManage:310 - Check plugin lpbam
2024-08-27 07:48:48,702 [INFO] PluginManage:359 - Loaded plugin lpbam (category:base,tabindex:0)
2024-08-27 07:48:48,702 [INFO] PluginManage:310 - Check plugin memorymap
2024-08-27 07:48:48,718 [INFO] PluginManage:359 - Loaded plugin memorymap (category:base,tabindex:4)
2024-08-27 07:48:48,718 [INFO] PluginManage:310 - Check plugin pinoutandconfiguration
2024-08-27 07:48:48,726 [INFO] PluginManage:359 - Loaded plugin pinoutandconfiguration (category:base,tabindex:1)
2024-08-27 07:48:48,726 [INFO] PluginManage:310 - Check plugin pinoutconfig
2024-08-27 07:48:48,896 [WARN] SupportedApi:132 - Cannot load RTOS API schema: s4s-elt-must-match.1: The content of 'definitions' must match (annotation?, (simpleType | complexType)?, (unique | key | keyref)*)). A problem was found starting at: attribute.
2024-08-27 07:48:49,091 [INFO] PluginManage:359 - Loaded plugin pinoutconfig (category:base,tabindex:0)
2024-08-27 07:48:49,091 [INFO] PluginManage:310 - Check plugin power
2024-08-27 07:48:49,104 [INFO] PluginManage:359 - Loaded plugin power (category:power,tabindex:4)
2024-08-27 07:48:49,104 [INFO] PluginManage:310 - Check plugin projectmanager
2024-08-27 07:48:49,125 [INFO] PluginManage:359 - Loaded plugin projectmanager (category:projectmanager,tabindex:4)
2024-08-27 07:48:49,126 [INFO] PluginManage:310 - Check plugin rif
2024-08-27 07:48:49,134 [INFO] PluginManage:359 - Loaded plugin rif (category:base,tabindex:3)
2024-08-27 07:48:49,135 [INFO] PluginManage:310 - Check plugin thirdparty
2024-08-27 07:48:49,323 [INFO] PluginManage:359 - Loaded plugin thirdparty (category:base,tabindex:-1)
2024-08-27 07:48:49,324 [INFO] PluginManage:310 - Check plugin tools
2024-08-27 07:48:49,323 [WARN] IntegrityCheckThread:84 - waiting for thirdparty lock release [integrity check]
2024-08-27 07:48:49,324 [INFO] IntegrityCheckThread:86 - entering critical section [integrity check]
2024-08-27 07:48:49,325 [INFO] ThirdPartyUpdaterWithRetryManager:70 - Updater plugin not ready yet. [1/15]
2024-08-27 07:48:49,330 [INFO] PluginManage:359 - Loaded plugin tools (category:base,tabindex:7)
2024-08-27 07:48:49,331 [INFO] PluginManage:310 - Check plugin tutovideos
2024-08-27 07:48:49,583 [INFO] PluginManage:359 - Loaded plugin tutovideos (category:base,tabindex:-1)
2024-08-27 07:48:49,584 [INFO] PluginManage:310 - Check plugin updater
2024-08-27 07:48:49,606 [INFO] PluginManage:359 - Loaded plugin updater (category:base,tabindex:12)
2024-08-27 07:48:49,606 [INFO] PluginManage:310 - Check plugin userauth
2024-08-27 07:48:49,615 [INFO] UserAuth:113 - Init User Auth plugin
2024-08-27 07:48:49,616 [INFO] PluginManage:359 - Loaded plugin userauth (category:base,tabindex:14)
2024-08-27 07:48:49,618 [INFO] PluginManage:283 - PluginManage : Loaded plugins [18]
2024-08-27 07:48:49,894 [INFO] PinOutPanel:1561 - setPackage(No Configuration,No Configuration)
2024-08-27 07:48:50,002 [INFO] CADModel:165 - CPN selected for project level
2024-08-27 07:48:50,002 [INFO] CADModel:114 - Register for checkConnection events
2024-08-27 07:48:50,026 [INFO] IPUIPlugin:80 - create IPUIPlugin
2024-08-27 07:48:50,026 [INFO] PluginManager:220 - loadIPPluginJar : add adc
2024-08-27 07:48:50,030 [INFO] IPUIPlugin:80 - create IPUIPlugin
2024-08-27 07:48:50,030 [INFO] PluginManager:220 - loadIPPluginJar : add aes
2024-08-27 07:48:50,034 [INFO] IPUIPlugin:80 - create IPUIPlugin
2024-08-27 07:48:50,034 [INFO] PluginManager:220 - loadIPPluginJar : add can
2024-08-27 07:48:50,035 [INFO] IPUIPlugin:80 - create IPUIPlugin
2024-08-27 07:48:50,035 [INFO] PluginManager:220 - loadIPPluginJar : add comp
2024-08-27 07:48:50,038 [INFO] IPUIPlugin:80 - create IPUIPlugin
2024-08-27 07:48:50,038 [INFO] PluginManager:220 - loadIPPluginJar : add cryp
2024-08-27 07:48:50,041 [INFO] IPUIPlugin:80 - create IPUIPlugin
2024-08-27 07:48:50,041 [INFO] PluginManager:220 - loadIPPluginJar : add ddr_ctrl_phy
2024-08-27 07:48:50,046 [INFO] IPUIPlugin:80 - create IPUIPlugin
2024-08-27 07:48:50,046 [INFO] PluginManager:220 - loadIPPluginJar : add dfsdm
2024-08-27 07:48:50,053 [INFO] IPUIPlugin:80 - create IPUIPlugin
2024-08-27 07:48:50,054 [INFO] PluginManager:220 - loadIPPluginJar : add dma
2024-08-27 07:48:50,056 [INFO] IPUIPlugin:80 - create IPUIPlugin
2024-08-27 07:48:50,057 [INFO] PluginManager:220 - loadIPPluginJar : add dma3
2024-08-27 07:48:50,061 [INFO] IPUIPlugin:80 - create IPUIPlugin
2024-08-27 07:48:50,061 [INFO] PluginManager:220 - loadIPPluginJar : add extmemmanager
2024-08-27 07:48:50,064 [INFO] IPUIPlugin:80 - create IPUIPlugin
2024-08-27 07:48:50,064 [INFO] PluginManager:220 - loadIPPluginJar : add fatfs
2024-08-27 07:48:50,068 [INFO] IPUIPlugin:80 - create IPUIPlugin
2024-08-27 07:48:50,068 [INFO] PluginManager:220 - loadIPPluginJar : add fmc
2024-08-27 07:48:50,079 [INFO] IPUIPlugin:80 - create IPUIPlugin
2024-08-27 07:48:50,079 [INFO] PluginManager:220 - loadIPPluginJar : add freertos
2024-08-27 07:48:50,082 [INFO] IPUIPlugin:80 - create IPUIPlugin
2024-08-27 07:48:50,082 [INFO] PluginManager:220 - loadIPPluginJar : add genericplugin
2024-08-27 07:48:50,085 [INFO] IPUIPlugin:80 - create IPUIPlugin
2024-08-27 07:48:50,085 [INFO] PluginManager:220 - loadIPPluginJar : add gfxmmu
2024-08-27 07:48:50,090 [INFO] IPUIPlugin:80 - create IPUIPlugin
2024-08-27 07:48:50,091 [INFO] PluginManager:220 - loadIPPluginJar : add gic
2024-08-27 07:48:50,096 [INFO] IPUIPlugin:80 - create IPUIPlugin
2024-08-27 07:48:50,096 [INFO] PluginManager:220 - loadIPPluginJar : add gpio
2024-08-27 07:48:50,100 [INFO] IPUIPlugin:80 - create IPUIPlugin
2024-08-27 07:48:50,100 [INFO] PluginManager:220 - loadIPPluginJar : add gtzc
2024-08-27 07:48:50,103 [INFO] IPUIPlugin:80 - create IPUIPlugin
2024-08-27 07:48:50,103 [INFO] PluginManager:220 - loadIPPluginJar : add hash
2024-08-27 07:48:50,106 [INFO] IPUIPlugin:80 - create IPUIPlugin
2024-08-27 07:48:50,106 [INFO] PluginManager:220 - loadIPPluginJar : add i2c
2024-08-27 07:48:50,109 [INFO] IPUIPlugin:80 - create IPUIPlugin
2024-08-27 07:48:50,110 [INFO] PluginManager:220 - loadIPPluginJar : add i2s
2024-08-27 07:48:50,116 [INFO] IPUIPlugin:80 - create IPUIPlugin
2024-08-27 07:48:50,116 [INFO] PluginManager:220 - loadIPPluginJar : add i3c
2024-08-27 07:48:50,121 [INFO] IPUIPlugin:80 - create IPUIPlugin
2024-08-27 07:48:50,121 [INFO] PluginManager:220 - loadIPPluginJar : add ipddr
2024-08-27 07:48:50,131 [INFO] IPUIPlugin:80 - create IPUIPlugin
2024-08-27 07:48:50,131 [INFO] PluginManager:220 - loadIPPluginJar : add linkedlist
2024-08-27 07:48:50,134 [INFO] IPUIPlugin:80 - create IPUIPlugin
2024-08-27 07:48:50,134 [INFO] PluginManager:220 - loadIPPluginJar : add lorawan
2024-08-27 07:48:50,136 [INFO] IPUIPlugin:80 - create IPUIPlugin
2024-08-27 07:48:50,137 [INFO] PluginManager:220 - loadIPPluginJar : add ltdc
2024-08-27 07:48:50,142 [INFO] IPUIPlugin:80 - create IPUIPlugin
2024-08-27 07:48:50,142 [INFO] PluginManager:220 - loadIPPluginJar : add mdma
2024-08-27 07:48:50,148 [INFO] IPUIPlugin:80 - create IPUIPlugin
2024-08-27 07:48:50,148 [INFO] PluginManager:220 - loadIPPluginJar : add nvic
2024-08-27 07:48:50,151 [INFO] IPUIPlugin:80 - create IPUIPlugin
2024-08-27 07:48:50,151 [INFO] PluginManager:220 - loadIPPluginJar : add opamp
2024-08-27 07:48:50,154 [INFO] IPUIPlugin:80 - create IPUIPlugin
2024-08-27 07:48:50,154 [INFO] PluginManager:220 - loadIPPluginJar : add openamp
2024-08-27 07:48:50,158 [INFO] IPUIPlugin:80 - create IPUIPlugin
2024-08-27 07:48:50,158 [INFO] PluginManager:220 - loadIPPluginJar : add pdm2pcm
2024-08-27 07:48:50,169 [INFO] IPUIPlugin:80 - create IPUIPlugin
2024-08-27 07:48:50,174 [INFO] PluginManager:220 - loadIPPluginJar : add plateformsettings
2024-08-27 07:48:50,177 [INFO] IPUIPlugin:80 - create IPUIPlugin
2024-08-27 07:48:50,177 [INFO] PluginManager:220 - loadIPPluginJar : add quadspi
2024-08-27 07:48:50,181 [INFO] IPUIPlugin:80 - create IPUIPlugin
2024-08-27 07:48:50,182 [INFO] PluginManager:220 - loadIPPluginJar : add radio
2024-08-27 07:48:50,186 [INFO] IPUIPlugin:80 - create IPUIPlugin
2024-08-27 07:48:50,186 [INFO] PluginManager:220 - loadIPPluginJar : add resmgrutility
2024-08-27 07:48:50,189 [INFO] IPUIPlugin:80 - create IPUIPlugin
2024-08-27 07:48:50,189 [INFO] PluginManager:220 - loadIPPluginJar : add sai
2024-08-27 07:48:50,191 [INFO] IPUIPlugin:80 - create IPUIPlugin
2024-08-27 07:48:50,191 [INFO] PluginManager:220 - loadIPPluginJar : add spi
2024-08-27 07:48:50,201 [INFO] IPUIPlugin:80 - create IPUIPlugin
2024-08-27 07:48:50,201 [INFO] PluginManager:220 - loadIPPluginJar : add stm32_wpan
2024-08-27 07:48:50,202 [INFO] IPUIPlugin:80 - create IPUIPlugin
2024-08-27 07:48:50,202 [INFO] PluginManager:220 - loadIPPluginJar : add tim
2024-08-27 07:48:50,206 [INFO] IPUIPlugin:80 - create IPUIPlugin
2024-08-27 07:48:50,207 [INFO] PluginManager:220 - loadIPPluginJar : add touchsensing
2024-08-27 07:48:50,210 [INFO] IPUIPlugin:80 - create IPUIPlugin
2024-08-27 07:48:50,211 [INFO] PluginManager:220 - loadIPPluginJar : add tracer_emb
2024-08-27 07:48:50,214 [INFO] IPUIPlugin:80 - create IPUIPlugin
2024-08-27 07:48:50,214 [INFO] PluginManager:220 - loadIPPluginJar : add ts
2024-08-27 07:48:50,218 [INFO] IPUIPlugin:80 - create IPUIPlugin
2024-08-27 07:48:50,218 [INFO] PluginManager:220 - loadIPPluginJar : add tsc
2024-08-27 07:48:50,221 [INFO] IPUIPlugin:80 - create IPUIPlugin
2024-08-27 07:48:50,221 [INFO] PluginManager:220 - loadIPPluginJar : add ucpd
2024-08-27 07:48:50,225 [INFO] IPUIPlugin:80 - create IPUIPlugin
2024-08-27 07:48:50,225 [INFO] PluginManager:220 - loadIPPluginJar : add usart
2024-08-27 07:48:50,231 [INFO] IPUIPlugin:80 - create IPUIPlugin
2024-08-27 07:48:50,231 [INFO] PluginManager:220 - loadIPPluginJar : add usbx
2024-08-27 07:48:50,388 [INFO] CADModel:165 - CPN selected for project level
2024-08-27 07:48:50,389 [INFO] CADModel:114 - Register for checkConnection events
2024-08-27 07:48:50,389 [FATAL] Updater:334 - Updater called before beeing initialized
2024-08-27 07:48:50,389 [ERROR] CADModel:125 - Updater not yet initialized, retry later 
2024-08-27 07:48:50,566 [INFO] CADModel:165 - CPN selected for project level
2024-08-27 07:48:50,566 [INFO] CADModel:114 - Register for checkConnection events
2024-08-27 07:48:50,566 [FATAL] Updater:334 - Updater called before beeing initialized
2024-08-27 07:48:50,566 [ERROR] CADModel:125 - Updater not yet initialized, retry later 
2024-08-27 07:48:50,571 [FATAL] Updater:334 - Updater called before beeing initialized
2024-08-27 07:48:50,697 [FATAL] Updater:334 - Updater called before beeing initialized
2024-08-27 07:48:50,703 [INFO] DbMcusAds:53 - JSON generation date=Thu May 16 14:52:00 IST 2024 (1715851320667)
2024-08-27 07:48:50,703 [FATAL] Updater:334 - Updater called before beeing initialized
2024-08-27 07:48:50,754 [WARN] DetailPanel:346 - Failed to get advertising image, set to default
2024-08-27 07:48:50,855 [FATAL] Updater:334 - Updater called before beeing initialized
2024-08-27 07:48:50,859 [FATAL] Updater:334 - Updater called before beeing initialized
2024-08-27 07:48:50,859 [FATAL] Updater:334 - Updater called before beeing initialized
2024-08-27 07:48:50,859 [WARN] DetailPanel:346 - Failed to get advertising image, set to default
2024-08-27 07:48:50,860 [FATAL] Updater:334 - Updater called before beeing initialized
2024-08-27 07:48:50,920 [ERROR] Updater:1164 - MainUpdater not yet initialized. External WinMGr cannot be set.
2024-08-27 07:48:50,927 [INFO] Updater:1100 - Updater Version found : 6.12.0
2024-08-27 07:48:50,956 [INFO] ApplicationProperties:184 - Using Application install path: C:\ST\STM32CubeIDE_1.16.0\STM32CubeIDE\plugins\com.st.stm32cube.common.mx_6.12.0.202406281431
2024-08-27 07:48:52,327 [INFO] ThirdPartyUpdaterWithRetryManager:70 - Updater plugin not ready yet. [2/15]
2024-08-27 07:48:52,538 [ERROR] LogOutputStream:75 - [STDERR_REDIRECT] Aug 27, 2024 7:48:52 AM java.util.prefs.WindowsPreferences <init>
2024-08-27 07:48:52,540 [ERROR] LogOutputStream:75 - [STDERR_REDIRECT] WARNING: Could not open/create prefs root node Software\JavaSoft\Prefs at root 0xffffffff80000002. Windows RegCreateKeyEx(...) returned error code 5.
2024-08-27 07:48:52,541 [ERROR] LogOutputStream:75 - [STDERR_REDIRECT] 
2024-08-27 07:48:52,950 [INFO] MainUpdater:2873 - connection check result : 10
2024-08-27 07:48:52,950 [INFO] MainUpdater:290 - Updater Check For Update Now.
2024-08-27 07:48:52,950 [INFO] MicroXplorer:498 - Change Database Version : DB.6.0.120
2024-08-27 07:48:52,961 [INFO] McuFinderGlobals:63 - Set McuFinder mode to 2 (CubeIDE integrated)
2024-08-27 07:48:52,962 [INFO] UserAuth:417 - Internet connection configuration mode: 1
2024-08-27 07:48:52,989 [INFO] JxBrowserEngine:152 - Initiate JxBrowser Engine with user profile folder
2024-08-27 07:48:53,165 [INFO] CheckServerUpdateThread:120 - End of CheckServer Thread
2024-08-27 07:48:53,793 [INFO] WebApp:167 - Instantiating new browser for Auth
2024-08-27 07:48:54,899 [INFO] WebApp:448 - Apply proxy settings
2024-08-27 07:48:54,899 [INFO] WebApp:533 - Chromium requires no authentication
2024-08-27 07:48:54,913 [INFO] WebApp:476 - Direct internet connection detected
2024-08-27 07:48:54,953 [INFO] WebApp:869 - Register for checkConnection events
2024-08-27 07:48:54,953 [INFO] WebApp:448 - Apply proxy settings
2024-08-27 07:48:54,953 [INFO] WebApp:533 - Chromium requires no authentication
2024-08-27 07:48:54,954 [INFO] WebApp:476 - Direct internet connection detected
2024-08-27 07:48:55,182 [INFO] WebApp:186 - Connection restablished
2024-08-27 07:48:55,293 [INFO] WebApp:220 - Starting web application
2024-08-27 07:48:55,293 [INFO] WebApp:578 - Web application path used C:\ST\STM32CubeIDE_1.16.0\STM32CubeIDE\plugins\com.st.stm32cube.common.mx_6.12.0.202406281431\db\plugins\mcufinder\reactClient1\index.html
2024-08-27 07:48:55,580 [INFO] UserAuth:417 - Internet connection configuration mode: 1
2024-08-27 07:48:55,723 [WARN] PackLoader:240 - Cannot read IP mode file for STMicroelectronics.FP-SNS-MOTENVWB1.1.4.0
2024-08-27 07:48:55,744 [WARN] PackLoader:240 - Cannot read IP mode file for STMicroelectronics.X-CUBE-SMBUS.2.1.0
2024-08-27 07:48:55,869 [WARN] PackLoader:240 - Cannot read IP mode file for STMicroelectronics.X-CUBE-AZRTOS-F7.1.1.0
2024-08-27 07:48:56,268 [WARN] PackLoader:240 - Cannot read IP mode file for STMicroelectronics.X-CUBE-MEMS1.11.0.0
2024-08-27 07:48:56,870 [WARN] PackLoader:240 - Cannot read IP mode file for STMicroelectronics.FP-SNS-FLIGHT1.5.0.2
2024-08-27 07:48:56,890 [WARN] PackLoader:240 - Cannot read IP mode file for STMicroelectronics.X-CUBE-DISPLAY.3.0.0
2024-08-27 07:48:56,911 [WARN] PackLoader:240 - Cannot read IP mode file for STMicroelectronics.X-CUBE-BLE1.7.0.0
2024-08-27 07:48:56,931 [WARN] PackLoader:240 - Cannot read IP mode file for emotas.I-CUBE-CANOPEN.1.3.0
2024-08-27 07:48:56,955 [WARN] PackLoader:240 - Cannot read IP mode file for STMicroelectronics.X-CUBE-BLEMGR.3.1.0
2024-08-27 07:48:56,974 [WARN] PackLoader:240 - Cannot read IP mode file for STMicroelectronics.FP-SNS-SMARTAG2.1.2.0
2024-08-27 07:48:57,010 [INFO] LogOutputStream:77 - [STDOUT_REDIRECT] 1 : Invalid condition id : UX_CORESTACK_Condition cause : null
2024-08-27 07:48:57,013 [INFO] LogOutputStream:77 - [STDOUT_REDIRECT] 1 : Invalid condition id : UX_CORESTACK_Condition cause : null
2024-08-27 07:48:57,017 [INFO] LogOutputStream:77 - [STDOUT_REDIRECT] 1 : Invalid condition id : UX_CORESTACK_Condition cause : null
2024-08-27 07:48:57,019 [INFO] LogOutputStream:77 - [STDOUT_REDIRECT] 1 : Invalid condition id : UX_CORESTACK_Condition cause : null
2024-08-27 07:48:57,021 [INFO] LogOutputStream:77 - [STDOUT_REDIRECT] 1 : Invalid condition id : UX_CORESTACK_Condition cause : null
2024-08-27 07:48:57,031 [WARN] PackLoader:240 - Cannot read IP mode file for STMicroelectronics.X-CUBE-AZRTOS-WL.2.0.0
2024-08-27 07:48:57,039 [WARN] PackLoader:240 - Cannot read IP mode file for STMicroelectronics.FP-SNS-MOTENV1.5.0.0
2024-08-27 07:48:57,049 [WARN] PackLoader:240 - Cannot read IP mode file for wolfSSL.I-CUBE-wolfMQTT.1.19.0
2024-08-27 07:48:57,065 [WARN] PackLoader:240 - Cannot read IP mode file for WES.I-CUBE-Cesium.1.3.0
2024-08-27 07:48:57,071 [WARN] PackLoader:240 - Cannot read IP mode file for STMicroelectronics.X-CUBE-BLE2.3.3.0
2024-08-27 07:48:57,087 [WARN] PackLoader:240 - Cannot read IP mode file for STMicroelectronics.X-CUBE-TCPP.4.1.0
2024-08-27 07:48:57,114 [WARN] PackLoader:240 - Cannot read IP mode file for STMicroelectronics.X-CUBE-AZRTOS-G0.1.1.0
2024-08-27 07:48:57,133 [WARN] PackLoader:240 - Cannot read IP mode file for STMicroelectronics.X-CUBE-SAFEA1.1.2.2
2024-08-27 07:48:57,140 [WARN] PackLoader:240 - Cannot read IP mode file for STMicroelectronics.X-CUBE-NFC4.3.0.0
2024-08-27 07:48:57,161 [WARN] PackLoader:240 - Cannot read IP mode file for EmbeddedOffice.I-CUBE-FS-RTOS.1.0.1
2024-08-27 07:48:57,161 [ERROR] ConditionMgr:805 - Attr not supported : Dmpu
2024-08-27 07:48:57,162 [ERROR] ConditionMgr:805 - Attr not supported : Dmpu
2024-08-27 07:48:57,162 [ERROR] ConditionMgr:805 - Attr not supported : Dmpu
2024-08-27 07:48:57,162 [ERROR] ConditionMgr:805 - Attr not supported : Dmpu
2024-08-27 07:48:57,162 [ERROR] ConditionMgr:805 - Attr not supported : Dmpu
2024-08-27 07:48:57,162 [ERROR] ConditionMgr:805 - Attr not supported : Dmpu
2024-08-27 07:48:57,162 [ERROR] ConditionMgr:805 - Attr not supported : Dmpu
2024-08-27 07:48:57,162 [ERROR] ConditionMgr:805 - Attr not supported : Dmpu
2024-08-27 07:48:57,162 [ERROR] ConditionMgr:805 - Attr not supported : Dmpu
2024-08-27 07:48:57,162 [ERROR] ConditionMgr:805 - Attr not supported : Dmpu
2024-08-27 07:48:57,162 [ERROR] ConditionMgr:805 - Attr not supported : Dmpu
2024-08-27 07:48:57,162 [ERROR] ConditionMgr:805 - Attr not supported : Dmpu
2024-08-27 07:48:57,163 [ERROR] ConditionMgr:805 - Attr not supported : Dmpu
2024-08-27 07:48:57,163 [ERROR] ConditionMgr:805 - Attr not supported : Dmpu
2024-08-27 07:48:57,163 [ERROR] ConditionMgr:805 - Attr not supported : Dmpu
2024-08-27 07:48:57,163 [ERROR] ConditionMgr:805 - Attr not supported : Dmpu
2024-08-27 07:48:57,163 [ERROR] ConditionMgr:805 - Attr not supported : Dmpu
2024-08-27 07:48:57,163 [ERROR] ConditionMgr:805 - Attr not supported : Dmpu
2024-08-27 07:48:57,163 [ERROR] ConditionMgr:805 - Attr not supported : Dmpu
2024-08-27 07:48:57,163 [ERROR] ConditionMgr:805 - Attr not supported : Dmpu
2024-08-27 07:48:57,163 [ERROR] ConditionMgr:805 - Attr not supported : Dmpu
2024-08-27 07:48:57,163 [ERROR] ConditionMgr:805 - Attr not supported : Dmpu
2024-08-27 07:48:57,163 [ERROR] ConditionMgr:805 - Attr not supported : Dmpu
2024-08-27 07:48:57,164 [ERROR] ConditionMgr:805 - Attr not supported : Dmpu
2024-08-27 07:48:57,164 [ERROR] ConditionMgr:805 - Attr not supported : Dmpu
2024-08-27 07:48:57,164 [ERROR] ConditionMgr:805 - Attr not supported : Dmpu
2024-08-27 07:48:57,164 [ERROR] ConditionMgr:805 - Attr not supported : Dmpu
2024-08-27 07:48:57,164 [ERROR] ConditionMgr:805 - Attr not supported : Dmpu
2024-08-27 07:48:57,164 [ERROR] ConditionMgr:805 - Attr not supported : Dmpu
2024-08-27 07:48:57,164 [ERROR] ConditionMgr:805 - Attr not supported : Dmpu
2024-08-27 07:48:57,164 [ERROR] ConditionMgr:805 - Attr not supported : Dmpu
2024-08-27 07:48:57,164 [ERROR] ConditionMgr:805 - Attr not supported : Dmpu
2024-08-27 07:48:57,164 [ERROR] ConditionMgr:805 - Attr not supported : Dmpu
2024-08-27 07:48:57,164 [ERROR] ConditionMgr:805 - Attr not supported : Dmpu
2024-08-27 07:48:57,164 [ERROR] ConditionMgr:805 - Attr not supported : Dmpu
2024-08-27 07:48:57,164 [ERROR] ConditionMgr:805 - Attr not supported : Dmpu
2024-08-27 07:48:57,164 [ERROR] ConditionMgr:805 - Attr not supported : Dmpu
2024-08-27 07:48:57,165 [ERROR] ConditionMgr:805 - Attr not supported : Dmpu
2024-08-27 07:48:57,165 [ERROR] ConditionMgr:805 - Attr not supported : Dmpu
2024-08-27 07:48:57,165 [ERROR] ConditionMgr:805 - Attr not supported : Dmpu
2024-08-27 07:48:57,165 [ERROR] ConditionMgr:805 - Attr not supported : Dmpu
2024-08-27 07:48:57,165 [ERROR] ConditionMgr:805 - Attr not supported : Dmpu
2024-08-27 07:48:57,165 [ERROR] ConditionMgr:805 - Attr not supported : Dmpu
2024-08-27 07:48:57,166 [ERROR] ConditionMgr:805 - Attr not supported : Dmpu
2024-08-27 07:48:57,166 [ERROR] ConditionMgr:805 - Attr not supported : Dmpu
2024-08-27 07:48:57,166 [ERROR] ConditionMgr:805 - Attr not supported : Dmpu
2024-08-27 07:48:57,166 [ERROR] ConditionMgr:805 - Attr not supported : Dmpu
2024-08-27 07:48:57,166 [ERROR] ConditionMgr:805 - Attr not supported : Dmpu
2024-08-27 07:48:57,166 [ERROR] ConditionMgr:805 - Attr not supported : Dmpu
2024-08-27 07:48:57,166 [ERROR] ConditionMgr:805 - Attr not supported : Dmpu
2024-08-27 07:48:57,166 [ERROR] ConditionMgr:805 - Attr not supported : Dmpu
2024-08-27 07:48:57,166 [ERROR] ConditionMgr:805 - Attr not supported : Dmpu
2024-08-27 07:48:57,166 [ERROR] ConditionMgr:805 - Attr not supported : Dmpu
2024-08-27 07:48:57,166 [ERROR] ConditionMgr:805 - Attr not supported : Dmpu
2024-08-27 07:48:57,167 [ERROR] ConditionMgr:805 - Attr not supported : Dmpu
2024-08-27 07:48:57,167 [ERROR] ConditionMgr:805 - Attr not supported : Dmpu
2024-08-27 07:48:57,167 [ERROR] ConditionMgr:805 - Attr not supported : Dmpu
2024-08-27 07:48:57,167 [ERROR] ConditionMgr:805 - Attr not supported : Dmpu
2024-08-27 07:48:57,167 [ERROR] ConditionMgr:805 - Attr not supported : Dmpu
2024-08-27 07:48:57,167 [ERROR] ConditionMgr:805 - Attr not supported : Dmpu
2024-08-27 07:48:57,167 [ERROR] ConditionMgr:805 - Attr not supported : Dmpu
2024-08-27 07:48:57,167 [ERROR] ConditionMgr:805 - Attr not supported : Dmpu
2024-08-27 07:48:57,167 [ERROR] ConditionMgr:805 - Attr not supported : Dmpu
2024-08-27 07:48:57,167 [ERROR] ConditionMgr:805 - Attr not supported : Dmpu
2024-08-27 07:48:57,174 [WARN] PackLoader:240 - Cannot read IP mode file for RealThread.X-CUBE-RT-Thread_Nano.4.1.1
2024-08-27 07:48:57,182 [WARN] PackLoader:240 - Cannot read IP mode file for STMicroelectronics.FP-ATR-SIGFOX1.3.2.0
2024-08-27 07:48:57,188 [WARN] PackLoader:240 - Cannot read IP mode file for wolfSSL.I-CUBE-wolfSSL.5.7.2
2024-08-27 07:48:57,197 [WARN] PackLoader:240 - Cannot read IP mode file for STMicroelectronics.X-CUBE-EEPRMA1.5.1.0
2024-08-27 07:48:57,208 [WARN] PackLoader:240 - Cannot read IP mode file for ITTIA_DB.I-CUBE-ITTIADB.8.9.0
2024-08-27 07:48:57,357 [WARN] PackLoader:240 - Cannot read IP mode file for SEGGER.I-CUBE-embOS.1.3.1
2024-08-27 07:48:57,440 [WARN] PackLoader:240 - Cannot read IP mode file for STMicroelectronics.X-CUBE-ALGOBUILD.1.4.0
2024-08-27 07:48:57,449 [WARN] PackLoader:240 - Cannot read IP mode file for STMicroelectronics.X-CUBE-GNSS1.6.0.0
2024-08-27 07:48:57,471 [WARN] PackLoader:240 - Cannot read IP mode file for STMicroelectronics.X-CUBE-AZRTOS-F4.1.1.0
2024-08-27 07:48:57,483 [WARN] PackLoader:240 - Cannot read IP mode file for STMicroelectronics.X-CUBE-FREERTOS.1.2.0
2024-08-27 07:48:57,517 [WARN] PackLoader:240 - Cannot read IP mode file for STMicroelectronics.X-CUBE-AZRTOS-L5.2.0.0
2024-08-27 07:48:57,535 [WARN] PackLoader:240 - Cannot read IP mode file for STMicroelectronics.X-CUBE-NFC6.3.1.0
2024-08-27 07:48:57,544 [WARN] PackLoader:240 - Cannot read IP mode file for STMicroelectronics.X-CUBE-DPower.1.2.0
2024-08-27 07:48:57,552 [WARN] PackLoader:240 - Cannot read IP mode file for STMicroelectronics.X-CUBE-AI.9.0.0
2024-08-27 07:48:57,563 [WARN] PackLoader:240 - Cannot read IP mode file for STMicroelectronics.X-CUBE-NFC7.1.0.1
2024-08-27 07:48:57,569 [WARN] PackLoader:240 - Cannot read IP mode file for wolfSSL.I-CUBE-wolfTPM.3.2.0
2024-08-27 07:48:57,598 [WARN] ConditionMgr:438 - getConditionDescription Invalid condition id : LAN8742 Phy interface Condition cause : null
2024-08-27 07:48:57,600 [WARN] PackLoader:240 - Cannot read IP mode file for STMicroelectronics.X-CUBE-AZRTOS-L4.2.0.0
2024-08-27 07:48:57,603 [WARN] ConditionMgr:1039 - genDependencies : Invalid condition id : LAN8742 Phy interface Condition cause : null
2024-08-27 07:48:57,603 [WARN] ConditionMgr:1039 - genDependencies : Invalid condition id : LAN8742 Phy interface Condition cause : null
2024-08-27 07:48:57,604 [WARN] ConditionMgr:1039 - genDependencies : Invalid condition id : LAN8742 Phy interface Condition cause : null
2024-08-27 07:48:57,627 [WARN] PackLoader:240 - Cannot read IP mode file for STMicroelectronics.X-CUBE-SFXS2LP1.4.0.0
2024-08-27 07:48:57,664 [WARN] PackLoader:240 - Cannot read IP mode file for STMicroelectronics.X-CUBE-AZRTOS-H7.3.3.0
2024-08-27 07:48:57,686 [WARN] ConditionMgr:438 - getConditionDescription Invalid condition id : UX DEVICE CLASS RTOS Condition cause : null
2024-08-27 07:48:57,687 [WARN] ConditionMgr:438 - getConditionDescription Invalid condition id : UX DEVICE CLASS RTOS Condition cause : null
2024-08-27 07:48:57,700 [WARN] PackLoader:240 - Cannot read IP mode file for STMicroelectronics.X-CUBE-AZRTOS-WB.2.0.0
2024-08-27 07:48:57,701 [WARN] ConditionMgr:1039 - genDependencies : Invalid condition id : UX DEVICE CLASS RTOS Condition cause : null
2024-08-27 07:48:57,701 [WARN] ConditionMgr:1039 - genDependencies : Invalid condition id : UX DEVICE CLASS RTOS Condition cause : null
2024-08-27 07:48:57,702 [WARN] ConditionMgr:1039 - genDependencies : Invalid condition id : UX DEVICE CLASS RTOS Condition cause : null
2024-08-27 07:48:57,702 [WARN] ConditionMgr:1039 - genDependencies : Invalid condition id : UX DEVICE CLASS RTOS Condition cause : null
2024-08-27 07:48:57,702 [WARN] ConditionMgr:1039 - genDependencies : Invalid condition id : UX DEVICE CLASS RTOS Condition cause : null
2024-08-27 07:48:57,714 [WARN] PackLoader:240 - Cannot read IP mode file for STMicroelectronics.FP-SNS-STBOX1.2.0.0
2024-08-27 07:48:57,733 [WARN] PackLoader:240 - Cannot read IP mode file for STMicroelectronics.X-CUBE-SUBG2.5.0.0
2024-08-27 07:48:57,749 [WARN] PackLoader:240 - Cannot read IP mode file for Cesanta.I-CUBE-Mongoose.7.13.0
2024-08-27 07:48:57,772 [WARN] PackLoader:240 - Cannot read IP mode file for STMicroelectronics.X-CUBE-AZRTOS-G4.2.0.0
2024-08-27 07:48:57,787 [WARN] PackLoader:240 - Cannot read IP mode file for STMicroelectronics.X-CUBE-ISPU.2.0.0
2024-08-27 07:48:57,797 [WARN] PackLoader:240 - Cannot read IP mode file for STMicroelectronics.X-CUBE-ALS.1.0.2
2024-08-27 07:48:57,855 [WARN] PackLoader:240 - Cannot read IP mode file for STMicroelectronics.X-CUBE-MEMS1.10.0.0
2024-08-27 07:48:58,067 [WARN] PackLoader:240 - Cannot read IP mode file for STMicroelectronics.X-CUBE-TOUCHGFX.4.24.0
2024-08-27 07:48:58,074 [WARN] PackLoader:240 - Cannot read IP mode file for portGmbH.I-Cube-SoM-uGOAL.1.1.0
2024-08-27 07:48:58,105 [WARN] PackLoader:240 - Cannot read IP mode file for STMicroelectronics.X-CUBE-AZRTOS-H7RS.1.0.0
2024-08-27 07:48:58,114 [WARN] PackLoader:240 - Cannot read IP mode file for STMicroelectronics.FP-ATR-ASTRA1.2.0.0
2024-08-27 07:48:58,131 [WARN] PackLoader:240 - Cannot read IP mode file for STMicroelectronics.X-CUBE-TOF1.3.4.2
2024-08-27 07:48:58,162 [WARN] PackLoader:240 - Cannot read IP mode file for Infineon.AIROC-Wi-Fi-Bluetooth-STM32.1.6.1
2024-08-27 07:48:58,169 [WARN] PackLoader:240 - Cannot read IP mode file for wolfSSL.I-CUBE-wolfSSH.1.4.17
2024-08-27 07:48:58,170 [INFO] ThirdParty:978 - Integrity check success = true
2024-08-27 07:48:58,170 [INFO] IntegrityCheckThread:100 - exiting critical section [integrity check]
2024-08-27 07:48:58,170 [INFO] IntegrityCheckThread:103 - End integrity checks thread
2024-08-27 07:51:50,673 [ERROR] LogOutputStream:75 - [STDERR_REDIRECT] 
2024-08-27 07:51:50,676 [ERROR] LogOutputStream:75 - [STDERR_REDIRECT] 
