2024-08-27 07:37:17,233 [INFO] Activator:176 - 


2024-08-27 07:37:17,236 [INFO] Activator:177 - !SESSION log4j initialized
2024-08-27 07:37:20,695 [INFO] LogOutputStream:77 - [STDOUT_REDIRECT] 
2024-08-27 07:37:23,393 [INFO] ApplicationProperties:184 - Using Application install path: C:\ST\STM32CubeIDE_1.16.0\STM32CubeIDE\plugins\com.st.stm32cube.common.mx_6.12.0.202406281431
2024-08-27 07:37:23,418 [INFO] DbMcusXml:78 - Set database path to: C:\ST\STM32CubeIDE_1.16.0\STM32CubeIDE\plugins\com.st.stm32cube.common.mx_6.12.0.202406281431\\db\/mcu/
2024-08-27 07:37:23,418 [INFO] ApiDb:274 - Set plugin database path to: C:\ST\STM32CubeIDE_1.16.0\STM32CubeIDE\plugins\com.st.stm32cube.common.mx_6.12.0.202406281431\\db\/plugins/boardmanager/
2024-08-27 07:37:23,418 [WARN] ApiDb:259 - Overriding images path with different value:  => C:\ST\STM32CubeIDE_1.16.0\STM32CubeIDE\plugins\com.st.stm32cube.common.mx_6.12.0.202406281431\\db\/plugins/mcufinder/images/
2024-08-27 07:37:23,432 [INFO] ApiDb:250 - Set database path to: C:\Users\kunfu\.stmcufinder\plugins\mcufinder//mcu/
2024-08-27 07:37:23,434 [INFO] DbMcusAds:125 - Set database path to: C:\Users\kunfu\.stmcufinder\plugins\mcufinder//mcu/
2024-08-27 07:37:23,438 [INFO] CrossReferenceDbSqlite:203 - Set database path to: C:\Users\kunfu\.stmcufinder\plugins\mcufinder//mcu/cs/
2024-08-27 07:37:23,581 [INFO] RulesReader:64 - Compatibility file has been processed (297 Rules)
2024-08-27 07:37:23,691 [INFO] DbMcusXml:78 - Set database path to: C:\ST\STM32CubeIDE_1.16.0\STM32CubeIDE\plugins\com.st.stm32cube.common.mx_6.12.0.202406281431\\db\/mcu/
2024-08-27 07:37:23,691 [INFO] ApiDb:274 - Set plugin database path to: C:\ST\STM32CubeIDE_1.16.0\STM32CubeIDE\plugins\com.st.stm32cube.common.mx_6.12.0.202406281431\\db\/plugins/boardmanager/
2024-08-27 07:37:23,691 [INFO] ApiDb:261 - Set plugin images path to: C:\ST\STM32CubeIDE_1.16.0\STM32CubeIDE\plugins\com.st.stm32cube.common.mx_6.12.0.202406281431\\db\/plugins/mcufinder/images/
2024-08-27 07:37:23,692 [WARN] DbFile:41 - Overriding database path with different value: C:\Users\kunfu\.stmcufinder\plugins\mcufinder/ => C:\Users\kunfu\.stmcufinder\plugins\mcufinder
2024-08-27 07:37:23,692 [INFO] ApiDb:250 - Set database path to: C:\Users\kunfu\.stmcufinder\plugins\mcufinder//mcu/
2024-08-27 07:37:23,692 [WARN] DbFile:41 - Overriding database path with different value: C:\Users\kunfu\.stmcufinder\plugins\mcufinder/ => C:\Users\kunfu\.stmcufinder\plugins\mcufinder
2024-08-27 07:37:23,692 [INFO] DbMcusAds:125 - Set database path to: C:\Users\kunfu\.stmcufinder\plugins\mcufinder//mcu/
2024-08-27 07:37:23,692 [WARN] DbFile:41 - Overriding database path with different value: C:\Users\kunfu\.stmcufinder\plugins\mcufinder/ => C:\Users\kunfu\.stmcufinder\plugins\mcufinder
2024-08-27 07:37:23,692 [WARN] DbFile:41 - Overriding database path with different value: C:\Users\kunfu\.stmcufinder\plugins\mcufinder/ => C:\Users\kunfu\.stmcufinder\plugins\mcufinder
2024-08-27 07:37:23,692 [INFO] CrossReferenceDbSqlite:203 - Set database path to: C:\Users\kunfu\.stmcufinder\plugins\mcufinder//mcu/cs/
2024-08-27 07:37:23,814 [INFO] MainPanel:268 - HeapMemory: 268435456
2024-08-27 07:37:23,962 [INFO] DbMcusXml:78 - Set database path to: C:\ST\STM32CubeIDE_1.16.0\STM32CubeIDE\plugins\com.st.stm32cube.common.mx_6.12.0.202406281431\\db\/mcu/
2024-08-27 07:37:23,962 [INFO] ApiDb:274 - Set plugin database path to: C:\ST\STM32CubeIDE_1.16.0\STM32CubeIDE\plugins\com.st.stm32cube.common.mx_6.12.0.202406281431\\db\/plugins/boardmanager/
2024-08-27 07:37:23,962 [INFO] ApiDb:261 - Set plugin images path to: C:\ST\STM32CubeIDE_1.16.0\STM32CubeIDE\plugins\com.st.stm32cube.common.mx_6.12.0.202406281431\\db\/plugins/mcufinder/images/
2024-08-27 07:37:23,962 [WARN] DbFile:41 - Overriding database path with different value: C:\Users\kunfu\.stmcufinder\plugins\mcufinder/ => C:\Users\kunfu\.stmcufinder\plugins\mcufinder
2024-08-27 07:37:23,962 [INFO] ApiDb:250 - Set database path to: C:\Users\kunfu\.stmcufinder\plugins\mcufinder//mcu/
2024-08-27 07:37:23,962 [WARN] DbFile:41 - Overriding database path with different value: C:\Users\kunfu\.stmcufinder\plugins\mcufinder/ => C:\Users\kunfu\.stmcufinder\plugins\mcufinder
2024-08-27 07:37:23,963 [INFO] DbMcusAds:125 - Set database path to: C:\Users\kunfu\.stmcufinder\plugins\mcufinder//mcu/
2024-08-27 07:37:23,963 [WARN] DbFile:41 - Overriding database path with different value: C:\Users\kunfu\.stmcufinder\plugins\mcufinder/ => C:\Users\kunfu\.stmcufinder\plugins\mcufinder
2024-08-27 07:37:23,963 [WARN] DbFile:41 - Overriding database path with different value: C:\Users\kunfu\.stmcufinder\plugins\mcufinder/ => C:\Users\kunfu\.stmcufinder\plugins\mcufinder
2024-08-27 07:37:23,963 [INFO] CrossReferenceDbSqlite:203 - Set database path to: C:\Users\kunfu\.stmcufinder\plugins\mcufinder//mcu/cs/
2024-08-27 07:37:23,991 [INFO] ApplicationProperties:184 - Using Application install path: C:\ST\STM32CubeIDE_1.16.0\STM32CubeIDE\plugins\com.st.stm32cube.common.mx_6.12.0.202406281431
2024-08-27 07:37:23,994 [INFO] PluginManage:196 - Search for loadable plugins [exclusion list=, ]
2024-08-27 07:37:23,996 [INFO] PluginManage:310 - Check plugin analytics
2024-08-27 07:37:24,214 [INFO] AnalyticsPlugin:253 - Accepted Software Licenses: 
2024-08-27 07:37:24,215 [INFO] AnalyticsPlugin:255 - Accepted CMSIS Pack Licenses: 
2024-08-27 07:37:24,215 [INFO] AnalyticsPlugin:257 - Accepted Firmware Licenses: FW.L4.1.18.0
2024-08-27 07:37:24,220 [INFO] PluginManage:359 - Loaded plugin analytics (category:tool,tabindex:-1)
2024-08-27 07:37:24,220 [INFO] PluginManage:310 - Check plugin cadmodel
2024-08-27 07:37:24,229 [INFO] CADModel:105 - Init CAD model plugin
2024-08-27 07:37:24,229 [INFO] PluginManage:359 - Loaded plugin cadmodel (category:power,tabindex:5)
2024-08-27 07:37:24,230 [INFO] PluginManage:310 - Check plugin clock
2024-08-27 07:37:24,243 [INFO] PluginManage:359 - Loaded plugin clock (category:base,tabindex:2)
2024-08-27 07:37:24,243 [INFO] PluginManage:310 - Check plugin ddr
2024-08-27 07:37:24,247 [INFO] PluginManage:359 - Loaded plugin ddr (category:tool,tabindex:6)
2024-08-27 07:37:24,247 [INFO] PluginManage:310 - Check plugin filemanager
2024-08-27 07:37:24,461 [INFO] PluginManage:359 - Loaded plugin filemanager (category:base,tabindex:10)
2024-08-27 07:37:24,461 [INFO] PluginManage:310 - Check plugin ipmanager
2024-08-27 07:37:24,472 [INFO] PluginManage:359 - Loaded plugin ipmanager (category:base,tabindex:5)
2024-08-27 07:37:24,472 [INFO] PluginManage:310 - Check plugin lpbam
2024-08-27 07:37:24,505 [INFO] PluginManage:359 - Loaded plugin lpbam (category:base,tabindex:0)
2024-08-27 07:37:24,505 [INFO] PluginManage:310 - Check plugin memorymap
2024-08-27 07:37:24,526 [INFO] PluginManage:359 - Loaded plugin memorymap (category:base,tabindex:4)
2024-08-27 07:37:24,527 [INFO] PluginManage:310 - Check plugin pinoutandconfiguration
2024-08-27 07:37:24,538 [INFO] PluginManage:359 - Loaded plugin pinoutandconfiguration (category:base,tabindex:1)
2024-08-27 07:37:24,538 [INFO] PluginManage:310 - Check plugin pinoutconfig
2024-08-27 07:37:24,655 [WARN] SupportedApi:132 - Cannot load RTOS API schema: s4s-elt-must-match.1: The content of 'definitions' must match (annotation?, (simpleType | complexType)?, (unique | key | keyref)*)). A problem was found starting at: attribute.
2024-08-27 07:37:24,845 [INFO] PluginManage:359 - Loaded plugin pinoutconfig (category:base,tabindex:0)
2024-08-27 07:37:24,845 [INFO] PluginManage:310 - Check plugin power
2024-08-27 07:37:24,861 [INFO] PluginManage:359 - Loaded plugin power (category:power,tabindex:4)
2024-08-27 07:37:24,861 [INFO] PluginManage:310 - Check plugin projectmanager
2024-08-27 07:37:24,886 [INFO] PluginManage:359 - Loaded plugin projectmanager (category:projectmanager,tabindex:4)
2024-08-27 07:37:24,886 [INFO] PluginManage:310 - Check plugin rif
2024-08-27 07:37:24,895 [INFO] PluginManage:359 - Loaded plugin rif (category:base,tabindex:3)
2024-08-27 07:37:24,895 [INFO] PluginManage:310 - Check plugin thirdparty
2024-08-27 07:37:25,066 [INFO] PluginManage:359 - Loaded plugin thirdparty (category:base,tabindex:-1)
2024-08-27 07:37:25,066 [WARN] IntegrityCheckThread:84 - waiting for thirdparty lock release [integrity check]
2024-08-27 07:37:25,067 [INFO] IntegrityCheckThread:86 - entering critical section [integrity check]
2024-08-27 07:37:25,067 [INFO] PluginManage:310 - Check plugin tools
2024-08-27 07:37:25,067 [INFO] ThirdPartyUpdaterWithRetryManager:70 - Updater plugin not ready yet. [1/15]
2024-08-27 07:37:25,072 [INFO] PluginManage:359 - Loaded plugin tools (category:base,tabindex:7)
2024-08-27 07:37:25,073 [INFO] PluginManage:310 - Check plugin tutovideos
2024-08-27 07:37:25,338 [INFO] PluginManage:359 - Loaded plugin tutovideos (category:base,tabindex:-1)
2024-08-27 07:37:25,339 [INFO] PluginManage:310 - Check plugin updater
2024-08-27 07:37:25,360 [INFO] PluginManage:359 - Loaded plugin updater (category:base,tabindex:12)
2024-08-27 07:37:25,360 [INFO] PluginManage:310 - Check plugin userauth
2024-08-27 07:37:25,367 [INFO] UserAuth:113 - Init User Auth plugin
2024-08-27 07:37:25,367 [INFO] PluginManage:359 - Loaded plugin userauth (category:base,tabindex:14)
2024-08-27 07:37:25,369 [INFO] PluginManage:283 - PluginManage : Loaded plugins [18]
2024-08-27 07:37:25,650 [INFO] PinOutPanel:1561 - setPackage(No Configuration,No Configuration)
2024-08-27 07:37:25,754 [INFO] CADModel:165 - CPN selected for project level
2024-08-27 07:37:25,754 [INFO] CADModel:114 - Register for checkConnection events
2024-08-27 07:37:25,776 [INFO] IPUIPlugin:80 - create IPUIPlugin
2024-08-27 07:37:25,776 [INFO] PluginManager:220 - loadIPPluginJar : add adc
2024-08-27 07:37:25,779 [INFO] IPUIPlugin:80 - create IPUIPlugin
2024-08-27 07:37:25,779 [INFO] PluginManager:220 - loadIPPluginJar : add aes
2024-08-27 07:37:25,782 [INFO] IPUIPlugin:80 - create IPUIPlugin
2024-08-27 07:37:25,782 [INFO] PluginManager:220 - loadIPPluginJar : add can
2024-08-27 07:37:25,785 [INFO] IPUIPlugin:80 - create IPUIPlugin
2024-08-27 07:37:25,785 [INFO] PluginManager:220 - loadIPPluginJar : add comp
2024-08-27 07:37:25,788 [INFO] IPUIPlugin:80 - create IPUIPlugin
2024-08-27 07:37:25,789 [INFO] PluginManager:220 - loadIPPluginJar : add cryp
2024-08-27 07:37:25,792 [INFO] IPUIPlugin:80 - create IPUIPlugin
2024-08-27 07:37:25,793 [INFO] PluginManager:220 - loadIPPluginJar : add ddr_ctrl_phy
2024-08-27 07:37:25,796 [INFO] IPUIPlugin:80 - create IPUIPlugin
2024-08-27 07:37:25,796 [INFO] PluginManager:220 - loadIPPluginJar : add dfsdm
2024-08-27 07:37:25,803 [INFO] IPUIPlugin:80 - create IPUIPlugin
2024-08-27 07:37:25,804 [INFO] PluginManager:220 - loadIPPluginJar : add dma
2024-08-27 07:37:25,807 [INFO] IPUIPlugin:80 - create IPUIPlugin
2024-08-27 07:37:25,807 [INFO] PluginManager:220 - loadIPPluginJar : add dma3
2024-08-27 07:37:25,810 [INFO] IPUIPlugin:80 - create IPUIPlugin
2024-08-27 07:37:25,810 [INFO] PluginManager:220 - loadIPPluginJar : add extmemmanager
2024-08-27 07:37:25,811 [INFO] IPUIPlugin:80 - create IPUIPlugin
2024-08-27 07:37:25,812 [INFO] PluginManager:220 - loadIPPluginJar : add fatfs
2024-08-27 07:37:25,816 [INFO] IPUIPlugin:80 - create IPUIPlugin
2024-08-27 07:37:25,816 [INFO] PluginManager:220 - loadIPPluginJar : add fmc
2024-08-27 07:37:25,824 [INFO] IPUIPlugin:80 - create IPUIPlugin
2024-08-27 07:37:25,825 [INFO] PluginManager:220 - loadIPPluginJar : add freertos
2024-08-27 07:37:25,826 [INFO] IPUIPlugin:80 - create IPUIPlugin
2024-08-27 07:37:25,826 [INFO] PluginManager:220 - loadIPPluginJar : add genericplugin
2024-08-27 07:37:25,828 [INFO] IPUIPlugin:80 - create IPUIPlugin
2024-08-27 07:37:25,828 [INFO] PluginManager:220 - loadIPPluginJar : add gfxmmu
2024-08-27 07:37:25,833 [INFO] IPUIPlugin:80 - create IPUIPlugin
2024-08-27 07:37:25,834 [INFO] PluginManager:220 - loadIPPluginJar : add gic
2024-08-27 07:37:25,840 [INFO] IPUIPlugin:80 - create IPUIPlugin
2024-08-27 07:37:25,840 [INFO] PluginManager:220 - loadIPPluginJar : add gpio
2024-08-27 07:37:25,843 [INFO] IPUIPlugin:80 - create IPUIPlugin
2024-08-27 07:37:25,843 [INFO] PluginManager:220 - loadIPPluginJar : add gtzc
2024-08-27 07:37:25,848 [INFO] IPUIPlugin:80 - create IPUIPlugin
2024-08-27 07:37:25,848 [INFO] PluginManager:220 - loadIPPluginJar : add hash
2024-08-27 07:37:25,851 [INFO] IPUIPlugin:80 - create IPUIPlugin
2024-08-27 07:37:25,851 [INFO] PluginManager:220 - loadIPPluginJar : add i2c
2024-08-27 07:37:25,855 [INFO] IPUIPlugin:80 - create IPUIPlugin
2024-08-27 07:37:25,856 [INFO] PluginManager:220 - loadIPPluginJar : add i2s
2024-08-27 07:37:25,859 [INFO] IPUIPlugin:80 - create IPUIPlugin
2024-08-27 07:37:25,859 [INFO] PluginManager:220 - loadIPPluginJar : add i3c
2024-08-27 07:37:25,863 [INFO] IPUIPlugin:80 - create IPUIPlugin
2024-08-27 07:37:25,863 [INFO] PluginManager:220 - loadIPPluginJar : add ipddr
2024-08-27 07:37:25,874 [INFO] IPUIPlugin:80 - create IPUIPlugin
2024-08-27 07:37:25,874 [INFO] PluginManager:220 - loadIPPluginJar : add linkedlist
2024-08-27 07:37:25,880 [INFO] IPUIPlugin:80 - create IPUIPlugin
2024-08-27 07:37:25,880 [INFO] PluginManager:220 - loadIPPluginJar : add lorawan
2024-08-27 07:37:25,883 [INFO] IPUIPlugin:80 - create IPUIPlugin
2024-08-27 07:37:25,883 [INFO] PluginManager:220 - loadIPPluginJar : add ltdc
2024-08-27 07:37:25,892 [INFO] IPUIPlugin:80 - create IPUIPlugin
2024-08-27 07:37:25,892 [INFO] PluginManager:220 - loadIPPluginJar : add mdma
2024-08-27 07:37:25,896 [INFO] IPUIPlugin:80 - create IPUIPlugin
2024-08-27 07:37:25,897 [INFO] PluginManager:220 - loadIPPluginJar : add nvic
2024-08-27 07:37:25,900 [INFO] IPUIPlugin:80 - create IPUIPlugin
2024-08-27 07:37:25,900 [INFO] PluginManager:220 - loadIPPluginJar : add opamp
2024-08-27 07:37:25,906 [INFO] IPUIPlugin:80 - create IPUIPlugin
2024-08-27 07:37:25,906 [INFO] PluginManager:220 - loadIPPluginJar : add openamp
2024-08-27 07:37:25,912 [INFO] IPUIPlugin:80 - create IPUIPlugin
2024-08-27 07:37:25,913 [INFO] PluginManager:220 - loadIPPluginJar : add pdm2pcm
2024-08-27 07:37:25,921 [INFO] IPUIPlugin:80 - create IPUIPlugin
2024-08-27 07:37:25,925 [INFO] PluginManager:220 - loadIPPluginJar : add plateformsettings
2024-08-27 07:37:25,927 [INFO] IPUIPlugin:80 - create IPUIPlugin
2024-08-27 07:37:25,927 [INFO] PluginManager:220 - loadIPPluginJar : add quadspi
2024-08-27 07:37:25,929 [INFO] IPUIPlugin:80 - create IPUIPlugin
2024-08-27 07:37:25,930 [INFO] PluginManager:220 - loadIPPluginJar : add radio
2024-08-27 07:37:25,935 [INFO] IPUIPlugin:80 - create IPUIPlugin
2024-08-27 07:37:25,935 [INFO] PluginManager:220 - loadIPPluginJar : add resmgrutility
2024-08-27 07:37:25,942 [INFO] IPUIPlugin:80 - create IPUIPlugin
2024-08-27 07:37:25,942 [INFO] PluginManager:220 - loadIPPluginJar : add sai
2024-08-27 07:37:25,945 [INFO] IPUIPlugin:80 - create IPUIPlugin
2024-08-27 07:37:25,945 [INFO] PluginManager:220 - loadIPPluginJar : add spi
2024-08-27 07:37:25,952 [INFO] IPUIPlugin:80 - create IPUIPlugin
2024-08-27 07:37:25,952 [INFO] PluginManager:220 - loadIPPluginJar : add stm32_wpan
2024-08-27 07:37:25,955 [INFO] IPUIPlugin:80 - create IPUIPlugin
2024-08-27 07:37:25,955 [INFO] PluginManager:220 - loadIPPluginJar : add tim
2024-08-27 07:37:25,959 [INFO] IPUIPlugin:80 - create IPUIPlugin
2024-08-27 07:37:25,959 [INFO] PluginManager:220 - loadIPPluginJar : add touchsensing
2024-08-27 07:37:25,963 [INFO] IPUIPlugin:80 - create IPUIPlugin
2024-08-27 07:37:25,963 [INFO] PluginManager:220 - loadIPPluginJar : add tracer_emb
2024-08-27 07:37:25,966 [INFO] IPUIPlugin:80 - create IPUIPlugin
2024-08-27 07:37:25,966 [INFO] PluginManager:220 - loadIPPluginJar : add ts
2024-08-27 07:37:25,969 [INFO] IPUIPlugin:80 - create IPUIPlugin
2024-08-27 07:37:25,970 [INFO] PluginManager:220 - loadIPPluginJar : add tsc
2024-08-27 07:37:25,973 [INFO] IPUIPlugin:80 - create IPUIPlugin
2024-08-27 07:37:25,973 [INFO] PluginManager:220 - loadIPPluginJar : add ucpd
2024-08-27 07:37:25,976 [INFO] IPUIPlugin:80 - create IPUIPlugin
2024-08-27 07:37:25,976 [INFO] PluginManager:220 - loadIPPluginJar : add usart
2024-08-27 07:37:25,979 [INFO] IPUIPlugin:80 - create IPUIPlugin
2024-08-27 07:37:25,979 [INFO] PluginManager:220 - loadIPPluginJar : add usbx
2024-08-27 07:37:26,113 [INFO] CADModel:165 - CPN selected for project level
2024-08-27 07:37:26,113 [INFO] CADModel:114 - Register for checkConnection events
2024-08-27 07:37:26,113 [FATAL] Updater:334 - Updater called before beeing initialized
2024-08-27 07:37:26,113 [ERROR] CADModel:125 - Updater not yet initialized, retry later 
2024-08-27 07:37:26,304 [INFO] CADModel:165 - CPN selected for project level
2024-08-27 07:37:26,304 [INFO] CADModel:114 - Register for checkConnection events
2024-08-27 07:37:26,304 [FATAL] Updater:334 - Updater called before beeing initialized
2024-08-27 07:37:26,304 [ERROR] CADModel:125 - Updater not yet initialized, retry later 
2024-08-27 07:37:26,310 [FATAL] Updater:334 - Updater called before beeing initialized
2024-08-27 07:37:26,437 [FATAL] Updater:334 - Updater called before beeing initialized
2024-08-27 07:37:26,442 [INFO] DbMcusAds:53 - JSON generation date=Thu May 16 14:52:00 IST 2024 (1715851320667)
2024-08-27 07:37:26,442 [FATAL] Updater:334 - Updater called before beeing initialized
2024-08-27 07:37:26,508 [WARN] DetailPanel:346 - Failed to get advertising image, set to default
2024-08-27 07:37:26,616 [FATAL] Updater:334 - Updater called before beeing initialized
2024-08-27 07:37:26,619 [FATAL] Updater:334 - Updater called before beeing initialized
2024-08-27 07:37:26,619 [FATAL] Updater:334 - Updater called before beeing initialized
2024-08-27 07:37:26,619 [WARN] DetailPanel:346 - Failed to get advertising image, set to default
2024-08-27 07:37:26,621 [FATAL] Updater:334 - Updater called before beeing initialized
2024-08-27 07:37:26,686 [ERROR] Updater:1164 - MainUpdater not yet initialized. External WinMGr cannot be set.
2024-08-27 07:37:26,693 [INFO] Updater:1100 - Updater Version found : 6.12.0
2024-08-27 07:37:26,718 [INFO] ApplicationProperties:184 - Using Application install path: C:\ST\STM32CubeIDE_1.16.0\STM32CubeIDE\plugins\com.st.stm32cube.common.mx_6.12.0.202406281431
2024-08-27 07:37:28,069 [INFO] ThirdPartyUpdaterWithRetryManager:70 - Updater plugin not ready yet. [2/15]
2024-08-27 07:37:28,310 [ERROR] LogOutputStream:75 - [STDERR_REDIRECT] Aug 27, 2024 7:37:28 AM java.util.prefs.WindowsPreferences <init>
2024-08-27 07:37:28,317 [ERROR] LogOutputStream:75 - [STDERR_REDIRECT] WARNING: Could not open/create prefs root node Software\JavaSoft\Prefs at root 0xffffffff80000002. Windows RegCreateKeyEx(...) returned error code 5.
2024-08-27 07:37:28,318 [ERROR] LogOutputStream:75 - [STDERR_REDIRECT] 
2024-08-27 07:37:28,808 [INFO] MainUpdater:2873 - connection check result : 10
2024-08-27 07:37:28,808 [INFO] MainUpdater:3567 - Updater definition file requires update
2024-08-27 07:37:28,808 [INFO] MainUpdater:290 - Updater Check For Update Now.
2024-08-27 07:37:28,808 [INFO] MicroXplorer:498 - Change Database Version : DB.6.0.120
2024-08-27 07:37:28,816 [INFO] McuFinderGlobals:63 - Set McuFinder mode to 2 (CubeIDE integrated)
2024-08-27 07:37:28,817 [INFO] UserAuth:417 - Internet connection configuration mode: 1
2024-08-27 07:37:28,839 [INFO] JxBrowserEngine:152 - Initiate JxBrowser Engine with user profile folder
2024-08-27 07:37:28,917 [INFO] ServerAccessManage:473 - Download File updaters.zip
2024-08-27 07:37:29,057 [INFO] FileExtend:240 - Unzip File : updaters.zip
2024-08-27 07:37:29,058 [INFO] FileExtend:255 - Standard Zip Deflate
2024-08-27 07:37:29,841 [INFO] ServerAccessManage:473 - Download File PacksControlFlags.xml
2024-08-27 07:37:30,074 [INFO] ServerAccessManage:473 - Download File cubemx.pidx
2024-08-27 07:37:31,081 [WARN] MainUpdater:1194 - Updater busy. Cannot search thirdparties
2024-08-27 07:37:31,090 [INFO] ThirdPartyUpdaterWithRetryManager:96 - Updater plugin is busy. [1/15]
2024-08-27 07:37:31,408 [INFO] WebApp:167 - Instantiating new browser for Auth
2024-08-27 07:37:31,669 [INFO] ServerAccessManage:473 - Download File STMicroelectronics.X-CUBE-MEMS1.pdsc
2024-08-27 07:37:32,825 [INFO] WebApp:448 - Apply proxy settings
2024-08-27 07:37:32,827 [INFO] WebApp:533 - Chromium requires no authentication
2024-08-27 07:37:32,921 [INFO] WebApp:476 - Direct internet connection detected
2024-08-27 07:37:32,996 [INFO] WebApp:869 - Register for checkConnection events
2024-08-27 07:37:32,996 [INFO] WebApp:448 - Apply proxy settings
2024-08-27 07:37:32,997 [INFO] WebApp:533 - Chromium requires no authentication
2024-08-27 07:37:32,997 [INFO] WebApp:476 - Direct internet connection detected
2024-08-27 07:37:33,211 [INFO] WebApp:186 - Connection restablished
2024-08-27 07:37:33,420 [INFO] WebApp:220 - Starting web application
2024-08-27 07:37:33,421 [INFO] WebApp:578 - Web application path used C:\ST\STM32CubeIDE_1.16.0\STM32CubeIDE\plugins\com.st.stm32cube.common.mx_6.12.0.202406281431\db\plugins\mcufinder\reactClient1\index.html
2024-08-27 07:37:33,665 [INFO] UserAuth:417 - Internet connection configuration mode: 1
2024-08-27 07:37:34,091 [WARN] MainUpdater:1194 - Updater busy. Cannot search thirdparties
2024-08-27 07:37:34,091 [INFO] ThirdPartyUpdaterWithRetryManager:96 - Updater plugin is busy. [2/15]
2024-08-27 07:37:35,829 [WARN] PackLoader:240 - Cannot read IP mode file for STMicroelectronics.X-CUBE-MEMS1.11.0.0
2024-08-27 07:37:35,892 [INFO] CheckServerUpdateThread:120 - End of CheckServer Thread
2024-08-27 07:37:36,078 [INFO] PopulateThirdPartyThread:66 - Ending populate Thread
2024-08-27 07:37:36,080 [INFO] ThirdParty:1030 - CMSIS Pack Vendor :STMicroelectronics X-CUBE-MEMS1 11.0.0
2024-08-27 07:37:36,080 [INFO] LoadServerUpdatesThread:375 - End of LoadServerUpdate Thread
2024-08-27 07:37:37,378 [WARN] PackLoader:240 - Cannot read IP mode file for STMicroelectronics.FP-SNS-MOTENVWB1.1.4.0
2024-08-27 07:37:37,389 [WARN] PackLoader:240 - Cannot read IP mode file for STMicroelectronics.X-CUBE-SMBUS.2.1.0
2024-08-27 07:37:37,408 [WARN] PackLoader:240 - Cannot read IP mode file for STMicroelectronics.X-CUBE-AZRTOS-F7.1.1.0
2024-08-27 07:37:37,465 [WARN] PackLoader:240 - Cannot read IP mode file for STMicroelectronics.X-CUBE-MEMS1.11.0.0
2024-08-27 07:37:37,675 [WARN] PackLoader:240 - Cannot read IP mode file for STMicroelectronics.FP-SNS-FLIGHT1.5.0.2
2024-08-27 07:37:37,687 [WARN] PackLoader:240 - Cannot read IP mode file for STMicroelectronics.X-CUBE-DISPLAY.3.0.0
2024-08-27 07:37:37,710 [WARN] PackLoader:240 - Cannot read IP mode file for STMicroelectronics.X-CUBE-BLE1.7.0.0
2024-08-27 07:37:37,721 [WARN] PackLoader:240 - Cannot read IP mode file for emotas.I-CUBE-CANOPEN.1.3.0
2024-08-27 07:37:37,766 [WARN] PackLoader:240 - Cannot read IP mode file for STMicroelectronics.X-CUBE-BLEMGR.3.1.0
2024-08-27 07:37:37,790 [WARN] PackLoader:240 - Cannot read IP mode file for STMicroelectronics.FP-SNS-SMARTAG2.1.2.0
2024-08-27 07:37:37,817 [INFO] LogOutputStream:77 - [STDOUT_REDIRECT] 1 : Invalid condition id : UX_CORESTACK_Condition cause : null
2024-08-27 07:37:37,822 [INFO] LogOutputStream:77 - [STDOUT_REDIRECT] 1 : Invalid condition id : UX_CORESTACK_Condition cause : null
2024-08-27 07:37:37,824 [INFO] LogOutputStream:77 - [STDOUT_REDIRECT] 1 : Invalid condition id : UX_CORESTACK_Condition cause : null
2024-08-27 07:37:37,826 [INFO] LogOutputStream:77 - [STDOUT_REDIRECT] 1 : Invalid condition id : UX_CORESTACK_Condition cause : null
2024-08-27 07:37:37,828 [INFO] LogOutputStream:77 - [STDOUT_REDIRECT] 1 : Invalid condition id : UX_CORESTACK_Condition cause : null
2024-08-27 07:37:37,841 [WARN] PackLoader:240 - Cannot read IP mode file for STMicroelectronics.X-CUBE-AZRTOS-WL.2.0.0
2024-08-27 07:37:37,855 [WARN] PackLoader:240 - Cannot read IP mode file for STMicroelectronics.FP-SNS-MOTENV1.5.0.0
2024-08-27 07:37:37,864 [WARN] PackLoader:240 - Cannot read IP mode file for wolfSSL.I-CUBE-wolfMQTT.1.19.0
2024-08-27 07:37:37,879 [WARN] PackLoader:240 - Cannot read IP mode file for WES.I-CUBE-Cesium.1.3.0
2024-08-27 07:37:37,887 [WARN] PackLoader:240 - Cannot read IP mode file for STMicroelectronics.X-CUBE-BLE2.3.3.0
2024-08-27 07:37:37,899 [WARN] PackLoader:240 - Cannot read IP mode file for STMicroelectronics.X-CUBE-TCPP.4.1.0
2024-08-27 07:37:37,934 [WARN] PackLoader:240 - Cannot read IP mode file for STMicroelectronics.X-CUBE-AZRTOS-G0.1.1.0
2024-08-27 07:37:37,948 [WARN] PackLoader:240 - Cannot read IP mode file for STMicroelectronics.X-CUBE-SAFEA1.1.2.2
2024-08-27 07:37:37,960 [WARN] PackLoader:240 - Cannot read IP mode file for STMicroelectronics.X-CUBE-NFC4.3.0.0
2024-08-27 07:37:37,980 [WARN] PackLoader:240 - Cannot read IP mode file for EmbeddedOffice.I-CUBE-FS-RTOS.1.0.1
2024-08-27 07:37:37,981 [ERROR] ConditionMgr:805 - Attr not supported : Dmpu
2024-08-27 07:37:37,981 [ERROR] ConditionMgr:805 - Attr not supported : Dmpu
2024-08-27 07:37:37,981 [ERROR] ConditionMgr:805 - Attr not supported : Dmpu
2024-08-27 07:37:37,981 [ERROR] ConditionMgr:805 - Attr not supported : Dmpu
2024-08-27 07:37:37,981 [ERROR] ConditionMgr:805 - Attr not supported : Dmpu
2024-08-27 07:37:37,981 [ERROR] ConditionMgr:805 - Attr not supported : Dmpu
2024-08-27 07:37:37,981 [ERROR] ConditionMgr:805 - Attr not supported : Dmpu
2024-08-27 07:37:37,981 [ERROR] ConditionMgr:805 - Attr not supported : Dmpu
2024-08-27 07:37:37,981 [ERROR] ConditionMgr:805 - Attr not supported : Dmpu
2024-08-27 07:37:37,981 [ERROR] ConditionMgr:805 - Attr not supported : Dmpu
2024-08-27 07:37:37,981 [ERROR] ConditionMgr:805 - Attr not supported : Dmpu
2024-08-27 07:37:37,982 [ERROR] ConditionMgr:805 - Attr not supported : Dmpu
2024-08-27 07:37:37,982 [ERROR] ConditionMgr:805 - Attr not supported : Dmpu
2024-08-27 07:37:37,982 [ERROR] ConditionMgr:805 - Attr not supported : Dmpu
2024-08-27 07:37:37,982 [ERROR] ConditionMgr:805 - Attr not supported : Dmpu
2024-08-27 07:37:37,982 [ERROR] ConditionMgr:805 - Attr not supported : Dmpu
2024-08-27 07:37:37,982 [ERROR] ConditionMgr:805 - Attr not supported : Dmpu
2024-08-27 07:37:37,982 [ERROR] ConditionMgr:805 - Attr not supported : Dmpu
2024-08-27 07:37:37,982 [ERROR] ConditionMgr:805 - Attr not supported : Dmpu
2024-08-27 07:37:37,982 [ERROR] ConditionMgr:805 - Attr not supported : Dmpu
2024-08-27 07:37:37,982 [ERROR] ConditionMgr:805 - Attr not supported : Dmpu
2024-08-27 07:37:37,982 [ERROR] ConditionMgr:805 - Attr not supported : Dmpu
2024-08-27 07:37:37,982 [ERROR] ConditionMgr:805 - Attr not supported : Dmpu
2024-08-27 07:37:37,983 [ERROR] ConditionMgr:805 - Attr not supported : Dmpu
2024-08-27 07:37:37,983 [ERROR] ConditionMgr:805 - Attr not supported : Dmpu
2024-08-27 07:37:37,983 [ERROR] ConditionMgr:805 - Attr not supported : Dmpu
2024-08-27 07:37:37,983 [ERROR] ConditionMgr:805 - Attr not supported : Dmpu
2024-08-27 07:37:37,983 [ERROR] ConditionMgr:805 - Attr not supported : Dmpu
2024-08-27 07:37:37,983 [ERROR] ConditionMgr:805 - Attr not supported : Dmpu
2024-08-27 07:37:37,983 [ERROR] ConditionMgr:805 - Attr not supported : Dmpu
2024-08-27 07:37:37,983 [ERROR] ConditionMgr:805 - Attr not supported : Dmpu
2024-08-27 07:37:37,983 [ERROR] ConditionMgr:805 - Attr not supported : Dmpu
2024-08-27 07:37:37,984 [ERROR] ConditionMgr:805 - Attr not supported : Dmpu
2024-08-27 07:37:37,984 [ERROR] ConditionMgr:805 - Attr not supported : Dmpu
2024-08-27 07:37:37,984 [ERROR] ConditionMgr:805 - Attr not supported : Dmpu
2024-08-27 07:37:37,984 [ERROR] ConditionMgr:805 - Attr not supported : Dmpu
2024-08-27 07:37:37,984 [ERROR] ConditionMgr:805 - Attr not supported : Dmpu
2024-08-27 07:37:37,984 [ERROR] ConditionMgr:805 - Attr not supported : Dmpu
2024-08-27 07:37:37,984 [ERROR] ConditionMgr:805 - Attr not supported : Dmpu
2024-08-27 07:37:37,984 [ERROR] ConditionMgr:805 - Attr not supported : Dmpu
2024-08-27 07:37:37,984 [ERROR] ConditionMgr:805 - Attr not supported : Dmpu
2024-08-27 07:37:37,985 [ERROR] ConditionMgr:805 - Attr not supported : Dmpu
2024-08-27 07:37:37,985 [ERROR] ConditionMgr:805 - Attr not supported : Dmpu
2024-08-27 07:37:37,985 [ERROR] ConditionMgr:805 - Attr not supported : Dmpu
2024-08-27 07:37:37,985 [ERROR] ConditionMgr:805 - Attr not supported : Dmpu
2024-08-27 07:37:37,985 [ERROR] ConditionMgr:805 - Attr not supported : Dmpu
2024-08-27 07:37:37,985 [ERROR] ConditionMgr:805 - Attr not supported : Dmpu
2024-08-27 07:37:37,985 [ERROR] ConditionMgr:805 - Attr not supported : Dmpu
2024-08-27 07:37:37,985 [ERROR] ConditionMgr:805 - Attr not supported : Dmpu
2024-08-27 07:37:37,985 [ERROR] ConditionMgr:805 - Attr not supported : Dmpu
2024-08-27 07:37:37,985 [ERROR] ConditionMgr:805 - Attr not supported : Dmpu
2024-08-27 07:37:37,985 [ERROR] ConditionMgr:805 - Attr not supported : Dmpu
2024-08-27 07:37:37,986 [ERROR] ConditionMgr:805 - Attr not supported : Dmpu
2024-08-27 07:37:37,986 [ERROR] ConditionMgr:805 - Attr not supported : Dmpu
2024-08-27 07:37:37,986 [ERROR] ConditionMgr:805 - Attr not supported : Dmpu
2024-08-27 07:37:37,986 [ERROR] ConditionMgr:805 - Attr not supported : Dmpu
2024-08-27 07:37:37,986 [ERROR] ConditionMgr:805 - Attr not supported : Dmpu
2024-08-27 07:37:37,986 [ERROR] ConditionMgr:805 - Attr not supported : Dmpu
2024-08-27 07:37:37,986 [ERROR] ConditionMgr:805 - Attr not supported : Dmpu
2024-08-27 07:37:37,986 [ERROR] ConditionMgr:805 - Attr not supported : Dmpu
2024-08-27 07:37:37,986 [ERROR] ConditionMgr:805 - Attr not supported : Dmpu
2024-08-27 07:37:37,986 [ERROR] ConditionMgr:805 - Attr not supported : Dmpu
2024-08-27 07:37:37,987 [ERROR] ConditionMgr:805 - Attr not supported : Dmpu
2024-08-27 07:37:37,987 [ERROR] ConditionMgr:805 - Attr not supported : Dmpu
2024-08-27 07:37:37,995 [WARN] PackLoader:240 - Cannot read IP mode file for RealThread.X-CUBE-RT-Thread_Nano.4.1.1
2024-08-27 07:37:38,000 [WARN] PackLoader:240 - Cannot read IP mode file for STMicroelectronics.FP-ATR-SIGFOX1.3.2.0
2024-08-27 07:37:38,007 [WARN] PackLoader:240 - Cannot read IP mode file for wolfSSL.I-CUBE-wolfSSL.5.7.2
2024-08-27 07:37:38,014 [WARN] PackLoader:240 - Cannot read IP mode file for STMicroelectronics.X-CUBE-EEPRMA1.5.1.0
2024-08-27 07:37:38,025 [WARN] PackLoader:240 - Cannot read IP mode file for ITTIA_DB.I-CUBE-ITTIADB.8.9.0
2024-08-27 07:37:38,108 [WARN] PackLoader:240 - Cannot read IP mode file for SEGGER.I-CUBE-embOS.1.3.1
2024-08-27 07:37:38,167 [WARN] PackLoader:240 - Cannot read IP mode file for STMicroelectronics.X-CUBE-ALGOBUILD.1.4.0
2024-08-27 07:37:38,175 [WARN] PackLoader:240 - Cannot read IP mode file for STMicroelectronics.X-CUBE-GNSS1.6.0.0
2024-08-27 07:37:38,202 [WARN] PackLoader:240 - Cannot read IP mode file for STMicroelectronics.X-CUBE-AZRTOS-F4.1.1.0
2024-08-27 07:37:38,212 [WARN] PackLoader:240 - Cannot read IP mode file for STMicroelectronics.X-CUBE-FREERTOS.1.2.0
2024-08-27 07:37:38,233 [WARN] PackLoader:240 - Cannot read IP mode file for STMicroelectronics.X-CUBE-AZRTOS-L5.2.0.0
2024-08-27 07:37:38,246 [WARN] PackLoader:240 - Cannot read IP mode file for STMicroelectronics.X-CUBE-NFC6.3.1.0
2024-08-27 07:37:38,267 [WARN] PackLoader:240 - Cannot read IP mode file for STMicroelectronics.X-CUBE-DPower.1.2.0
2024-08-27 07:37:38,272 [WARN] PackLoader:240 - Cannot read IP mode file for STMicroelectronics.X-CUBE-AI.9.0.0
2024-08-27 07:37:38,276 [WARN] PackLoader:240 - Cannot read IP mode file for STMicroelectronics.X-CUBE-NFC7.1.0.1
2024-08-27 07:37:38,281 [WARN] PackLoader:240 - Cannot read IP mode file for wolfSSL.I-CUBE-wolfTPM.3.2.0
2024-08-27 07:37:38,304 [WARN] ConditionMgr:438 - getConditionDescription Invalid condition id : LAN8742 Phy interface Condition cause : null
2024-08-27 07:37:38,304 [WARN] PackLoader:240 - Cannot read IP mode file for STMicroelectronics.X-CUBE-AZRTOS-L4.2.0.0
2024-08-27 07:37:38,306 [WARN] ConditionMgr:1039 - genDependencies : Invalid condition id : LAN8742 Phy interface Condition cause : null
2024-08-27 07:37:38,306 [WARN] ConditionMgr:1039 - genDependencies : Invalid condition id : LAN8742 Phy interface Condition cause : null
2024-08-27 07:37:38,308 [WARN] ConditionMgr:1039 - genDependencies : Invalid condition id : LAN8742 Phy interface Condition cause : null
2024-08-27 07:37:38,320 [WARN] PackLoader:240 - Cannot read IP mode file for STMicroelectronics.X-CUBE-SFXS2LP1.4.0.0
2024-08-27 07:37:38,341 [WARN] PackLoader:240 - Cannot read IP mode file for STMicroelectronics.X-CUBE-AZRTOS-H7.3.3.0
2024-08-27 07:37:38,358 [WARN] ConditionMgr:438 - getConditionDescription Invalid condition id : UX DEVICE CLASS RTOS Condition cause : null
2024-08-27 07:37:38,358 [WARN] ConditionMgr:438 - getConditionDescription Invalid condition id : UX DEVICE CLASS RTOS Condition cause : null
2024-08-27 07:37:38,359 [WARN] PackLoader:240 - Cannot read IP mode file for STMicroelectronics.X-CUBE-AZRTOS-WB.2.0.0
2024-08-27 07:37:38,360 [WARN] ConditionMgr:1039 - genDependencies : Invalid condition id : UX DEVICE CLASS RTOS Condition cause : null
2024-08-27 07:37:38,360 [WARN] ConditionMgr:1039 - genDependencies : Invalid condition id : UX DEVICE CLASS RTOS Condition cause : null
2024-08-27 07:37:38,360 [WARN] ConditionMgr:1039 - genDependencies : Invalid condition id : UX DEVICE CLASS RTOS Condition cause : null
2024-08-27 07:37:38,360 [WARN] ConditionMgr:1039 - genDependencies : Invalid condition id : UX DEVICE CLASS RTOS Condition cause : null
2024-08-27 07:37:38,360 [WARN] ConditionMgr:1039 - genDependencies : Invalid condition id : UX DEVICE CLASS RTOS Condition cause : null
2024-08-27 07:37:38,368 [WARN] PackLoader:240 - Cannot read IP mode file for STMicroelectronics.FP-SNS-STBOX1.2.0.0
2024-08-27 07:37:38,380 [WARN] PackLoader:240 - Cannot read IP mode file for STMicroelectronics.X-CUBE-SUBG2.5.0.0
2024-08-27 07:37:38,392 [WARN] PackLoader:240 - Cannot read IP mode file for Cesanta.I-CUBE-Mongoose.7.13.0
2024-08-27 07:37:38,411 [WARN] PackLoader:240 - Cannot read IP mode file for STMicroelectronics.X-CUBE-AZRTOS-G4.2.0.0
2024-08-27 07:37:38,418 [WARN] PackLoader:240 - Cannot read IP mode file for STMicroelectronics.X-CUBE-ISPU.2.0.0
2024-08-27 07:37:38,425 [WARN] PackLoader:240 - Cannot read IP mode file for STMicroelectronics.X-CUBE-ALS.1.0.2
2024-08-27 07:37:38,466 [WARN] PackLoader:240 - Cannot read IP mode file for STMicroelectronics.X-CUBE-MEMS1.10.0.0
2024-08-27 07:37:38,610 [WARN] PackLoader:240 - Cannot read IP mode file for STMicroelectronics.X-CUBE-TOUCHGFX.4.24.0
2024-08-27 07:37:38,616 [WARN] PackLoader:240 - Cannot read IP mode file for portGmbH.I-Cube-SoM-uGOAL.1.1.0
2024-08-27 07:37:38,637 [WARN] PackLoader:240 - Cannot read IP mode file for STMicroelectronics.X-CUBE-AZRTOS-H7RS.1.0.0
2024-08-27 07:37:38,643 [WARN] PackLoader:240 - Cannot read IP mode file for STMicroelectronics.FP-ATR-ASTRA1.2.0.0
2024-08-27 07:37:38,657 [WARN] PackLoader:240 - Cannot read IP mode file for STMicroelectronics.X-CUBE-TOF1.3.4.2
2024-08-27 07:37:38,696 [WARN] PackLoader:240 - Cannot read IP mode file for Infineon.AIROC-Wi-Fi-Bluetooth-STM32.1.6.1
2024-08-27 07:37:38,708 [WARN] PackLoader:240 - Cannot read IP mode file for wolfSSL.I-CUBE-wolfSSH.1.4.17
2024-08-27 07:37:38,709 [INFO] ThirdParty:978 - Integrity check success = true
2024-08-27 07:37:38,709 [INFO] IntegrityCheckThread:100 - exiting critical section [integrity check]
2024-08-27 07:37:38,709 [INFO] IntegrityCheckThread:103 - End integrity checks thread
2024-08-27 07:41:34,312 [ERROR] LogOutputStream:75 - [STDERR_REDIRECT] org.eclipse.cdt.managedbuilder.core.BuildException: No toolchain option in toolchain configuration cdt.managedbuild.toolchain.gnu.mingw.exe.debug.1892369854: 
2024-08-27 07:41:34,318 [ERROR] LogOutputStream:75 - [STDERR_REDIRECT] 	at com.st.stm32cube.ide.mcu.toolchain.ToolChainHelper.getToolChainId(ToolChainHelper.java:166)
2024-08-27 07:41:34,320 [ERROR] LogOutputStream:75 - [STDERR_REDIRECT] 	at com.st.stm32cube.ide.mcu.toolchain.ToolChainHelper.getToolChainInfo(ToolChainHelper.java:109)
2024-08-27 07:41:34,322 [ERROR] LogOutputStream:75 - [STDERR_REDIRECT] 	at com.st.stm32cube.ide.mcu.toolchain.ui.unmanaged.ToolSettingsTab.createControls(ToolSettingsTab.java:149)
2024-08-27 07:41:34,324 [ERROR] LogOutputStream:75 - [STDERR_REDIRECT] 	at org.eclipse.cdt.ui.newui.AbstractCPropertyTab.createControls(AbstractCPropertyTab.java:139)
2024-08-27 07:41:34,326 [ERROR] LogOutputStream:75 - [STDERR_REDIRECT] 	at org.eclipse.cdt.ui.newui.AbstractPage.loadTab(AbstractPage.java:1199)
2024-08-27 07:41:34,327 [ERROR] LogOutputStream:75 - [STDERR_REDIRECT] 	at org.eclipse.cdt.ui.newui.AbstractPage.loadExtensionsSynchronized(AbstractPage.java:1143)
2024-08-27 07:41:34,329 [ERROR] LogOutputStream:75 - [STDERR_REDIRECT] 	at org.eclipse.cdt.ui.newui.AbstractPage.createWidgets(AbstractPage.java:373)
2024-08-27 07:41:34,332 [ERROR] LogOutputStream:75 - [STDERR_REDIRECT] 	at org.eclipse.cdt.ui.newui.AbstractPage.contentForCDT(AbstractPage.java:359)
2024-08-27 07:41:34,334 [ERROR] LogOutputStream:75 - [STDERR_REDIRECT] 	at org.eclipse.cdt.ui.newui.AbstractPage.createContents(AbstractPage.java:256)
2024-08-27 07:41:34,336 [ERROR] LogOutputStream:75 - [STDERR_REDIRECT] 	at org.eclipse.jface.preference.PreferencePage.createControl(PreferencePage.java:244)
2024-08-27 07:41:34,338 [ERROR] LogOutputStream:75 - [STDERR_REDIRECT] 	at org.eclipse.jface.preference.PreferenceDialog.createPageControl(PreferenceDialog.java:1434)
2024-08-27 07:41:34,339 [ERROR] LogOutputStream:75 - [STDERR_REDIRECT] 	at org.eclipse.jface.preference.PreferenceDialog$8.run(PreferenceDialog.java:1197)
2024-08-27 07:41:34,341 [ERROR] LogOutputStream:75 - [STDERR_REDIRECT] 	at org.eclipse.core.runtime.SafeRunner.run(SafeRunner.java:47)
2024-08-27 07:41:34,342 [ERROR] LogOutputStream:75 - [STDERR_REDIRECT] 	at org.eclipse.jface.util.SafeRunnable.run(SafeRunnable.java:174)
2024-08-27 07:41:34,344 [ERROR] LogOutputStream:75 - [STDERR_REDIRECT] 	at org.eclipse.jface.preference.PreferenceDialog.showPage(PreferenceDialog.java:1189)
2024-08-27 07:41:34,347 [ERROR] LogOutputStream:75 - [STDERR_REDIRECT] 	at org.eclipse.ui.internal.dialogs.FilteredPreferenceDialog.showPage(FilteredPreferenceDialog.java:630)
2024-08-27 07:41:34,349 [ERROR] LogOutputStream:75 - [STDERR_REDIRECT] 	at org.eclipse.jface.preference.PreferenceDialog$5.lambda$0(PreferenceDialog.java:661)
2024-08-27 07:41:34,351 [ERROR] LogOutputStream:75 - [STDERR_REDIRECT] 	at org.eclipse.swt.custom.BusyIndicator.showWhile(BusyIndicator.java:67)
2024-08-27 07:41:34,352 [ERROR] LogOutputStream:75 - [STDERR_REDIRECT] 	at org.eclipse.jface.preference.PreferenceDialog$5.selectionChanged(PreferenceDialog.java:658)
2024-08-27 07:41:34,354 [ERROR] LogOutputStream:75 - [STDERR_REDIRECT] 	at org.eclipse.jface.viewers.StructuredViewer$3.run(StructuredViewer.java:821)
2024-08-27 07:41:34,356 [ERROR] LogOutputStream:75 - [STDERR_REDIRECT] 	at org.eclipse.core.runtime.SafeRunner.run(SafeRunner.java:47)
2024-08-27 07:41:34,357 [ERROR] LogOutputStream:75 - [STDERR_REDIRECT] 	at org.eclipse.jface.util.SafeRunnable.run(SafeRunnable.java:174)
2024-08-27 07:41:34,359 [ERROR] LogOutputStream:75 - [STDERR_REDIRECT] 	at org.eclipse.jface.viewers.StructuredViewer.firePostSelectionChanged(StructuredViewer.java:818)
2024-08-27 07:41:34,361 [ERROR] LogOutputStream:75 - [STDERR_REDIRECT] 	at org.eclipse.jface.viewers.ColumnViewer.firePostSelectionChanged(ColumnViewer.java:1070)
2024-08-27 07:41:34,363 [ERROR] LogOutputStream:75 - [STDERR_REDIRECT] 	at org.eclipse.jface.viewers.StructuredViewer.handlePostSelect(StructuredViewer.java:1190)
2024-08-27 07:41:34,367 [ERROR] LogOutputStream:75 - [STDERR_REDIRECT] 	at org.eclipse.swt.events.SelectionListener$1.widgetSelected(SelectionListener.java:84)
2024-08-27 07:41:34,369 [ERROR] LogOutputStream:75 - [STDERR_REDIRECT] 	at org.eclipse.jface.util.OpenStrategy.firePostSelectionEvent(OpenStrategy.java:284)
2024-08-27 07:41:34,370 [ERROR] LogOutputStream:75 - [STDERR_REDIRECT] 	at org.eclipse.jface.util.OpenStrategy$1.lambda$1(OpenStrategy.java:438)
2024-08-27 07:41:34,371 [ERROR] LogOutputStream:75 - [STDERR_REDIRECT] 	at org.eclipse.swt.widgets.RunnableLock.run(RunnableLock.java:40)
2024-08-27 07:41:34,373 [ERROR] LogOutputStream:75 - [STDERR_REDIRECT] 	at org.eclipse.swt.widgets.Synchronizer.runAsyncMessages(Synchronizer.java:132)
2024-08-27 07:41:34,374 [ERROR] LogOutputStream:75 - [STDERR_REDIRECT] 	at org.eclipse.swt.widgets.Display.runAsyncMessages(Display.java:4046)
2024-08-27 07:41:34,375 [ERROR] LogOutputStream:75 - [STDERR_REDIRECT] 	at org.eclipse.swt.widgets.Display.readAndDispatch(Display.java:3662)
2024-08-27 07:41:34,377 [ERROR] LogOutputStream:75 - [STDERR_REDIRECT] 	at org.eclipse.jface.window.Window.runEventLoop(Window.java:823)
2024-08-27 07:41:34,378 [ERROR] LogOutputStream:75 - [STDERR_REDIRECT] 	at org.eclipse.jface.window.Window.open(Window.java:799)
2024-08-27 07:41:34,382 [ERROR] LogOutputStream:75 - [STDERR_REDIRECT] 	at org.eclipse.ui.dialogs.PropertyDialogAction.run(PropertyDialogAction.java:155)
2024-08-27 07:41:34,383 [ERROR] LogOutputStream:75 - [STDERR_REDIRECT] 	at org.eclipse.jface.action.Action.runWithEvent(Action.java:474)
2024-08-27 07:41:34,385 [ERROR] LogOutputStream:75 - [STDERR_REDIRECT] 	at org.eclipse.jface.action.ActionContributionItem.handleWidgetSelection(ActionContributionItem.java:580)
2024-08-27 07:41:34,387 [ERROR] LogOutputStream:75 - [STDERR_REDIRECT] 	at org.eclipse.jface.action.ActionContributionItem.lambda$4(ActionContributionItem.java:414)
2024-08-27 07:41:34,389 [ERROR] LogOutputStream:75 - [STDERR_REDIRECT] 	at org.eclipse.swt.widgets.EventTable.sendEvent(EventTable.java:89)
2024-08-27 07:41:34,390 [ERROR] LogOutputStream:75 - [STDERR_REDIRECT] 	at org.eclipse.swt.widgets.Display.sendEvent(Display.java:4273)
2024-08-27 07:41:34,392 [ERROR] LogOutputStream:75 - [STDERR_REDIRECT] 	at org.eclipse.swt.widgets.Widget.sendEvent(Widget.java:1066)
2024-08-27 07:41:34,393 [ERROR] LogOutputStream:75 - [STDERR_REDIRECT] 	at org.eclipse.swt.widgets.Display.runDeferredEvents(Display.java:4071)
2024-08-27 07:41:34,395 [ERROR] LogOutputStream:75 - [STDERR_REDIRECT] 	at org.eclipse.swt.widgets.Display.readAndDispatch(Display.java:3659)
2024-08-27 07:41:34,397 [ERROR] LogOutputStream:75 - [STDERR_REDIRECT] 	at org.eclipse.e4.ui.internal.workbench.swt.PartRenderingEngine$5.run(PartRenderingEngine.java:1155)
2024-08-27 07:41:34,399 [ERROR] LogOutputStream:75 - [STDERR_REDIRECT] 	at org.eclipse.core.databinding.observable.Realm.runWithDefault(Realm.java:342)
2024-08-27 07:41:34,401 [ERROR] LogOutputStream:75 - [STDERR_REDIRECT] 	at org.eclipse.e4.ui.internal.workbench.swt.PartRenderingEngine.run(PartRenderingEngine.java:1046)
2024-08-27 07:41:34,403 [ERROR] LogOutputStream:75 - [STDERR_REDIRECT] 	at org.eclipse.e4.ui.internal.workbench.E4Workbench.createAndRunUI(E4Workbench.java:155)
2024-08-27 07:41:34,404 [ERROR] LogOutputStream:75 - [STDERR_REDIRECT] 	at org.eclipse.ui.internal.Workbench.lambda$3(Workbench.java:648)
2024-08-27 07:41:34,406 [ERROR] LogOutputStream:75 - [STDERR_REDIRECT] 	at org.eclipse.core.databinding.observable.Realm.runWithDefault(Realm.java:342)
2024-08-27 07:41:34,408 [ERROR] LogOutputStream:75 - [STDERR_REDIRECT] 	at org.eclipse.ui.internal.Workbench.createAndRunWorkbench(Workbench.java:555)
2024-08-27 07:41:34,409 [ERROR] LogOutputStream:75 - [STDERR_REDIRECT] 	at org.eclipse.ui.PlatformUI.createAndRunWorkbench(PlatformUI.java:173)
2024-08-27 07:41:34,411 [ERROR] LogOutputStream:75 - [STDERR_REDIRECT] 	at org.eclipse.ui.internal.ide.application.IDEApplication.start(IDEApplication.java:152)
2024-08-27 07:41:34,412 [ERROR] LogOutputStream:75 - [STDERR_REDIRECT] 	at org.eclipse.equinox.internal.app.EclipseAppHandle.run(EclipseAppHandle.java:208)
2024-08-27 07:41:34,415 [ERROR] LogOutputStream:75 - [STDERR_REDIRECT] 	at org.eclipse.core.runtime.internal.adaptor.EclipseAppLauncher.runApplication(EclipseAppLauncher.java:136)
2024-08-27 07:41:34,417 [ERROR] LogOutputStream:75 - [STDERR_REDIRECT] 	at org.eclipse.core.runtime.internal.adaptor.EclipseAppLauncher.start(EclipseAppLauncher.java:104)
2024-08-27 07:41:34,419 [ERROR] LogOutputStream:75 - [STDERR_REDIRECT] 	at org.eclipse.core.runtime.adaptor.EclipseStarter.run(EclipseStarter.java:402)
2024-08-27 07:41:34,420 [ERROR] LogOutputStream:75 - [STDERR_REDIRECT] 	at org.eclipse.core.runtime.adaptor.EclipseStarter.run(EclipseStarter.java:255)
2024-08-27 07:41:34,422 [ERROR] LogOutputStream:75 - [STDERR_REDIRECT] 	at java.base/jdk.internal.reflect.NativeMethodAccessorImpl.invoke0(Native Method)
2024-08-27 07:41:34,423 [ERROR] LogOutputStream:75 - [STDERR_REDIRECT] 	at java.base/jdk.internal.reflect.NativeMethodAccessorImpl.invoke(NativeMethodAccessorImpl.java:77)
2024-08-27 07:41:34,427 [ERROR] LogOutputStream:75 - [STDERR_REDIRECT] 	at java.base/jdk.internal.reflect.DelegatingMethodAccessorImpl.invoke(DelegatingMethodAccessorImpl.java:43)
2024-08-27 07:41:34,427 [ERROR] LogOutputStream:75 - [STDERR_REDIRECT] 	at java.base/java.lang.reflect.Method.invoke(Method.java:568)
2024-08-27 07:41:34,429 [ERROR] LogOutputStream:75 - [STDERR_REDIRECT] 	at org.eclipse.equinox.launcher.Main.invokeFramework(Main.java:651)
2024-08-27 07:41:34,431 [ERROR] LogOutputStream:75 - [STDERR_REDIRECT] 	at org.eclipse.equinox.launcher.Main.basicRun(Main.java:588)
2024-08-27 07:41:34,433 [ERROR] LogOutputStream:75 - [STDERR_REDIRECT] 	at org.eclipse.equinox.launcher.Main.run(Main.java:1459)
2024-08-27 07:48:33,637 [ERROR] LogOutputStream:75 - [STDERR_REDIRECT] 
2024-08-27 07:48:33,639 [ERROR] LogOutputStream:75 - [STDERR_REDIRECT] 
